[2023-01-05 15:17:22,501] 20 root INFO exporting collection data as pandas dataframe
[2023-01-05 15:17:22,501] 12 root INFO reading from databaseaps qand collection :sensor
[2023-01-05 15:17:25,934] 14 root INFO found columns:Index(['_id', 'class', 'aa_000', 'ab_000', 'ac_000', 'ad_000', 'ae_000',
       'af_000', 'ag_000', 'ag_001',
       ...
       'ee_002', 'ee_003', 'ee_004', 'ee_005', 'ee_006', 'ee_007', 'ee_008',
       'ee_009', 'ef_000', 'eg_000'],
      dtype='object', length=172)
[2023-01-05 15:17:25,935] 16 root INFO dropping _id column
[2023-01-05 15:17:26,154] 24 root INFO save data in feature store,replacing null values with nan
[2023-01-05 15:17:26,684] 27 root INFO creating feature store folder if not available
[2023-01-05 15:17:26,685] 31 root INFO save df to feature store folder
[2023-01-05 15:17:29,090] 34 root INFO spliting data into train test split
[2023-01-05 15:17:29,644] 37 root INFO creating dataset directory if not available
[2023-01-05 15:17:29,644] 41 root INFO save df to feature store folder
[2023-01-05 15:17:31,864] 46 root INFO preparing artifact
[2023-01-05 15:17:31,865] 53 root INFO data ingestion artifact:DataIngestionArtifact(feature_store_file_path='/config/workspace/artifact/01052023__151722/data_ingestion/feature_store/sensor.csv', train_file_path='/config/workspace/artifact/01052023__151722/data_ingestion/dataset/train.csv', test_file_path='/config/workspace/artifact/01052023__151722/data_ingestion/dataset/test.csv')
[2023-01-05 15:17:32,284] 20 root INFO exporting collection data as pandas dataframe
[2023-01-05 15:17:32,284] 12 root INFO reading from databaseaps qand collection :sensor
[2023-01-05 15:17:35,727] 14 root INFO found columns:Index(['_id', 'class', 'aa_000', 'ab_000', 'ac_000', 'ad_000', 'ae_000',
       'af_000', 'ag_000', 'ag_001',
       ...
       'ee_002', 'ee_003', 'ee_004', 'ee_005', 'ee_006', 'ee_007', 'ee_008',
       'ee_009', 'ef_000', 'eg_000'],
      dtype='object', length=172)
[2023-01-05 15:17:35,727] 16 root INFO dropping _id column
[2023-01-05 15:17:35,930] 24 root INFO save data in feature store,replacing null values with nan
[2023-01-05 15:17:36,488] 27 root INFO creating feature store folder if not available
[2023-01-05 15:17:36,488] 31 root INFO save df to feature store folder
[2023-01-05 15:17:38,971] 34 root INFO spliting data into train test split
[2023-01-05 15:17:39,566] 37 root INFO creating dataset directory if not available
[2023-01-05 15:17:39,566] 41 root INFO save df to feature store folder
[2023-01-05 15:17:41,768] 46 root INFO preparing artifact
[2023-01-05 15:17:41,768] 53 root INFO data ingestion artifact:DataIngestionArtifact(feature_store_file_path='/config/workspace/artifact/01052023__151722/data_ingestion/feature_store/sensor.csv', train_file_path='/config/workspace/artifact/01052023__151722/data_ingestion/dataset/train.csv', test_file_path='/config/workspace/artifact/01052023__151722/data_ingestion/dataset/test.csv')
[2023-01-05 15:17:42,144] 16 root INFO >>>>>>>>>>>>>>>>>>>>>>>>>>>>>>>>>>>>>>>> DATA VALIDATION <<<<<<<<<<<<<<<<<<<<<<<<<<<<<<<<<<<<<<<<
[2023-01-05 15:17:42,144] 97 root INFO Reading base dataframe
[2023-01-05 15:17:45,111] 100 root INFO rep;aced na values with nan
[2023-01-05 15:17:45,111] 102 root INFO drop null values columns from base df
[2023-01-05 15:17:46,067] 30 root INFO selecting column nane which containing null above 0.2
[2023-01-05 15:17:46,068] 33 root INFO column names to drop['ab_000', 'ad_000', 'bk_000', 'bl_000', 'bm_000', 'bn_000', 'bo_000', 'bp_000', 'bq_000', 'br_000', 'cf_000', 'cg_000', 'ch_000', 'co_000', 'cr_000', 'ct_000', 'cu_000', 'cv_000', 'cx_000', 'cy_000', 'cz_000', 'da_000', 'db_000', 'dc_000']
[2023-01-05 15:17:46,155] 105 root INFO reading train dataframe
