[2023-01-05 17:05:32,059] 20 root INFO exporting collection data as pandas dataframe
[2023-01-05 17:05:32,059] 12 root INFO reading from databaseaps qand collection :sensor
[2023-01-05 17:05:35,532] 14 root INFO found columns:Index(['_id', 'class', 'aa_000', 'ab_000', 'ac_000', 'ad_000', 'ae_000',
       'af_000', 'ag_000', 'ag_001',
       ...
       'ee_002', 'ee_003', 'ee_004', 'ee_005', 'ee_006', 'ee_007', 'ee_008',
       'ee_009', 'ef_000', 'eg_000'],
      dtype='object', length=172)
[2023-01-05 17:05:35,532] 16 root INFO dropping _id column
[2023-01-05 17:05:35,727] 24 root INFO save data in feature store,replacing null values with nan
[2023-01-05 17:05:36,264] 27 root INFO creating feature store folder if not available
[2023-01-05 17:05:36,265] 31 root INFO save df to feature store folder
[2023-01-05 17:05:38,750] 34 root INFO spliting data into train test split
[2023-01-05 17:05:39,269] 37 root INFO creating dataset directory if not available
[2023-01-05 17:05:39,270] 41 root INFO save df to feature store folder
[2023-01-05 17:05:41,543] 46 root INFO preparing artifact
[2023-01-05 17:05:41,543] 53 root INFO data ingestion artifact:DataIngestionArtifact(feature_store_file_path='/config/workspace/artifact/01052023__170532/data_ingestion/feature_store/sensor.csv', train_file_path='/config/workspace/artifact/01052023__170532/data_ingestion/dataset/train.csv', test_file_path='/config/workspace/artifact/01052023__170532/data_ingestion/dataset/test.csv')
[2023-01-05 17:05:41,979] 20 root INFO exporting collection data as pandas dataframe
[2023-01-05 17:05:41,979] 12 root INFO reading from databaseaps qand collection :sensor
[2023-01-05 17:05:45,342] 14 root INFO found columns:Index(['_id', 'class', 'aa_000', 'ab_000', 'ac_000', 'ad_000', 'ae_000',
       'af_000', 'ag_000', 'ag_001',
       ...
       'ee_002', 'ee_003', 'ee_004', 'ee_005', 'ee_006', 'ee_007', 'ee_008',
       'ee_009', 'ef_000', 'eg_000'],
      dtype='object', length=172)
[2023-01-05 17:05:45,343] 16 root INFO dropping _id column
[2023-01-05 17:05:45,532] 24 root INFO save data in feature store,replacing null values with nan
[2023-01-05 17:05:46,080] 27 root INFO creating feature store folder if not available
[2023-01-05 17:05:46,080] 31 root INFO save df to feature store folder
[2023-01-05 17:05:48,615] 34 root INFO spliting data into train test split
[2023-01-05 17:05:49,171] 37 root INFO creating dataset directory if not available
[2023-01-05 17:05:49,171] 41 root INFO save df to feature store folder
[2023-01-05 17:05:51,518] 46 root INFO preparing artifact
[2023-01-05 17:05:51,518] 53 root INFO data ingestion artifact:DataIngestionArtifact(feature_store_file_path='/config/workspace/artifact/01052023__170532/data_ingestion/feature_store/sensor.csv', train_file_path='/config/workspace/artifact/01052023__170532/data_ingestion/dataset/train.csv', test_file_path='/config/workspace/artifact/01052023__170532/data_ingestion/dataset/test.csv')
[2023-01-05 17:05:51,935] 16 root INFO >>>>>>>>>>>>>>>>>>>>>>>>>>>>>>>>>>>>>>>> DATA VALIDATION <<<<<<<<<<<<<<<<<<<<<<<<<<<<<<<<<<<<<<<<
[2023-01-05 17:05:51,935] 96 root INFO Reading base dataframe
[2023-01-05 17:05:54,829] 99 root INFO Replace na value in base df
[2023-01-05 17:05:54,829] 101 root INFO Drop null values colums from base df
[2023-01-05 17:05:55,780] 30 root INFO selecting column nane which containing null above 0.2
[2023-01-05 17:05:55,781] 33 root INFO column names to drop['ab_000', 'ad_000', 'bk_000', 'bl_000', 'bm_000', 'bn_000', 'bo_000', 'bp_000', 'bq_000', 'br_000', 'cf_000', 'cg_000', 'ch_000', 'co_000', 'cr_000', 'ct_000', 'cu_000', 'cv_000', 'cx_000', 'cy_000', 'cz_000', 'da_000', 'db_000', 'dc_000']
[2023-01-05 17:05:55,863] 104 root INFO reading train dataframe
[2023-01-05 17:05:56,258] 106 root INFO reading test dataframe
[2023-01-05 17:05:56,359] 109 root INFO dropping null vakluecolumns from  train df
[2023-01-05 17:05:56,370] 30 root INFO selecting column nane which containing null above 0.2
[2023-01-05 17:05:56,371] 33 root INFO column names to drop['ab_000', 'ad_000', 'bk_000', 'bl_000', 'bm_000', 'bn_000', 'bo_000', 'bp_000', 'bq_000', 'br_000', 'cf_000', 'cg_000', 'ch_000', 'co_000', 'cr_000', 'ct_000', 'cu_000', 'cv_000', 'cx_000', 'cy_000', 'cz_000', 'da_000', 'db_000', 'dc_000']
[2023-01-05 17:05:56,380] 111 root INFO dropping missing value columns in test dataset
[2023-01-05 17:05:56,384] 30 root INFO selecting column nane which containing null above 0.2
[2023-01-05 17:05:56,384] 33 root INFO column names to drop['ab_000', 'ad_000', 'bk_000', 'bl_000', 'bm_000', 'bn_000', 'bo_000', 'bp_000', 'bq_000', 'br_000', 'cf_000', 'cg_000', 'ch_000', 'co_000', 'cr_000', 'ct_000', 'cu_000', 'cv_000', 'cx_000', 'cy_000', 'cz_000', 'da_000', 'db_000', 'dc_000']
[2023-01-05 17:06:02,396] 122 root INFO Is all required columns present in train df
[2023-01-05 17:06:02,396] 124 root INFO Is all required columns present in test df
[2023-01-05 17:06:02,396] 128 root INFO As all column are available in train df hence detecting data drift
[2023-01-05 17:06:02,397] 71 root INFO Hypothesis class: object, object 
[2023-01-05 17:06:02,500] 71 root INFO Hypothesis aa_000: float64, float64 
[2023-01-05 17:06:02,510] 71 root INFO Hypothesis ac_000: float64, float64 
[2023-01-05 17:06:02,518] 71 root INFO Hypothesis ae_000: float64, float64 
[2023-01-05 17:06:02,556] 71 root INFO Hypothesis af_000: float64, float64 
[2023-01-05 17:06:02,593] 71 root INFO Hypothesis ag_000: float64, float64 
[2023-01-05 17:06:02,629] 71 root INFO Hypothesis ag_001: float64, float64 
[2023-01-05 17:06:02,666] 71 root INFO Hypothesis ag_002: float64, float64 
[2023-01-05 17:06:02,704] 71 root INFO Hypothesis ag_003: float64, float64 
[2023-01-05 17:06:02,742] 71 root INFO Hypothesis ag_004: float64, float64 
[2023-01-05 17:06:02,784] 71 root INFO Hypothesis ag_005: float64, float64 
[2023-01-05 17:06:02,827] 71 root INFO Hypothesis ag_006: float64, float64 
[2023-01-05 17:06:02,838] 71 root INFO Hypothesis ag_007: float64, float64 
[2023-01-05 17:06:02,886] 71 root INFO Hypothesis ag_008: float64, float64 
[2023-01-05 17:06:02,928] 71 root INFO Hypothesis ag_009: float64, float64 
[2023-01-05 17:06:02,969] 71 root INFO Hypothesis ah_000: float64, float64 
[2023-01-05 17:06:02,979] 71 root INFO Hypothesis ai_000: float64, float64 
[2023-01-05 17:06:03,017] 71 root INFO Hypothesis aj_000: float64, float64 
[2023-01-05 17:06:03,055] 71 root INFO Hypothesis ak_000: float64, float64 
[2023-01-05 17:06:03,093] 71 root INFO Hypothesis al_000: float64, float64 
[2023-01-05 17:06:03,101] 71 root INFO Hypothesis am_0: float64, float64 
[2023-01-05 17:06:03,108] 71 root INFO Hypothesis an_000: float64, float64 
[2023-01-05 17:06:03,119] 71 root INFO Hypothesis ao_000: float64, float64 
[2023-01-05 17:06:03,163] 71 root INFO Hypothesis ap_000: float64, float64 
[2023-01-05 17:06:03,175] 71 root INFO Hypothesis aq_000: float64, float64 
[2023-01-05 17:06:03,186] 71 root INFO Hypothesis ar_000: float64, float64 
[2023-01-05 17:06:03,224] 71 root INFO Hypothesis as_000: float64, float64 
[2023-01-05 17:06:03,260] 71 root INFO Hypothesis at_000: float64, float64 
[2023-01-05 17:06:03,298] 71 root INFO Hypothesis au_000: float64, float64 
[2023-01-05 17:06:03,335] 71 root INFO Hypothesis av_000: float64, float64 
[2023-01-05 17:06:03,343] 71 root INFO Hypothesis ax_000: float64, float64 
[2023-01-05 17:06:03,351] 71 root INFO Hypothesis ay_000: float64, float64 
[2023-01-05 17:06:03,389] 71 root INFO Hypothesis ay_001: float64, float64 
[2023-01-05 17:06:03,426] 71 root INFO Hypothesis ay_002: float64, float64 
[2023-01-05 17:06:03,463] 71 root INFO Hypothesis ay_003: float64, float64 
[2023-01-05 17:06:03,500] 71 root INFO Hypothesis ay_004: float64, float64 
[2023-01-05 17:06:03,536] 71 root INFO Hypothesis ay_005: float64, float64 
[2023-01-05 17:06:03,577] 71 root INFO Hypothesis ay_006: float64, float64 
[2023-01-05 17:06:03,620] 71 root INFO Hypothesis ay_007: float64, float64 
[2023-01-05 17:06:03,630] 71 root INFO Hypothesis ay_008: float64, float64 
[2023-01-05 17:06:03,672] 71 root INFO Hypothesis ay_009: float64, float64 
[2023-01-05 17:06:03,709] 71 root INFO Hypothesis az_000: float64, float64 
[2023-01-05 17:06:03,719] 71 root INFO Hypothesis az_001: float64, float64 
[2023-01-05 17:06:03,763] 71 root INFO Hypothesis az_002: float64, float64 
[2023-01-05 17:06:03,806] 71 root INFO Hypothesis az_003: float64, float64 
[2023-01-05 17:06:03,816] 71 root INFO Hypothesis az_004: float64, float64 
[2023-01-05 17:06:03,861] 71 root INFO Hypothesis az_005: float64, float64 
[2023-01-05 17:06:03,872] 71 root INFO Hypothesis az_006: float64, float64 
[2023-01-05 17:06:03,881] 71 root INFO Hypothesis az_007: float64, float64 
[2023-01-05 17:06:03,926] 71 root INFO Hypothesis az_008: float64, float64 
[2023-01-05 17:06:03,964] 71 root INFO Hypothesis az_009: float64, float64 
[2023-01-05 17:06:04,008] 71 root INFO Hypothesis ba_000: float64, float64 
[2023-01-05 17:06:04,019] 71 root INFO Hypothesis ba_001: float64, float64 
[2023-01-05 17:06:04,029] 71 root INFO Hypothesis ba_002: float64, float64 
[2023-01-05 17:06:04,040] 71 root INFO Hypothesis ba_003: float64, float64 
[2023-01-05 17:06:04,050] 71 root INFO Hypothesis ba_004: float64, float64 
[2023-01-05 17:06:04,061] 71 root INFO Hypothesis ba_005: float64, float64 
[2023-01-05 17:06:04,071] 71 root INFO Hypothesis ba_006: float64, float64 
[2023-01-05 17:06:04,115] 71 root INFO Hypothesis ba_007: float64, float64 
[2023-01-05 17:06:04,159] 71 root INFO Hypothesis ba_008: float64, float64 
[2023-01-05 17:06:04,167] 71 root INFO Hypothesis ba_009: float64, float64 
[2023-01-05 17:06:04,206] 71 root INFO Hypothesis bb_000: float64, float64 
[2023-01-05 17:06:04,216] 71 root INFO Hypothesis bc_000: float64, float64 
[2023-01-05 17:06:04,258] 71 root INFO Hypothesis bd_000: float64, float64 
[2023-01-05 17:06:04,267] 71 root INFO Hypothesis be_000: float64, float64 
[2023-01-05 17:06:04,276] 71 root INFO Hypothesis bf_000: float64, float64 
[2023-01-05 17:06:04,315] 71 root INFO Hypothesis bg_000: float64, float64 
[2023-01-05 17:06:04,326] 71 root INFO Hypothesis bh_000: float64, float64 
[2023-01-05 17:06:04,337] 71 root INFO Hypothesis bi_000: float64, float64 
[2023-01-05 17:06:04,382] 71 root INFO Hypothesis bj_000: float64, float64 
[2023-01-05 17:06:04,393] 71 root INFO Hypothesis bs_000: float64, float64 
[2023-01-05 17:06:04,443] 71 root INFO Hypothesis bt_000: float64, float64 
[2023-01-05 17:06:04,454] 71 root INFO Hypothesis bu_000: float64, float64 
[2023-01-05 17:06:04,465] 71 root INFO Hypothesis bv_000: float64, float64 
[2023-01-05 17:06:04,475] 71 root INFO Hypothesis bx_000: float64, float64 
[2023-01-05 17:06:04,486] 71 root INFO Hypothesis by_000: float64, float64 
[2023-01-05 17:06:04,496] 71 root INFO Hypothesis bz_000: float64, float64 
[2023-01-05 17:06:04,538] 71 root INFO Hypothesis ca_000: float64, float64 
[2023-01-05 17:06:04,582] 71 root INFO Hypothesis cb_000: float64, float64 
[2023-01-05 17:06:04,625] 71 root INFO Hypothesis cc_000: float64, float64 
[2023-01-05 17:06:04,636] 71 root INFO Hypothesis cd_000: float64, float64 
[2023-01-05 17:06:04,673] 71 root INFO Hypothesis ce_000: float64, float64 
[2023-01-05 17:06:04,716] 71 root INFO Hypothesis ci_000: float64, float64 
[2023-01-05 17:06:04,726] 71 root INFO Hypothesis cj_000: float64, float64 
[2023-01-05 17:06:04,733] 71 root INFO Hypothesis ck_000: float64, float64 
[2023-01-05 17:06:04,743] 71 root INFO Hypothesis cl_000: float64, float64 
[2023-01-05 17:06:04,782] 71 root INFO Hypothesis cm_000: float64, float64 
[2023-01-05 17:06:04,822] 71 root INFO Hypothesis cn_000: float64, float64 
[2023-01-05 17:06:04,861] 71 root INFO Hypothesis cn_001: float64, float64 
[2023-01-05 17:06:04,902] 71 root INFO Hypothesis cn_002: float64, float64 
[2023-01-05 17:06:04,910] 71 root INFO Hypothesis cn_003: float64, float64 
[2023-01-05 17:06:04,921] 71 root INFO Hypothesis cn_004: float64, float64 
[2023-01-05 17:06:04,931] 71 root INFO Hypothesis cn_005: float64, float64 
[2023-01-05 17:06:04,942] 71 root INFO Hypothesis cn_006: float64, float64 
[2023-01-05 17:06:04,986] 71 root INFO Hypothesis cn_007: float64, float64 
[2023-01-05 17:06:04,996] 71 root INFO Hypothesis cn_008: float64, float64 
[2023-01-05 17:06:05,005] 71 root INFO Hypothesis cn_009: float64, float64 
[2023-01-05 17:06:05,013] 71 root INFO Hypothesis cp_000: float64, float64 
[2023-01-05 17:06:05,061] 71 root INFO Hypothesis cq_000: float64, float64 
[2023-01-05 17:06:05,071] 71 root INFO Hypothesis cs_000: float64, float64 
[2023-01-05 17:06:05,082] 71 root INFO Hypothesis cs_001: float64, float64 
[2023-01-05 17:06:05,091] 71 root INFO Hypothesis cs_002: float64, float64 
[2023-01-05 17:06:05,134] 71 root INFO Hypothesis cs_003: float64, float64 
[2023-01-05 17:06:05,145] 71 root INFO Hypothesis cs_004: float64, float64 
[2023-01-05 17:06:05,155] 71 root INFO Hypothesis cs_005: float64, float64 
[2023-01-05 17:06:05,200] 71 root INFO Hypothesis cs_006: float64, float64 
[2023-01-05 17:06:05,211] 71 root INFO Hypothesis cs_007: float64, float64 
[2023-01-05 17:06:05,254] 71 root INFO Hypothesis cs_008: float64, float64 
[2023-01-05 17:06:05,262] 71 root INFO Hypothesis cs_009: float64, float64 
[2023-01-05 17:06:05,299] 71 root INFO Hypothesis dd_000: float64, float64 
[2023-01-05 17:06:05,308] 71 root INFO Hypothesis de_000: float64, float64 
[2023-01-05 17:06:05,319] 71 root INFO Hypothesis df_000: float64, float64 
[2023-01-05 17:06:05,356] 71 root INFO Hypothesis dg_000: float64, float64 
[2023-01-05 17:06:05,395] 71 root INFO Hypothesis dh_000: float64, float64 
[2023-01-05 17:06:05,435] 71 root INFO Hypothesis di_000: float64, float64 
[2023-01-05 17:06:05,474] 71 root INFO Hypothesis dj_000: float64, float64 
[2023-01-05 17:06:05,512] 71 root INFO Hypothesis dk_000: float64, float64 
[2023-01-05 17:06:05,550] 71 root INFO Hypothesis dl_000: float64, float64 
[2023-01-05 17:06:05,587] 71 root INFO Hypothesis dm_000: float64, float64 
[2023-01-05 17:06:05,628] 71 root INFO Hypothesis dn_000: float64, float64 
[2023-01-05 17:06:05,639] 71 root INFO Hypothesis do_000: float64, float64 
[2023-01-05 17:06:05,648] 71 root INFO Hypothesis dp_000: float64, float64 
[2023-01-05 17:06:05,658] 71 root INFO Hypothesis dq_000: float64, float64 
[2023-01-05 17:06:05,697] 71 root INFO Hypothesis dr_000: float64, float64 
[2023-01-05 17:06:05,735] 71 root INFO Hypothesis ds_000: float64, float64 
[2023-01-05 17:06:05,745] 71 root INFO Hypothesis dt_000: float64, float64 
[2023-01-05 17:06:05,789] 71 root INFO Hypothesis du_000: float64, float64 
[2023-01-05 17:06:05,799] 71 root INFO Hypothesis dv_000: float64, float64 
[2023-01-05 17:06:05,809] 71 root INFO Hypothesis dx_000: float64, float64 
[2023-01-05 17:06:05,849] 71 root INFO Hypothesis dy_000: float64, float64 
[2023-01-05 17:06:05,894] 71 root INFO Hypothesis dz_000: float64, float64 
[2023-01-05 17:06:05,934] 71 root INFO Hypothesis ea_000: float64, float64 
[2023-01-05 17:06:05,971] 71 root INFO Hypothesis eb_000: float64, float64 
[2023-01-05 17:06:06,013] 71 root INFO Hypothesis ec_00: float64, float64 
[2023-01-05 17:06:06,056] 71 root INFO Hypothesis ed_000: float64, float64 
[2023-01-05 17:06:06,065] 71 root INFO Hypothesis ee_000: float64, float64 
[2023-01-05 17:06:06,076] 71 root INFO Hypothesis ee_001: float64, float64 
[2023-01-05 17:06:06,087] 71 root INFO Hypothesis ee_002: float64, float64 
[2023-01-05 17:06:06,098] 71 root INFO Hypothesis ee_003: float64, float64 
[2023-01-05 17:06:06,109] 71 root INFO Hypothesis ee_004: float64, float64 
[2023-01-05 17:06:06,120] 71 root INFO Hypothesis ee_005: float64, float64 
[2023-01-05 17:06:06,131] 71 root INFO Hypothesis ee_006: float64, float64 
[2023-01-05 17:06:06,141] 71 root INFO Hypothesis ee_007: float64, float64 
[2023-01-05 17:06:06,152] 71 root INFO Hypothesis ee_008: float64, float64 
[2023-01-05 17:06:06,161] 71 root INFO Hypothesis ee_009: float64, float64 
[2023-01-05 17:06:06,169] 71 root INFO Hypothesis ef_000: float64, float64 
[2023-01-05 17:06:06,207] 71 root INFO Hypothesis eg_000: float64, float64 
[2023-01-05 17:06:06,243] 131 root INFO As all column are available in test df hence detecting data drift
[2023-01-05 17:06:06,244] 71 root INFO Hypothesis class: object, object 
[2023-01-05 17:06:06,307] 71 root INFO Hypothesis aa_000: float64, float64 
[2023-01-05 17:06:06,315] 71 root INFO Hypothesis ac_000: float64, float64 
[2023-01-05 17:06:06,321] 71 root INFO Hypothesis ae_000: float64, float64 
[2023-01-05 17:06:06,324] 71 root INFO Hypothesis af_000: float64, float64 
[2023-01-05 17:06:06,327] 71 root INFO Hypothesis ag_000: float64, float64 
[2023-01-05 17:06:06,343] 71 root INFO Hypothesis ag_001: float64, float64 
[2023-01-05 17:06:06,358] 71 root INFO Hypothesis ag_002: float64, float64 
[2023-01-05 17:06:06,374] 71 root INFO Hypothesis ag_003: float64, float64 
[2023-01-05 17:06:06,379] 71 root INFO Hypothesis ag_004: float64, float64 
[2023-01-05 17:06:06,386] 71 root INFO Hypothesis ag_005: float64, float64 
[2023-01-05 17:06:06,393] 71 root INFO Hypothesis ag_006: float64, float64 
[2023-01-05 17:06:06,400] 71 root INFO Hypothesis ag_007: float64, float64 
[2023-01-05 17:06:06,406] 71 root INFO Hypothesis ag_008: float64, float64 
[2023-01-05 17:06:06,412] 71 root INFO Hypothesis ag_009: float64, float64 
[2023-01-05 17:06:06,417] 71 root INFO Hypothesis ah_000: float64, float64 
[2023-01-05 17:06:06,424] 71 root INFO Hypothesis ai_000: float64, float64 
[2023-01-05 17:06:06,440] 71 root INFO Hypothesis aj_000: float64, float64 
[2023-01-05 17:06:06,444] 71 root INFO Hypothesis ak_000: float64, float64 
[2023-01-05 17:06:06,460] 71 root INFO Hypothesis al_000: float64, float64 
[2023-01-05 17:06:06,465] 71 root INFO Hypothesis am_0: float64, float64 
[2023-01-05 17:06:06,470] 71 root INFO Hypothesis an_000: float64, float64 
[2023-01-05 17:06:06,477] 71 root INFO Hypothesis ao_000: float64, float64 
[2023-01-05 17:06:06,485] 71 root INFO Hypothesis ap_000: float64, float64 
[2023-01-05 17:06:06,492] 71 root INFO Hypothesis aq_000: float64, float64 
[2023-01-05 17:06:06,499] 71 root INFO Hypothesis ar_000: float64, float64 
[2023-01-05 17:06:06,515] 71 root INFO Hypothesis as_000: float64, float64 
[2023-01-05 17:06:06,530] 71 root INFO Hypothesis at_000: float64, float64 
[2023-01-05 17:06:06,534] 71 root INFO Hypothesis au_000: float64, float64 
[2023-01-05 17:06:06,550] 71 root INFO Hypothesis av_000: float64, float64 
[2023-01-05 17:06:06,556] 71 root INFO Hypothesis ax_000: float64, float64 
[2023-01-05 17:06:06,562] 71 root INFO Hypothesis ay_000: float64, float64 
[2023-01-05 17:06:06,578] 71 root INFO Hypothesis ay_001: float64, float64 
[2023-01-05 17:06:06,593] 71 root INFO Hypothesis ay_002: float64, float64 
[2023-01-05 17:06:06,609] 71 root INFO Hypothesis ay_003: float64, float64 
[2023-01-05 17:06:06,625] 71 root INFO Hypothesis ay_004: float64, float64 
[2023-01-05 17:06:06,640] 71 root INFO Hypothesis ay_005: float64, float64 
[2023-01-05 17:06:06,646] 71 root INFO Hypothesis ay_006: float64, float64 
[2023-01-05 17:06:06,652] 71 root INFO Hypothesis ay_007: float64, float64 
[2023-01-05 17:06:06,659] 71 root INFO Hypothesis ay_008: float64, float64 
[2023-01-05 17:06:06,667] 71 root INFO Hypothesis ay_009: float64, float64 
[2023-01-05 17:06:06,683] 71 root INFO Hypothesis az_000: float64, float64 
[2023-01-05 17:06:06,690] 71 root INFO Hypothesis az_001: float64, float64 
[2023-01-05 17:06:06,696] 71 root INFO Hypothesis az_002: float64, float64 
[2023-01-05 17:06:06,702] 71 root INFO Hypothesis az_003: float64, float64 
[2023-01-05 17:06:06,709] 71 root INFO Hypothesis az_004: float64, float64 
[2023-01-05 17:06:06,716] 71 root INFO Hypothesis az_005: float64, float64 
[2023-01-05 17:06:06,724] 71 root INFO Hypothesis az_006: float64, float64 
[2023-01-05 17:06:06,730] 71 root INFO Hypothesis az_007: float64, float64 
[2023-01-05 17:06:06,734] 71 root INFO Hypothesis az_008: float64, float64 
[2023-01-05 17:06:06,751] 71 root INFO Hypothesis az_009: float64, float64 
[2023-01-05 17:06:06,767] 71 root INFO Hypothesis ba_000: float64, float64 
[2023-01-05 17:06:06,774] 71 root INFO Hypothesis ba_001: float64, float64 
[2023-01-05 17:06:06,782] 71 root INFO Hypothesis ba_002: float64, float64 
[2023-01-05 17:06:06,789] 71 root INFO Hypothesis ba_003: float64, float64 
[2023-01-05 17:06:06,796] 71 root INFO Hypothesis ba_004: float64, float64 
[2023-01-05 17:06:06,803] 71 root INFO Hypothesis ba_005: float64, float64 
[2023-01-05 17:06:06,810] 71 root INFO Hypothesis ba_006: float64, float64 
[2023-01-05 17:06:06,818] 71 root INFO Hypothesis ba_007: float64, float64 
[2023-01-05 17:06:06,824] 71 root INFO Hypothesis ba_008: float64, float64 
[2023-01-05 17:06:06,830] 71 root INFO Hypothesis ba_009: float64, float64 
[2023-01-05 17:06:06,847] 71 root INFO Hypothesis bb_000: float64, float64 
[2023-01-05 17:06:06,854] 71 root INFO Hypothesis bc_000: float64, float64 
[2023-01-05 17:06:06,859] 71 root INFO Hypothesis bd_000: float64, float64 
[2023-01-05 17:06:06,865] 71 root INFO Hypothesis be_000: float64, float64 
[2023-01-05 17:06:06,871] 71 root INFO Hypothesis bf_000: float64, float64 
[2023-01-05 17:06:06,876] 71 root INFO Hypothesis bg_000: float64, float64 
[2023-01-05 17:06:06,883] 71 root INFO Hypothesis bh_000: float64, float64 
[2023-01-05 17:06:06,890] 71 root INFO Hypothesis bi_000: float64, float64 
[2023-01-05 17:06:06,897] 71 root INFO Hypothesis bj_000: float64, float64 
[2023-01-05 17:06:06,904] 71 root INFO Hypothesis bs_000: float64, float64 
[2023-01-05 17:06:06,911] 71 root INFO Hypothesis bt_000: float64, float64 
[2023-01-05 17:06:06,919] 71 root INFO Hypothesis bu_000: float64, float64 
[2023-01-05 17:06:06,926] 71 root INFO Hypothesis bv_000: float64, float64 
[2023-01-05 17:06:06,933] 71 root INFO Hypothesis bx_000: float64, float64 
[2023-01-05 17:06:06,940] 71 root INFO Hypothesis by_000: float64, float64 
[2023-01-05 17:06:06,947] 71 root INFO Hypothesis bz_000: float64, float64 
[2023-01-05 17:06:06,954] 71 root INFO Hypothesis ca_000: float64, float64 
[2023-01-05 17:06:06,961] 71 root INFO Hypothesis cb_000: float64, float64 
[2023-01-05 17:06:06,969] 71 root INFO Hypothesis cc_000: float64, float64 
[2023-01-05 17:06:06,976] 71 root INFO Hypothesis cd_000: float64, float64 
[2023-01-05 17:06:06,992] 71 root INFO Hypothesis ce_000: float64, float64 
[2023-01-05 17:06:06,998] 71 root INFO Hypothesis ci_000: float64, float64 
[2023-01-05 17:06:07,005] 71 root INFO Hypothesis cj_000: float64, float64 
[2023-01-05 17:06:07,010] 71 root INFO Hypothesis ck_000: float64, float64 
[2023-01-05 17:06:07,017] 71 root INFO Hypothesis cl_000: float64, float64 
[2023-01-05 17:06:07,021] 71 root INFO Hypothesis cm_000: float64, float64 
[2023-01-05 17:06:07,026] 71 root INFO Hypothesis cn_000: float64, float64 
[2023-01-05 17:06:07,042] 71 root INFO Hypothesis cn_001: float64, float64 
[2023-01-05 17:06:07,046] 71 root INFO Hypothesis cn_002: float64, float64 
[2023-01-05 17:06:07,051] 71 root INFO Hypothesis cn_003: float64, float64 
[2023-01-05 17:06:07,058] 71 root INFO Hypothesis cn_004: float64, float64 
[2023-01-05 17:06:07,066] 71 root INFO Hypothesis cn_005: float64, float64 
[2023-01-05 17:06:07,073] 71 root INFO Hypothesis cn_006: float64, float64 
[2023-01-05 17:06:07,080] 71 root INFO Hypothesis cn_007: float64, float64 
[2023-01-05 17:06:07,088] 71 root INFO Hypothesis cn_008: float64, float64 
[2023-01-05 17:06:07,094] 71 root INFO Hypothesis cn_009: float64, float64 
[2023-01-05 17:06:07,100] 71 root INFO Hypothesis cp_000: float64, float64 
[2023-01-05 17:06:07,105] 71 root INFO Hypothesis cq_000: float64, float64 
[2023-01-05 17:06:07,112] 71 root INFO Hypothesis cs_000: float64, float64 
[2023-01-05 17:06:07,119] 71 root INFO Hypothesis cs_001: float64, float64 
[2023-01-05 17:06:07,125] 71 root INFO Hypothesis cs_002: float64, float64 
[2023-01-05 17:06:07,132] 71 root INFO Hypothesis cs_003: float64, float64 
[2023-01-05 17:06:07,139] 71 root INFO Hypothesis cs_004: float64, float64 
[2023-01-05 17:06:07,146] 71 root INFO Hypothesis cs_005: float64, float64 
[2023-01-05 17:06:07,153] 71 root INFO Hypothesis cs_006: float64, float64 
[2023-01-05 17:06:07,161] 71 root INFO Hypothesis cs_007: float64, float64 
[2023-01-05 17:06:07,168] 71 root INFO Hypothesis cs_008: float64, float64 
[2023-01-05 17:06:07,173] 71 root INFO Hypothesis cs_009: float64, float64 
[2023-01-05 17:06:07,189] 71 root INFO Hypothesis dd_000: float64, float64 
[2023-01-05 17:06:07,195] 71 root INFO Hypothesis de_000: float64, float64 
[2023-01-05 17:06:07,201] 71 root INFO Hypothesis df_000: float64, float64 
[2023-01-05 17:06:07,205] 71 root INFO Hypothesis dg_000: float64, float64 
[2023-01-05 17:06:07,208] 71 root INFO Hypothesis dh_000: float64, float64 
[2023-01-05 17:06:07,212] 71 root INFO Hypothesis di_000: float64, float64 
[2023-01-05 17:06:07,216] 71 root INFO Hypothesis dj_000: float64, float64 
[2023-01-05 17:06:07,232] 71 root INFO Hypothesis dk_000: float64, float64 
[2023-01-05 17:06:07,248] 71 root INFO Hypothesis dl_000: float64, float64 
[2023-01-05 17:06:07,263] 71 root INFO Hypothesis dm_000: float64, float64 
[2023-01-05 17:06:07,279] 71 root INFO Hypothesis dn_000: float64, float64 
[2023-01-05 17:06:07,286] 71 root INFO Hypothesis do_000: float64, float64 
[2023-01-05 17:06:07,293] 71 root INFO Hypothesis dp_000: float64, float64 
[2023-01-05 17:06:07,299] 71 root INFO Hypothesis dq_000: float64, float64 
[2023-01-05 17:06:07,303] 71 root INFO Hypothesis dr_000: float64, float64 
[2023-01-05 17:06:07,308] 71 root INFO Hypothesis ds_000: float64, float64 
[2023-01-05 17:06:07,314] 71 root INFO Hypothesis dt_000: float64, float64 
[2023-01-05 17:06:07,321] 71 root INFO Hypothesis du_000: float64, float64 
[2023-01-05 17:06:07,328] 71 root INFO Hypothesis dv_000: float64, float64 
[2023-01-05 17:06:07,335] 71 root INFO Hypothesis dx_000: float64, float64 
[2023-01-05 17:06:07,353] 71 root INFO Hypothesis dy_000: float64, float64 
[2023-01-05 17:06:07,358] 71 root INFO Hypothesis dz_000: float64, float64 
[2023-01-05 17:06:07,373] 71 root INFO Hypothesis ea_000: float64, float64 
[2023-01-05 17:06:07,389] 71 root INFO Hypothesis eb_000: float64, float64 
[2023-01-05 17:06:07,395] 71 root INFO Hypothesis ec_00: float64, float64 
[2023-01-05 17:06:07,401] 71 root INFO Hypothesis ed_000: float64, float64 
[2023-01-05 17:06:07,407] 71 root INFO Hypothesis ee_000: float64, float64 
[2023-01-05 17:06:07,414] 71 root INFO Hypothesis ee_001: float64, float64 
[2023-01-05 17:06:07,422] 71 root INFO Hypothesis ee_002: float64, float64 
[2023-01-05 17:06:07,428] 71 root INFO Hypothesis ee_003: float64, float64 
[2023-01-05 17:06:07,435] 71 root INFO Hypothesis ee_004: float64, float64 
[2023-01-05 17:06:07,442] 71 root INFO Hypothesis ee_005: float64, float64 
[2023-01-05 17:06:07,449] 71 root INFO Hypothesis ee_006: float64, float64 
[2023-01-05 17:06:07,456] 71 root INFO Hypothesis ee_007: float64, float64 
[2023-01-05 17:06:07,462] 71 root INFO Hypothesis ee_008: float64, float64 
[2023-01-05 17:06:07,468] 71 root INFO Hypothesis ee_009: float64, float64 
[2023-01-05 17:06:07,474] 71 root INFO Hypothesis ef_000: float64, float64 
[2023-01-05 17:06:07,489] 71 root INFO Hypothesis eg_000: float64, float64 
[2023-01-05 17:06:07,504] 134 root INFO Write reprt in yaml file
[2023-01-05 17:06:07,573] 141 root INFO Data validation artifact: DataValidationArtifact(report_file_path='/config/workspace/artifact/01052023__170532/data_validation/report.yaml')
