[2023-01-05 15:27:50,476] 20 root INFO exporting collection data as pandas dataframe
[2023-01-05 15:27:50,476] 12 root INFO reading from databaseaps qand collection :sensor
[2023-01-05 15:27:53,833] 14 root INFO found columns:Index(['_id', 'class', 'aa_000', 'ab_000', 'ac_000', 'ad_000', 'ae_000',
       'af_000', 'ag_000', 'ag_001',
       ...
       'ee_002', 'ee_003', 'ee_004', 'ee_005', 'ee_006', 'ee_007', 'ee_008',
       'ee_009', 'ef_000', 'eg_000'],
      dtype='object', length=172)
[2023-01-05 15:27:53,833] 16 root INFO dropping _id column
[2023-01-05 15:27:54,030] 24 root INFO save data in feature store,replacing null values with nan
[2023-01-05 15:27:54,550] 27 root INFO creating feature store folder if not available
[2023-01-05 15:27:54,550] 31 root INFO save df to feature store folder
[2023-01-05 15:27:56,944] 34 root INFO spliting data into train test split
[2023-01-05 15:27:57,442] 37 root INFO creating dataset directory if not available
[2023-01-05 15:27:57,443] 41 root INFO save df to feature store folder
[2023-01-05 15:27:59,651] 46 root INFO preparing artifact
[2023-01-05 15:27:59,651] 53 root INFO data ingestion artifact:DataIngestionArtifact(feature_store_file_path='/config/workspace/artifact/01052023__152750/data_ingestion/feature_store/sensor.csv', train_file_path='/config/workspace/artifact/01052023__152750/data_ingestion/dataset/train.csv', test_file_path='/config/workspace/artifact/01052023__152750/data_ingestion/dataset/test.csv')
[2023-01-05 15:28:00,098] 20 root INFO exporting collection data as pandas dataframe
[2023-01-05 15:28:00,099] 12 root INFO reading from databaseaps qand collection :sensor
[2023-01-05 15:28:03,520] 14 root INFO found columns:Index(['_id', 'class', 'aa_000', 'ab_000', 'ac_000', 'ad_000', 'ae_000',
       'af_000', 'ag_000', 'ag_001',
       ...
       'ee_002', 'ee_003', 'ee_004', 'ee_005', 'ee_006', 'ee_007', 'ee_008',
       'ee_009', 'ef_000', 'eg_000'],
      dtype='object', length=172)
[2023-01-05 15:28:03,520] 16 root INFO dropping _id column
[2023-01-05 15:28:03,712] 24 root INFO save data in feature store,replacing null values with nan
[2023-01-05 15:28:04,264] 27 root INFO creating feature store folder if not available
[2023-01-05 15:28:04,264] 31 root INFO save df to feature store folder
[2023-01-05 15:28:06,750] 34 root INFO spliting data into train test split
[2023-01-05 15:28:07,315] 37 root INFO creating dataset directory if not available
[2023-01-05 15:28:07,315] 41 root INFO save df to feature store folder
[2023-01-05 15:28:09,544] 46 root INFO preparing artifact
[2023-01-05 15:28:09,544] 53 root INFO data ingestion artifact:DataIngestionArtifact(feature_store_file_path='/config/workspace/artifact/01052023__152750/data_ingestion/feature_store/sensor.csv', train_file_path='/config/workspace/artifact/01052023__152750/data_ingestion/dataset/train.csv', test_file_path='/config/workspace/artifact/01052023__152750/data_ingestion/dataset/test.csv')
[2023-01-05 15:28:09,962] 16 root INFO >>>>>>>>>>>>>>>>>>>>>>>>>>>>>>>>>>>>>>>> DATA VALIDATION <<<<<<<<<<<<<<<<<<<<<<<<<<<<<<<<<<<<<<<<
[2023-01-05 15:28:09,962] 97 root INFO Reading base dataframe
[2023-01-05 15:28:12,793] 100 root INFO rep;aced na values with nan
[2023-01-05 15:28:12,794] 102 root INFO drop null values columns from base df
[2023-01-05 15:28:13,734] 30 root INFO selecting column nane which containing null above 0.2
[2023-01-05 15:28:13,735] 33 root INFO column names to drop['ab_000', 'ad_000', 'bk_000', 'bl_000', 'bm_000', 'bn_000', 'bo_000', 'bp_000', 'bq_000', 'br_000', 'cf_000', 'cg_000', 'ch_000', 'co_000', 'cr_000', 'ct_000', 'cu_000', 'cv_000', 'cx_000', 'cy_000', 'cz_000', 'da_000', 'db_000', 'dc_000']
[2023-01-05 15:28:13,813] 105 root INFO reading train dataframe
[2023-01-05 15:28:14,208] 107 root INFO reading test dataframe
[2023-01-05 15:28:14,309] 110 root INFO dropping null vakluecolumns from  train df
[2023-01-05 15:28:14,320] 30 root INFO selecting column nane which containing null above 0.2
[2023-01-05 15:28:14,320] 33 root INFO column names to drop['ab_000', 'ad_000', 'bk_000', 'bl_000', 'bm_000', 'bn_000', 'bo_000', 'bp_000', 'bq_000', 'br_000', 'cf_000', 'cg_000', 'ch_000', 'co_000', 'cr_000', 'ct_000', 'cu_000', 'cv_000', 'cx_000', 'cy_000', 'cz_000', 'da_000', 'db_000', 'dc_000']
[2023-01-05 15:28:14,329] 112 root INFO dropping missing value columns in test dataset
[2023-01-05 15:28:14,333] 30 root INFO selecting column nane which containing null above 0.2
[2023-01-05 15:28:14,333] 33 root INFO column names to drop['ab_000', 'ad_000', 'bk_000', 'bl_000', 'bm_000', 'bn_000', 'bo_000', 'bp_000', 'bq_000', 'br_000', 'cf_000', 'cg_000', 'ch_000', 'co_000', 'cr_000', 'ct_000', 'cu_000', 'cv_000', 'cx_000', 'cy_000', 'cz_000', 'da_000', 'db_000', 'dc_000']
[2023-01-05 15:28:20,274] 122 root INFO is all required columns present in train df
