[2023-01-05 16:42:50,093] 20 root INFO exporting collection data as pandas dataframe
[2023-01-05 16:42:50,094] 12 root INFO reading from databaseaps qand collection :sensor
[2023-01-05 16:42:53,630] 14 root INFO found columns:Index(['_id', 'class', 'aa_000', 'ab_000', 'ac_000', 'ad_000', 'ae_000',
       'af_000', 'ag_000', 'ag_001',
       ...
       'ee_002', 'ee_003', 'ee_004', 'ee_005', 'ee_006', 'ee_007', 'ee_008',
       'ee_009', 'ef_000', 'eg_000'],
      dtype='object', length=172)
[2023-01-05 16:42:53,630] 16 root INFO dropping _id column
[2023-01-05 16:42:53,834] 24 root INFO save data in feature store,replacing null values with nan
[2023-01-05 16:42:54,379] 27 root INFO creating feature store folder if not available
[2023-01-05 16:42:54,380] 31 root INFO save df to feature store folder
[2023-01-05 16:42:56,891] 34 root INFO spliting data into train test split
[2023-01-05 16:42:57,374] 37 root INFO creating dataset directory if not available
[2023-01-05 16:42:57,374] 41 root INFO save df to feature store folder
[2023-01-05 16:42:59,515] 46 root INFO preparing artifact
[2023-01-05 16:42:59,516] 53 root INFO data ingestion artifact:DataIngestionArtifact(feature_store_file_path='/config/workspace/artifact/01052023__164250/data_ingestion/feature_store/sensor.csv', train_file_path='/config/workspace/artifact/01052023__164250/data_ingestion/dataset/train.csv', test_file_path='/config/workspace/artifact/01052023__164250/data_ingestion/dataset/test.csv')
[2023-01-05 16:42:59,938] 20 root INFO exporting collection data as pandas dataframe
[2023-01-05 16:42:59,939] 12 root INFO reading from databaseaps qand collection :sensor
[2023-01-05 16:43:03,410] 14 root INFO found columns:Index(['_id', 'class', 'aa_000', 'ab_000', 'ac_000', 'ad_000', 'ae_000',
       'af_000', 'ag_000', 'ag_001',
       ...
       'ee_002', 'ee_003', 'ee_004', 'ee_005', 'ee_006', 'ee_007', 'ee_008',
       'ee_009', 'ef_000', 'eg_000'],
      dtype='object', length=172)
[2023-01-05 16:43:03,410] 16 root INFO dropping _id column
[2023-01-05 16:43:03,595] 24 root INFO save data in feature store,replacing null values with nan
[2023-01-05 16:43:04,142] 27 root INFO creating feature store folder if not available
[2023-01-05 16:43:04,142] 31 root INFO save df to feature store folder
[2023-01-05 16:43:06,627] 34 root INFO spliting data into train test split
[2023-01-05 16:43:07,159] 37 root INFO creating dataset directory if not available
[2023-01-05 16:43:07,160] 41 root INFO save df to feature store folder
[2023-01-05 16:43:09,412] 46 root INFO preparing artifact
[2023-01-05 16:43:09,412] 53 root INFO data ingestion artifact:DataIngestionArtifact(feature_store_file_path='/config/workspace/artifact/01052023__164250/data_ingestion/feature_store/sensor.csv', train_file_path='/config/workspace/artifact/01052023__164250/data_ingestion/dataset/train.csv', test_file_path='/config/workspace/artifact/01052023__164250/data_ingestion/dataset/test.csv')
[2023-01-05 16:43:09,834] 16 root INFO >>>>>>>>>>>>>>>>>>>>>>>>>>>>>>>>>>>>>>>> DATA VALIDATION <<<<<<<<<<<<<<<<<<<<<<<<<<<<<<<<<<<<<<<<
[2023-01-05 16:43:09,834] 96 root INFO Reading base dataframe
[2023-01-05 16:43:12,615] 99 root INFO Replace na value in base df
[2023-01-05 16:43:12,615] 101 root INFO Drop null values colums from base df
[2023-01-05 16:43:13,596] 30 root INFO selecting column nane which containing null above 0.2
[2023-01-05 16:43:13,597] 33 root INFO column names to drop['ab_000', 'ad_000', 'bk_000', 'bl_000', 'bm_000', 'bn_000', 'bo_000', 'bp_000', 'bq_000', 'br_000', 'cf_000', 'cg_000', 'ch_000', 'co_000', 'cr_000', 'ct_000', 'cu_000', 'cv_000', 'cx_000', 'cy_000', 'cz_000', 'da_000', 'db_000', 'dc_000']
[2023-01-05 16:43:13,676] 104 root INFO reading train dataframe
[2023-01-05 16:43:14,074] 106 root INFO reading test dataframe
[2023-01-05 16:43:14,176] 109 root INFO dropping null vakluecolumns from  train df
[2023-01-05 16:43:14,187] 30 root INFO selecting column nane which containing null above 0.2
[2023-01-05 16:43:14,187] 33 root INFO column names to drop['ab_000', 'ad_000', 'bk_000', 'bl_000', 'bm_000', 'bn_000', 'bo_000', 'bp_000', 'bq_000', 'br_000', 'cf_000', 'cg_000', 'ch_000', 'co_000', 'cr_000', 'ct_000', 'cu_000', 'cv_000', 'cx_000', 'cy_000', 'cz_000', 'da_000', 'db_000', 'dc_000']
[2023-01-05 16:43:14,196] 111 root INFO dropping missing value columns in test dataset
[2023-01-05 16:43:14,200] 30 root INFO selecting column nane which containing null above 0.2
[2023-01-05 16:43:14,201] 33 root INFO column names to drop['ab_000', 'ad_000', 'bk_000', 'bl_000', 'bm_000', 'bn_000', 'bo_000', 'bp_000', 'bq_000', 'br_000', 'cf_000', 'cg_000', 'ch_000', 'co_000', 'cr_000', 'ct_000', 'cu_000', 'cv_000', 'cx_000', 'cy_000', 'cz_000', 'da_000', 'db_000', 'dc_000']
