[2023-01-05 15:14:45,416] 20 root INFO exporting collection data as pandas dataframe
[2023-01-05 15:14:45,416] 12 root INFO reading from databaseaps qand collection :sensor
[2023-01-05 15:14:48,873] 14 root INFO found columns:Index(['_id', 'class', 'aa_000', 'ab_000', 'ac_000', 'ad_000', 'ae_000',
       'af_000', 'ag_000', 'ag_001',
       ...
       'ee_002', 'ee_003', 'ee_004', 'ee_005', 'ee_006', 'ee_007', 'ee_008',
       'ee_009', 'ef_000', 'eg_000'],
      dtype='object', length=172)
[2023-01-05 15:14:48,873] 16 root INFO dropping _id column
[2023-01-05 15:14:49,097] 24 root INFO save data in feature store,replacing null values with nan
[2023-01-05 15:14:49,622] 27 root INFO creating feature store folder if not available
[2023-01-05 15:14:49,623] 31 root INFO save df to feature store folder
[2023-01-05 15:14:52,074] 34 root INFO spliting data into train test split
[2023-01-05 15:14:52,596] 37 root INFO creating dataset directory if not available
[2023-01-05 15:14:52,596] 41 root INFO save df to feature store folder
[2023-01-05 15:14:54,832] 46 root INFO preparing artifact
[2023-01-05 15:14:54,833] 53 root INFO data ingestion artifact:DataIngestionArtifact(feature_store_file_path='/config/workspace/artifact/01052023__151445/data_ingestion/feature_store/sensor.csv', train_file_path='/config/workspace/artifact/01052023__151445/data_ingestion/dataset/train.csv', test_file_path='/config/workspace/artifact/01052023__151445/data_ingestion/dataset/test.csv')
[2023-01-05 15:14:55,236] 20 root INFO exporting collection data as pandas dataframe
[2023-01-05 15:14:55,237] 12 root INFO reading from databaseaps qand collection :sensor
[2023-01-05 15:14:58,644] 14 root INFO found columns:Index(['_id', 'class', 'aa_000', 'ab_000', 'ac_000', 'ad_000', 'ae_000',
       'af_000', 'ag_000', 'ag_001',
       ...
       'ee_002', 'ee_003', 'ee_004', 'ee_005', 'ee_006', 'ee_007', 'ee_008',
       'ee_009', 'ef_000', 'eg_000'],
      dtype='object', length=172)
[2023-01-05 15:14:58,645] 16 root INFO dropping _id column
[2023-01-05 15:14:58,843] 24 root INFO save data in feature store,replacing null values with nan
[2023-01-05 15:14:59,396] 27 root INFO creating feature store folder if not available
[2023-01-05 15:14:59,396] 31 root INFO save df to feature store folder
[2023-01-05 15:15:01,919] 34 root INFO spliting data into train test split
[2023-01-05 15:15:02,466] 37 root INFO creating dataset directory if not available
[2023-01-05 15:15:02,466] 41 root INFO save df to feature store folder
[2023-01-05 15:15:04,749] 46 root INFO preparing artifact
[2023-01-05 15:15:04,750] 53 root INFO data ingestion artifact:DataIngestionArtifact(feature_store_file_path='/config/workspace/artifact/01052023__151445/data_ingestion/feature_store/sensor.csv', train_file_path='/config/workspace/artifact/01052023__151445/data_ingestion/dataset/train.csv', test_file_path='/config/workspace/artifact/01052023__151445/data_ingestion/dataset/test.csv')
[2023-01-05 15:15:05,120] 16 root INFO >>>>>>>>>>>>>>>>>>>>>>>>>>>>>>>>>>>>>>>> DATA VALIDATION <<<<<<<<<<<<<<<<<<<<<<<<<<<<<<<<<<<<<<<<
[2023-01-05 15:15:05,120] 97 root INFO Reading base dataframe
[2023-01-05 15:15:07,983] 100 root INFO rep;aced na values with nan
[2023-01-05 15:15:07,983] 102 root INFO drop null values columns from base df
