[2023-01-05 16:06:06,682] 20 root INFO exporting collection data as pandas dataframe
[2023-01-05 16:06:06,682] 12 root INFO reading from databaseaps qand collection :sensor
[2023-01-05 16:06:10,519] 14 root INFO found columns:Index(['_id', 'class', 'aa_000', 'ab_000', 'ac_000', 'ad_000', 'ae_000',
       'af_000', 'ag_000', 'ag_001',
       ...
       'ee_002', 'ee_003', 'ee_004', 'ee_005', 'ee_006', 'ee_007', 'ee_008',
       'ee_009', 'ef_000', 'eg_000'],
      dtype='object', length=172)
[2023-01-05 16:06:10,520] 16 root INFO dropping _id column
[2023-01-05 16:06:10,733] 24 root INFO save data in feature store,replacing null values with nan
[2023-01-05 16:06:11,353] 27 root INFO creating feature store folder if not available
[2023-01-05 16:06:11,353] 31 root INFO save df to feature store folder
[2023-01-05 16:06:13,994] 34 root INFO spliting data into train test split
[2023-01-05 16:06:14,886] 37 root INFO creating dataset directory if not available
[2023-01-05 16:06:14,886] 41 root INFO save df to feature store folder
[2023-01-05 16:06:17,281] 46 root INFO preparing artifact
[2023-01-05 16:06:17,282] 53 root INFO data ingestion artifact:DataIngestionArtifact(feature_store_file_path='/config/workspace/artifact/01052023__160606/data_ingestion/feature_store/sensor.csv', train_file_path='/config/workspace/artifact/01052023__160606/data_ingestion/dataset/train.csv', test_file_path='/config/workspace/artifact/01052023__160606/data_ingestion/dataset/test.csv')
[2023-01-05 16:06:17,799] 20 root INFO exporting collection data as pandas dataframe
[2023-01-05 16:06:17,800] 12 root INFO reading from databaseaps qand collection :sensor
[2023-01-05 16:06:21,494] 14 root INFO found columns:Index(['_id', 'class', 'aa_000', 'ab_000', 'ac_000', 'ad_000', 'ae_000',
       'af_000', 'ag_000', 'ag_001',
       ...
       'ee_002', 'ee_003', 'ee_004', 'ee_005', 'ee_006', 'ee_007', 'ee_008',
       'ee_009', 'ef_000', 'eg_000'],
      dtype='object', length=172)
[2023-01-05 16:06:21,495] 16 root INFO dropping _id column
[2023-01-05 16:06:21,739] 24 root INFO save data in feature store,replacing null values with nan
[2023-01-05 16:06:22,321] 27 root INFO creating feature store folder if not available
[2023-01-05 16:06:22,321] 31 root INFO save df to feature store folder
[2023-01-05 16:06:24,903] 34 root INFO spliting data into train test split
[2023-01-05 16:06:25,551] 37 root INFO creating dataset directory if not available
[2023-01-05 16:06:25,551] 41 root INFO save df to feature store folder
[2023-01-05 16:06:27,794] 46 root INFO preparing artifact
[2023-01-05 16:06:27,795] 53 root INFO data ingestion artifact:DataIngestionArtifact(feature_store_file_path='/config/workspace/artifact/01052023__160606/data_ingestion/feature_store/sensor.csv', train_file_path='/config/workspace/artifact/01052023__160606/data_ingestion/dataset/train.csv', test_file_path='/config/workspace/artifact/01052023__160606/data_ingestion/dataset/test.csv')
[2023-01-05 16:06:28,304] 16 root INFO >>>>>>>>>>>>>>>>>>>>>>>>>>>>>>>>>>>>>>>> DATA VALIDATION <<<<<<<<<<<<<<<<<<<<<<<<<<<<<<<<<<<<<<<<
[2023-01-05 16:06:28,304] 96 root INFO Reading base dataframe
[2023-01-05 16:06:31,328] 99 root INFO Replace na value in base df
[2023-01-05 16:06:31,328] 101 root INFO Drop null values colums from base df
[2023-01-05 16:06:32,306] 30 root INFO selecting column nane which containing null above 0.2
[2023-01-05 16:06:32,306] 33 root INFO column names to drop['ab_000', 'ad_000', 'bk_000', 'bl_000', 'bm_000', 'bn_000', 'bo_000', 'bp_000', 'bq_000', 'br_000', 'cf_000', 'cg_000', 'ch_000', 'co_000', 'cr_000', 'ct_000', 'cu_000', 'cv_000', 'cx_000', 'cy_000', 'cz_000', 'da_000', 'db_000', 'dc_000']
[2023-01-05 16:06:32,395] 104 root INFO reading train dataframe
[2023-01-05 16:06:32,801] 106 root INFO reading test dataframe
[2023-01-05 16:06:32,905] 109 root INFO dropping null vakluecolumns from  train df
[2023-01-05 16:06:32,916] 30 root INFO selecting column nane which containing null above 0.2
[2023-01-05 16:06:32,917] 33 root INFO column names to drop['ab_000', 'ad_000', 'bk_000', 'bl_000', 'bm_000', 'bn_000', 'bo_000', 'bp_000', 'bq_000', 'br_000', 'cf_000', 'cg_000', 'ch_000', 'co_000', 'cr_000', 'ct_000', 'cu_000', 'cv_000', 'cx_000', 'cy_000', 'cz_000', 'da_000', 'db_000', 'dc_000']
[2023-01-05 16:06:32,926] 111 root INFO dropping missing value columns in test dataset
[2023-01-05 16:06:32,930] 30 root INFO selecting column nane which containing null above 0.2
[2023-01-05 16:06:32,930] 33 root INFO column names to drop['ab_000', 'ad_000', 'bk_000', 'bl_000', 'bm_000', 'bn_000', 'bo_000', 'bp_000', 'bq_000', 'br_000', 'cf_000', 'cg_000', 'ch_000', 'co_000', 'cr_000', 'ct_000', 'cu_000', 'cv_000', 'cx_000', 'cy_000', 'cz_000', 'da_000', 'db_000', 'dc_000']
[2023-01-05 16:06:39,004] 122 root INFO is all required columns present in train df
