[2023-01-05 17:36:42,702] 20 root INFO exporting collection data as pandas dataframe
[2023-01-05 17:36:42,702] 12 root INFO reading from databaseaps qand collection :sensor
[2023-01-05 17:36:46,255] 14 root INFO found columns:Index(['_id', 'class', 'aa_000', 'ab_000', 'ac_000', 'ad_000', 'ae_000',
       'af_000', 'ag_000', 'ag_001',
       ...
       'ee_002', 'ee_003', 'ee_004', 'ee_005', 'ee_006', 'ee_007', 'ee_008',
       'ee_009', 'ef_000', 'eg_000'],
      dtype='object', length=172)
[2023-01-05 17:36:46,255] 16 root INFO dropping _id column
[2023-01-05 17:36:46,450] 24 root INFO save data in feature store,replacing null values with nan
[2023-01-05 17:36:46,977] 27 root INFO creating feature store folder if not available
[2023-01-05 17:36:46,978] 31 root INFO save df to feature store folder
[2023-01-05 17:36:49,430] 34 root INFO spliting data into train test split
[2023-01-05 17:36:49,950] 37 root INFO creating dataset directory if not available
[2023-01-05 17:36:49,950] 41 root INFO save df to feature store folder
[2023-01-05 17:36:52,160] 46 root INFO preparing artifact
[2023-01-05 17:36:52,160] 53 root INFO data ingestion artifact:DataIngestionArtifact(feature_store_file_path='/config/workspace/artifact/01052023__173642/data_ingestion/feature_store/sensor.csv', train_file_path='/config/workspace/artifact/01052023__173642/data_ingestion/dataset/train.csv', test_file_path='/config/workspace/artifact/01052023__173642/data_ingestion/dataset/test.csv')
[2023-01-05 17:36:52,592] 20 root INFO exporting collection data as pandas dataframe
[2023-01-05 17:36:52,592] 12 root INFO reading from databaseaps qand collection :sensor
[2023-01-05 17:36:56,190] 14 root INFO found columns:Index(['_id', 'class', 'aa_000', 'ab_000', 'ac_000', 'ad_000', 'ae_000',
       'af_000', 'ag_000', 'ag_001',
       ...
       'ee_002', 'ee_003', 'ee_004', 'ee_005', 'ee_006', 'ee_007', 'ee_008',
       'ee_009', 'ef_000', 'eg_000'],
      dtype='object', length=172)
[2023-01-05 17:36:56,190] 16 root INFO dropping _id column
[2023-01-05 17:36:56,385] 24 root INFO save data in feature store,replacing null values with nan
[2023-01-05 17:36:56,935] 27 root INFO creating feature store folder if not available
[2023-01-05 17:36:56,935] 31 root INFO save df to feature store folder
[2023-01-05 17:36:59,391] 34 root INFO spliting data into train test split
[2023-01-05 17:36:59,921] 37 root INFO creating dataset directory if not available
[2023-01-05 17:36:59,921] 41 root INFO save df to feature store folder
[2023-01-05 17:37:02,147] 46 root INFO preparing artifact
[2023-01-05 17:37:02,147] 53 root INFO data ingestion artifact:DataIngestionArtifact(feature_store_file_path='/config/workspace/artifact/01052023__173642/data_ingestion/feature_store/sensor.csv', train_file_path='/config/workspace/artifact/01052023__173642/data_ingestion/dataset/train.csv', test_file_path='/config/workspace/artifact/01052023__173642/data_ingestion/dataset/test.csv')
[2023-01-05 17:37:02,555] 16 root INFO >>>>>>>>>>>>>>>>>>>>>>>>>>>>>>>>>>>>>>>> DATA VALIDATION <<<<<<<<<<<<<<<<<<<<<<<<<<<<<<<<<<<<<<<<
[2023-01-05 17:37:02,555] 96 root INFO Reading base dataframe
[2023-01-05 17:37:05,407] 99 root INFO Replace na value in base df
[2023-01-05 17:37:05,407] 101 root INFO Drop null values colums from base df
[2023-01-05 17:37:06,370] 30 root INFO selecting column nane which containing null above 0.2
[2023-01-05 17:37:06,371] 33 root INFO column names to drop['ab_000', 'ad_000', 'bk_000', 'bl_000', 'bm_000', 'bn_000', 'bo_000', 'bp_000', 'bq_000', 'br_000', 'cf_000', 'cg_000', 'ch_000', 'co_000', 'cr_000', 'ct_000', 'cu_000', 'cv_000', 'cx_000', 'cy_000', 'cz_000', 'da_000', 'db_000', 'dc_000']
[2023-01-05 17:37:06,450] 104 root INFO reading train dataframe
[2023-01-05 17:37:06,839] 106 root INFO reading test dataframe
[2023-01-05 17:37:06,942] 109 root INFO dropping null vakluecolumns from  train df
[2023-01-05 17:37:06,953] 30 root INFO selecting column nane which containing null above 0.2
[2023-01-05 17:37:06,954] 33 root INFO column names to drop['ab_000', 'ad_000', 'bk_000', 'bl_000', 'bm_000', 'bn_000', 'bo_000', 'bp_000', 'bq_000', 'br_000', 'cf_000', 'cg_000', 'ch_000', 'co_000', 'cr_000', 'ct_000', 'cu_000', 'cv_000', 'cx_000', 'cy_000', 'cz_000', 'da_000', 'db_000', 'dc_000']
[2023-01-05 17:37:06,965] 111 root INFO dropping missing value columns in test dataset
[2023-01-05 17:37:06,970] 30 root INFO selecting column nane which containing null above 0.2
[2023-01-05 17:37:06,970] 33 root INFO column names to drop['ab_000', 'ad_000', 'bk_000', 'bl_000', 'bm_000', 'bn_000', 'bo_000', 'bp_000', 'bq_000', 'br_000', 'cf_000', 'cg_000', 'ch_000', 'co_000', 'cr_000', 'ct_000', 'cu_000', 'cv_000', 'cx_000', 'cy_000', 'cz_000', 'da_000', 'db_000', 'dc_000']
[2023-01-05 17:37:12,991] 122 root INFO Is all required columns present in train df
[2023-01-05 17:37:12,992] 124 root INFO Is all required columns present in test df
[2023-01-05 17:37:12,992] 128 root INFO As all column are available in train df hence detecting data drift
[2023-01-05 17:37:12,992] 71 root INFO Hypothesis class: object, object 
[2023-01-05 17:37:13,093] 71 root INFO Hypothesis aa_000: float64, float64 
[2023-01-05 17:37:13,136] 71 root INFO Hypothesis ac_000: float64, float64 
[2023-01-05 17:37:13,177] 71 root INFO Hypothesis ae_000: float64, float64 
[2023-01-05 17:37:13,213] 71 root INFO Hypothesis af_000: float64, float64 
[2023-01-05 17:37:13,249] 71 root INFO Hypothesis ag_000: float64, float64 
[2023-01-05 17:37:13,285] 71 root INFO Hypothesis ag_001: float64, float64 
[2023-01-05 17:37:13,321] 71 root INFO Hypothesis ag_002: float64, float64 
[2023-01-05 17:37:13,357] 71 root INFO Hypothesis ag_003: float64, float64 
[2023-01-05 17:37:13,396] 71 root INFO Hypothesis ag_004: float64, float64 
[2023-01-05 17:37:13,439] 71 root INFO Hypothesis ag_005: float64, float64 
[2023-01-05 17:37:13,482] 71 root INFO Hypothesis ag_006: float64, float64 
[2023-01-05 17:37:13,527] 71 root INFO Hypothesis ag_007: float64, float64 
[2023-01-05 17:37:13,570] 71 root INFO Hypothesis ag_008: float64, float64 
[2023-01-05 17:37:13,611] 71 root INFO Hypothesis ag_009: float64, float64 
[2023-01-05 17:37:13,650] 71 root INFO Hypothesis ah_000: float64, float64 
[2023-01-05 17:37:13,693] 71 root INFO Hypothesis ai_000: float64, float64 
[2023-01-05 17:37:13,730] 71 root INFO Hypothesis aj_000: float64, float64 
[2023-01-05 17:37:13,768] 71 root INFO Hypothesis ak_000: float64, float64 
[2023-01-05 17:37:13,804] 71 root INFO Hypothesis al_000: float64, float64 
[2023-01-05 17:37:13,844] 71 root INFO Hypothesis am_0: float64, float64 
[2023-01-05 17:37:13,887] 71 root INFO Hypothesis an_000: float64, float64 
[2023-01-05 17:37:13,930] 71 root INFO Hypothesis ao_000: float64, float64 
[2023-01-05 17:37:13,973] 71 root INFO Hypothesis ap_000: float64, float64 
[2023-01-05 17:37:14,017] 71 root INFO Hypothesis aq_000: float64, float64 
[2023-01-05 17:37:14,060] 71 root INFO Hypothesis ar_000: float64, float64 
[2023-01-05 17:37:14,096] 71 root INFO Hypothesis as_000: float64, float64 
[2023-01-05 17:37:14,132] 71 root INFO Hypothesis at_000: float64, float64 
[2023-01-05 17:37:14,170] 71 root INFO Hypothesis au_000: float64, float64 
[2023-01-05 17:37:14,206] 71 root INFO Hypothesis av_000: float64, float64 
[2023-01-05 17:37:14,248] 71 root INFO Hypothesis ax_000: float64, float64 
[2023-01-05 17:37:14,256] 71 root INFO Hypothesis ay_000: float64, float64 
[2023-01-05 17:37:14,292] 71 root INFO Hypothesis ay_001: float64, float64 
[2023-01-05 17:37:14,329] 71 root INFO Hypothesis ay_002: float64, float64 
[2023-01-05 17:37:14,366] 71 root INFO Hypothesis ay_003: float64, float64 
[2023-01-05 17:37:14,403] 71 root INFO Hypothesis ay_004: float64, float64 
[2023-01-05 17:37:14,440] 71 root INFO Hypothesis ay_005: float64, float64 
[2023-01-05 17:37:14,480] 71 root INFO Hypothesis ay_006: float64, float64 
[2023-01-05 17:37:14,522] 71 root INFO Hypothesis ay_007: float64, float64 
[2023-01-05 17:37:14,532] 71 root INFO Hypothesis ay_008: float64, float64 
[2023-01-05 17:37:14,581] 71 root INFO Hypothesis ay_009: float64, float64 
[2023-01-05 17:37:14,619] 71 root INFO Hypothesis az_000: float64, float64 
[2023-01-05 17:37:14,662] 71 root INFO Hypothesis az_001: float64, float64 
[2023-01-05 17:37:14,705] 71 root INFO Hypothesis az_002: float64, float64 
[2023-01-05 17:37:14,715] 71 root INFO Hypothesis az_003: float64, float64 
[2023-01-05 17:37:14,758] 71 root INFO Hypothesis az_004: float64, float64 
[2023-01-05 17:37:14,802] 71 root INFO Hypothesis az_005: float64, float64 
[2023-01-05 17:37:14,813] 71 root INFO Hypothesis az_006: float64, float64 
[2023-01-05 17:37:14,857] 71 root INFO Hypothesis az_007: float64, float64 
[2023-01-05 17:37:14,896] 71 root INFO Hypothesis az_008: float64, float64 
[2023-01-05 17:37:14,934] 71 root INFO Hypothesis az_009: float64, float64 
[2023-01-05 17:37:14,972] 71 root INFO Hypothesis ba_000: float64, float64 
[2023-01-05 17:37:15,015] 71 root INFO Hypothesis ba_001: float64, float64 
[2023-01-05 17:37:15,026] 71 root INFO Hypothesis ba_002: float64, float64 
[2023-01-05 17:37:15,037] 71 root INFO Hypothesis ba_003: float64, float64 
[2023-01-05 17:37:15,080] 71 root INFO Hypothesis ba_004: float64, float64 
[2023-01-05 17:37:15,123] 71 root INFO Hypothesis ba_005: float64, float64 
[2023-01-05 17:37:15,166] 71 root INFO Hypothesis ba_006: float64, float64 
[2023-01-05 17:37:15,209] 71 root INFO Hypothesis ba_007: float64, float64 
[2023-01-05 17:37:15,251] 71 root INFO Hypothesis ba_008: float64, float64 
[2023-01-05 17:37:15,259] 71 root INFO Hypothesis ba_009: float64, float64 
[2023-01-05 17:37:15,298] 71 root INFO Hypothesis bb_000: float64, float64 
[2023-01-05 17:37:15,341] 71 root INFO Hypothesis bc_000: float64, float64 
[2023-01-05 17:37:15,381] 71 root INFO Hypothesis bd_000: float64, float64 
[2023-01-05 17:37:15,422] 71 root INFO Hypothesis be_000: float64, float64 
[2023-01-05 17:37:15,430] 71 root INFO Hypothesis bf_000: float64, float64 
[2023-01-05 17:37:15,470] 71 root INFO Hypothesis bg_000: float64, float64 
[2023-01-05 17:37:15,512] 71 root INFO Hypothesis bh_000: float64, float64 
[2023-01-05 17:37:15,557] 71 root INFO Hypothesis bi_000: float64, float64 
[2023-01-05 17:37:15,602] 71 root INFO Hypothesis bj_000: float64, float64 
[2023-01-05 17:37:15,648] 71 root INFO Hypothesis bs_000: float64, float64 
[2023-01-05 17:37:15,693] 71 root INFO Hypothesis bt_000: float64, float64 
[2023-01-05 17:37:15,737] 71 root INFO Hypothesis bu_000: float64, float64 
[2023-01-05 17:37:15,781] 71 root INFO Hypothesis bv_000: float64, float64 
[2023-01-05 17:37:15,826] 71 root INFO Hypothesis bx_000: float64, float64 
[2023-01-05 17:37:15,870] 71 root INFO Hypothesis by_000: float64, float64 
[2023-01-05 17:37:15,914] 71 root INFO Hypothesis bz_000: float64, float64 
[2023-01-05 17:37:15,960] 71 root INFO Hypothesis ca_000: float64, float64 
[2023-01-05 17:37:15,971] 71 root INFO Hypothesis cb_000: float64, float64 
[2023-01-05 17:37:16,014] 71 root INFO Hypothesis cc_000: float64, float64 
[2023-01-05 17:37:16,057] 71 root INFO Hypothesis cd_000: float64, float64 
[2023-01-05 17:37:16,063] 71 root INFO Hypothesis ce_000: float64, float64 
[2023-01-05 17:37:16,106] 71 root INFO Hypothesis ci_000: float64, float64 
[2023-01-05 17:37:16,149] 71 root INFO Hypothesis cj_000: float64, float64 
[2023-01-05 17:37:16,187] 71 root INFO Hypothesis ck_000: float64, float64 
[2023-01-05 17:37:16,230] 71 root INFO Hypothesis cl_000: float64, float64 
[2023-01-05 17:37:16,269] 71 root INFO Hypothesis cm_000: float64, float64 
[2023-01-05 17:37:16,308] 71 root INFO Hypothesis cn_000: float64, float64 
[2023-01-05 17:37:16,345] 71 root INFO Hypothesis cn_001: float64, float64 
[2023-01-05 17:37:16,382] 71 root INFO Hypothesis cn_002: float64, float64 
[2023-01-05 17:37:16,422] 71 root INFO Hypothesis cn_003: float64, float64 
[2023-01-05 17:37:16,433] 71 root INFO Hypothesis cn_004: float64, float64 
[2023-01-05 17:37:16,443] 71 root INFO Hypothesis cn_005: float64, float64 
[2023-01-05 17:37:16,454] 71 root INFO Hypothesis cn_006: float64, float64 
[2023-01-05 17:37:16,497] 71 root INFO Hypothesis cn_007: float64, float64 
[2023-01-05 17:37:16,539] 71 root INFO Hypothesis cn_008: float64, float64 
[2023-01-05 17:37:16,580] 71 root INFO Hypothesis cn_009: float64, float64 
[2023-01-05 17:37:16,620] 71 root INFO Hypothesis cp_000: float64, float64 
[2023-01-05 17:37:16,660] 71 root INFO Hypothesis cq_000: float64, float64 
[2023-01-05 17:37:16,703] 71 root INFO Hypothesis cs_000: float64, float64 
[2023-01-05 17:37:16,745] 71 root INFO Hypothesis cs_001: float64, float64 
[2023-01-05 17:37:16,786] 71 root INFO Hypothesis cs_002: float64, float64 
[2023-01-05 17:37:16,829] 71 root INFO Hypothesis cs_003: float64, float64 
[2023-01-05 17:37:16,840] 71 root INFO Hypothesis cs_004: float64, float64 
[2023-01-05 17:37:16,884] 71 root INFO Hypothesis cs_005: float64, float64 
[2023-01-05 17:37:16,899] 71 root INFO Hypothesis cs_006: float64, float64 
[2023-01-05 17:37:16,942] 71 root INFO Hypothesis cs_007: float64, float64 
[2023-01-05 17:37:16,986] 71 root INFO Hypothesis cs_008: float64, float64 
[2023-01-05 17:37:16,994] 71 root INFO Hypothesis cs_009: float64, float64 
[2023-01-05 17:37:17,030] 71 root INFO Hypothesis dd_000: float64, float64 
[2023-01-05 17:37:17,072] 71 root INFO Hypothesis de_000: float64, float64 
[2023-01-05 17:37:17,115] 71 root INFO Hypothesis df_000: float64, float64 
[2023-01-05 17:37:17,153] 71 root INFO Hypothesis dg_000: float64, float64 
[2023-01-05 17:37:17,190] 71 root INFO Hypothesis dh_000: float64, float64 
[2023-01-05 17:37:17,227] 71 root INFO Hypothesis di_000: float64, float64 
[2023-01-05 17:37:17,265] 71 root INFO Hypothesis dj_000: float64, float64 
[2023-01-05 17:37:17,302] 71 root INFO Hypothesis dk_000: float64, float64 
[2023-01-05 17:37:17,339] 71 root INFO Hypothesis dl_000: float64, float64 
[2023-01-05 17:37:17,374] 71 root INFO Hypothesis dm_000: float64, float64 
[2023-01-05 17:37:17,411] 71 root INFO Hypothesis dn_000: float64, float64 
[2023-01-05 17:37:17,455] 71 root INFO Hypothesis do_000: float64, float64 
[2023-01-05 17:37:17,496] 71 root INFO Hypothesis dp_000: float64, float64 
[2023-01-05 17:37:17,538] 71 root INFO Hypothesis dq_000: float64, float64 
[2023-01-05 17:37:17,577] 71 root INFO Hypothesis dr_000: float64, float64 
[2023-01-05 17:37:17,616] 71 root INFO Hypothesis ds_000: float64, float64 
[2023-01-05 17:37:17,631] 71 root INFO Hypothesis dt_000: float64, float64 
[2023-01-05 17:37:17,673] 71 root INFO Hypothesis du_000: float64, float64 
[2023-01-05 17:37:17,684] 71 root INFO Hypothesis dv_000: float64, float64 
[2023-01-05 17:37:17,694] 71 root INFO Hypothesis dx_000: float64, float64 
[2023-01-05 17:37:17,734] 71 root INFO Hypothesis dy_000: float64, float64 
[2023-01-05 17:37:17,773] 71 root INFO Hypothesis dz_000: float64, float64 
[2023-01-05 17:37:17,809] 71 root INFO Hypothesis ea_000: float64, float64 
[2023-01-05 17:37:17,847] 71 root INFO Hypothesis eb_000: float64, float64 
[2023-01-05 17:37:17,856] 71 root INFO Hypothesis ec_00: float64, float64 
[2023-01-05 17:37:17,867] 71 root INFO Hypothesis ed_000: float64, float64 
[2023-01-05 17:37:17,878] 71 root INFO Hypothesis ee_000: float64, float64 
[2023-01-05 17:37:17,890] 71 root INFO Hypothesis ee_001: float64, float64 
[2023-01-05 17:37:17,900] 71 root INFO Hypothesis ee_002: float64, float64 
[2023-01-05 17:37:17,944] 71 root INFO Hypothesis ee_003: float64, float64 
[2023-01-05 17:37:17,988] 71 root INFO Hypothesis ee_004: float64, float64 
[2023-01-05 17:37:17,999] 71 root INFO Hypothesis ee_005: float64, float64 
[2023-01-05 17:37:18,043] 71 root INFO Hypothesis ee_006: float64, float64 
[2023-01-05 17:37:18,093] 71 root INFO Hypothesis ee_007: float64, float64 
[2023-01-05 17:37:18,136] 71 root INFO Hypothesis ee_008: float64, float64 
[2023-01-05 17:37:18,178] 71 root INFO Hypothesis ee_009: float64, float64 
[2023-01-05 17:37:18,216] 71 root INFO Hypothesis ef_000: float64, float64 
[2023-01-05 17:37:18,254] 71 root INFO Hypothesis eg_000: float64, float64 
[2023-01-05 17:37:18,291] 131 root INFO As all column are available in test df hence detecting data drift
[2023-01-05 17:37:18,291] 71 root INFO Hypothesis class: object, object 
[2023-01-05 17:37:18,354] 71 root INFO Hypothesis aa_000: float64, float64 
[2023-01-05 17:37:18,361] 71 root INFO Hypothesis ac_000: float64, float64 
[2023-01-05 17:37:18,367] 71 root INFO Hypothesis ae_000: float64, float64 
[2023-01-05 17:37:18,382] 71 root INFO Hypothesis af_000: float64, float64 
[2023-01-05 17:37:18,398] 71 root INFO Hypothesis ag_000: float64, float64 
[2023-01-05 17:37:18,413] 71 root INFO Hypothesis ag_001: float64, float64 
[2023-01-05 17:37:18,429] 71 root INFO Hypothesis ag_002: float64, float64 
[2023-01-05 17:37:18,444] 71 root INFO Hypothesis ag_003: float64, float64 
[2023-01-05 17:37:18,449] 71 root INFO Hypothesis ag_004: float64, float64 
[2023-01-05 17:37:18,455] 71 root INFO Hypothesis ag_005: float64, float64 
[2023-01-05 17:37:18,463] 71 root INFO Hypothesis ag_006: float64, float64 
[2023-01-05 17:37:18,470] 71 root INFO Hypothesis ag_007: float64, float64 
[2023-01-05 17:37:18,476] 71 root INFO Hypothesis ag_008: float64, float64 
[2023-01-05 17:37:18,481] 71 root INFO Hypothesis ag_009: float64, float64 
[2023-01-05 17:37:18,499] 71 root INFO Hypothesis ah_000: float64, float64 
[2023-01-05 17:37:18,506] 71 root INFO Hypothesis ai_000: float64, float64 
[2023-01-05 17:37:18,509] 71 root INFO Hypothesis aj_000: float64, float64 
[2023-01-05 17:37:18,513] 71 root INFO Hypothesis ak_000: float64, float64 
[2023-01-05 17:37:18,528] 71 root INFO Hypothesis al_000: float64, float64 
[2023-01-05 17:37:18,533] 71 root INFO Hypothesis am_0: float64, float64 
[2023-01-05 17:37:18,538] 71 root INFO Hypothesis an_000: float64, float64 
[2023-01-05 17:37:18,545] 71 root INFO Hypothesis ao_000: float64, float64 
[2023-01-05 17:37:18,552] 71 root INFO Hypothesis ap_000: float64, float64 
[2023-01-05 17:37:18,559] 71 root INFO Hypothesis aq_000: float64, float64 
[2023-01-05 17:37:18,567] 71 root INFO Hypothesis ar_000: float64, float64 
[2023-01-05 17:37:18,582] 71 root INFO Hypothesis as_000: float64, float64 
[2023-01-05 17:37:18,597] 71 root INFO Hypothesis at_000: float64, float64 
[2023-01-05 17:37:18,601] 71 root INFO Hypothesis au_000: float64, float64 
[2023-01-05 17:37:18,616] 71 root INFO Hypothesis av_000: float64, float64 
[2023-01-05 17:37:18,622] 71 root INFO Hypothesis ax_000: float64, float64 
[2023-01-05 17:37:18,627] 71 root INFO Hypothesis ay_000: float64, float64 
[2023-01-05 17:37:18,643] 71 root INFO Hypothesis ay_001: float64, float64 
[2023-01-05 17:37:18,660] 71 root INFO Hypothesis ay_002: float64, float64 
[2023-01-05 17:37:18,676] 71 root INFO Hypothesis ay_003: float64, float64 
[2023-01-05 17:37:18,679] 71 root INFO Hypothesis ay_004: float64, float64 
[2023-01-05 17:37:18,682] 71 root INFO Hypothesis ay_005: float64, float64 
[2023-01-05 17:37:18,687] 71 root INFO Hypothesis ay_006: float64, float64 
[2023-01-05 17:37:18,694] 71 root INFO Hypothesis ay_007: float64, float64 
[2023-01-05 17:37:18,700] 71 root INFO Hypothesis ay_008: float64, float64 
[2023-01-05 17:37:18,707] 71 root INFO Hypothesis ay_009: float64, float64 
[2023-01-05 17:37:18,722] 71 root INFO Hypothesis az_000: float64, float64 
[2023-01-05 17:37:18,729] 71 root INFO Hypothesis az_001: float64, float64 
[2023-01-05 17:37:18,735] 71 root INFO Hypothesis az_002: float64, float64 
[2023-01-05 17:37:18,742] 71 root INFO Hypothesis az_003: float64, float64 
[2023-01-05 17:37:18,748] 71 root INFO Hypothesis az_004: float64, float64 
[2023-01-05 17:37:18,755] 71 root INFO Hypothesis az_005: float64, float64 
[2023-01-05 17:37:18,763] 71 root INFO Hypothesis az_006: float64, float64 
[2023-01-05 17:37:18,769] 71 root INFO Hypothesis az_007: float64, float64 
[2023-01-05 17:37:18,785] 71 root INFO Hypothesis az_008: float64, float64 
[2023-01-05 17:37:18,789] 71 root INFO Hypothesis az_009: float64, float64 
[2023-01-05 17:37:18,804] 71 root INFO Hypothesis ba_000: float64, float64 
[2023-01-05 17:37:18,811] 71 root INFO Hypothesis ba_001: float64, float64 
[2023-01-05 17:37:18,818] 71 root INFO Hypothesis ba_002: float64, float64 
[2023-01-05 17:37:18,826] 71 root INFO Hypothesis ba_003: float64, float64 
[2023-01-05 17:37:18,833] 71 root INFO Hypothesis ba_004: float64, float64 
[2023-01-05 17:37:18,841] 71 root INFO Hypothesis ba_005: float64, float64 
[2023-01-05 17:37:18,848] 71 root INFO Hypothesis ba_006: float64, float64 
[2023-01-05 17:37:18,855] 71 root INFO Hypothesis ba_007: float64, float64 
[2023-01-05 17:37:18,861] 71 root INFO Hypothesis ba_008: float64, float64 
[2023-01-05 17:37:18,867] 71 root INFO Hypothesis ba_009: float64, float64 
[2023-01-05 17:37:18,871] 71 root INFO Hypothesis bb_000: float64, float64 
[2023-01-05 17:37:18,878] 71 root INFO Hypothesis bc_000: float64, float64 
[2023-01-05 17:37:18,883] 71 root INFO Hypothesis bd_000: float64, float64 
[2023-01-05 17:37:18,889] 71 root INFO Hypothesis be_000: float64, float64 
[2023-01-05 17:37:18,895] 71 root INFO Hypothesis bf_000: float64, float64 
[2023-01-05 17:37:18,899] 71 root INFO Hypothesis bg_000: float64, float64 
[2023-01-05 17:37:18,906] 71 root INFO Hypothesis bh_000: float64, float64 
[2023-01-05 17:37:18,913] 71 root INFO Hypothesis bi_000: float64, float64 
[2023-01-05 17:37:18,920] 71 root INFO Hypothesis bj_000: float64, float64 
[2023-01-05 17:37:18,927] 71 root INFO Hypothesis bs_000: float64, float64 
[2023-01-05 17:37:18,934] 71 root INFO Hypothesis bt_000: float64, float64 
[2023-01-05 17:37:18,941] 71 root INFO Hypothesis bu_000: float64, float64 
[2023-01-05 17:37:18,948] 71 root INFO Hypothesis bv_000: float64, float64 
[2023-01-05 17:37:18,955] 71 root INFO Hypothesis bx_000: float64, float64 
[2023-01-05 17:37:18,962] 71 root INFO Hypothesis by_000: float64, float64 
[2023-01-05 17:37:18,969] 71 root INFO Hypothesis bz_000: float64, float64 
[2023-01-05 17:37:18,975] 71 root INFO Hypothesis ca_000: float64, float64 
[2023-01-05 17:37:18,982] 71 root INFO Hypothesis cb_000: float64, float64 
[2023-01-05 17:37:18,989] 71 root INFO Hypothesis cc_000: float64, float64 
[2023-01-05 17:37:18,996] 71 root INFO Hypothesis cd_000: float64, float64 
[2023-01-05 17:37:19,011] 71 root INFO Hypothesis ce_000: float64, float64 
[2023-01-05 17:37:19,017] 71 root INFO Hypothesis ci_000: float64, float64 
[2023-01-05 17:37:19,025] 71 root INFO Hypothesis cj_000: float64, float64 
[2023-01-05 17:37:19,029] 71 root INFO Hypothesis ck_000: float64, float64 
[2023-01-05 17:37:19,036] 71 root INFO Hypothesis cl_000: float64, float64 
[2023-01-05 17:37:19,040] 71 root INFO Hypothesis cm_000: float64, float64 
[2023-01-05 17:37:19,045] 71 root INFO Hypothesis cn_000: float64, float64 
[2023-01-05 17:37:19,061] 71 root INFO Hypothesis cn_001: float64, float64 
[2023-01-05 17:37:19,065] 71 root INFO Hypothesis cn_002: float64, float64 
[2023-01-05 17:37:19,071] 71 root INFO Hypothesis cn_003: float64, float64 
[2023-01-05 17:37:19,078] 71 root INFO Hypothesis cn_004: float64, float64 
[2023-01-05 17:37:19,085] 71 root INFO Hypothesis cn_005: float64, float64 
[2023-01-05 17:37:19,093] 71 root INFO Hypothesis cn_006: float64, float64 
[2023-01-05 17:37:19,101] 71 root INFO Hypothesis cn_007: float64, float64 
[2023-01-05 17:37:19,108] 71 root INFO Hypothesis cn_008: float64, float64 
[2023-01-05 17:37:19,114] 71 root INFO Hypothesis cn_009: float64, float64 
[2023-01-05 17:37:19,120] 71 root INFO Hypothesis cp_000: float64, float64 
[2023-01-05 17:37:19,126] 71 root INFO Hypothesis cq_000: float64, float64 
[2023-01-05 17:37:19,134] 71 root INFO Hypothesis cs_000: float64, float64 
[2023-01-05 17:37:19,142] 71 root INFO Hypothesis cs_001: float64, float64 
[2023-01-05 17:37:19,148] 71 root INFO Hypothesis cs_002: float64, float64 
[2023-01-05 17:37:19,155] 71 root INFO Hypothesis cs_003: float64, float64 
[2023-01-05 17:37:19,163] 71 root INFO Hypothesis cs_004: float64, float64 
[2023-01-05 17:37:19,170] 71 root INFO Hypothesis cs_005: float64, float64 
[2023-01-05 17:37:19,179] 71 root INFO Hypothesis cs_006: float64, float64 
[2023-01-05 17:37:19,186] 71 root INFO Hypothesis cs_007: float64, float64 
[2023-01-05 17:37:19,194] 71 root INFO Hypothesis cs_008: float64, float64 
[2023-01-05 17:37:19,200] 71 root INFO Hypothesis cs_009: float64, float64 
[2023-01-05 17:37:19,216] 71 root INFO Hypothesis dd_000: float64, float64 
[2023-01-05 17:37:19,224] 71 root INFO Hypothesis de_000: float64, float64 
[2023-01-05 17:37:19,230] 71 root INFO Hypothesis df_000: float64, float64 
[2023-01-05 17:37:19,247] 71 root INFO Hypothesis dg_000: float64, float64 
[2023-01-05 17:37:19,250] 71 root INFO Hypothesis dh_000: float64, float64 
[2023-01-05 17:37:19,267] 71 root INFO Hypothesis di_000: float64, float64 
[2023-01-05 17:37:19,284] 71 root INFO Hypothesis dj_000: float64, float64 
[2023-01-05 17:37:19,299] 71 root INFO Hypothesis dk_000: float64, float64 
[2023-01-05 17:37:19,315] 71 root INFO Hypothesis dl_000: float64, float64 
[2023-01-05 17:37:19,331] 71 root INFO Hypothesis dm_000: float64, float64 
[2023-01-05 17:37:19,347] 71 root INFO Hypothesis dn_000: float64, float64 
[2023-01-05 17:37:19,355] 71 root INFO Hypothesis do_000: float64, float64 
[2023-01-05 17:37:19,361] 71 root INFO Hypothesis dp_000: float64, float64 
[2023-01-05 17:37:19,367] 71 root INFO Hypothesis dq_000: float64, float64 
[2023-01-05 17:37:19,372] 71 root INFO Hypothesis dr_000: float64, float64 
[2023-01-05 17:37:19,376] 71 root INFO Hypothesis ds_000: float64, float64 
[2023-01-05 17:37:19,383] 71 root INFO Hypothesis dt_000: float64, float64 
[2023-01-05 17:37:19,389] 71 root INFO Hypothesis du_000: float64, float64 
[2023-01-05 17:37:19,397] 71 root INFO Hypothesis dv_000: float64, float64 
[2023-01-05 17:37:19,403] 71 root INFO Hypothesis dx_000: float64, float64 
[2023-01-05 17:37:19,408] 71 root INFO Hypothesis dy_000: float64, float64 
[2023-01-05 17:37:19,413] 71 root INFO Hypothesis dz_000: float64, float64 
[2023-01-05 17:37:19,428] 71 root INFO Hypothesis ea_000: float64, float64 
[2023-01-05 17:37:19,444] 71 root INFO Hypothesis eb_000: float64, float64 
[2023-01-05 17:37:19,449] 71 root INFO Hypothesis ec_00: float64, float64 
[2023-01-05 17:37:19,456] 71 root INFO Hypothesis ed_000: float64, float64 
[2023-01-05 17:37:19,462] 71 root INFO Hypothesis ee_000: float64, float64 
[2023-01-05 17:37:19,469] 71 root INFO Hypothesis ee_001: float64, float64 
[2023-01-05 17:37:19,476] 71 root INFO Hypothesis ee_002: float64, float64 
[2023-01-05 17:37:19,483] 71 root INFO Hypothesis ee_003: float64, float64 
[2023-01-05 17:37:19,490] 71 root INFO Hypothesis ee_004: float64, float64 
[2023-01-05 17:37:19,497] 71 root INFO Hypothesis ee_005: float64, float64 
[2023-01-05 17:37:19,504] 71 root INFO Hypothesis ee_006: float64, float64 
[2023-01-05 17:37:19,511] 71 root INFO Hypothesis ee_007: float64, float64 
[2023-01-05 17:37:19,517] 71 root INFO Hypothesis ee_008: float64, float64 
[2023-01-05 17:37:19,523] 71 root INFO Hypothesis ee_009: float64, float64 
[2023-01-05 17:37:19,541] 71 root INFO Hypothesis ef_000: float64, float64 
[2023-01-05 17:37:19,557] 71 root INFO Hypothesis eg_000: float64, float64 
[2023-01-05 17:37:19,572] 134 root INFO Write reprt in yaml file
[2023-01-05 17:37:19,641] 141 root INFO Data validation artifact: DataValidationArtifact(report_file_path='/config/workspace/artifact/01052023__173642/data_validation/report.yaml')
[2023-01-05 17:37:20,585] 63 root INFO before resampling in training set input:{input_feature_train_arr.shape} and target :{target_feature_train_arr.shape}
[2023-01-05 17:37:26,469] 65 root INFO after resampling training set input(56132, 170) and target:(56132,)
[2023-01-05 17:37:26,469] 68 root INFO Before resampling in testing set Input: (7238, 170) Target:(7238,)
[2023-01-05 17:37:27,237] 70 root INFO After resampling in testing set Input: (14050, 170) Target:(14050,)
