[2023-01-05 16:28:37,967] 20 root INFO exporting collection data as pandas dataframe
[2023-01-05 16:28:37,967] 12 root INFO reading from databaseaps qand collection :sensor
[2023-01-05 16:28:41,560] 14 root INFO found columns:Index(['_id', 'class', 'aa_000', 'ab_000', 'ac_000', 'ad_000', 'ae_000',
       'af_000', 'ag_000', 'ag_001',
       ...
       'ee_002', 'ee_003', 'ee_004', 'ee_005', 'ee_006', 'ee_007', 'ee_008',
       'ee_009', 'ef_000', 'eg_000'],
      dtype='object', length=172)
[2023-01-05 16:28:41,560] 16 root INFO dropping _id column
[2023-01-05 16:28:41,778] 24 root INFO save data in feature store,replacing null values with nan
[2023-01-05 16:28:42,348] 27 root INFO creating feature store folder if not available
[2023-01-05 16:28:42,349] 31 root INFO save df to feature store folder
[2023-01-05 16:28:44,805] 34 root INFO spliting data into train test split
[2023-01-05 16:28:45,333] 37 root INFO creating dataset directory if not available
[2023-01-05 16:28:45,334] 41 root INFO save df to feature store folder
[2023-01-05 16:28:47,631] 46 root INFO preparing artifact
[2023-01-05 16:28:47,632] 53 root INFO data ingestion artifact:DataIngestionArtifact(feature_store_file_path='/config/workspace/artifact/01052023__162837/data_ingestion/feature_store/sensor.csv', train_file_path='/config/workspace/artifact/01052023__162837/data_ingestion/dataset/train.csv', test_file_path='/config/workspace/artifact/01052023__162837/data_ingestion/dataset/test.csv')
[2023-01-05 16:28:48,081] 20 root INFO exporting collection data as pandas dataframe
[2023-01-05 16:28:48,081] 12 root INFO reading from databaseaps qand collection :sensor
[2023-01-05 16:28:51,518] 14 root INFO found columns:Index(['_id', 'class', 'aa_000', 'ab_000', 'ac_000', 'ad_000', 'ae_000',
       'af_000', 'ag_000', 'ag_001',
       ...
       'ee_002', 'ee_003', 'ee_004', 'ee_005', 'ee_006', 'ee_007', 'ee_008',
       'ee_009', 'ef_000', 'eg_000'],
      dtype='object', length=172)
[2023-01-05 16:28:51,518] 16 root INFO dropping _id column
[2023-01-05 16:28:51,707] 24 root INFO save data in feature store,replacing null values with nan
[2023-01-05 16:28:52,243] 27 root INFO creating feature store folder if not available
[2023-01-05 16:28:52,243] 31 root INFO save df to feature store folder
[2023-01-05 16:28:54,710] 34 root INFO spliting data into train test split
[2023-01-05 16:28:55,249] 37 root INFO creating dataset directory if not available
[2023-01-05 16:28:55,250] 41 root INFO save df to feature store folder
[2023-01-05 16:28:57,605] 46 root INFO preparing artifact
[2023-01-05 16:28:57,605] 53 root INFO data ingestion artifact:DataIngestionArtifact(feature_store_file_path='/config/workspace/artifact/01052023__162837/data_ingestion/feature_store/sensor.csv', train_file_path='/config/workspace/artifact/01052023__162837/data_ingestion/dataset/train.csv', test_file_path='/config/workspace/artifact/01052023__162837/data_ingestion/dataset/test.csv')
[2023-01-05 16:28:58,032] 16 root INFO >>>>>>>>>>>>>>>>>>>>>>>>>>>>>>>>>>>>>>>> DATA VALIDATION <<<<<<<<<<<<<<<<<<<<<<<<<<<<<<<<<<<<<<<<
[2023-01-05 16:28:58,033] 96 root INFO Reading base dataframe
[2023-01-05 16:29:00,902] 99 root INFO Replace na value in base df
[2023-01-05 16:29:00,902] 101 root INFO Drop null values colums from base df
[2023-01-05 16:29:01,875] 30 root INFO selecting column nane which containing null above 0.2
[2023-01-05 16:29:01,875] 33 root INFO column names to drop['ab_000', 'ad_000', 'bk_000', 'bl_000', 'bm_000', 'bn_000', 'bo_000', 'bp_000', 'bq_000', 'br_000', 'cf_000', 'cg_000', 'ch_000', 'co_000', 'cr_000', 'ct_000', 'cu_000', 'cv_000', 'cx_000', 'cy_000', 'cz_000', 'da_000', 'db_000', 'dc_000']
[2023-01-05 16:29:01,959] 104 root INFO reading train dataframe
[2023-01-05 16:29:02,350] 106 root INFO reading test dataframe
[2023-01-05 16:29:02,452] 109 root INFO dropping null vakluecolumns from  train df
[2023-01-05 16:29:02,464] 30 root INFO selecting column nane which containing null above 0.2
[2023-01-05 16:29:02,464] 33 root INFO column names to drop['ab_000', 'ad_000', 'bk_000', 'bl_000', 'bm_000', 'bn_000', 'bo_000', 'bp_000', 'bq_000', 'br_000', 'cf_000', 'cg_000', 'ch_000', 'co_000', 'cr_000', 'ct_000', 'cu_000', 'cv_000', 'cx_000', 'cy_000', 'cz_000', 'da_000', 'db_000', 'dc_000']
[2023-01-05 16:29:02,473] 111 root INFO dropping missing value columns in test dataset
[2023-01-05 16:29:02,477] 30 root INFO selecting column nane which containing null above 0.2
[2023-01-05 16:29:02,478] 33 root INFO column names to drop['ab_000', 'ad_000', 'bk_000', 'bl_000', 'bm_000', 'bn_000', 'bo_000', 'bp_000', 'bq_000', 'br_000', 'cf_000', 'cg_000', 'ch_000', 'co_000', 'cr_000', 'ct_000', 'cu_000', 'cv_000', 'cx_000', 'cy_000', 'cz_000', 'da_000', 'db_000', 'dc_000']
[2023-01-05 16:29:08,524] 122 root INFO Is all required columns present in train df
