[2023-01-05 15:53:00,480] 20 root INFO exporting collection data as pandas dataframe
[2023-01-05 15:53:00,480] 12 root INFO reading from databaseaps qand collection :sensor
[2023-01-05 15:53:04,216] 14 root INFO found columns:Index(['_id', 'class', 'aa_000', 'ab_000', 'ac_000', 'ad_000', 'ae_000',
       'af_000', 'ag_000', 'ag_001',
       ...
       'ee_002', 'ee_003', 'ee_004', 'ee_005', 'ee_006', 'ee_007', 'ee_008',
       'ee_009', 'ef_000', 'eg_000'],
      dtype='object', length=172)
[2023-01-05 15:53:04,216] 16 root INFO dropping _id column
[2023-01-05 15:53:04,413] 24 root INFO save data in feature store,replacing null values with nan
[2023-01-05 15:53:04,961] 27 root INFO creating feature store folder if not available
[2023-01-05 15:53:04,962] 31 root INFO save df to feature store folder
[2023-01-05 15:53:07,415] 34 root INFO spliting data into train test split
[2023-01-05 15:53:08,053] 37 root INFO creating dataset directory if not available
[2023-01-05 15:53:08,053] 41 root INFO save df to feature store folder
[2023-01-05 15:53:10,356] 46 root INFO preparing artifact
[2023-01-05 15:53:10,357] 53 root INFO data ingestion artifact:DataIngestionArtifact(feature_store_file_path='/config/workspace/artifact/01052023__155300/data_ingestion/feature_store/sensor.csv', train_file_path='/config/workspace/artifact/01052023__155300/data_ingestion/dataset/train.csv', test_file_path='/config/workspace/artifact/01052023__155300/data_ingestion/dataset/test.csv')
[2023-01-05 15:53:10,854] 20 root INFO exporting collection data as pandas dataframe
[2023-01-05 15:53:10,855] 12 root INFO reading from databaseaps qand collection :sensor
[2023-01-05 15:53:14,527] 14 root INFO found columns:Index(['_id', 'class', 'aa_000', 'ab_000', 'ac_000', 'ad_000', 'ae_000',
       'af_000', 'ag_000', 'ag_001',
       ...
       'ee_002', 'ee_003', 'ee_004', 'ee_005', 'ee_006', 'ee_007', 'ee_008',
       'ee_009', 'ef_000', 'eg_000'],
      dtype='object', length=172)
[2023-01-05 15:53:14,528] 16 root INFO dropping _id column
[2023-01-05 15:53:14,711] 24 root INFO save data in feature store,replacing null values with nan
[2023-01-05 15:53:15,285] 27 root INFO creating feature store folder if not available
[2023-01-05 15:53:15,285] 31 root INFO save df to feature store folder
[2023-01-05 15:53:17,809] 34 root INFO spliting data into train test split
[2023-01-05 15:53:18,417] 37 root INFO creating dataset directory if not available
[2023-01-05 15:53:18,417] 41 root INFO save df to feature store folder
[2023-01-05 15:53:20,617] 46 root INFO preparing artifact
[2023-01-05 15:53:20,617] 53 root INFO data ingestion artifact:DataIngestionArtifact(feature_store_file_path='/config/workspace/artifact/01052023__155300/data_ingestion/feature_store/sensor.csv', train_file_path='/config/workspace/artifact/01052023__155300/data_ingestion/dataset/train.csv', test_file_path='/config/workspace/artifact/01052023__155300/data_ingestion/dataset/test.csv')
[2023-01-05 15:53:21,093] 16 root INFO >>>>>>>>>>>>>>>>>>>>>>>>>>>>>>>>>>>>>>>> DATA VALIDATION <<<<<<<<<<<<<<<<<<<<<<<<<<<<<<<<<<<<<<<<
[2023-01-05 15:53:21,093] 96 root INFO Reading base dataframe
[2023-01-05 15:53:23,950] 99 root INFO rep;aced na values with nan
[2023-01-05 15:53:23,950] 101 root INFO drop null values columns from base df
[2023-01-05 15:53:24,910] 30 root INFO selecting column nane which containing null above 0.2
[2023-01-05 15:53:24,911] 33 root INFO column names to drop['ab_000', 'ad_000', 'bk_000', 'bl_000', 'bm_000', 'bn_000', 'bo_000', 'bp_000', 'bq_000', 'br_000', 'cf_000', 'cg_000', 'ch_000', 'co_000', 'cr_000', 'ct_000', 'cu_000', 'cv_000', 'cx_000', 'cy_000', 'cz_000', 'da_000', 'db_000', 'dc_000']
[2023-01-05 15:53:24,992] 104 root INFO reading train dataframe
[2023-01-05 15:53:25,382] 106 root INFO reading test dataframe
[2023-01-05 15:53:25,484] 109 root INFO dropping null vakluecolumns from  train df
[2023-01-05 15:53:25,496] 30 root INFO selecting column nane which containing null above 0.2
[2023-01-05 15:53:25,496] 33 root INFO column names to drop['ab_000', 'ad_000', 'bk_000', 'bl_000', 'bm_000', 'bn_000', 'bo_000', 'bp_000', 'bq_000', 'br_000', 'cf_000', 'cg_000', 'ch_000', 'co_000', 'cr_000', 'ct_000', 'cu_000', 'cv_000', 'cx_000', 'cy_000', 'cz_000', 'da_000', 'db_000', 'dc_000']
[2023-01-05 15:53:25,505] 111 root INFO dropping missing value columns in test dataset
[2023-01-05 15:53:25,509] 30 root INFO selecting column nane which containing null above 0.2
[2023-01-05 15:53:25,510] 33 root INFO column names to drop['ab_000', 'ad_000', 'bk_000', 'bl_000', 'bm_000', 'bn_000', 'bo_000', 'bp_000', 'bq_000', 'br_000', 'cf_000', 'cg_000', 'ch_000', 'co_000', 'cr_000', 'ct_000', 'cu_000', 'cv_000', 'cx_000', 'cy_000', 'cz_000', 'da_000', 'db_000', 'dc_000']
[2023-01-05 15:53:31,335] 122 root INFO is all required columns present in train df
