[2023-01-05 17:23:06,299] 20 root INFO exporting collection data as pandas dataframe
[2023-01-05 17:23:06,299] 12 root INFO reading from databaseaps qand collection :sensor
[2023-01-05 17:23:10,245] 14 root INFO found columns:Index(['_id', 'class', 'aa_000', 'ab_000', 'ac_000', 'ad_000', 'ae_000',
       'af_000', 'ag_000', 'ag_001',
       ...
       'ee_002', 'ee_003', 'ee_004', 'ee_005', 'ee_006', 'ee_007', 'ee_008',
       'ee_009', 'ef_000', 'eg_000'],
      dtype='object', length=172)
[2023-01-05 17:23:10,246] 16 root INFO dropping _id column
[2023-01-05 17:23:10,446] 24 root INFO save data in feature store,replacing null values with nan
[2023-01-05 17:23:11,043] 27 root INFO creating feature store folder if not available
[2023-01-05 17:23:11,044] 31 root INFO save df to feature store folder
[2023-01-05 17:23:13,519] 34 root INFO spliting data into train test split
[2023-01-05 17:23:14,029] 37 root INFO creating dataset directory if not available
[2023-01-05 17:23:14,030] 41 root INFO save df to feature store folder
[2023-01-05 17:23:16,210] 46 root INFO preparing artifact
[2023-01-05 17:23:16,210] 53 root INFO data ingestion artifact:DataIngestionArtifact(feature_store_file_path='/config/workspace/artifact/01052023__172306/data_ingestion/feature_store/sensor.csv', train_file_path='/config/workspace/artifact/01052023__172306/data_ingestion/dataset/train.csv', test_file_path='/config/workspace/artifact/01052023__172306/data_ingestion/dataset/test.csv')
[2023-01-05 17:23:16,632] 20 root INFO exporting collection data as pandas dataframe
[2023-01-05 17:23:16,633] 12 root INFO reading from databaseaps qand collection :sensor
[2023-01-05 17:23:20,206] 14 root INFO found columns:Index(['_id', 'class', 'aa_000', 'ab_000', 'ac_000', 'ad_000', 'ae_000',
       'af_000', 'ag_000', 'ag_001',
       ...
       'ee_002', 'ee_003', 'ee_004', 'ee_005', 'ee_006', 'ee_007', 'ee_008',
       'ee_009', 'ef_000', 'eg_000'],
      dtype='object', length=172)
[2023-01-05 17:23:20,206] 16 root INFO dropping _id column
[2023-01-05 17:23:20,418] 24 root INFO save data in feature store,replacing null values with nan
[2023-01-05 17:23:20,963] 27 root INFO creating feature store folder if not available
[2023-01-05 17:23:20,963] 31 root INFO save df to feature store folder
[2023-01-05 17:23:23,441] 34 root INFO spliting data into train test split
[2023-01-05 17:23:24,029] 37 root INFO creating dataset directory if not available
[2023-01-05 17:23:24,029] 41 root INFO save df to feature store folder
[2023-01-05 17:23:26,199] 46 root INFO preparing artifact
[2023-01-05 17:23:26,200] 53 root INFO data ingestion artifact:DataIngestionArtifact(feature_store_file_path='/config/workspace/artifact/01052023__172306/data_ingestion/feature_store/sensor.csv', train_file_path='/config/workspace/artifact/01052023__172306/data_ingestion/dataset/train.csv', test_file_path='/config/workspace/artifact/01052023__172306/data_ingestion/dataset/test.csv')
[2023-01-05 17:23:26,589] 16 root INFO >>>>>>>>>>>>>>>>>>>>>>>>>>>>>>>>>>>>>>>> DATA VALIDATION <<<<<<<<<<<<<<<<<<<<<<<<<<<<<<<<<<<<<<<<
[2023-01-05 17:23:26,590] 96 root INFO Reading base dataframe
[2023-01-05 17:23:29,503] 99 root INFO Replace na value in base df
[2023-01-05 17:23:29,504] 101 root INFO Drop null values colums from base df
[2023-01-05 17:23:30,453] 30 root INFO selecting column nane which containing null above 0.2
[2023-01-05 17:23:30,453] 33 root INFO column names to drop['ab_000', 'ad_000', 'bk_000', 'bl_000', 'bm_000', 'bn_000', 'bo_000', 'bp_000', 'bq_000', 'br_000', 'cf_000', 'cg_000', 'ch_000', 'co_000', 'cr_000', 'ct_000', 'cu_000', 'cv_000', 'cx_000', 'cy_000', 'cz_000', 'da_000', 'db_000', 'dc_000']
[2023-01-05 17:23:30,537] 104 root INFO reading train dataframe
[2023-01-05 17:23:30,921] 106 root INFO reading test dataframe
[2023-01-05 17:23:31,026] 109 root INFO dropping null vakluecolumns from  train df
[2023-01-05 17:23:31,037] 30 root INFO selecting column nane which containing null above 0.2
[2023-01-05 17:23:31,038] 33 root INFO column names to drop['ab_000', 'ad_000', 'bk_000', 'bl_000', 'bm_000', 'bn_000', 'bo_000', 'bp_000', 'bq_000', 'br_000', 'cf_000', 'cg_000', 'ch_000', 'co_000', 'cr_000', 'ct_000', 'cu_000', 'cv_000', 'cx_000', 'cy_000', 'cz_000', 'da_000', 'db_000', 'dc_000']
[2023-01-05 17:23:31,047] 111 root INFO dropping missing value columns in test dataset
[2023-01-05 17:23:31,051] 30 root INFO selecting column nane which containing null above 0.2
[2023-01-05 17:23:31,051] 33 root INFO column names to drop['ab_000', 'ad_000', 'bk_000', 'bl_000', 'bm_000', 'bn_000', 'bo_000', 'bp_000', 'bq_000', 'br_000', 'cf_000', 'cg_000', 'ch_000', 'co_000', 'cr_000', 'ct_000', 'cu_000', 'cv_000', 'cx_000', 'cy_000', 'cz_000', 'da_000', 'db_000', 'dc_000']
[2023-01-05 17:23:37,163] 122 root INFO Is all required columns present in train df
[2023-01-05 17:23:37,163] 124 root INFO Is all required columns present in test df
[2023-01-05 17:23:37,163] 128 root INFO As all column are available in train df hence detecting data drift
[2023-01-05 17:23:37,163] 71 root INFO Hypothesis class: object, object 
[2023-01-05 17:23:37,300] 71 root INFO Hypothesis aa_000: float64, float64 
[2023-01-05 17:23:37,311] 71 root INFO Hypothesis ac_000: float64, float64 
[2023-01-05 17:23:37,320] 71 root INFO Hypothesis ae_000: float64, float64 
[2023-01-05 17:23:37,359] 71 root INFO Hypothesis af_000: float64, float64 
[2023-01-05 17:23:37,397] 71 root INFO Hypothesis ag_000: float64, float64 
[2023-01-05 17:23:37,434] 71 root INFO Hypothesis ag_001: float64, float64 
[2023-01-05 17:23:37,470] 71 root INFO Hypothesis ag_002: float64, float64 
[2023-01-05 17:23:37,508] 71 root INFO Hypothesis ag_003: float64, float64 
[2023-01-05 17:23:37,546] 71 root INFO Hypothesis ag_004: float64, float64 
[2023-01-05 17:23:37,590] 71 root INFO Hypothesis ag_005: float64, float64 
[2023-01-05 17:23:37,635] 71 root INFO Hypothesis ag_006: float64, float64 
[2023-01-05 17:23:37,678] 71 root INFO Hypothesis ag_007: float64, float64 
[2023-01-05 17:23:37,721] 71 root INFO Hypothesis ag_008: float64, float64 
[2023-01-05 17:23:37,762] 71 root INFO Hypothesis ag_009: float64, float64 
[2023-01-05 17:23:37,802] 71 root INFO Hypothesis ah_000: float64, float64 
[2023-01-05 17:23:37,848] 71 root INFO Hypothesis ai_000: float64, float64 
[2023-01-05 17:23:37,886] 71 root INFO Hypothesis aj_000: float64, float64 
[2023-01-05 17:23:37,924] 71 root INFO Hypothesis ak_000: float64, float64 
[2023-01-05 17:23:37,961] 71 root INFO Hypothesis al_000: float64, float64 
[2023-01-05 17:23:38,002] 71 root INFO Hypothesis am_0: float64, float64 
[2023-01-05 17:23:38,043] 71 root INFO Hypothesis an_000: float64, float64 
[2023-01-05 17:23:38,054] 71 root INFO Hypothesis ao_000: float64, float64 
[2023-01-05 17:23:38,065] 71 root INFO Hypothesis ap_000: float64, float64 
[2023-01-05 17:23:38,109] 71 root INFO Hypothesis aq_000: float64, float64 
[2023-01-05 17:23:38,120] 71 root INFO Hypothesis ar_000: float64, float64 
[2023-01-05 17:23:38,158] 71 root INFO Hypothesis as_000: float64, float64 
[2023-01-05 17:23:38,195] 71 root INFO Hypothesis at_000: float64, float64 
[2023-01-05 17:23:38,233] 71 root INFO Hypothesis au_000: float64, float64 
[2023-01-05 17:23:38,269] 71 root INFO Hypothesis av_000: float64, float64 
[2023-01-05 17:23:38,277] 71 root INFO Hypothesis ax_000: float64, float64 
[2023-01-05 17:23:38,286] 71 root INFO Hypothesis ay_000: float64, float64 
[2023-01-05 17:23:38,323] 71 root INFO Hypothesis ay_001: float64, float64 
[2023-01-05 17:23:38,359] 71 root INFO Hypothesis ay_002: float64, float64 
[2023-01-05 17:23:38,395] 71 root INFO Hypothesis ay_003: float64, float64 
[2023-01-05 17:23:38,432] 71 root INFO Hypothesis ay_004: float64, float64 
[2023-01-05 17:23:38,470] 71 root INFO Hypothesis ay_005: float64, float64 
[2023-01-05 17:23:38,512] 71 root INFO Hypothesis ay_006: float64, float64 
[2023-01-05 17:23:38,522] 71 root INFO Hypothesis ay_007: float64, float64 
[2023-01-05 17:23:38,566] 71 root INFO Hypothesis ay_008: float64, float64 
[2023-01-05 17:23:38,576] 71 root INFO Hypothesis ay_009: float64, float64 
[2023-01-05 17:23:38,613] 71 root INFO Hypothesis az_000: float64, float64 
[2023-01-05 17:23:38,655] 71 root INFO Hypothesis az_001: float64, float64 
[2023-01-05 17:23:38,698] 71 root INFO Hypothesis az_002: float64, float64 
[2023-01-05 17:23:38,741] 71 root INFO Hypothesis az_003: float64, float64 
[2023-01-05 17:23:38,751] 71 root INFO Hypothesis az_004: float64, float64 
[2023-01-05 17:23:38,795] 71 root INFO Hypothesis az_005: float64, float64 
[2023-01-05 17:23:38,844] 71 root INFO Hypothesis az_006: float64, float64 
[2023-01-05 17:23:38,893] 71 root INFO Hypothesis az_007: float64, float64 
[2023-01-05 17:23:38,940] 71 root INFO Hypothesis az_008: float64, float64 
[2023-01-05 17:23:38,984] 71 root INFO Hypothesis az_009: float64, float64 
[2023-01-05 17:23:39,022] 71 root INFO Hypothesis ba_000: float64, float64 
[2023-01-05 17:23:39,066] 71 root INFO Hypothesis ba_001: float64, float64 
[2023-01-05 17:23:39,111] 71 root INFO Hypothesis ba_002: float64, float64 
[2023-01-05 17:23:39,155] 71 root INFO Hypothesis ba_003: float64, float64 
[2023-01-05 17:23:39,198] 71 root INFO Hypothesis ba_004: float64, float64 
[2023-01-05 17:23:39,240] 71 root INFO Hypothesis ba_005: float64, float64 
[2023-01-05 17:23:39,283] 71 root INFO Hypothesis ba_006: float64, float64 
[2023-01-05 17:23:39,294] 71 root INFO Hypothesis ba_007: float64, float64 
[2023-01-05 17:23:39,304] 71 root INFO Hypothesis ba_008: float64, float64 
[2023-01-05 17:23:39,345] 71 root INFO Hypothesis ba_009: float64, float64 
[2023-01-05 17:23:39,384] 71 root INFO Hypothesis bb_000: float64, float64 
[2023-01-05 17:23:39,395] 71 root INFO Hypothesis bc_000: float64, float64 
[2023-01-05 17:23:39,435] 71 root INFO Hypothesis bd_000: float64, float64 
[2023-01-05 17:23:39,475] 71 root INFO Hypothesis be_000: float64, float64 
[2023-01-05 17:23:39,516] 71 root INFO Hypothesis bf_000: float64, float64 
[2023-01-05 17:23:39,556] 71 root INFO Hypothesis bg_000: float64, float64 
[2023-01-05 17:23:39,602] 71 root INFO Hypothesis bh_000: float64, float64 
[2023-01-05 17:23:39,613] 71 root INFO Hypothesis bi_000: float64, float64 
[2023-01-05 17:23:39,625] 71 root INFO Hypothesis bj_000: float64, float64 
[2023-01-05 17:23:39,669] 71 root INFO Hypothesis bs_000: float64, float64 
[2023-01-05 17:23:39,713] 71 root INFO Hypothesis bt_000: float64, float64 
[2023-01-05 17:23:39,724] 71 root INFO Hypothesis bu_000: float64, float64 
[2023-01-05 17:23:39,735] 71 root INFO Hypothesis bv_000: float64, float64 
[2023-01-05 17:23:39,746] 71 root INFO Hypothesis bx_000: float64, float64 
[2023-01-05 17:23:39,790] 71 root INFO Hypothesis by_000: float64, float64 
[2023-01-05 17:23:39,834] 71 root INFO Hypothesis bz_000: float64, float64 
[2023-01-05 17:23:39,844] 71 root INFO Hypothesis ca_000: float64, float64 
[2023-01-05 17:23:39,889] 71 root INFO Hypothesis cb_000: float64, float64 
[2023-01-05 17:23:39,933] 71 root INFO Hypothesis cc_000: float64, float64 
[2023-01-05 17:23:39,977] 71 root INFO Hypothesis cd_000: float64, float64 
[2023-01-05 17:23:39,982] 71 root INFO Hypothesis ce_000: float64, float64 
[2023-01-05 17:23:40,024] 71 root INFO Hypothesis ci_000: float64, float64 
[2023-01-05 17:23:40,035] 71 root INFO Hypothesis cj_000: float64, float64 
[2023-01-05 17:23:40,074] 71 root INFO Hypothesis ck_000: float64, float64 
[2023-01-05 17:23:40,118] 71 root INFO Hypothesis cl_000: float64, float64 
[2023-01-05 17:23:40,125] 71 root INFO Hypothesis cm_000: float64, float64 
[2023-01-05 17:23:40,165] 71 root INFO Hypothesis cn_000: float64, float64 
[2023-01-05 17:23:40,201] 71 root INFO Hypothesis cn_001: float64, float64 
[2023-01-05 17:23:40,239] 71 root INFO Hypothesis cn_002: float64, float64 
[2023-01-05 17:23:40,279] 71 root INFO Hypothesis cn_003: float64, float64 
[2023-01-05 17:23:40,290] 71 root INFO Hypothesis cn_004: float64, float64 
[2023-01-05 17:23:40,334] 71 root INFO Hypothesis cn_005: float64, float64 
[2023-01-05 17:23:40,376] 71 root INFO Hypothesis cn_006: float64, float64 
[2023-01-05 17:23:40,420] 71 root INFO Hypothesis cn_007: float64, float64 
[2023-01-05 17:23:40,463] 71 root INFO Hypothesis cn_008: float64, float64 
[2023-01-05 17:23:40,504] 71 root INFO Hypothesis cn_009: float64, float64 
[2023-01-05 17:23:40,543] 71 root INFO Hypothesis cp_000: float64, float64 
[2023-01-05 17:23:40,584] 71 root INFO Hypothesis cq_000: float64, float64 
[2023-01-05 17:23:40,595] 71 root INFO Hypothesis cs_000: float64, float64 
[2023-01-05 17:23:40,637] 71 root INFO Hypothesis cs_001: float64, float64 
[2023-01-05 17:23:40,678] 71 root INFO Hypothesis cs_002: float64, float64 
[2023-01-05 17:23:40,721] 71 root INFO Hypothesis cs_003: float64, float64 
[2023-01-05 17:23:40,764] 71 root INFO Hypothesis cs_004: float64, float64 
[2023-01-05 17:23:40,775] 71 root INFO Hypothesis cs_005: float64, float64 
[2023-01-05 17:23:40,786] 71 root INFO Hypothesis cs_006: float64, float64 
[2023-01-05 17:23:40,830] 71 root INFO Hypothesis cs_007: float64, float64 
[2023-01-05 17:23:40,842] 71 root INFO Hypothesis cs_008: float64, float64 
[2023-01-05 17:23:40,889] 71 root INFO Hypothesis cs_009: float64, float64 
[2023-01-05 17:23:40,927] 71 root INFO Hypothesis dd_000: float64, float64 
[2023-01-05 17:23:40,971] 71 root INFO Hypothesis de_000: float64, float64 
[2023-01-05 17:23:41,013] 71 root INFO Hypothesis df_000: float64, float64 
[2023-01-05 17:23:41,050] 71 root INFO Hypothesis dg_000: float64, float64 
[2023-01-05 17:23:41,087] 71 root INFO Hypothesis dh_000: float64, float64 
[2023-01-05 17:23:41,125] 71 root INFO Hypothesis di_000: float64, float64 
[2023-01-05 17:23:41,165] 71 root INFO Hypothesis dj_000: float64, float64 
[2023-01-05 17:23:41,203] 71 root INFO Hypothesis dk_000: float64, float64 
[2023-01-05 17:23:41,241] 71 root INFO Hypothesis dl_000: float64, float64 
[2023-01-05 17:23:41,279] 71 root INFO Hypothesis dm_000: float64, float64 
[2023-01-05 17:23:41,318] 71 root INFO Hypothesis dn_000: float64, float64 
[2023-01-05 17:23:41,329] 71 root INFO Hypothesis do_000: float64, float64 
[2023-01-05 17:23:41,372] 71 root INFO Hypothesis dp_000: float64, float64 
[2023-01-05 17:23:41,415] 71 root INFO Hypothesis dq_000: float64, float64 
[2023-01-05 17:23:41,454] 71 root INFO Hypothesis dr_000: float64, float64 
[2023-01-05 17:23:41,495] 71 root INFO Hypothesis ds_000: float64, float64 
[2023-01-05 17:23:41,539] 71 root INFO Hypothesis dt_000: float64, float64 
[2023-01-05 17:23:41,583] 71 root INFO Hypothesis du_000: float64, float64 
[2023-01-05 17:23:41,594] 71 root INFO Hypothesis dv_000: float64, float64 
[2023-01-05 17:23:41,605] 71 root INFO Hypothesis dx_000: float64, float64 
[2023-01-05 17:23:41,613] 71 root INFO Hypothesis dy_000: float64, float64 
[2023-01-05 17:23:41,620] 71 root INFO Hypothesis dz_000: float64, float64 
[2023-01-05 17:23:41,657] 71 root INFO Hypothesis ea_000: float64, float64 
[2023-01-05 17:23:41,695] 71 root INFO Hypothesis eb_000: float64, float64 
[2023-01-05 17:23:41,738] 71 root INFO Hypothesis ec_00: float64, float64 
[2023-01-05 17:23:41,785] 71 root INFO Hypothesis ed_000: float64, float64 
[2023-01-05 17:23:41,828] 71 root INFO Hypothesis ee_000: float64, float64 
[2023-01-05 17:23:41,871] 71 root INFO Hypothesis ee_001: float64, float64 
[2023-01-05 17:23:41,919] 71 root INFO Hypothesis ee_002: float64, float64 
[2023-01-05 17:23:41,963] 71 root INFO Hypothesis ee_003: float64, float64 
[2023-01-05 17:23:42,008] 71 root INFO Hypothesis ee_004: float64, float64 
[2023-01-05 17:23:42,019] 71 root INFO Hypothesis ee_005: float64, float64 
[2023-01-05 17:23:42,062] 71 root INFO Hypothesis ee_006: float64, float64 
[2023-01-05 17:23:42,106] 71 root INFO Hypothesis ee_007: float64, float64 
[2023-01-05 17:23:42,150] 71 root INFO Hypothesis ee_008: float64, float64 
[2023-01-05 17:23:42,193] 71 root INFO Hypothesis ee_009: float64, float64 
[2023-01-05 17:23:42,234] 71 root INFO Hypothesis ef_000: float64, float64 
[2023-01-05 17:23:42,271] 71 root INFO Hypothesis eg_000: float64, float64 
[2023-01-05 17:23:42,307] 131 root INFO As all column are available in test df hence detecting data drift
[2023-01-05 17:23:42,307] 71 root INFO Hypothesis class: object, object 
[2023-01-05 17:23:42,382] 71 root INFO Hypothesis aa_000: float64, float64 
[2023-01-05 17:23:42,389] 71 root INFO Hypothesis ac_000: float64, float64 
[2023-01-05 17:23:42,395] 71 root INFO Hypothesis ae_000: float64, float64 
[2023-01-05 17:23:42,411] 71 root INFO Hypothesis af_000: float64, float64 
[2023-01-05 17:23:42,427] 71 root INFO Hypothesis ag_000: float64, float64 
[2023-01-05 17:23:42,442] 71 root INFO Hypothesis ag_001: float64, float64 
[2023-01-05 17:23:42,458] 71 root INFO Hypothesis ag_002: float64, float64 
[2023-01-05 17:23:42,474] 71 root INFO Hypothesis ag_003: float64, float64 
[2023-01-05 17:23:42,478] 71 root INFO Hypothesis ag_004: float64, float64 
[2023-01-05 17:23:42,485] 71 root INFO Hypothesis ag_005: float64, float64 
[2023-01-05 17:23:42,492] 71 root INFO Hypothesis ag_006: float64, float64 
[2023-01-05 17:23:42,562] 71 root INFO Hypothesis ag_007: float64, float64 
[2023-01-05 17:23:42,568] 71 root INFO Hypothesis ag_008: float64, float64 
[2023-01-05 17:23:42,574] 71 root INFO Hypothesis ag_009: float64, float64 
[2023-01-05 17:23:42,579] 71 root INFO Hypothesis ah_000: float64, float64 
[2023-01-05 17:23:42,586] 71 root INFO Hypothesis ai_000: float64, float64 
[2023-01-05 17:23:42,602] 71 root INFO Hypothesis aj_000: float64, float64 
[2023-01-05 17:23:42,619] 71 root INFO Hypothesis ak_000: float64, float64 
[2023-01-05 17:23:42,635] 71 root INFO Hypothesis al_000: float64, float64 
[2023-01-05 17:23:42,643] 71 root INFO Hypothesis am_0: float64, float64 
[2023-01-05 17:23:42,649] 71 root INFO Hypothesis an_000: float64, float64 
[2023-01-05 17:23:42,657] 71 root INFO Hypothesis ao_000: float64, float64 
[2023-01-05 17:23:42,664] 71 root INFO Hypothesis ap_000: float64, float64 
[2023-01-05 17:23:42,672] 71 root INFO Hypothesis aq_000: float64, float64 
[2023-01-05 17:23:42,679] 71 root INFO Hypothesis ar_000: float64, float64 
[2023-01-05 17:23:42,695] 71 root INFO Hypothesis as_000: float64, float64 
[2023-01-05 17:23:42,711] 71 root INFO Hypothesis at_000: float64, float64 
[2023-01-05 17:23:42,727] 71 root INFO Hypothesis au_000: float64, float64 
[2023-01-05 17:23:42,743] 71 root INFO Hypothesis av_000: float64, float64 
[2023-01-05 17:23:42,749] 71 root INFO Hypothesis ax_000: float64, float64 
[2023-01-05 17:23:42,754] 71 root INFO Hypothesis ay_000: float64, float64 
[2023-01-05 17:23:42,769] 71 root INFO Hypothesis ay_001: float64, float64 
[2023-01-05 17:23:42,786] 71 root INFO Hypothesis ay_002: float64, float64 
[2023-01-05 17:23:42,804] 71 root INFO Hypothesis ay_003: float64, float64 
[2023-01-05 17:23:42,819] 71 root INFO Hypothesis ay_004: float64, float64 
[2023-01-05 17:23:42,837] 71 root INFO Hypothesis ay_005: float64, float64 
[2023-01-05 17:23:42,843] 71 root INFO Hypothesis ay_006: float64, float64 
[2023-01-05 17:23:42,849] 71 root INFO Hypothesis ay_007: float64, float64 
[2023-01-05 17:23:42,856] 71 root INFO Hypothesis ay_008: float64, float64 
[2023-01-05 17:23:42,863] 71 root INFO Hypothesis ay_009: float64, float64 
[2023-01-05 17:23:42,878] 71 root INFO Hypothesis az_000: float64, float64 
[2023-01-05 17:23:42,885] 71 root INFO Hypothesis az_001: float64, float64 
[2023-01-05 17:23:42,892] 71 root INFO Hypothesis az_002: float64, float64 
[2023-01-05 17:23:42,899] 71 root INFO Hypothesis az_003: float64, float64 
[2023-01-05 17:23:42,906] 71 root INFO Hypothesis az_004: float64, float64 
[2023-01-05 17:23:42,913] 71 root INFO Hypothesis az_005: float64, float64 
[2023-01-05 17:23:42,921] 71 root INFO Hypothesis az_006: float64, float64 
[2023-01-05 17:23:42,939] 71 root INFO Hypothesis az_007: float64, float64 
[2023-01-05 17:23:42,943] 71 root INFO Hypothesis az_008: float64, float64 
[2023-01-05 17:23:42,959] 71 root INFO Hypothesis az_009: float64, float64 
[2023-01-05 17:23:42,974] 71 root INFO Hypothesis ba_000: float64, float64 
[2023-01-05 17:23:42,981] 71 root INFO Hypothesis ba_001: float64, float64 
[2023-01-05 17:23:42,988] 71 root INFO Hypothesis ba_002: float64, float64 
[2023-01-05 17:23:42,995] 71 root INFO Hypothesis ba_003: float64, float64 
[2023-01-05 17:23:43,003] 71 root INFO Hypothesis ba_004: float64, float64 
[2023-01-05 17:23:43,010] 71 root INFO Hypothesis ba_005: float64, float64 
[2023-01-05 17:23:43,017] 71 root INFO Hypothesis ba_006: float64, float64 
[2023-01-05 17:23:43,025] 71 root INFO Hypothesis ba_007: float64, float64 
[2023-01-05 17:23:43,032] 71 root INFO Hypothesis ba_008: float64, float64 
[2023-01-05 17:23:43,038] 71 root INFO Hypothesis ba_009: float64, float64 
[2023-01-05 17:23:43,042] 71 root INFO Hypothesis bb_000: float64, float64 
[2023-01-05 17:23:43,050] 71 root INFO Hypothesis bc_000: float64, float64 
[2023-01-05 17:23:43,055] 71 root INFO Hypothesis bd_000: float64, float64 
[2023-01-05 17:23:43,061] 71 root INFO Hypothesis be_000: float64, float64 
[2023-01-05 17:23:43,068] 71 root INFO Hypothesis bf_000: float64, float64 
[2023-01-05 17:23:43,074] 71 root INFO Hypothesis bg_000: float64, float64 
[2023-01-05 17:23:43,082] 71 root INFO Hypothesis bh_000: float64, float64 
[2023-01-05 17:23:43,089] 71 root INFO Hypothesis bi_000: float64, float64 
[2023-01-05 17:23:43,097] 71 root INFO Hypothesis bj_000: float64, float64 
[2023-01-05 17:23:43,104] 71 root INFO Hypothesis bs_000: float64, float64 
[2023-01-05 17:23:43,111] 71 root INFO Hypothesis bt_000: float64, float64 
[2023-01-05 17:23:43,119] 71 root INFO Hypothesis bu_000: float64, float64 
[2023-01-05 17:23:43,131] 71 root INFO Hypothesis bv_000: float64, float64 
[2023-01-05 17:23:43,138] 71 root INFO Hypothesis bx_000: float64, float64 
[2023-01-05 17:23:43,145] 71 root INFO Hypothesis by_000: float64, float64 
[2023-01-05 17:23:43,153] 71 root INFO Hypothesis bz_000: float64, float64 
[2023-01-05 17:23:43,159] 71 root INFO Hypothesis ca_000: float64, float64 
[2023-01-05 17:23:43,166] 71 root INFO Hypothesis cb_000: float64, float64 
[2023-01-05 17:23:43,173] 71 root INFO Hypothesis cc_000: float64, float64 
[2023-01-05 17:23:43,180] 71 root INFO Hypothesis cd_000: float64, float64 
[2023-01-05 17:23:43,195] 71 root INFO Hypothesis ce_000: float64, float64 
[2023-01-05 17:23:43,202] 71 root INFO Hypothesis ci_000: float64, float64 
[2023-01-05 17:23:43,209] 71 root INFO Hypothesis cj_000: float64, float64 
[2023-01-05 17:23:43,213] 71 root INFO Hypothesis ck_000: float64, float64 
[2023-01-05 17:23:43,220] 71 root INFO Hypothesis cl_000: float64, float64 
[2023-01-05 17:23:43,224] 71 root INFO Hypothesis cm_000: float64, float64 
[2023-01-05 17:23:43,229] 71 root INFO Hypothesis cn_000: float64, float64 
[2023-01-05 17:23:43,244] 71 root INFO Hypothesis cn_001: float64, float64 
[2023-01-05 17:23:43,248] 71 root INFO Hypothesis cn_002: float64, float64 
[2023-01-05 17:23:43,253] 71 root INFO Hypothesis cn_003: float64, float64 
[2023-01-05 17:23:43,260] 71 root INFO Hypothesis cn_004: float64, float64 
[2023-01-05 17:23:43,267] 71 root INFO Hypothesis cn_005: float64, float64 
[2023-01-05 17:23:43,274] 71 root INFO Hypothesis cn_006: float64, float64 
[2023-01-05 17:23:43,281] 71 root INFO Hypothesis cn_007: float64, float64 
[2023-01-05 17:23:43,288] 71 root INFO Hypothesis cn_008: float64, float64 
[2023-01-05 17:23:43,294] 71 root INFO Hypothesis cn_009: float64, float64 
[2023-01-05 17:23:43,299] 71 root INFO Hypothesis cp_000: float64, float64 
[2023-01-05 17:23:43,304] 71 root INFO Hypothesis cq_000: float64, float64 
[2023-01-05 17:23:43,311] 71 root INFO Hypothesis cs_000: float64, float64 
[2023-01-05 17:23:43,318] 71 root INFO Hypothesis cs_001: float64, float64 
[2023-01-05 17:23:43,324] 71 root INFO Hypothesis cs_002: float64, float64 
[2023-01-05 17:23:43,330] 71 root INFO Hypothesis cs_003: float64, float64 
[2023-01-05 17:23:43,337] 71 root INFO Hypothesis cs_004: float64, float64 
[2023-01-05 17:23:43,345] 71 root INFO Hypothesis cs_005: float64, float64 
[2023-01-05 17:23:43,352] 71 root INFO Hypothesis cs_006: float64, float64 
[2023-01-05 17:23:43,359] 71 root INFO Hypothesis cs_007: float64, float64 
[2023-01-05 17:23:43,366] 71 root INFO Hypothesis cs_008: float64, float64 
[2023-01-05 17:23:43,371] 71 root INFO Hypothesis cs_009: float64, float64 
[2023-01-05 17:23:43,387] 71 root INFO Hypothesis dd_000: float64, float64 
[2023-01-05 17:23:43,393] 71 root INFO Hypothesis de_000: float64, float64 
[2023-01-05 17:23:43,399] 71 root INFO Hypothesis df_000: float64, float64 
[2023-01-05 17:23:43,414] 71 root INFO Hypothesis dg_000: float64, float64 
[2023-01-05 17:23:43,418] 71 root INFO Hypothesis dh_000: float64, float64 
[2023-01-05 17:23:43,433] 71 root INFO Hypothesis di_000: float64, float64 
[2023-01-05 17:23:43,437] 71 root INFO Hypothesis dj_000: float64, float64 
[2023-01-05 17:23:43,453] 71 root INFO Hypothesis dk_000: float64, float64 
[2023-01-05 17:23:43,468] 71 root INFO Hypothesis dl_000: float64, float64 
[2023-01-05 17:23:43,483] 71 root INFO Hypothesis dm_000: float64, float64 
[2023-01-05 17:23:43,498] 71 root INFO Hypothesis dn_000: float64, float64 
[2023-01-05 17:23:43,505] 71 root INFO Hypothesis do_000: float64, float64 
[2023-01-05 17:23:43,513] 71 root INFO Hypothesis dp_000: float64, float64 
[2023-01-05 17:23:43,520] 71 root INFO Hypothesis dq_000: float64, float64 
[2023-01-05 17:23:43,524] 71 root INFO Hypothesis dr_000: float64, float64 
[2023-01-05 17:23:43,528] 71 root INFO Hypothesis ds_000: float64, float64 
[2023-01-05 17:23:43,535] 71 root INFO Hypothesis dt_000: float64, float64 
[2023-01-05 17:23:43,542] 71 root INFO Hypothesis du_000: float64, float64 
[2023-01-05 17:23:43,549] 71 root INFO Hypothesis dv_000: float64, float64 
[2023-01-05 17:23:43,556] 71 root INFO Hypothesis dx_000: float64, float64 
[2023-01-05 17:23:43,561] 71 root INFO Hypothesis dy_000: float64, float64 
[2023-01-05 17:23:43,565] 71 root INFO Hypothesis dz_000: float64, float64 
[2023-01-05 17:23:43,581] 71 root INFO Hypothesis ea_000: float64, float64 
[2023-01-05 17:23:43,596] 71 root INFO Hypothesis eb_000: float64, float64 
[2023-01-05 17:23:43,602] 71 root INFO Hypothesis ec_00: float64, float64 
[2023-01-05 17:23:43,609] 71 root INFO Hypothesis ed_000: float64, float64 
[2023-01-05 17:23:43,615] 71 root INFO Hypothesis ee_000: float64, float64 
[2023-01-05 17:23:43,622] 71 root INFO Hypothesis ee_001: float64, float64 
[2023-01-05 17:23:43,629] 71 root INFO Hypothesis ee_002: float64, float64 
[2023-01-05 17:23:43,636] 71 root INFO Hypothesis ee_003: float64, float64 
[2023-01-05 17:23:43,643] 71 root INFO Hypothesis ee_004: float64, float64 
[2023-01-05 17:23:43,650] 71 root INFO Hypothesis ee_005: float64, float64 
[2023-01-05 17:23:43,657] 71 root INFO Hypothesis ee_006: float64, float64 
[2023-01-05 17:23:43,664] 71 root INFO Hypothesis ee_007: float64, float64 
[2023-01-05 17:23:43,670] 71 root INFO Hypothesis ee_008: float64, float64 
[2023-01-05 17:23:43,676] 71 root INFO Hypothesis ee_009: float64, float64 
[2023-01-05 17:23:43,681] 71 root INFO Hypothesis ef_000: float64, float64 
[2023-01-05 17:23:43,697] 71 root INFO Hypothesis eg_000: float64, float64 
[2023-01-05 17:23:43,712] 134 root INFO Write reprt in yaml file
[2023-01-05 17:23:43,785] 141 root INFO Data validation artifact: DataValidationArtifact(report_file_path='/config/workspace/artifact/01052023__172306/data_validation/report.yaml')
[2023-01-05 17:23:44,706] 63 root INFO before resampling in training set input:{input_feature_train_arr.shape} and target :{target_feature_train_arr.shape}
[2023-01-05 17:23:51,144] 65 root INFO after resampling training set input(56154, 170) and target:(56154,)
[2023-01-05 17:23:51,145] 68 root INFO Before resampling in testing set Input: (7238, 170) Target:(7238,)
[2023-01-05 17:23:51,878] 70 root INFO After resampling in testing set Input: (14036, 170) Target:(14036,)
