[2023-01-05 15:21:18,519] 20 root INFO exporting collection data as pandas dataframe
[2023-01-05 15:21:18,520] 12 root INFO reading from databaseaps qand collection :sensor
[2023-01-05 15:21:22,470] 14 root INFO found columns:Index(['_id', 'class', 'aa_000', 'ab_000', 'ac_000', 'ad_000', 'ae_000',
       'af_000', 'ag_000', 'ag_001',
       ...
       'ee_002', 'ee_003', 'ee_004', 'ee_005', 'ee_006', 'ee_007', 'ee_008',
       'ee_009', 'ef_000', 'eg_000'],
      dtype='object', length=172)
[2023-01-05 15:21:22,471] 16 root INFO dropping _id column
[2023-01-05 15:21:22,742] 24 root INFO save data in feature store,replacing null values with nan
[2023-01-05 15:21:23,752] 27 root INFO creating feature store folder if not available
[2023-01-05 15:21:23,753] 31 root INFO save df to feature store folder
[2023-01-05 15:21:26,359] 34 root INFO spliting data into train test split
[2023-01-05 15:21:27,095] 37 root INFO creating dataset directory if not available
[2023-01-05 15:21:27,095] 41 root INFO save df to feature store folder
[2023-01-05 15:21:29,333] 46 root INFO preparing artifact
[2023-01-05 15:21:29,333] 53 root INFO data ingestion artifact:DataIngestionArtifact(feature_store_file_path='/config/workspace/artifact/01052023__152118/data_ingestion/feature_store/sensor.csv', train_file_path='/config/workspace/artifact/01052023__152118/data_ingestion/dataset/train.csv', test_file_path='/config/workspace/artifact/01052023__152118/data_ingestion/dataset/test.csv')
[2023-01-05 15:21:29,823] 20 root INFO exporting collection data as pandas dataframe
[2023-01-05 15:21:29,823] 12 root INFO reading from databaseaps qand collection :sensor
[2023-01-05 15:21:33,505] 14 root INFO found columns:Index(['_id', 'class', 'aa_000', 'ab_000', 'ac_000', 'ad_000', 'ae_000',
       'af_000', 'ag_000', 'ag_001',
       ...
       'ee_002', 'ee_003', 'ee_004', 'ee_005', 'ee_006', 'ee_007', 'ee_008',
       'ee_009', 'ef_000', 'eg_000'],
      dtype='object', length=172)
[2023-01-05 15:21:33,505] 16 root INFO dropping _id column
[2023-01-05 15:21:33,700] 24 root INFO save data in feature store,replacing null values with nan
[2023-01-05 15:21:34,273] 27 root INFO creating feature store folder if not available
[2023-01-05 15:21:34,274] 31 root INFO save df to feature store folder
[2023-01-05 15:21:36,898] 34 root INFO spliting data into train test split
[2023-01-05 15:21:37,521] 37 root INFO creating dataset directory if not available
[2023-01-05 15:21:37,521] 41 root INFO save df to feature store folder
[2023-01-05 15:21:39,806] 46 root INFO preparing artifact
[2023-01-05 15:21:39,806] 53 root INFO data ingestion artifact:DataIngestionArtifact(feature_store_file_path='/config/workspace/artifact/01052023__152118/data_ingestion/feature_store/sensor.csv', train_file_path='/config/workspace/artifact/01052023__152118/data_ingestion/dataset/train.csv', test_file_path='/config/workspace/artifact/01052023__152118/data_ingestion/dataset/test.csv')
[2023-01-05 15:21:40,260] 16 root INFO >>>>>>>>>>>>>>>>>>>>>>>>>>>>>>>>>>>>>>>> DATA VALIDATION <<<<<<<<<<<<<<<<<<<<<<<<<<<<<<<<<<<<<<<<
[2023-01-05 15:21:40,260] 97 root INFO Reading base dataframe
[2023-01-05 15:21:43,280] 100 root INFO rep;aced na values with nan
[2023-01-05 15:21:43,281] 102 root INFO drop null values columns from base df
[2023-01-05 15:21:44,352] 30 root INFO selecting column nane which containing null above 0.2
[2023-01-05 15:21:44,353] 33 root INFO column names to drop['ab_000', 'ad_000', 'bk_000', 'bl_000', 'bm_000', 'bn_000', 'bo_000', 'bp_000', 'bq_000', 'br_000', 'cf_000', 'cg_000', 'ch_000', 'co_000', 'cr_000', 'ct_000', 'cu_000', 'cv_000', 'cx_000', 'cy_000', 'cz_000', 'da_000', 'db_000', 'dc_000']
[2023-01-05 15:21:44,444] 105 root INFO reading train dataframe
[2023-01-05 15:21:44,839] 107 root INFO reading test dataframe
[2023-01-05 15:21:44,957] 110 root INFO dropping null vakluecolumns from  train df
[2023-01-05 15:21:44,971] 30 root INFO selecting column nane which containing null above 0.2
[2023-01-05 15:21:44,971] 33 root INFO column names to drop['ab_000', 'ad_000', 'bk_000', 'bl_000', 'bm_000', 'bn_000', 'bo_000', 'bp_000', 'bq_000', 'br_000', 'cf_000', 'cg_000', 'ch_000', 'co_000', 'cr_000', 'ct_000', 'cu_000', 'cv_000', 'cx_000', 'cy_000', 'cz_000', 'da_000', 'db_000', 'dc_000']
[2023-01-05 15:21:44,981] 112 root INFO dropping missing value columns in test dataset
[2023-01-05 15:21:44,985] 30 root INFO selecting column nane which containing null above 0.2
[2023-01-05 15:21:44,986] 33 root INFO column names to drop['ab_000', 'ad_000', 'bk_000', 'bl_000', 'bm_000', 'bn_000', 'bo_000', 'bp_000', 'bq_000', 'br_000', 'cf_000', 'cg_000', 'ch_000', 'co_000', 'cr_000', 'ct_000', 'cu_000', 'cv_000', 'cx_000', 'cy_000', 'cz_000', 'da_000', 'db_000', 'dc_000']
[2023-01-05 15:21:51,088] 122 root INFO is all required columns present in train df
