[2023-01-05 17:39:18,159] 20 root INFO exporting collection data as pandas dataframe
[2023-01-05 17:39:18,159] 12 root INFO reading from databaseaps qand collection :sensor
[2023-01-05 17:39:21,819] 14 root INFO found columns:Index(['_id', 'class', 'aa_000', 'ab_000', 'ac_000', 'ad_000', 'ae_000',
       'af_000', 'ag_000', 'ag_001',
       ...
       'ee_002', 'ee_003', 'ee_004', 'ee_005', 'ee_006', 'ee_007', 'ee_008',
       'ee_009', 'ef_000', 'eg_000'],
      dtype='object', length=172)
[2023-01-05 17:39:21,819] 16 root INFO dropping _id column
[2023-01-05 17:39:22,053] 24 root INFO save data in feature store,replacing null values with nan
[2023-01-05 17:39:22,610] 27 root INFO creating feature store folder if not available
[2023-01-05 17:39:22,611] 31 root INFO save df to feature store folder
[2023-01-05 17:39:25,184] 34 root INFO spliting data into train test split
[2023-01-05 17:39:25,874] 37 root INFO creating dataset directory if not available
[2023-01-05 17:39:25,874] 41 root INFO save df to feature store folder
[2023-01-05 17:39:28,172] 46 root INFO preparing artifact
[2023-01-05 17:39:28,172] 53 root INFO data ingestion artifact:DataIngestionArtifact(feature_store_file_path='/config/workspace/artifact/01052023__173918/data_ingestion/feature_store/sensor.csv', train_file_path='/config/workspace/artifact/01052023__173918/data_ingestion/dataset/train.csv', test_file_path='/config/workspace/artifact/01052023__173918/data_ingestion/dataset/test.csv')
[2023-01-05 17:39:28,659] 20 root INFO exporting collection data as pandas dataframe
[2023-01-05 17:39:28,659] 12 root INFO reading from databaseaps qand collection :sensor
[2023-01-05 17:39:32,393] 14 root INFO found columns:Index(['_id', 'class', 'aa_000', 'ab_000', 'ac_000', 'ad_000', 'ae_000',
       'af_000', 'ag_000', 'ag_001',
       ...
       'ee_002', 'ee_003', 'ee_004', 'ee_005', 'ee_006', 'ee_007', 'ee_008',
       'ee_009', 'ef_000', 'eg_000'],
      dtype='object', length=172)
[2023-01-05 17:39:32,394] 16 root INFO dropping _id column
[2023-01-05 17:39:32,588] 24 root INFO save data in feature store,replacing null values with nan
[2023-01-05 17:39:33,138] 27 root INFO creating feature store folder if not available
[2023-01-05 17:39:33,138] 31 root INFO save df to feature store folder
[2023-01-05 17:39:35,660] 34 root INFO spliting data into train test split
[2023-01-05 17:39:36,325] 37 root INFO creating dataset directory if not available
[2023-01-05 17:39:36,326] 41 root INFO save df to feature store folder
[2023-01-05 17:39:38,534] 46 root INFO preparing artifact
[2023-01-05 17:39:38,535] 53 root INFO data ingestion artifact:DataIngestionArtifact(feature_store_file_path='/config/workspace/artifact/01052023__173918/data_ingestion/feature_store/sensor.csv', train_file_path='/config/workspace/artifact/01052023__173918/data_ingestion/dataset/train.csv', test_file_path='/config/workspace/artifact/01052023__173918/data_ingestion/dataset/test.csv')
[2023-01-05 17:39:38,957] 16 root INFO >>>>>>>>>>>>>>>>>>>>>>>>>>>>>>>>>>>>>>>> DATA VALIDATION <<<<<<<<<<<<<<<<<<<<<<<<<<<<<<<<<<<<<<<<
[2023-01-05 17:39:38,958] 96 root INFO Reading base dataframe
[2023-01-05 17:39:41,893] 99 root INFO Replace na value in base df
[2023-01-05 17:39:41,894] 101 root INFO Drop null values colums from base df
[2023-01-05 17:39:42,909] 30 root INFO selecting column nane which containing null above 0.2
[2023-01-05 17:39:42,910] 33 root INFO column names to drop['ab_000', 'ad_000', 'bk_000', 'bl_000', 'bm_000', 'bn_000', 'bo_000', 'bp_000', 'bq_000', 'br_000', 'cf_000', 'cg_000', 'ch_000', 'co_000', 'cr_000', 'ct_000', 'cu_000', 'cv_000', 'cx_000', 'cy_000', 'cz_000', 'da_000', 'db_000', 'dc_000']
[2023-01-05 17:39:42,996] 104 root INFO reading train dataframe
[2023-01-05 17:39:43,402] 106 root INFO reading test dataframe
[2023-01-05 17:39:43,507] 109 root INFO dropping null vakluecolumns from  train df
[2023-01-05 17:39:43,519] 30 root INFO selecting column nane which containing null above 0.2
[2023-01-05 17:39:43,519] 33 root INFO column names to drop['ab_000', 'ad_000', 'bk_000', 'bl_000', 'bm_000', 'bn_000', 'bo_000', 'bp_000', 'bq_000', 'br_000', 'cf_000', 'cg_000', 'ch_000', 'co_000', 'cr_000', 'ct_000', 'cu_000', 'cv_000', 'cx_000', 'cy_000', 'cz_000', 'da_000', 'db_000', 'dc_000']
[2023-01-05 17:39:43,528] 111 root INFO dropping missing value columns in test dataset
[2023-01-05 17:39:43,532] 30 root INFO selecting column nane which containing null above 0.2
[2023-01-05 17:39:43,533] 33 root INFO column names to drop['ab_000', 'ad_000', 'bk_000', 'bl_000', 'bm_000', 'bn_000', 'bo_000', 'bp_000', 'bq_000', 'br_000', 'cf_000', 'cg_000', 'ch_000', 'co_000', 'cr_000', 'ct_000', 'cu_000', 'cv_000', 'cx_000', 'cy_000', 'cz_000', 'da_000', 'db_000', 'dc_000']
[2023-01-05 17:39:49,585] 122 root INFO Is all required columns present in train df
[2023-01-05 17:39:49,586] 124 root INFO Is all required columns present in test df
[2023-01-05 17:39:49,586] 128 root INFO As all column are available in train df hence detecting data drift
[2023-01-05 17:39:49,586] 71 root INFO Hypothesis class: object, object 
[2023-01-05 17:39:49,721] 71 root INFO Hypothesis aa_000: float64, float64 
[2023-01-05 17:39:49,731] 71 root INFO Hypothesis ac_000: float64, float64 
[2023-01-05 17:39:49,772] 71 root INFO Hypothesis ae_000: float64, float64 
[2023-01-05 17:39:49,810] 71 root INFO Hypothesis af_000: float64, float64 
[2023-01-05 17:39:49,851] 71 root INFO Hypothesis ag_000: float64, float64 
[2023-01-05 17:39:49,887] 71 root INFO Hypothesis ag_001: float64, float64 
[2023-01-05 17:39:49,924] 71 root INFO Hypothesis ag_002: float64, float64 
[2023-01-05 17:39:49,962] 71 root INFO Hypothesis ag_003: float64, float64 
[2023-01-05 17:39:50,002] 71 root INFO Hypothesis ag_004: float64, float64 
[2023-01-05 17:39:50,012] 71 root INFO Hypothesis ag_005: float64, float64 
[2023-01-05 17:39:50,023] 71 root INFO Hypothesis ag_006: float64, float64 
[2023-01-05 17:39:50,034] 71 root INFO Hypothesis ag_007: float64, float64 
[2023-01-05 17:39:50,043] 71 root INFO Hypothesis ag_008: float64, float64 
[2023-01-05 17:39:50,087] 71 root INFO Hypothesis ag_009: float64, float64 
[2023-01-05 17:39:50,094] 71 root INFO Hypothesis ah_000: float64, float64 
[2023-01-05 17:39:50,105] 71 root INFO Hypothesis ai_000: float64, float64 
[2023-01-05 17:39:50,144] 71 root INFO Hypothesis aj_000: float64, float64 
[2023-01-05 17:39:50,182] 71 root INFO Hypothesis ak_000: float64, float64 
[2023-01-05 17:39:50,219] 71 root INFO Hypothesis al_000: float64, float64 
[2023-01-05 17:39:50,258] 71 root INFO Hypothesis am_0: float64, float64 
[2023-01-05 17:39:50,265] 71 root INFO Hypothesis an_000: float64, float64 
[2023-01-05 17:39:50,276] 71 root INFO Hypothesis ao_000: float64, float64 
[2023-01-05 17:39:50,287] 71 root INFO Hypothesis ap_000: float64, float64 
[2023-01-05 17:39:50,297] 71 root INFO Hypothesis aq_000: float64, float64 
[2023-01-05 17:39:50,307] 71 root INFO Hypothesis ar_000: float64, float64 
[2023-01-05 17:39:50,344] 71 root INFO Hypothesis as_000: float64, float64 
[2023-01-05 17:39:50,379] 71 root INFO Hypothesis at_000: float64, float64 
[2023-01-05 17:39:50,415] 71 root INFO Hypothesis au_000: float64, float64 
[2023-01-05 17:39:50,451] 71 root INFO Hypothesis av_000: float64, float64 
[2023-01-05 17:39:50,459] 71 root INFO Hypothesis ax_000: float64, float64 
[2023-01-05 17:39:50,467] 71 root INFO Hypothesis ay_000: float64, float64 
[2023-01-05 17:39:50,503] 71 root INFO Hypothesis ay_001: float64, float64 
[2023-01-05 17:39:50,539] 71 root INFO Hypothesis ay_002: float64, float64 
[2023-01-05 17:39:50,575] 71 root INFO Hypothesis ay_003: float64, float64 
[2023-01-05 17:39:50,612] 71 root INFO Hypothesis ay_004: float64, float64 
[2023-01-05 17:39:50,649] 71 root INFO Hypothesis ay_005: float64, float64 
[2023-01-05 17:39:50,657] 71 root INFO Hypothesis ay_006: float64, float64 
[2023-01-05 17:39:50,698] 71 root INFO Hypothesis ay_007: float64, float64 
[2023-01-05 17:39:50,709] 71 root INFO Hypothesis ay_008: float64, float64 
[2023-01-05 17:39:50,719] 71 root INFO Hypothesis ay_009: float64, float64 
[2023-01-05 17:39:50,755] 71 root INFO Hypothesis az_000: float64, float64 
[2023-01-05 17:39:50,765] 71 root INFO Hypothesis az_001: float64, float64 
[2023-01-05 17:39:50,776] 71 root INFO Hypothesis az_002: float64, float64 
[2023-01-05 17:39:50,788] 71 root INFO Hypothesis az_003: float64, float64 
[2023-01-05 17:39:50,798] 71 root INFO Hypothesis az_004: float64, float64 
[2023-01-05 17:39:50,809] 71 root INFO Hypothesis az_005: float64, float64 
[2023-01-05 17:39:50,820] 71 root INFO Hypothesis az_006: float64, float64 
[2023-01-05 17:39:50,829] 71 root INFO Hypothesis az_007: float64, float64 
[2023-01-05 17:39:50,871] 71 root INFO Hypothesis az_008: float64, float64 
[2023-01-05 17:39:50,918] 71 root INFO Hypothesis az_009: float64, float64 
[2023-01-05 17:39:50,955] 71 root INFO Hypothesis ba_000: float64, float64 
[2023-01-05 17:39:50,966] 71 root INFO Hypothesis ba_001: float64, float64 
[2023-01-05 17:39:50,977] 71 root INFO Hypothesis ba_002: float64, float64 
[2023-01-05 17:39:50,987] 71 root INFO Hypothesis ba_003: float64, float64 
[2023-01-05 17:39:50,997] 71 root INFO Hypothesis ba_004: float64, float64 
[2023-01-05 17:39:51,007] 71 root INFO Hypothesis ba_005: float64, float64 
[2023-01-05 17:39:51,018] 71 root INFO Hypothesis ba_006: float64, float64 
[2023-01-05 17:39:51,028] 71 root INFO Hypothesis ba_007: float64, float64 
[2023-01-05 17:39:51,037] 71 root INFO Hypothesis ba_008: float64, float64 
[2023-01-05 17:39:51,045] 71 root INFO Hypothesis ba_009: float64, float64 
[2023-01-05 17:39:51,085] 71 root INFO Hypothesis bb_000: float64, float64 
[2023-01-05 17:39:51,096] 71 root INFO Hypothesis bc_000: float64, float64 
[2023-01-05 17:39:51,104] 71 root INFO Hypothesis bd_000: float64, float64 
[2023-01-05 17:39:51,113] 71 root INFO Hypothesis be_000: float64, float64 
[2023-01-05 17:39:51,127] 71 root INFO Hypothesis bf_000: float64, float64 
[2023-01-05 17:39:51,134] 71 root INFO Hypothesis bg_000: float64, float64 
[2023-01-05 17:39:51,146] 71 root INFO Hypothesis bh_000: float64, float64 
[2023-01-05 17:39:51,157] 71 root INFO Hypothesis bi_000: float64, float64 
[2023-01-05 17:39:51,167] 71 root INFO Hypothesis bj_000: float64, float64 
[2023-01-05 17:39:51,178] 71 root INFO Hypothesis bs_000: float64, float64 
[2023-01-05 17:39:51,189] 71 root INFO Hypothesis bt_000: float64, float64 
[2023-01-05 17:39:51,200] 71 root INFO Hypothesis bu_000: float64, float64 
[2023-01-05 17:39:51,211] 71 root INFO Hypothesis bv_000: float64, float64 
[2023-01-05 17:39:51,221] 71 root INFO Hypothesis bx_000: float64, float64 
[2023-01-05 17:39:51,232] 71 root INFO Hypothesis by_000: float64, float64 
[2023-01-05 17:39:51,242] 71 root INFO Hypothesis bz_000: float64, float64 
[2023-01-05 17:39:51,251] 71 root INFO Hypothesis ca_000: float64, float64 
[2023-01-05 17:39:51,262] 71 root INFO Hypothesis cb_000: float64, float64 
[2023-01-05 17:39:51,273] 71 root INFO Hypothesis cc_000: float64, float64 
[2023-01-05 17:39:51,283] 71 root INFO Hypothesis cd_000: float64, float64 
[2023-01-05 17:39:51,321] 71 root INFO Hypothesis ce_000: float64, float64 
[2023-01-05 17:39:51,364] 71 root INFO Hypothesis ci_000: float64, float64 
[2023-01-05 17:39:51,374] 71 root INFO Hypothesis cj_000: float64, float64 
[2023-01-05 17:39:51,412] 71 root INFO Hypothesis ck_000: float64, float64 
[2023-01-05 17:39:51,423] 71 root INFO Hypothesis cl_000: float64, float64 
[2023-01-05 17:39:51,461] 71 root INFO Hypothesis cm_000: float64, float64 
[2023-01-05 17:39:51,501] 71 root INFO Hypothesis cn_000: float64, float64 
[2023-01-05 17:39:51,539] 71 root INFO Hypothesis cn_001: float64, float64 
[2023-01-05 17:39:51,577] 71 root INFO Hypothesis cn_002: float64, float64 
[2023-01-05 17:39:51,618] 71 root INFO Hypothesis cn_003: float64, float64 
[2023-01-05 17:39:51,628] 71 root INFO Hypothesis cn_004: float64, float64 
[2023-01-05 17:39:51,639] 71 root INFO Hypothesis cn_005: float64, float64 
[2023-01-05 17:39:51,650] 71 root INFO Hypothesis cn_006: float64, float64 
[2023-01-05 17:39:51,660] 71 root INFO Hypothesis cn_007: float64, float64 
[2023-01-05 17:39:51,670] 71 root INFO Hypothesis cn_008: float64, float64 
[2023-01-05 17:39:51,679] 71 root INFO Hypothesis cn_009: float64, float64 
[2023-01-05 17:39:51,686] 71 root INFO Hypothesis cp_000: float64, float64 
[2023-01-05 17:39:51,728] 71 root INFO Hypothesis cq_000: float64, float64 
[2023-01-05 17:39:51,739] 71 root INFO Hypothesis cs_000: float64, float64 
[2023-01-05 17:39:51,749] 71 root INFO Hypothesis cs_001: float64, float64 
[2023-01-05 17:39:51,758] 71 root INFO Hypothesis cs_002: float64, float64 
[2023-01-05 17:39:51,769] 71 root INFO Hypothesis cs_003: float64, float64 
[2023-01-05 17:39:51,779] 71 root INFO Hypothesis cs_004: float64, float64 
[2023-01-05 17:39:51,790] 71 root INFO Hypothesis cs_005: float64, float64 
[2023-01-05 17:39:51,801] 71 root INFO Hypothesis cs_006: float64, float64 
[2023-01-05 17:39:51,813] 71 root INFO Hypothesis cs_007: float64, float64 
[2023-01-05 17:39:51,824] 71 root INFO Hypothesis cs_008: float64, float64 
[2023-01-05 17:39:51,832] 71 root INFO Hypothesis cs_009: float64, float64 
[2023-01-05 17:39:51,869] 71 root INFO Hypothesis dd_000: float64, float64 
[2023-01-05 17:39:51,880] 71 root INFO Hypothesis de_000: float64, float64 
[2023-01-05 17:39:51,889] 71 root INFO Hypothesis df_000: float64, float64 
[2023-01-05 17:39:51,927] 71 root INFO Hypothesis dg_000: float64, float64 
[2023-01-05 17:39:51,971] 71 root INFO Hypothesis dh_000: float64, float64 
[2023-01-05 17:39:52,015] 71 root INFO Hypothesis di_000: float64, float64 
[2023-01-05 17:39:52,021] 71 root INFO Hypothesis dj_000: float64, float64 
[2023-01-05 17:39:52,060] 71 root INFO Hypothesis dk_000: float64, float64 
[2023-01-05 17:39:52,101] 71 root INFO Hypothesis dl_000: float64, float64 
[2023-01-05 17:39:52,139] 71 root INFO Hypothesis dm_000: float64, float64 
[2023-01-05 17:39:52,177] 71 root INFO Hypothesis dn_000: float64, float64 
[2023-01-05 17:39:52,187] 71 root INFO Hypothesis do_000: float64, float64 
[2023-01-05 17:39:52,197] 71 root INFO Hypothesis dp_000: float64, float64 
[2023-01-05 17:39:52,206] 71 root INFO Hypothesis dq_000: float64, float64 
[2023-01-05 17:39:52,213] 71 root INFO Hypothesis dr_000: float64, float64 
[2023-01-05 17:39:52,219] 71 root INFO Hypothesis ds_000: float64, float64 
[2023-01-05 17:39:52,229] 71 root INFO Hypothesis dt_000: float64, float64 
[2023-01-05 17:39:52,239] 71 root INFO Hypothesis du_000: float64, float64 
[2023-01-05 17:39:52,250] 71 root INFO Hypothesis dv_000: float64, float64 
[2023-01-05 17:39:52,261] 71 root INFO Hypothesis dx_000: float64, float64 
[2023-01-05 17:39:52,301] 71 root INFO Hypothesis dy_000: float64, float64 
[2023-01-05 17:39:52,343] 71 root INFO Hypothesis dz_000: float64, float64 
[2023-01-05 17:39:52,381] 71 root INFO Hypothesis ea_000: float64, float64 
[2023-01-05 17:39:52,419] 71 root INFO Hypothesis eb_000: float64, float64 
[2023-01-05 17:39:52,427] 71 root INFO Hypothesis ec_00: float64, float64 
[2023-01-05 17:39:52,437] 71 root INFO Hypothesis ed_000: float64, float64 
[2023-01-05 17:39:52,447] 71 root INFO Hypothesis ee_000: float64, float64 
[2023-01-05 17:39:52,458] 71 root INFO Hypothesis ee_001: float64, float64 
[2023-01-05 17:39:52,469] 71 root INFO Hypothesis ee_002: float64, float64 
[2023-01-05 17:39:52,479] 71 root INFO Hypothesis ee_003: float64, float64 
[2023-01-05 17:39:52,489] 71 root INFO Hypothesis ee_004: float64, float64 
[2023-01-05 17:39:52,500] 71 root INFO Hypothesis ee_005: float64, float64 
[2023-01-05 17:39:52,510] 71 root INFO Hypothesis ee_006: float64, float64 
[2023-01-05 17:39:52,520] 71 root INFO Hypothesis ee_007: float64, float64 
[2023-01-05 17:39:52,530] 71 root INFO Hypothesis ee_008: float64, float64 
[2023-01-05 17:39:52,539] 71 root INFO Hypothesis ee_009: float64, float64 
[2023-01-05 17:39:52,547] 71 root INFO Hypothesis ef_000: float64, float64 
[2023-01-05 17:39:52,583] 71 root INFO Hypothesis eg_000: float64, float64 
[2023-01-05 17:39:52,619] 131 root INFO As all column are available in test df hence detecting data drift
[2023-01-05 17:39:52,619] 71 root INFO Hypothesis class: object, object 
[2023-01-05 17:39:52,694] 71 root INFO Hypothesis aa_000: float64, float64 
[2023-01-05 17:39:52,701] 71 root INFO Hypothesis ac_000: float64, float64 
[2023-01-05 17:39:52,706] 71 root INFO Hypothesis ae_000: float64, float64 
[2023-01-05 17:39:52,709] 71 root INFO Hypothesis af_000: float64, float64 
[2023-01-05 17:39:52,713] 71 root INFO Hypothesis ag_000: float64, float64 
[2023-01-05 17:39:52,728] 71 root INFO Hypothesis ag_001: float64, float64 
[2023-01-05 17:39:52,743] 71 root INFO Hypothesis ag_002: float64, float64 
[2023-01-05 17:39:52,759] 71 root INFO Hypothesis ag_003: float64, float64 
[2023-01-05 17:39:52,763] 71 root INFO Hypothesis ag_004: float64, float64 
[2023-01-05 17:39:52,770] 71 root INFO Hypothesis ag_005: float64, float64 
[2023-01-05 17:39:52,777] 71 root INFO Hypothesis ag_006: float64, float64 
[2023-01-05 17:39:52,784] 71 root INFO Hypothesis ag_007: float64, float64 
[2023-01-05 17:39:52,790] 71 root INFO Hypothesis ag_008: float64, float64 
[2023-01-05 17:39:52,796] 71 root INFO Hypothesis ag_009: float64, float64 
[2023-01-05 17:39:52,801] 71 root INFO Hypothesis ah_000: float64, float64 
[2023-01-05 17:39:52,810] 71 root INFO Hypothesis ai_000: float64, float64 
[2023-01-05 17:39:52,813] 71 root INFO Hypothesis aj_000: float64, float64 
[2023-01-05 17:39:52,818] 71 root INFO Hypothesis ak_000: float64, float64 
[2023-01-05 17:39:52,821] 71 root INFO Hypothesis al_000: float64, float64 
[2023-01-05 17:39:52,826] 71 root INFO Hypothesis am_0: float64, float64 
[2023-01-05 17:39:52,831] 71 root INFO Hypothesis an_000: float64, float64 
[2023-01-05 17:39:52,838] 71 root INFO Hypothesis ao_000: float64, float64 
[2023-01-05 17:39:52,846] 71 root INFO Hypothesis ap_000: float64, float64 
[2023-01-05 17:39:52,853] 71 root INFO Hypothesis aq_000: float64, float64 
[2023-01-05 17:39:52,860] 71 root INFO Hypothesis ar_000: float64, float64 
[2023-01-05 17:39:52,863] 71 root INFO Hypothesis as_000: float64, float64 
[2023-01-05 17:39:52,879] 71 root INFO Hypothesis at_000: float64, float64 
[2023-01-05 17:39:52,898] 71 root INFO Hypothesis au_000: float64, float64 
[2023-01-05 17:39:52,914] 71 root INFO Hypothesis av_000: float64, float64 
[2023-01-05 17:39:52,922] 71 root INFO Hypothesis ax_000: float64, float64 
[2023-01-05 17:39:52,930] 71 root INFO Hypothesis ay_000: float64, float64 
[2023-01-05 17:39:52,945] 71 root INFO Hypothesis ay_001: float64, float64 
[2023-01-05 17:39:52,960] 71 root INFO Hypothesis ay_002: float64, float64 
[2023-01-05 17:39:52,976] 71 root INFO Hypothesis ay_003: float64, float64 
[2023-01-05 17:39:52,991] 71 root INFO Hypothesis ay_004: float64, float64 
[2023-01-05 17:39:53,007] 71 root INFO Hypothesis ay_005: float64, float64 
[2023-01-05 17:39:53,012] 71 root INFO Hypothesis ay_006: float64, float64 
[2023-01-05 17:39:53,018] 71 root INFO Hypothesis ay_007: float64, float64 
[2023-01-05 17:39:53,025] 71 root INFO Hypothesis ay_008: float64, float64 
[2023-01-05 17:39:53,032] 71 root INFO Hypothesis ay_009: float64, float64 
[2023-01-05 17:39:53,047] 71 root INFO Hypothesis az_000: float64, float64 
[2023-01-05 17:39:53,054] 71 root INFO Hypothesis az_001: float64, float64 
[2023-01-05 17:39:53,060] 71 root INFO Hypothesis az_002: float64, float64 
[2023-01-05 17:39:53,066] 71 root INFO Hypothesis az_003: float64, float64 
[2023-01-05 17:39:53,074] 71 root INFO Hypothesis az_004: float64, float64 
[2023-01-05 17:39:53,081] 71 root INFO Hypothesis az_005: float64, float64 
[2023-01-05 17:39:53,089] 71 root INFO Hypothesis az_006: float64, float64 
[2023-01-05 17:39:53,095] 71 root INFO Hypothesis az_007: float64, float64 
[2023-01-05 17:39:53,100] 71 root INFO Hypothesis az_008: float64, float64 
[2023-01-05 17:39:53,117] 71 root INFO Hypothesis az_009: float64, float64 
[2023-01-05 17:39:53,133] 71 root INFO Hypothesis ba_000: float64, float64 
[2023-01-05 17:39:53,140] 71 root INFO Hypothesis ba_001: float64, float64 
[2023-01-05 17:39:53,147] 71 root INFO Hypothesis ba_002: float64, float64 
[2023-01-05 17:39:53,154] 71 root INFO Hypothesis ba_003: float64, float64 
[2023-01-05 17:39:53,161] 71 root INFO Hypothesis ba_004: float64, float64 
[2023-01-05 17:39:53,168] 71 root INFO Hypothesis ba_005: float64, float64 
[2023-01-05 17:39:53,175] 71 root INFO Hypothesis ba_006: float64, float64 
[2023-01-05 17:39:53,182] 71 root INFO Hypothesis ba_007: float64, float64 
[2023-01-05 17:39:53,189] 71 root INFO Hypothesis ba_008: float64, float64 
[2023-01-05 17:39:53,194] 71 root INFO Hypothesis ba_009: float64, float64 
[2023-01-05 17:39:53,199] 71 root INFO Hypothesis bb_000: float64, float64 
[2023-01-05 17:39:53,206] 71 root INFO Hypothesis bc_000: float64, float64 
[2023-01-05 17:39:53,211] 71 root INFO Hypothesis bd_000: float64, float64 
[2023-01-05 17:39:53,217] 71 root INFO Hypothesis be_000: float64, float64 
[2023-01-05 17:39:53,223] 71 root INFO Hypothesis bf_000: float64, float64 
[2023-01-05 17:39:53,227] 71 root INFO Hypothesis bg_000: float64, float64 
[2023-01-05 17:39:53,235] 71 root INFO Hypothesis bh_000: float64, float64 
[2023-01-05 17:39:53,242] 71 root INFO Hypothesis bi_000: float64, float64 
[2023-01-05 17:39:53,249] 71 root INFO Hypothesis bj_000: float64, float64 
[2023-01-05 17:39:53,256] 71 root INFO Hypothesis bs_000: float64, float64 
[2023-01-05 17:39:53,263] 71 root INFO Hypothesis bt_000: float64, float64 
[2023-01-05 17:39:53,270] 71 root INFO Hypothesis bu_000: float64, float64 
[2023-01-05 17:39:53,277] 71 root INFO Hypothesis bv_000: float64, float64 
[2023-01-05 17:39:53,284] 71 root INFO Hypothesis bx_000: float64, float64 
[2023-01-05 17:39:53,291] 71 root INFO Hypothesis by_000: float64, float64 
[2023-01-05 17:39:53,298] 71 root INFO Hypothesis bz_000: float64, float64 
[2023-01-05 17:39:53,304] 71 root INFO Hypothesis ca_000: float64, float64 
[2023-01-05 17:39:53,312] 71 root INFO Hypothesis cb_000: float64, float64 
[2023-01-05 17:39:53,319] 71 root INFO Hypothesis cc_000: float64, float64 
[2023-01-05 17:39:53,326] 71 root INFO Hypothesis cd_000: float64, float64 
[2023-01-05 17:39:53,342] 71 root INFO Hypothesis ce_000: float64, float64 
[2023-01-05 17:39:53,348] 71 root INFO Hypothesis ci_000: float64, float64 
[2023-01-05 17:39:53,355] 71 root INFO Hypothesis cj_000: float64, float64 
[2023-01-05 17:39:53,360] 71 root INFO Hypothesis ck_000: float64, float64 
[2023-01-05 17:39:53,367] 71 root INFO Hypothesis cl_000: float64, float64 
[2023-01-05 17:39:53,371] 71 root INFO Hypothesis cm_000: float64, float64 
[2023-01-05 17:39:53,376] 71 root INFO Hypothesis cn_000: float64, float64 
[2023-01-05 17:39:53,392] 71 root INFO Hypothesis cn_001: float64, float64 
[2023-01-05 17:39:53,397] 71 root INFO Hypothesis cn_002: float64, float64 
[2023-01-05 17:39:53,402] 71 root INFO Hypothesis cn_003: float64, float64 
[2023-01-05 17:39:53,410] 71 root INFO Hypothesis cn_004: float64, float64 
[2023-01-05 17:39:53,418] 71 root INFO Hypothesis cn_005: float64, float64 
[2023-01-05 17:39:53,425] 71 root INFO Hypothesis cn_006: float64, float64 
[2023-01-05 17:39:53,433] 71 root INFO Hypothesis cn_007: float64, float64 
[2023-01-05 17:39:53,440] 71 root INFO Hypothesis cn_008: float64, float64 
[2023-01-05 17:39:53,447] 71 root INFO Hypothesis cn_009: float64, float64 
[2023-01-05 17:39:53,452] 71 root INFO Hypothesis cp_000: float64, float64 
[2023-01-05 17:39:53,457] 71 root INFO Hypothesis cq_000: float64, float64 
[2023-01-05 17:39:53,464] 71 root INFO Hypothesis cs_000: float64, float64 
[2023-01-05 17:39:53,471] 71 root INFO Hypothesis cs_001: float64, float64 
[2023-01-05 17:39:53,477] 71 root INFO Hypothesis cs_002: float64, float64 
[2023-01-05 17:39:53,484] 71 root INFO Hypothesis cs_003: float64, float64 
[2023-01-05 17:39:53,491] 71 root INFO Hypothesis cs_004: float64, float64 
[2023-01-05 17:39:53,499] 71 root INFO Hypothesis cs_005: float64, float64 
[2023-01-05 17:39:53,506] 71 root INFO Hypothesis cs_006: float64, float64 
[2023-01-05 17:39:53,513] 71 root INFO Hypothesis cs_007: float64, float64 
[2023-01-05 17:39:53,520] 71 root INFO Hypothesis cs_008: float64, float64 
[2023-01-05 17:39:53,526] 71 root INFO Hypothesis cs_009: float64, float64 
[2023-01-05 17:39:53,541] 71 root INFO Hypothesis dd_000: float64, float64 
[2023-01-05 17:39:53,548] 71 root INFO Hypothesis de_000: float64, float64 
[2023-01-05 17:39:53,554] 71 root INFO Hypothesis df_000: float64, float64 
[2023-01-05 17:39:53,557] 71 root INFO Hypothesis dg_000: float64, float64 
[2023-01-05 17:39:53,560] 71 root INFO Hypothesis dh_000: float64, float64 
[2023-01-05 17:39:53,564] 71 root INFO Hypothesis di_000: float64, float64 
[2023-01-05 17:39:53,568] 71 root INFO Hypothesis dj_000: float64, float64 
[2023-01-05 17:39:53,571] 71 root INFO Hypothesis dk_000: float64, float64 
[2023-01-05 17:39:53,575] 71 root INFO Hypothesis dl_000: float64, float64 
[2023-01-05 17:39:53,578] 71 root INFO Hypothesis dm_000: float64, float64 
[2023-01-05 17:39:53,581] 71 root INFO Hypothesis dn_000: float64, float64 
[2023-01-05 17:39:53,588] 71 root INFO Hypothesis do_000: float64, float64 
[2023-01-05 17:39:53,594] 71 root INFO Hypothesis dp_000: float64, float64 
[2023-01-05 17:39:53,600] 71 root INFO Hypothesis dq_000: float64, float64 
[2023-01-05 17:39:53,605] 71 root INFO Hypothesis dr_000: float64, float64 
[2023-01-05 17:39:53,609] 71 root INFO Hypothesis ds_000: float64, float64 
[2023-01-05 17:39:53,616] 71 root INFO Hypothesis dt_000: float64, float64 
[2023-01-05 17:39:53,623] 71 root INFO Hypothesis du_000: float64, float64 
[2023-01-05 17:39:53,630] 71 root INFO Hypothesis dv_000: float64, float64 
[2023-01-05 17:39:53,636] 71 root INFO Hypothesis dx_000: float64, float64 
[2023-01-05 17:39:53,641] 71 root INFO Hypothesis dy_000: float64, float64 
[2023-01-05 17:39:53,646] 71 root INFO Hypothesis dz_000: float64, float64 
[2023-01-05 17:39:53,649] 71 root INFO Hypothesis ea_000: float64, float64 
[2023-01-05 17:39:53,652] 71 root INFO Hypothesis eb_000: float64, float64 
[2023-01-05 17:39:53,658] 71 root INFO Hypothesis ec_00: float64, float64 
[2023-01-05 17:39:53,665] 71 root INFO Hypothesis ed_000: float64, float64 
[2023-01-05 17:39:53,671] 71 root INFO Hypothesis ee_000: float64, float64 
[2023-01-05 17:39:53,678] 71 root INFO Hypothesis ee_001: float64, float64 
[2023-01-05 17:39:53,685] 71 root INFO Hypothesis ee_002: float64, float64 
[2023-01-05 17:39:53,692] 71 root INFO Hypothesis ee_003: float64, float64 
[2023-01-05 17:39:53,699] 71 root INFO Hypothesis ee_004: float64, float64 
[2023-01-05 17:39:53,706] 71 root INFO Hypothesis ee_005: float64, float64 
[2023-01-05 17:39:53,713] 71 root INFO Hypothesis ee_006: float64, float64 
[2023-01-05 17:39:53,720] 71 root INFO Hypothesis ee_007: float64, float64 
[2023-01-05 17:39:53,726] 71 root INFO Hypothesis ee_008: float64, float64 
[2023-01-05 17:39:53,732] 71 root INFO Hypothesis ee_009: float64, float64 
[2023-01-05 17:39:53,737] 71 root INFO Hypothesis ef_000: float64, float64 
[2023-01-05 17:39:53,741] 71 root INFO Hypothesis eg_000: float64, float64 
[2023-01-05 17:39:53,756] 134 root INFO Write reprt in yaml file
[2023-01-05 17:39:53,824] 141 root INFO Data validation artifact: DataValidationArtifact(report_file_path='/config/workspace/artifact/01052023__173918/data_validation/report.yaml')
[2023-01-05 17:39:54,743] 63 root INFO before resampling in training set input:{input_feature_train_arr.shape} and target :{target_feature_train_arr.shape}
[2023-01-05 17:40:00,508] 65 root INFO after resampling training set input(56080, 170) and target:(56080,)
[2023-01-05 17:40:00,508] 68 root INFO Before resampling in testing set Input: (7238, 170) Target:(7238,)
[2023-01-05 17:40:01,196] 70 root INFO After resampling in testing set Input: (14102, 170) Target:(14102,)
[2023-01-05 17:40:01,309] 53 root INFO Entered the save_object method of MainUtils class
[2023-01-05 17:40:01,312] 57 root INFO Exited the save_object method of MainUtils class
