[2023-01-05 17:11:48,640] 20 root INFO exporting collection data as pandas dataframe
[2023-01-05 17:11:48,640] 12 root INFO reading from databaseaps qand collection :sensor
[2023-01-05 17:11:52,110] 14 root INFO found columns:Index(['_id', 'class', 'aa_000', 'ab_000', 'ac_000', 'ad_000', 'ae_000',
       'af_000', 'ag_000', 'ag_001',
       ...
       'ee_002', 'ee_003', 'ee_004', 'ee_005', 'ee_006', 'ee_007', 'ee_008',
       'ee_009', 'ef_000', 'eg_000'],
      dtype='object', length=172)
[2023-01-05 17:11:52,111] 16 root INFO dropping _id column
[2023-01-05 17:11:52,316] 24 root INFO save data in feature store,replacing null values with nan
[2023-01-05 17:11:52,862] 27 root INFO creating feature store folder if not available
[2023-01-05 17:11:52,863] 31 root INFO save df to feature store folder
[2023-01-05 17:11:55,386] 34 root INFO spliting data into train test split
[2023-01-05 17:11:55,979] 37 root INFO creating dataset directory if not available
[2023-01-05 17:11:55,980] 41 root INFO save df to feature store folder
[2023-01-05 17:11:58,262] 46 root INFO preparing artifact
[2023-01-05 17:11:58,262] 53 root INFO data ingestion artifact:DataIngestionArtifact(feature_store_file_path='/config/workspace/artifact/01052023__171148/data_ingestion/feature_store/sensor.csv', train_file_path='/config/workspace/artifact/01052023__171148/data_ingestion/dataset/train.csv', test_file_path='/config/workspace/artifact/01052023__171148/data_ingestion/dataset/test.csv')
[2023-01-05 17:11:58,674] 20 root INFO exporting collection data as pandas dataframe
[2023-01-05 17:11:58,674] 12 root INFO reading from databaseaps qand collection :sensor
[2023-01-05 17:12:02,093] 14 root INFO found columns:Index(['_id', 'class', 'aa_000', 'ab_000', 'ac_000', 'ad_000', 'ae_000',
       'af_000', 'ag_000', 'ag_001',
       ...
       'ee_002', 'ee_003', 'ee_004', 'ee_005', 'ee_006', 'ee_007', 'ee_008',
       'ee_009', 'ef_000', 'eg_000'],
      dtype='object', length=172)
[2023-01-05 17:12:02,093] 16 root INFO dropping _id column
[2023-01-05 17:12:02,285] 24 root INFO save data in feature store,replacing null values with nan
[2023-01-05 17:12:02,853] 27 root INFO creating feature store folder if not available
[2023-01-05 17:12:02,854] 31 root INFO save df to feature store folder
[2023-01-05 17:12:05,463] 34 root INFO spliting data into train test split
[2023-01-05 17:12:06,076] 37 root INFO creating dataset directory if not available
[2023-01-05 17:12:06,077] 41 root INFO save df to feature store folder
[2023-01-05 17:12:08,331] 46 root INFO preparing artifact
[2023-01-05 17:12:08,331] 53 root INFO data ingestion artifact:DataIngestionArtifact(feature_store_file_path='/config/workspace/artifact/01052023__171148/data_ingestion/feature_store/sensor.csv', train_file_path='/config/workspace/artifact/01052023__171148/data_ingestion/dataset/train.csv', test_file_path='/config/workspace/artifact/01052023__171148/data_ingestion/dataset/test.csv')
[2023-01-05 17:12:08,689] 16 root INFO >>>>>>>>>>>>>>>>>>>>>>>>>>>>>>>>>>>>>>>> DATA VALIDATION <<<<<<<<<<<<<<<<<<<<<<<<<<<<<<<<<<<<<<<<
[2023-01-05 17:12:08,690] 96 root INFO Reading base dataframe
[2023-01-05 17:12:11,646] 99 root INFO Replace na value in base df
[2023-01-05 17:12:11,646] 101 root INFO Drop null values colums from base df
[2023-01-05 17:12:12,580] 30 root INFO selecting column nane which containing null above 0.2
[2023-01-05 17:12:12,580] 33 root INFO column names to drop['ab_000', 'ad_000', 'bk_000', 'bl_000', 'bm_000', 'bn_000', 'bo_000', 'bp_000', 'bq_000', 'br_000', 'cf_000', 'cg_000', 'ch_000', 'co_000', 'cr_000', 'ct_000', 'cu_000', 'cv_000', 'cx_000', 'cy_000', 'cz_000', 'da_000', 'db_000', 'dc_000']
[2023-01-05 17:12:12,660] 104 root INFO reading train dataframe
[2023-01-05 17:12:13,051] 106 root INFO reading test dataframe
[2023-01-05 17:12:13,155] 109 root INFO dropping null vakluecolumns from  train df
[2023-01-05 17:12:13,167] 30 root INFO selecting column nane which containing null above 0.2
[2023-01-05 17:12:13,167] 33 root INFO column names to drop['ab_000', 'ad_000', 'bk_000', 'bl_000', 'bm_000', 'bn_000', 'bo_000', 'bp_000', 'bq_000', 'br_000', 'cf_000', 'cg_000', 'ch_000', 'co_000', 'cr_000', 'ct_000', 'cu_000', 'cv_000', 'cx_000', 'cy_000', 'cz_000', 'da_000', 'db_000', 'dc_000']
[2023-01-05 17:12:13,176] 111 root INFO dropping missing value columns in test dataset
[2023-01-05 17:12:13,180] 30 root INFO selecting column nane which containing null above 0.2
[2023-01-05 17:12:13,181] 33 root INFO column names to drop['ab_000', 'ad_000', 'bk_000', 'bl_000', 'bm_000', 'bn_000', 'bo_000', 'bp_000', 'bq_000', 'br_000', 'cf_000', 'cg_000', 'ch_000', 'co_000', 'cr_000', 'ct_000', 'cu_000', 'cv_000', 'cx_000', 'cy_000', 'cz_000', 'da_000', 'db_000', 'dc_000']
[2023-01-05 17:12:19,193] 122 root INFO Is all required columns present in train df
[2023-01-05 17:12:19,193] 124 root INFO Is all required columns present in test df
[2023-01-05 17:12:19,193] 128 root INFO As all column are available in train df hence detecting data drift
[2023-01-05 17:12:19,194] 71 root INFO Hypothesis class: object, object 
[2023-01-05 17:12:19,327] 71 root INFO Hypothesis aa_000: float64, float64 
[2023-01-05 17:12:19,338] 71 root INFO Hypothesis ac_000: float64, float64 
[2023-01-05 17:12:19,346] 71 root INFO Hypothesis ae_000: float64, float64 
[2023-01-05 17:12:19,383] 71 root INFO Hypothesis af_000: float64, float64 
[2023-01-05 17:12:19,420] 71 root INFO Hypothesis ag_000: float64, float64 
[2023-01-05 17:12:19,456] 71 root INFO Hypothesis ag_001: float64, float64 
[2023-01-05 17:12:19,491] 71 root INFO Hypothesis ag_002: float64, float64 
[2023-01-05 17:12:19,528] 71 root INFO Hypothesis ag_003: float64, float64 
[2023-01-05 17:12:19,566] 71 root INFO Hypothesis ag_004: float64, float64 
[2023-01-05 17:12:19,577] 71 root INFO Hypothesis ag_005: float64, float64 
[2023-01-05 17:12:19,587] 71 root INFO Hypothesis ag_006: float64, float64 
[2023-01-05 17:12:19,598] 71 root INFO Hypothesis ag_007: float64, float64 
[2023-01-05 17:12:19,639] 71 root INFO Hypothesis ag_008: float64, float64 
[2023-01-05 17:12:19,649] 71 root INFO Hypothesis ag_009: float64, float64 
[2023-01-05 17:12:19,656] 71 root INFO Hypothesis ah_000: float64, float64 
[2023-01-05 17:12:19,667] 71 root INFO Hypothesis ai_000: float64, float64 
[2023-01-05 17:12:19,705] 71 root INFO Hypothesis aj_000: float64, float64 
[2023-01-05 17:12:19,745] 71 root INFO Hypothesis ak_000: float64, float64 
[2023-01-05 17:12:19,782] 71 root INFO Hypothesis al_000: float64, float64 
[2023-01-05 17:12:19,821] 71 root INFO Hypothesis am_0: float64, float64 
[2023-01-05 17:12:19,861] 71 root INFO Hypothesis an_000: float64, float64 
[2023-01-05 17:12:19,873] 71 root INFO Hypothesis ao_000: float64, float64 
[2023-01-05 17:12:19,884] 71 root INFO Hypothesis ap_000: float64, float64 
[2023-01-05 17:12:19,895] 71 root INFO Hypothesis aq_000: float64, float64 
[2023-01-05 17:12:19,906] 71 root INFO Hypothesis ar_000: float64, float64 
[2023-01-05 17:12:19,943] 71 root INFO Hypothesis as_000: float64, float64 
[2023-01-05 17:12:19,947] 71 root INFO Hypothesis at_000: float64, float64 
[2023-01-05 17:12:19,984] 71 root INFO Hypothesis au_000: float64, float64 
[2023-01-05 17:12:20,020] 71 root INFO Hypothesis av_000: float64, float64 
[2023-01-05 17:12:20,029] 71 root INFO Hypothesis ax_000: float64, float64 
[2023-01-05 17:12:20,037] 71 root INFO Hypothesis ay_000: float64, float64 
[2023-01-05 17:12:20,074] 71 root INFO Hypothesis ay_001: float64, float64 
[2023-01-05 17:12:20,110] 71 root INFO Hypothesis ay_002: float64, float64 
[2023-01-05 17:12:20,147] 71 root INFO Hypothesis ay_003: float64, float64 
[2023-01-05 17:12:20,182] 71 root INFO Hypothesis ay_004: float64, float64 
[2023-01-05 17:12:20,218] 71 root INFO Hypothesis ay_005: float64, float64 
[2023-01-05 17:12:20,258] 71 root INFO Hypothesis ay_006: float64, float64 
[2023-01-05 17:12:20,268] 71 root INFO Hypothesis ay_007: float64, float64 
[2023-01-05 17:12:20,278] 71 root INFO Hypothesis ay_008: float64, float64 
[2023-01-05 17:12:20,320] 71 root INFO Hypothesis ay_009: float64, float64 
[2023-01-05 17:12:20,356] 71 root INFO Hypothesis az_000: float64, float64 
[2023-01-05 17:12:20,367] 71 root INFO Hypothesis az_001: float64, float64 
[2023-01-05 17:12:20,376] 71 root INFO Hypothesis az_002: float64, float64 
[2023-01-05 17:12:20,385] 71 root INFO Hypothesis az_003: float64, float64 
[2023-01-05 17:12:20,395] 71 root INFO Hypothesis az_004: float64, float64 
[2023-01-05 17:12:20,406] 71 root INFO Hypothesis az_005: float64, float64 
[2023-01-05 17:12:20,417] 71 root INFO Hypothesis az_006: float64, float64 
[2023-01-05 17:12:20,426] 71 root INFO Hypothesis az_007: float64, float64 
[2023-01-05 17:12:20,464] 71 root INFO Hypothesis az_008: float64, float64 
[2023-01-05 17:12:20,502] 71 root INFO Hypothesis az_009: float64, float64 
[2023-01-05 17:12:20,538] 71 root INFO Hypothesis ba_000: float64, float64 
[2023-01-05 17:12:20,582] 71 root INFO Hypothesis ba_001: float64, float64 
[2023-01-05 17:12:20,592] 71 root INFO Hypothesis ba_002: float64, float64 
[2023-01-05 17:12:20,603] 71 root INFO Hypothesis ba_003: float64, float64 
[2023-01-05 17:12:20,613] 71 root INFO Hypothesis ba_004: float64, float64 
[2023-01-05 17:12:20,624] 71 root INFO Hypothesis ba_005: float64, float64 
[2023-01-05 17:12:20,634] 71 root INFO Hypothesis ba_006: float64, float64 
[2023-01-05 17:12:20,644] 71 root INFO Hypothesis ba_007: float64, float64 
[2023-01-05 17:12:20,653] 71 root INFO Hypothesis ba_008: float64, float64 
[2023-01-05 17:12:20,661] 71 root INFO Hypothesis ba_009: float64, float64 
[2023-01-05 17:12:20,701] 71 root INFO Hypothesis bb_000: float64, float64 
[2023-01-05 17:12:20,711] 71 root INFO Hypothesis bc_000: float64, float64 
[2023-01-05 17:12:20,752] 71 root INFO Hypothesis bd_000: float64, float64 
[2023-01-05 17:12:20,760] 71 root INFO Hypothesis be_000: float64, float64 
[2023-01-05 17:12:20,769] 71 root INFO Hypothesis bf_000: float64, float64 
[2023-01-05 17:12:20,809] 71 root INFO Hypothesis bg_000: float64, float64 
[2023-01-05 17:12:20,821] 71 root INFO Hypothesis bh_000: float64, float64 
[2023-01-05 17:12:20,831] 71 root INFO Hypothesis bi_000: float64, float64 
[2023-01-05 17:12:20,843] 71 root INFO Hypothesis bj_000: float64, float64 
[2023-01-05 17:12:20,854] 71 root INFO Hypothesis bs_000: float64, float64 
[2023-01-05 17:12:20,865] 71 root INFO Hypothesis bt_000: float64, float64 
[2023-01-05 17:12:20,876] 71 root INFO Hypothesis bu_000: float64, float64 
[2023-01-05 17:12:20,887] 71 root INFO Hypothesis bv_000: float64, float64 
[2023-01-05 17:12:20,897] 71 root INFO Hypothesis bx_000: float64, float64 
[2023-01-05 17:12:20,908] 71 root INFO Hypothesis by_000: float64, float64 
[2023-01-05 17:12:20,918] 71 root INFO Hypothesis bz_000: float64, float64 
[2023-01-05 17:12:20,963] 71 root INFO Hypothesis ca_000: float64, float64 
[2023-01-05 17:12:20,974] 71 root INFO Hypothesis cb_000: float64, float64 
[2023-01-05 17:12:20,985] 71 root INFO Hypothesis cc_000: float64, float64 
[2023-01-05 17:12:20,995] 71 root INFO Hypothesis cd_000: float64, float64 
[2023-01-05 17:12:21,031] 71 root INFO Hypothesis ce_000: float64, float64 
[2023-01-05 17:12:21,040] 71 root INFO Hypothesis ci_000: float64, float64 
[2023-01-05 17:12:21,051] 71 root INFO Hypothesis cj_000: float64, float64 
[2023-01-05 17:12:21,093] 71 root INFO Hypothesis ck_000: float64, float64 
[2023-01-05 17:12:21,104] 71 root INFO Hypothesis cl_000: float64, float64 
[2023-01-05 17:12:21,110] 71 root INFO Hypothesis cm_000: float64, float64 
[2023-01-05 17:12:21,150] 71 root INFO Hypothesis cn_000: float64, float64 
[2023-01-05 17:12:21,187] 71 root INFO Hypothesis cn_001: float64, float64 
[2023-01-05 17:12:21,225] 71 root INFO Hypothesis cn_002: float64, float64 
[2023-01-05 17:12:21,266] 71 root INFO Hypothesis cn_003: float64, float64 
[2023-01-05 17:12:21,277] 71 root INFO Hypothesis cn_004: float64, float64 
[2023-01-05 17:12:21,287] 71 root INFO Hypothesis cn_005: float64, float64 
[2023-01-05 17:12:21,332] 71 root INFO Hypothesis cn_006: float64, float64 
[2023-01-05 17:12:21,342] 71 root INFO Hypothesis cn_007: float64, float64 
[2023-01-05 17:12:21,352] 71 root INFO Hypothesis cn_008: float64, float64 
[2023-01-05 17:12:21,361] 71 root INFO Hypothesis cn_009: float64, float64 
[2023-01-05 17:12:21,369] 71 root INFO Hypothesis cp_000: float64, float64 
[2023-01-05 17:12:21,410] 71 root INFO Hypothesis cq_000: float64, float64 
[2023-01-05 17:12:21,420] 71 root INFO Hypothesis cs_000: float64, float64 
[2023-01-05 17:12:21,430] 71 root INFO Hypothesis cs_001: float64, float64 
[2023-01-05 17:12:21,439] 71 root INFO Hypothesis cs_002: float64, float64 
[2023-01-05 17:12:21,449] 71 root INFO Hypothesis cs_003: float64, float64 
[2023-01-05 17:12:21,460] 71 root INFO Hypothesis cs_004: float64, float64 
[2023-01-05 17:12:21,470] 71 root INFO Hypothesis cs_005: float64, float64 
[2023-01-05 17:12:21,481] 71 root INFO Hypothesis cs_006: float64, float64 
[2023-01-05 17:12:21,492] 71 root INFO Hypothesis cs_007: float64, float64 
[2023-01-05 17:12:21,503] 71 root INFO Hypothesis cs_008: float64, float64 
[2023-01-05 17:12:21,543] 71 root INFO Hypothesis cs_009: float64, float64 
[2023-01-05 17:12:21,579] 71 root INFO Hypothesis dd_000: float64, float64 
[2023-01-05 17:12:21,589] 71 root INFO Hypothesis de_000: float64, float64 
[2023-01-05 17:12:21,629] 71 root INFO Hypothesis df_000: float64, float64 
[2023-01-05 17:12:21,666] 71 root INFO Hypothesis dg_000: float64, float64 
[2023-01-05 17:12:21,703] 71 root INFO Hypothesis dh_000: float64, float64 
[2023-01-05 17:12:21,739] 71 root INFO Hypothesis di_000: float64, float64 
[2023-01-05 17:12:21,777] 71 root INFO Hypothesis dj_000: float64, float64 
[2023-01-05 17:12:21,815] 71 root INFO Hypothesis dk_000: float64, float64 
[2023-01-05 17:12:21,851] 71 root INFO Hypothesis dl_000: float64, float64 
[2023-01-05 17:12:21,890] 71 root INFO Hypothesis dm_000: float64, float64 
[2023-01-05 17:12:21,927] 71 root INFO Hypothesis dn_000: float64, float64 
[2023-01-05 17:12:21,938] 71 root INFO Hypothesis do_000: float64, float64 
[2023-01-05 17:12:21,981] 71 root INFO Hypothesis dp_000: float64, float64 
[2023-01-05 17:12:21,991] 71 root INFO Hypothesis dq_000: float64, float64 
[2023-01-05 17:12:22,032] 71 root INFO Hypothesis dr_000: float64, float64 
[2023-01-05 17:12:22,073] 71 root INFO Hypothesis ds_000: float64, float64 
[2023-01-05 17:12:22,115] 71 root INFO Hypothesis dt_000: float64, float64 
[2023-01-05 17:12:22,157] 71 root INFO Hypothesis du_000: float64, float64 
[2023-01-05 17:12:22,168] 71 root INFO Hypothesis dv_000: float64, float64 
[2023-01-05 17:12:22,178] 71 root INFO Hypothesis dx_000: float64, float64 
[2023-01-05 17:12:22,185] 71 root INFO Hypothesis dy_000: float64, float64 
[2023-01-05 17:12:22,223] 71 root INFO Hypothesis dz_000: float64, float64 
[2023-01-05 17:12:22,259] 71 root INFO Hypothesis ea_000: float64, float64 
[2023-01-05 17:12:22,296] 71 root INFO Hypothesis eb_000: float64, float64 
[2023-01-05 17:12:22,304] 71 root INFO Hypothesis ec_00: float64, float64 
[2023-01-05 17:12:22,314] 71 root INFO Hypothesis ed_000: float64, float64 
[2023-01-05 17:12:22,323] 71 root INFO Hypothesis ee_000: float64, float64 
[2023-01-05 17:12:22,334] 71 root INFO Hypothesis ee_001: float64, float64 
[2023-01-05 17:12:22,345] 71 root INFO Hypothesis ee_002: float64, float64 
[2023-01-05 17:12:22,355] 71 root INFO Hypothesis ee_003: float64, float64 
[2023-01-05 17:12:22,365] 71 root INFO Hypothesis ee_004: float64, float64 
[2023-01-05 17:12:22,375] 71 root INFO Hypothesis ee_005: float64, float64 
[2023-01-05 17:12:22,385] 71 root INFO Hypothesis ee_006: float64, float64 
[2023-01-05 17:12:22,428] 71 root INFO Hypothesis ee_007: float64, float64 
[2023-01-05 17:12:22,442] 71 root INFO Hypothesis ee_008: float64, float64 
[2023-01-05 17:12:22,451] 71 root INFO Hypothesis ee_009: float64, float64 
[2023-01-05 17:12:22,491] 71 root INFO Hypothesis ef_000: float64, float64 
[2023-01-05 17:12:22,528] 71 root INFO Hypothesis eg_000: float64, float64 
[2023-01-05 17:12:22,564] 131 root INFO As all column are available in test df hence detecting data drift
[2023-01-05 17:12:22,564] 71 root INFO Hypothesis class: object, object 
[2023-01-05 17:12:22,639] 71 root INFO Hypothesis aa_000: float64, float64 
[2023-01-05 17:12:22,646] 71 root INFO Hypothesis ac_000: float64, float64 
[2023-01-05 17:12:22,651] 71 root INFO Hypothesis ae_000: float64, float64 
[2023-01-05 17:12:22,667] 71 root INFO Hypothesis af_000: float64, float64 
[2023-01-05 17:12:22,682] 71 root INFO Hypothesis ag_000: float64, float64 
[2023-01-05 17:12:22,697] 71 root INFO Hypothesis ag_001: float64, float64 
[2023-01-05 17:12:22,712] 71 root INFO Hypothesis ag_002: float64, float64 
[2023-01-05 17:12:22,716] 71 root INFO Hypothesis ag_003: float64, float64 
[2023-01-05 17:12:22,720] 71 root INFO Hypothesis ag_004: float64, float64 
[2023-01-05 17:12:22,726] 71 root INFO Hypothesis ag_005: float64, float64 
[2023-01-05 17:12:22,734] 71 root INFO Hypothesis ag_006: float64, float64 
[2023-01-05 17:12:22,741] 71 root INFO Hypothesis ag_007: float64, float64 
[2023-01-05 17:12:22,747] 71 root INFO Hypothesis ag_008: float64, float64 
[2023-01-05 17:12:22,753] 71 root INFO Hypothesis ag_009: float64, float64 
[2023-01-05 17:12:22,758] 71 root INFO Hypothesis ah_000: float64, float64 
[2023-01-05 17:12:22,765] 71 root INFO Hypothesis ai_000: float64, float64 
[2023-01-05 17:12:22,768] 71 root INFO Hypothesis aj_000: float64, float64 
[2023-01-05 17:12:22,772] 71 root INFO Hypothesis ak_000: float64, float64 
[2023-01-05 17:12:22,787] 71 root INFO Hypothesis al_000: float64, float64 
[2023-01-05 17:12:22,792] 71 root INFO Hypothesis am_0: float64, float64 
[2023-01-05 17:12:22,797] 71 root INFO Hypothesis an_000: float64, float64 
[2023-01-05 17:12:22,804] 71 root INFO Hypothesis ao_000: float64, float64 
[2023-01-05 17:12:22,811] 71 root INFO Hypothesis ap_000: float64, float64 
[2023-01-05 17:12:22,820] 71 root INFO Hypothesis aq_000: float64, float64 
[2023-01-05 17:12:22,827] 71 root INFO Hypothesis ar_000: float64, float64 
[2023-01-05 17:12:22,843] 71 root INFO Hypothesis as_000: float64, float64 
[2023-01-05 17:12:22,858] 71 root INFO Hypothesis at_000: float64, float64 
[2023-01-05 17:12:22,861] 71 root INFO Hypothesis au_000: float64, float64 
[2023-01-05 17:12:22,876] 71 root INFO Hypothesis av_000: float64, float64 
[2023-01-05 17:12:22,882] 71 root INFO Hypothesis ax_000: float64, float64 
[2023-01-05 17:12:22,887] 71 root INFO Hypothesis ay_000: float64, float64 
[2023-01-05 17:12:22,902] 71 root INFO Hypothesis ay_001: float64, float64 
[2023-01-05 17:12:22,918] 71 root INFO Hypothesis ay_002: float64, float64 
[2023-01-05 17:12:22,934] 71 root INFO Hypothesis ay_003: float64, float64 
[2023-01-05 17:12:22,955] 71 root INFO Hypothesis ay_004: float64, float64 
[2023-01-05 17:12:22,970] 71 root INFO Hypothesis ay_005: float64, float64 
[2023-01-05 17:12:22,976] 71 root INFO Hypothesis ay_006: float64, float64 
[2023-01-05 17:12:22,982] 71 root INFO Hypothesis ay_007: float64, float64 
[2023-01-05 17:12:22,989] 71 root INFO Hypothesis ay_008: float64, float64 
[2023-01-05 17:12:22,995] 71 root INFO Hypothesis ay_009: float64, float64 
[2023-01-05 17:12:23,010] 71 root INFO Hypothesis az_000: float64, float64 
[2023-01-05 17:12:23,017] 71 root INFO Hypothesis az_001: float64, float64 
[2023-01-05 17:12:23,023] 71 root INFO Hypothesis az_002: float64, float64 
[2023-01-05 17:12:23,030] 71 root INFO Hypothesis az_003: float64, float64 
[2023-01-05 17:12:23,037] 71 root INFO Hypothesis az_004: float64, float64 
[2023-01-05 17:12:23,044] 71 root INFO Hypothesis az_005: float64, float64 
[2023-01-05 17:12:23,051] 71 root INFO Hypothesis az_006: float64, float64 
[2023-01-05 17:12:23,058] 71 root INFO Hypothesis az_007: float64, float64 
[2023-01-05 17:12:23,062] 71 root INFO Hypothesis az_008: float64, float64 
[2023-01-05 17:12:23,079] 71 root INFO Hypothesis az_009: float64, float64 
[2023-01-05 17:12:23,094] 71 root INFO Hypothesis ba_000: float64, float64 
[2023-01-05 17:12:23,102] 71 root INFO Hypothesis ba_001: float64, float64 
[2023-01-05 17:12:23,109] 71 root INFO Hypothesis ba_002: float64, float64 
[2023-01-05 17:12:23,116] 71 root INFO Hypothesis ba_003: float64, float64 
[2023-01-05 17:12:23,123] 71 root INFO Hypothesis ba_004: float64, float64 
[2023-01-05 17:12:23,130] 71 root INFO Hypothesis ba_005: float64, float64 
[2023-01-05 17:12:23,137] 71 root INFO Hypothesis ba_006: float64, float64 
[2023-01-05 17:12:23,143] 71 root INFO Hypothesis ba_007: float64, float64 
[2023-01-05 17:12:23,150] 71 root INFO Hypothesis ba_008: float64, float64 
[2023-01-05 17:12:23,156] 71 root INFO Hypothesis ba_009: float64, float64 
[2023-01-05 17:12:23,161] 71 root INFO Hypothesis bb_000: float64, float64 
[2023-01-05 17:12:23,168] 71 root INFO Hypothesis bc_000: float64, float64 
[2023-01-05 17:12:23,173] 71 root INFO Hypothesis bd_000: float64, float64 
[2023-01-05 17:12:23,179] 71 root INFO Hypothesis be_000: float64, float64 
[2023-01-05 17:12:23,185] 71 root INFO Hypothesis bf_000: float64, float64 
[2023-01-05 17:12:23,190] 71 root INFO Hypothesis bg_000: float64, float64 
[2023-01-05 17:12:23,197] 71 root INFO Hypothesis bh_000: float64, float64 
[2023-01-05 17:12:23,203] 71 root INFO Hypothesis bi_000: float64, float64 
[2023-01-05 17:12:23,210] 71 root INFO Hypothesis bj_000: float64, float64 
[2023-01-05 17:12:23,218] 71 root INFO Hypothesis bs_000: float64, float64 
[2023-01-05 17:12:23,225] 71 root INFO Hypothesis bt_000: float64, float64 
[2023-01-05 17:12:23,232] 71 root INFO Hypothesis bu_000: float64, float64 
[2023-01-05 17:12:23,239] 71 root INFO Hypothesis bv_000: float64, float64 
[2023-01-05 17:12:23,246] 71 root INFO Hypothesis bx_000: float64, float64 
[2023-01-05 17:12:23,253] 71 root INFO Hypothesis by_000: float64, float64 
[2023-01-05 17:12:23,260] 71 root INFO Hypothesis bz_000: float64, float64 
[2023-01-05 17:12:23,266] 71 root INFO Hypothesis ca_000: float64, float64 
[2023-01-05 17:12:23,273] 71 root INFO Hypothesis cb_000: float64, float64 
[2023-01-05 17:12:23,280] 71 root INFO Hypothesis cc_000: float64, float64 
[2023-01-05 17:12:23,287] 71 root INFO Hypothesis cd_000: float64, float64 
[2023-01-05 17:12:23,302] 71 root INFO Hypothesis ce_000: float64, float64 
[2023-01-05 17:12:23,309] 71 root INFO Hypothesis ci_000: float64, float64 
[2023-01-05 17:12:23,317] 71 root INFO Hypothesis cj_000: float64, float64 
[2023-01-05 17:12:23,322] 71 root INFO Hypothesis ck_000: float64, float64 
[2023-01-05 17:12:23,329] 71 root INFO Hypothesis cl_000: float64, float64 
[2023-01-05 17:12:23,333] 71 root INFO Hypothesis cm_000: float64, float64 
[2023-01-05 17:12:23,338] 71 root INFO Hypothesis cn_000: float64, float64 
[2023-01-05 17:12:23,341] 71 root INFO Hypothesis cn_001: float64, float64 
[2023-01-05 17:12:23,345] 71 root INFO Hypothesis cn_002: float64, float64 
[2023-01-05 17:12:23,351] 71 root INFO Hypothesis cn_003: float64, float64 
[2023-01-05 17:12:23,358] 71 root INFO Hypothesis cn_004: float64, float64 
[2023-01-05 17:12:23,365] 71 root INFO Hypothesis cn_005: float64, float64 
[2023-01-05 17:12:23,372] 71 root INFO Hypothesis cn_006: float64, float64 
[2023-01-05 17:12:23,379] 71 root INFO Hypothesis cn_007: float64, float64 
[2023-01-05 17:12:23,386] 71 root INFO Hypothesis cn_008: float64, float64 
[2023-01-05 17:12:23,392] 71 root INFO Hypothesis cn_009: float64, float64 
[2023-01-05 17:12:23,397] 71 root INFO Hypothesis cp_000: float64, float64 
[2023-01-05 17:12:23,402] 71 root INFO Hypothesis cq_000: float64, float64 
[2023-01-05 17:12:23,409] 71 root INFO Hypothesis cs_000: float64, float64 
[2023-01-05 17:12:23,416] 71 root INFO Hypothesis cs_001: float64, float64 
[2023-01-05 17:12:23,422] 71 root INFO Hypothesis cs_002: float64, float64 
[2023-01-05 17:12:23,429] 71 root INFO Hypothesis cs_003: float64, float64 
[2023-01-05 17:12:23,436] 71 root INFO Hypothesis cs_004: float64, float64 
[2023-01-05 17:12:23,443] 71 root INFO Hypothesis cs_005: float64, float64 
[2023-01-05 17:12:23,450] 71 root INFO Hypothesis cs_006: float64, float64 
[2023-01-05 17:12:23,457] 71 root INFO Hypothesis cs_007: float64, float64 
[2023-01-05 17:12:23,464] 71 root INFO Hypothesis cs_008: float64, float64 
[2023-01-05 17:12:23,469] 71 root INFO Hypothesis cs_009: float64, float64 
[2023-01-05 17:12:23,485] 71 root INFO Hypothesis dd_000: float64, float64 
[2023-01-05 17:12:23,491] 71 root INFO Hypothesis de_000: float64, float64 
[2023-01-05 17:12:23,497] 71 root INFO Hypothesis df_000: float64, float64 
[2023-01-05 17:12:23,512] 71 root INFO Hypothesis dg_000: float64, float64 
[2023-01-05 17:12:23,527] 71 root INFO Hypothesis dh_000: float64, float64 
[2023-01-05 17:12:23,543] 71 root INFO Hypothesis di_000: float64, float64 
[2023-01-05 17:12:23,547] 71 root INFO Hypothesis dj_000: float64, float64 
[2023-01-05 17:12:23,562] 71 root INFO Hypothesis dk_000: float64, float64 
[2023-01-05 17:12:23,577] 71 root INFO Hypothesis dl_000: float64, float64 
[2023-01-05 17:12:23,593] 71 root INFO Hypothesis dm_000: float64, float64 
[2023-01-05 17:12:23,609] 71 root INFO Hypothesis dn_000: float64, float64 
[2023-01-05 17:12:23,616] 71 root INFO Hypothesis do_000: float64, float64 
[2023-01-05 17:12:23,622] 71 root INFO Hypothesis dp_000: float64, float64 
[2023-01-05 17:12:23,628] 71 root INFO Hypothesis dq_000: float64, float64 
[2023-01-05 17:12:23,633] 71 root INFO Hypothesis dr_000: float64, float64 
[2023-01-05 17:12:23,637] 71 root INFO Hypothesis ds_000: float64, float64 
[2023-01-05 17:12:23,644] 71 root INFO Hypothesis dt_000: float64, float64 
[2023-01-05 17:12:23,650] 71 root INFO Hypothesis du_000: float64, float64 
[2023-01-05 17:12:23,657] 71 root INFO Hypothesis dv_000: float64, float64 
[2023-01-05 17:12:23,664] 71 root INFO Hypothesis dx_000: float64, float64 
[2023-01-05 17:12:23,669] 71 root INFO Hypothesis dy_000: float64, float64 
[2023-01-05 17:12:23,674] 71 root INFO Hypothesis dz_000: float64, float64 
[2023-01-05 17:12:23,689] 71 root INFO Hypothesis ea_000: float64, float64 
[2023-01-05 17:12:23,704] 71 root INFO Hypothesis eb_000: float64, float64 
[2023-01-05 17:12:23,709] 71 root INFO Hypothesis ec_00: float64, float64 
[2023-01-05 17:12:23,716] 71 root INFO Hypothesis ed_000: float64, float64 
[2023-01-05 17:12:23,722] 71 root INFO Hypothesis ee_000: float64, float64 
[2023-01-05 17:12:23,729] 71 root INFO Hypothesis ee_001: float64, float64 
[2023-01-05 17:12:23,737] 71 root INFO Hypothesis ee_002: float64, float64 
[2023-01-05 17:12:23,744] 71 root INFO Hypothesis ee_003: float64, float64 
[2023-01-05 17:12:23,750] 71 root INFO Hypothesis ee_004: float64, float64 
[2023-01-05 17:12:23,758] 71 root INFO Hypothesis ee_005: float64, float64 
[2023-01-05 17:12:23,765] 71 root INFO Hypothesis ee_006: float64, float64 
[2023-01-05 17:12:23,771] 71 root INFO Hypothesis ee_007: float64, float64 
[2023-01-05 17:12:23,778] 71 root INFO Hypothesis ee_008: float64, float64 
[2023-01-05 17:12:23,784] 71 root INFO Hypothesis ee_009: float64, float64 
[2023-01-05 17:12:23,801] 71 root INFO Hypothesis ef_000: float64, float64 
[2023-01-05 17:12:23,817] 71 root INFO Hypothesis eg_000: float64, float64 
[2023-01-05 17:12:23,832] 134 root INFO Write reprt in yaml file
[2023-01-05 17:12:23,901] 141 root INFO Data validation artifact: DataValidationArtifact(report_file_path='/config/workspace/artifact/01052023__171148/data_validation/report.yaml')
