[2023-01-05 17:30:42,552] 20 root INFO exporting collection data as pandas dataframe
[2023-01-05 17:30:42,552] 12 root INFO reading from databaseaps qand collection :sensor
[2023-01-05 17:30:46,131] 14 root INFO found columns:Index(['_id', 'class', 'aa_000', 'ab_000', 'ac_000', 'ad_000', 'ae_000',
       'af_000', 'ag_000', 'ag_001',
       ...
       'ee_002', 'ee_003', 'ee_004', 'ee_005', 'ee_006', 'ee_007', 'ee_008',
       'ee_009', 'ef_000', 'eg_000'],
      dtype='object', length=172)
[2023-01-05 17:30:46,132] 16 root INFO dropping _id column
[2023-01-05 17:30:46,326] 24 root INFO save data in feature store,replacing null values with nan
[2023-01-05 17:30:46,875] 27 root INFO creating feature store folder if not available
[2023-01-05 17:30:46,876] 31 root INFO save df to feature store folder
[2023-01-05 17:30:49,348] 34 root INFO spliting data into train test split
[2023-01-05 17:30:49,856] 37 root INFO creating dataset directory if not available
[2023-01-05 17:30:49,857] 41 root INFO save df to feature store folder
[2023-01-05 17:30:52,130] 46 root INFO preparing artifact
[2023-01-05 17:30:52,131] 53 root INFO data ingestion artifact:DataIngestionArtifact(feature_store_file_path='/config/workspace/artifact/01052023__173042/data_ingestion/feature_store/sensor.csv', train_file_path='/config/workspace/artifact/01052023__173042/data_ingestion/dataset/train.csv', test_file_path='/config/workspace/artifact/01052023__173042/data_ingestion/dataset/test.csv')
[2023-01-05 17:30:52,575] 20 root INFO exporting collection data as pandas dataframe
[2023-01-05 17:30:52,575] 12 root INFO reading from databaseaps qand collection :sensor
[2023-01-05 17:30:56,135] 14 root INFO found columns:Index(['_id', 'class', 'aa_000', 'ab_000', 'ac_000', 'ad_000', 'ae_000',
       'af_000', 'ag_000', 'ag_001',
       ...
       'ee_002', 'ee_003', 'ee_004', 'ee_005', 'ee_006', 'ee_007', 'ee_008',
       'ee_009', 'ef_000', 'eg_000'],
      dtype='object', length=172)
[2023-01-05 17:30:56,135] 16 root INFO dropping _id column
[2023-01-05 17:30:56,331] 24 root INFO save data in feature store,replacing null values with nan
[2023-01-05 17:30:56,874] 27 root INFO creating feature store folder if not available
[2023-01-05 17:30:56,875] 31 root INFO save df to feature store folder
[2023-01-05 17:30:59,377] 34 root INFO spliting data into train test split
[2023-01-05 17:30:59,909] 37 root INFO creating dataset directory if not available
[2023-01-05 17:30:59,909] 41 root INFO save df to feature store folder
[2023-01-05 17:31:02,183] 46 root INFO preparing artifact
[2023-01-05 17:31:02,183] 53 root INFO data ingestion artifact:DataIngestionArtifact(feature_store_file_path='/config/workspace/artifact/01052023__173042/data_ingestion/feature_store/sensor.csv', train_file_path='/config/workspace/artifact/01052023__173042/data_ingestion/dataset/train.csv', test_file_path='/config/workspace/artifact/01052023__173042/data_ingestion/dataset/test.csv')
[2023-01-05 17:31:02,607] 16 root INFO >>>>>>>>>>>>>>>>>>>>>>>>>>>>>>>>>>>>>>>> DATA VALIDATION <<<<<<<<<<<<<<<<<<<<<<<<<<<<<<<<<<<<<<<<
[2023-01-05 17:31:02,608] 96 root INFO Reading base dataframe
[2023-01-05 17:31:05,472] 99 root INFO Replace na value in base df
[2023-01-05 17:31:05,473] 101 root INFO Drop null values colums from base df
[2023-01-05 17:31:06,422] 30 root INFO selecting column nane which containing null above 0.2
[2023-01-05 17:31:06,423] 33 root INFO column names to drop['ab_000', 'ad_000', 'bk_000', 'bl_000', 'bm_000', 'bn_000', 'bo_000', 'bp_000', 'bq_000', 'br_000', 'cf_000', 'cg_000', 'ch_000', 'co_000', 'cr_000', 'ct_000', 'cu_000', 'cv_000', 'cx_000', 'cy_000', 'cz_000', 'da_000', 'db_000', 'dc_000']
[2023-01-05 17:31:06,504] 104 root INFO reading train dataframe
[2023-01-05 17:31:06,907] 106 root INFO reading test dataframe
[2023-01-05 17:31:07,010] 109 root INFO dropping null vakluecolumns from  train df
[2023-01-05 17:31:07,022] 30 root INFO selecting column nane which containing null above 0.2
[2023-01-05 17:31:07,022] 33 root INFO column names to drop['ab_000', 'ad_000', 'bk_000', 'bl_000', 'bm_000', 'bn_000', 'bo_000', 'bp_000', 'bq_000', 'br_000', 'cf_000', 'cg_000', 'ch_000', 'co_000', 'cr_000', 'ct_000', 'cu_000', 'cv_000', 'cx_000', 'cy_000', 'cz_000', 'da_000', 'db_000', 'dc_000']
[2023-01-05 17:31:07,031] 111 root INFO dropping missing value columns in test dataset
[2023-01-05 17:31:07,035] 30 root INFO selecting column nane which containing null above 0.2
[2023-01-05 17:31:07,036] 33 root INFO column names to drop['ab_000', 'ad_000', 'bk_000', 'bl_000', 'bm_000', 'bn_000', 'bo_000', 'bp_000', 'bq_000', 'br_000', 'cf_000', 'cg_000', 'ch_000', 'co_000', 'cr_000', 'ct_000', 'cu_000', 'cv_000', 'cx_000', 'cy_000', 'cz_000', 'da_000', 'db_000', 'dc_000']
[2023-01-05 17:31:13,045] 122 root INFO Is all required columns present in train df
[2023-01-05 17:31:13,045] 124 root INFO Is all required columns present in test df
[2023-01-05 17:31:13,045] 128 root INFO As all column are available in train df hence detecting data drift
[2023-01-05 17:31:13,046] 71 root INFO Hypothesis class: object, object 
[2023-01-05 17:31:13,180] 71 root INFO Hypothesis aa_000: float64, float64 
[2023-01-05 17:31:13,223] 71 root INFO Hypothesis ac_000: float64, float64 
[2023-01-05 17:31:13,264] 71 root INFO Hypothesis ae_000: float64, float64 
[2023-01-05 17:31:13,301] 71 root INFO Hypothesis af_000: float64, float64 
[2023-01-05 17:31:13,338] 71 root INFO Hypothesis ag_000: float64, float64 
[2023-01-05 17:31:13,374] 71 root INFO Hypothesis ag_001: float64, float64 
[2023-01-05 17:31:13,411] 71 root INFO Hypothesis ag_002: float64, float64 
[2023-01-05 17:31:13,447] 71 root INFO Hypothesis ag_003: float64, float64 
[2023-01-05 17:31:13,487] 71 root INFO Hypothesis ag_004: float64, float64 
[2023-01-05 17:31:13,531] 71 root INFO Hypothesis ag_005: float64, float64 
[2023-01-05 17:31:13,542] 71 root INFO Hypothesis ag_006: float64, float64 
[2023-01-05 17:31:13,587] 71 root INFO Hypothesis ag_007: float64, float64 
[2023-01-05 17:31:13,629] 71 root INFO Hypothesis ag_008: float64, float64 
[2023-01-05 17:31:13,669] 71 root INFO Hypothesis ag_009: float64, float64 
[2023-01-05 17:31:13,709] 71 root INFO Hypothesis ah_000: float64, float64 
[2023-01-05 17:31:13,752] 71 root INFO Hypothesis ai_000: float64, float64 
[2023-01-05 17:31:13,790] 71 root INFO Hypothesis aj_000: float64, float64 
[2023-01-05 17:31:13,828] 71 root INFO Hypothesis ak_000: float64, float64 
[2023-01-05 17:31:13,865] 71 root INFO Hypothesis al_000: float64, float64 
[2023-01-05 17:31:13,910] 71 root INFO Hypothesis am_0: float64, float64 
[2023-01-05 17:31:13,951] 71 root INFO Hypothesis an_000: float64, float64 
[2023-01-05 17:31:13,962] 71 root INFO Hypothesis ao_000: float64, float64 
[2023-01-05 17:31:13,972] 71 root INFO Hypothesis ap_000: float64, float64 
[2023-01-05 17:31:14,017] 71 root INFO Hypothesis aq_000: float64, float64 
[2023-01-05 17:31:14,060] 71 root INFO Hypothesis ar_000: float64, float64 
[2023-01-05 17:31:14,097] 71 root INFO Hypothesis as_000: float64, float64 
[2023-01-05 17:31:14,133] 71 root INFO Hypothesis at_000: float64, float64 
[2023-01-05 17:31:14,171] 71 root INFO Hypothesis au_000: float64, float64 
[2023-01-05 17:31:14,208] 71 root INFO Hypothesis av_000: float64, float64 
[2023-01-05 17:31:14,248] 71 root INFO Hypothesis ax_000: float64, float64 
[2023-01-05 17:31:14,257] 71 root INFO Hypothesis ay_000: float64, float64 
[2023-01-05 17:31:14,294] 71 root INFO Hypothesis ay_001: float64, float64 
[2023-01-05 17:31:14,330] 71 root INFO Hypothesis ay_002: float64, float64 
[2023-01-05 17:31:14,367] 71 root INFO Hypothesis ay_003: float64, float64 
[2023-01-05 17:31:14,405] 71 root INFO Hypothesis ay_004: float64, float64 
[2023-01-05 17:31:14,442] 71 root INFO Hypothesis ay_005: float64, float64 
[2023-01-05 17:31:14,483] 71 root INFO Hypothesis ay_006: float64, float64 
[2023-01-05 17:31:14,525] 71 root INFO Hypothesis ay_007: float64, float64 
[2023-01-05 17:31:14,568] 71 root INFO Hypothesis ay_008: float64, float64 
[2023-01-05 17:31:14,611] 71 root INFO Hypothesis ay_009: float64, float64 
[2023-01-05 17:31:14,649] 71 root INFO Hypothesis az_000: float64, float64 
[2023-01-05 17:31:14,692] 71 root INFO Hypothesis az_001: float64, float64 
[2023-01-05 17:31:14,734] 71 root INFO Hypothesis az_002: float64, float64 
[2023-01-05 17:31:14,743] 71 root INFO Hypothesis az_003: float64, float64 
[2023-01-05 17:31:14,787] 71 root INFO Hypothesis az_004: float64, float64 
[2023-01-05 17:31:14,833] 71 root INFO Hypothesis az_005: float64, float64 
[2023-01-05 17:31:14,878] 71 root INFO Hypothesis az_006: float64, float64 
[2023-01-05 17:31:14,887] 71 root INFO Hypothesis az_007: float64, float64 
[2023-01-05 17:31:14,893] 71 root INFO Hypothesis az_008: float64, float64 
[2023-01-05 17:31:14,931] 71 root INFO Hypothesis az_009: float64, float64 
[2023-01-05 17:31:14,968] 71 root INFO Hypothesis ba_000: float64, float64 
[2023-01-05 17:31:15,011] 71 root INFO Hypothesis ba_001: float64, float64 
[2023-01-05 17:31:15,055] 71 root INFO Hypothesis ba_002: float64, float64 
[2023-01-05 17:31:15,103] 71 root INFO Hypothesis ba_003: float64, float64 
[2023-01-05 17:31:15,146] 71 root INFO Hypothesis ba_004: float64, float64 
[2023-01-05 17:31:15,189] 71 root INFO Hypothesis ba_005: float64, float64 
[2023-01-05 17:31:15,199] 71 root INFO Hypothesis ba_006: float64, float64 
[2023-01-05 17:31:15,242] 71 root INFO Hypothesis ba_007: float64, float64 
[2023-01-05 17:31:15,284] 71 root INFO Hypothesis ba_008: float64, float64 
[2023-01-05 17:31:15,292] 71 root INFO Hypothesis ba_009: float64, float64 
[2023-01-05 17:31:15,299] 71 root INFO Hypothesis bb_000: float64, float64 
[2023-01-05 17:31:15,343] 71 root INFO Hypothesis bc_000: float64, float64 
[2023-01-05 17:31:15,383] 71 root INFO Hypothesis bd_000: float64, float64 
[2023-01-05 17:31:15,391] 71 root INFO Hypothesis be_000: float64, float64 
[2023-01-05 17:31:15,400] 71 root INFO Hypothesis bf_000: float64, float64 
[2023-01-05 17:31:15,439] 71 root INFO Hypothesis bg_000: float64, float64 
[2023-01-05 17:31:15,482] 71 root INFO Hypothesis bh_000: float64, float64 
[2023-01-05 17:31:15,525] 71 root INFO Hypothesis bi_000: float64, float64 
[2023-01-05 17:31:15,536] 71 root INFO Hypothesis bj_000: float64, float64 
[2023-01-05 17:31:15,581] 71 root INFO Hypothesis bs_000: float64, float64 
[2023-01-05 17:31:15,624] 71 root INFO Hypothesis bt_000: float64, float64 
[2023-01-05 17:31:15,667] 71 root INFO Hypothesis bu_000: float64, float64 
[2023-01-05 17:31:15,711] 71 root INFO Hypothesis bv_000: float64, float64 
[2023-01-05 17:31:15,755] 71 root INFO Hypothesis bx_000: float64, float64 
[2023-01-05 17:31:15,798] 71 root INFO Hypothesis by_000: float64, float64 
[2023-01-05 17:31:15,845] 71 root INFO Hypothesis bz_000: float64, float64 
[2023-01-05 17:31:15,887] 71 root INFO Hypothesis ca_000: float64, float64 
[2023-01-05 17:31:15,930] 71 root INFO Hypothesis cb_000: float64, float64 
[2023-01-05 17:31:15,973] 71 root INFO Hypothesis cc_000: float64, float64 
[2023-01-05 17:31:16,017] 71 root INFO Hypothesis cd_000: float64, float64 
[2023-01-05 17:31:16,021] 71 root INFO Hypothesis ce_000: float64, float64 
[2023-01-05 17:31:16,064] 71 root INFO Hypothesis ci_000: float64, float64 
[2023-01-05 17:31:16,075] 71 root INFO Hypothesis cj_000: float64, float64 
[2023-01-05 17:31:16,115] 71 root INFO Hypothesis ck_000: float64, float64 
[2023-01-05 17:31:16,126] 71 root INFO Hypothesis cl_000: float64, float64 
[2023-01-05 17:31:16,165] 71 root INFO Hypothesis cm_000: float64, float64 
[2023-01-05 17:31:16,172] 71 root INFO Hypothesis cn_000: float64, float64 
[2023-01-05 17:31:16,209] 71 root INFO Hypothesis cn_001: float64, float64 
[2023-01-05 17:31:16,247] 71 root INFO Hypothesis cn_002: float64, float64 
[2023-01-05 17:31:16,288] 71 root INFO Hypothesis cn_003: float64, float64 
[2023-01-05 17:31:16,331] 71 root INFO Hypothesis cn_004: float64, float64 
[2023-01-05 17:31:16,374] 71 root INFO Hypothesis cn_005: float64, float64 
[2023-01-05 17:31:16,416] 71 root INFO Hypothesis cn_006: float64, float64 
[2023-01-05 17:31:16,460] 71 root INFO Hypothesis cn_007: float64, float64 
[2023-01-05 17:31:16,502] 71 root INFO Hypothesis cn_008: float64, float64 
[2023-01-05 17:31:16,544] 71 root INFO Hypothesis cn_009: float64, float64 
[2023-01-05 17:31:16,584] 71 root INFO Hypothesis cp_000: float64, float64 
[2023-01-05 17:31:16,625] 71 root INFO Hypothesis cq_000: float64, float64 
[2023-01-05 17:31:16,669] 71 root INFO Hypothesis cs_000: float64, float64 
[2023-01-05 17:31:16,712] 71 root INFO Hypothesis cs_001: float64, float64 
[2023-01-05 17:31:16,753] 71 root INFO Hypothesis cs_002: float64, float64 
[2023-01-05 17:31:16,797] 71 root INFO Hypothesis cs_003: float64, float64 
[2023-01-05 17:31:16,809] 71 root INFO Hypothesis cs_004: float64, float64 
[2023-01-05 17:31:16,854] 71 root INFO Hypothesis cs_005: float64, float64 
[2023-01-05 17:31:16,897] 71 root INFO Hypothesis cs_006: float64, float64 
[2023-01-05 17:31:16,911] 71 root INFO Hypothesis cs_007: float64, float64 
[2023-01-05 17:31:16,954] 71 root INFO Hypothesis cs_008: float64, float64 
[2023-01-05 17:31:16,995] 71 root INFO Hypothesis cs_009: float64, float64 
[2023-01-05 17:31:17,031] 71 root INFO Hypothesis dd_000: float64, float64 
[2023-01-05 17:31:17,076] 71 root INFO Hypothesis de_000: float64, float64 
[2023-01-05 17:31:17,121] 71 root INFO Hypothesis df_000: float64, float64 
[2023-01-05 17:31:17,158] 71 root INFO Hypothesis dg_000: float64, float64 
[2023-01-05 17:31:17,195] 71 root INFO Hypothesis dh_000: float64, float64 
[2023-01-05 17:31:17,233] 71 root INFO Hypothesis di_000: float64, float64 
[2023-01-05 17:31:17,272] 71 root INFO Hypothesis dj_000: float64, float64 
[2023-01-05 17:31:17,309] 71 root INFO Hypothesis dk_000: float64, float64 
[2023-01-05 17:31:17,346] 71 root INFO Hypothesis dl_000: float64, float64 
[2023-01-05 17:31:17,383] 71 root INFO Hypothesis dm_000: float64, float64 
[2023-01-05 17:31:17,420] 71 root INFO Hypothesis dn_000: float64, float64 
[2023-01-05 17:31:17,464] 71 root INFO Hypothesis do_000: float64, float64 
[2023-01-05 17:31:17,507] 71 root INFO Hypothesis dp_000: float64, float64 
[2023-01-05 17:31:17,516] 71 root INFO Hypothesis dq_000: float64, float64 
[2023-01-05 17:31:17,554] 71 root INFO Hypothesis dr_000: float64, float64 
[2023-01-05 17:31:17,593] 71 root INFO Hypothesis ds_000: float64, float64 
[2023-01-05 17:31:17,603] 71 root INFO Hypothesis dt_000: float64, float64 
[2023-01-05 17:31:17,645] 71 root INFO Hypothesis du_000: float64, float64 
[2023-01-05 17:31:17,656] 71 root INFO Hypothesis dv_000: float64, float64 
[2023-01-05 17:31:17,699] 71 root INFO Hypothesis dx_000: float64, float64 
[2023-01-05 17:31:17,739] 71 root INFO Hypothesis dy_000: float64, float64 
[2023-01-05 17:31:17,746] 71 root INFO Hypothesis dz_000: float64, float64 
[2023-01-05 17:31:17,784] 71 root INFO Hypothesis ea_000: float64, float64 
[2023-01-05 17:31:17,822] 71 root INFO Hypothesis eb_000: float64, float64 
[2023-01-05 17:31:17,831] 71 root INFO Hypothesis ec_00: float64, float64 
[2023-01-05 17:31:17,841] 71 root INFO Hypothesis ed_000: float64, float64 
[2023-01-05 17:31:17,886] 71 root INFO Hypothesis ee_000: float64, float64 
[2023-01-05 17:31:17,897] 71 root INFO Hypothesis ee_001: float64, float64 
[2023-01-05 17:31:17,941] 71 root INFO Hypothesis ee_002: float64, float64 
[2023-01-05 17:31:17,986] 71 root INFO Hypothesis ee_003: float64, float64 
[2023-01-05 17:31:18,035] 71 root INFO Hypothesis ee_004: float64, float64 
[2023-01-05 17:31:18,081] 71 root INFO Hypothesis ee_005: float64, float64 
[2023-01-05 17:31:18,124] 71 root INFO Hypothesis ee_006: float64, float64 
[2023-01-05 17:31:18,167] 71 root INFO Hypothesis ee_007: float64, float64 
[2023-01-05 17:31:18,211] 71 root INFO Hypothesis ee_008: float64, float64 
[2023-01-05 17:31:18,253] 71 root INFO Hypothesis ee_009: float64, float64 
[2023-01-05 17:31:18,293] 71 root INFO Hypothesis ef_000: float64, float64 
[2023-01-05 17:31:18,331] 71 root INFO Hypothesis eg_000: float64, float64 
[2023-01-05 17:31:18,367] 131 root INFO As all column are available in test df hence detecting data drift
[2023-01-05 17:31:18,367] 71 root INFO Hypothesis class: object, object 
[2023-01-05 17:31:18,444] 71 root INFO Hypothesis aa_000: float64, float64 
[2023-01-05 17:31:18,451] 71 root INFO Hypothesis ac_000: float64, float64 
[2023-01-05 17:31:18,456] 71 root INFO Hypothesis ae_000: float64, float64 
[2023-01-05 17:31:18,472] 71 root INFO Hypothesis af_000: float64, float64 
[2023-01-05 17:31:18,488] 71 root INFO Hypothesis ag_000: float64, float64 
[2023-01-05 17:31:18,503] 71 root INFO Hypothesis ag_001: float64, float64 
[2023-01-05 17:31:18,518] 71 root INFO Hypothesis ag_002: float64, float64 
[2023-01-05 17:31:18,534] 71 root INFO Hypothesis ag_003: float64, float64 
[2023-01-05 17:31:18,538] 71 root INFO Hypothesis ag_004: float64, float64 
[2023-01-05 17:31:18,545] 71 root INFO Hypothesis ag_005: float64, float64 
[2023-01-05 17:31:18,552] 71 root INFO Hypothesis ag_006: float64, float64 
[2023-01-05 17:31:18,559] 71 root INFO Hypothesis ag_007: float64, float64 
[2023-01-05 17:31:18,566] 71 root INFO Hypothesis ag_008: float64, float64 
[2023-01-05 17:31:18,572] 71 root INFO Hypothesis ag_009: float64, float64 
[2023-01-05 17:31:18,589] 71 root INFO Hypothesis ah_000: float64, float64 
[2023-01-05 17:31:18,596] 71 root INFO Hypothesis ai_000: float64, float64 
[2023-01-05 17:31:18,612] 71 root INFO Hypothesis aj_000: float64, float64 
[2023-01-05 17:31:18,616] 71 root INFO Hypothesis ak_000: float64, float64 
[2023-01-05 17:31:18,632] 71 root INFO Hypothesis al_000: float64, float64 
[2023-01-05 17:31:18,637] 71 root INFO Hypothesis am_0: float64, float64 
[2023-01-05 17:31:18,642] 71 root INFO Hypothesis an_000: float64, float64 
[2023-01-05 17:31:18,649] 71 root INFO Hypothesis ao_000: float64, float64 
[2023-01-05 17:31:18,656] 71 root INFO Hypothesis ap_000: float64, float64 
[2023-01-05 17:31:18,663] 71 root INFO Hypothesis aq_000: float64, float64 
[2023-01-05 17:31:18,671] 71 root INFO Hypothesis ar_000: float64, float64 
[2023-01-05 17:31:18,686] 71 root INFO Hypothesis as_000: float64, float64 
[2023-01-05 17:31:18,702] 71 root INFO Hypothesis at_000: float64, float64 
[2023-01-05 17:31:18,705] 71 root INFO Hypothesis au_000: float64, float64 
[2023-01-05 17:31:18,720] 71 root INFO Hypothesis av_000: float64, float64 
[2023-01-05 17:31:18,726] 71 root INFO Hypothesis ax_000: float64, float64 
[2023-01-05 17:31:18,731] 71 root INFO Hypothesis ay_000: float64, float64 
[2023-01-05 17:31:18,747] 71 root INFO Hypothesis ay_001: float64, float64 
[2023-01-05 17:31:18,763] 71 root INFO Hypothesis ay_002: float64, float64 
[2023-01-05 17:31:18,779] 71 root INFO Hypothesis ay_003: float64, float64 
[2023-01-05 17:31:18,794] 71 root INFO Hypothesis ay_004: float64, float64 
[2023-01-05 17:31:18,810] 71 root INFO Hypothesis ay_005: float64, float64 
[2023-01-05 17:31:18,816] 71 root INFO Hypothesis ay_006: float64, float64 
[2023-01-05 17:31:18,822] 71 root INFO Hypothesis ay_007: float64, float64 
[2023-01-05 17:31:18,829] 71 root INFO Hypothesis ay_008: float64, float64 
[2023-01-05 17:31:18,837] 71 root INFO Hypothesis ay_009: float64, float64 
[2023-01-05 17:31:18,853] 71 root INFO Hypothesis az_000: float64, float64 
[2023-01-05 17:31:18,860] 71 root INFO Hypothesis az_001: float64, float64 
[2023-01-05 17:31:18,866] 71 root INFO Hypothesis az_002: float64, float64 
[2023-01-05 17:31:18,873] 71 root INFO Hypothesis az_003: float64, float64 
[2023-01-05 17:31:18,879] 71 root INFO Hypothesis az_004: float64, float64 
[2023-01-05 17:31:18,886] 71 root INFO Hypothesis az_005: float64, float64 
[2023-01-05 17:31:18,894] 71 root INFO Hypothesis az_006: float64, float64 
[2023-01-05 17:31:18,900] 71 root INFO Hypothesis az_007: float64, float64 
[2023-01-05 17:31:18,904] 71 root INFO Hypothesis az_008: float64, float64 
[2023-01-05 17:31:18,907] 71 root INFO Hypothesis az_009: float64, float64 
[2023-01-05 17:31:18,911] 71 root INFO Hypothesis ba_000: float64, float64 
[2023-01-05 17:31:18,918] 71 root INFO Hypothesis ba_001: float64, float64 
[2023-01-05 17:31:18,925] 71 root INFO Hypothesis ba_002: float64, float64 
[2023-01-05 17:31:18,932] 71 root INFO Hypothesis ba_003: float64, float64 
[2023-01-05 17:31:18,939] 71 root INFO Hypothesis ba_004: float64, float64 
[2023-01-05 17:31:18,946] 71 root INFO Hypothesis ba_005: float64, float64 
[2023-01-05 17:31:18,953] 71 root INFO Hypothesis ba_006: float64, float64 
[2023-01-05 17:31:18,960] 71 root INFO Hypothesis ba_007: float64, float64 
[2023-01-05 17:31:18,966] 71 root INFO Hypothesis ba_008: float64, float64 
[2023-01-05 17:31:18,972] 71 root INFO Hypothesis ba_009: float64, float64 
[2023-01-05 17:31:18,977] 71 root INFO Hypothesis bb_000: float64, float64 
[2023-01-05 17:31:18,983] 71 root INFO Hypothesis bc_000: float64, float64 
[2023-01-05 17:31:18,989] 71 root INFO Hypothesis bd_000: float64, float64 
[2023-01-05 17:31:18,994] 71 root INFO Hypothesis be_000: float64, float64 
[2023-01-05 17:31:19,000] 71 root INFO Hypothesis bf_000: float64, float64 
[2023-01-05 17:31:19,005] 71 root INFO Hypothesis bg_000: float64, float64 
[2023-01-05 17:31:19,013] 71 root INFO Hypothesis bh_000: float64, float64 
[2023-01-05 17:31:19,020] 71 root INFO Hypothesis bi_000: float64, float64 
[2023-01-05 17:31:19,027] 71 root INFO Hypothesis bj_000: float64, float64 
[2023-01-05 17:31:19,035] 71 root INFO Hypothesis bs_000: float64, float64 
[2023-01-05 17:31:19,042] 71 root INFO Hypothesis bt_000: float64, float64 
[2023-01-05 17:31:19,050] 71 root INFO Hypothesis bu_000: float64, float64 
[2023-01-05 17:31:19,057] 71 root INFO Hypothesis bv_000: float64, float64 
[2023-01-05 17:31:19,065] 71 root INFO Hypothesis bx_000: float64, float64 
[2023-01-05 17:31:19,072] 71 root INFO Hypothesis by_000: float64, float64 
[2023-01-05 17:31:19,080] 71 root INFO Hypothesis bz_000: float64, float64 
[2023-01-05 17:31:19,086] 71 root INFO Hypothesis ca_000: float64, float64 
[2023-01-05 17:31:19,093] 71 root INFO Hypothesis cb_000: float64, float64 
[2023-01-05 17:31:19,101] 71 root INFO Hypothesis cc_000: float64, float64 
[2023-01-05 17:31:19,108] 71 root INFO Hypothesis cd_000: float64, float64 
[2023-01-05 17:31:19,111] 71 root INFO Hypothesis ce_000: float64, float64 
[2023-01-05 17:31:19,118] 71 root INFO Hypothesis ci_000: float64, float64 
[2023-01-05 17:31:19,125] 71 root INFO Hypothesis cj_000: float64, float64 
[2023-01-05 17:31:19,129] 71 root INFO Hypothesis ck_000: float64, float64 
[2023-01-05 17:31:19,137] 71 root INFO Hypothesis cl_000: float64, float64 
[2023-01-05 17:31:19,141] 71 root INFO Hypothesis cm_000: float64, float64 
[2023-01-05 17:31:19,146] 71 root INFO Hypothesis cn_000: float64, float64 
[2023-01-05 17:31:19,162] 71 root INFO Hypothesis cn_001: float64, float64 
[2023-01-05 17:31:19,166] 71 root INFO Hypothesis cn_002: float64, float64 
[2023-01-05 17:31:19,171] 71 root INFO Hypothesis cn_003: float64, float64 
[2023-01-05 17:31:19,178] 71 root INFO Hypothesis cn_004: float64, float64 
[2023-01-05 17:31:19,186] 71 root INFO Hypothesis cn_005: float64, float64 
[2023-01-05 17:31:19,193] 71 root INFO Hypothesis cn_006: float64, float64 
[2023-01-05 17:31:19,200] 71 root INFO Hypothesis cn_007: float64, float64 
[2023-01-05 17:31:19,207] 71 root INFO Hypothesis cn_008: float64, float64 
[2023-01-05 17:31:19,213] 71 root INFO Hypothesis cn_009: float64, float64 
[2023-01-05 17:31:19,218] 71 root INFO Hypothesis cp_000: float64, float64 
[2023-01-05 17:31:19,223] 71 root INFO Hypothesis cq_000: float64, float64 
[2023-01-05 17:31:19,230] 71 root INFO Hypothesis cs_000: float64, float64 
[2023-01-05 17:31:19,237] 71 root INFO Hypothesis cs_001: float64, float64 
[2023-01-05 17:31:19,243] 71 root INFO Hypothesis cs_002: float64, float64 
[2023-01-05 17:31:19,249] 71 root INFO Hypothesis cs_003: float64, float64 
[2023-01-05 17:31:19,256] 71 root INFO Hypothesis cs_004: float64, float64 
[2023-01-05 17:31:19,263] 71 root INFO Hypothesis cs_005: float64, float64 
[2023-01-05 17:31:19,270] 71 root INFO Hypothesis cs_006: float64, float64 
[2023-01-05 17:31:19,278] 71 root INFO Hypothesis cs_007: float64, float64 
[2023-01-05 17:31:19,285] 71 root INFO Hypothesis cs_008: float64, float64 
[2023-01-05 17:31:19,290] 71 root INFO Hypothesis cs_009: float64, float64 
[2023-01-05 17:31:19,293] 71 root INFO Hypothesis dd_000: float64, float64 
[2023-01-05 17:31:19,299] 71 root INFO Hypothesis de_000: float64, float64 
[2023-01-05 17:31:19,305] 71 root INFO Hypothesis df_000: float64, float64 
[2023-01-05 17:31:19,320] 71 root INFO Hypothesis dg_000: float64, float64 
[2023-01-05 17:31:19,337] 71 root INFO Hypothesis dh_000: float64, float64 
[2023-01-05 17:31:19,354] 71 root INFO Hypothesis di_000: float64, float64 
[2023-01-05 17:31:19,359] 71 root INFO Hypothesis dj_000: float64, float64 
[2023-01-05 17:31:19,374] 71 root INFO Hypothesis dk_000: float64, float64 
[2023-01-05 17:31:19,390] 71 root INFO Hypothesis dl_000: float64, float64 
[2023-01-05 17:31:19,405] 71 root INFO Hypothesis dm_000: float64, float64 
[2023-01-05 17:31:19,421] 71 root INFO Hypothesis dn_000: float64, float64 
[2023-01-05 17:31:19,428] 71 root INFO Hypothesis do_000: float64, float64 
[2023-01-05 17:31:19,435] 71 root INFO Hypothesis dp_000: float64, float64 
[2023-01-05 17:31:19,441] 71 root INFO Hypothesis dq_000: float64, float64 
[2023-01-05 17:31:19,458] 71 root INFO Hypothesis dr_000: float64, float64 
[2023-01-05 17:31:19,475] 71 root INFO Hypothesis ds_000: float64, float64 
[2023-01-05 17:31:19,482] 71 root INFO Hypothesis dt_000: float64, float64 
[2023-01-05 17:31:19,489] 71 root INFO Hypothesis du_000: float64, float64 
[2023-01-05 17:31:19,496] 71 root INFO Hypothesis dv_000: float64, float64 
[2023-01-05 17:31:19,502] 71 root INFO Hypothesis dx_000: float64, float64 
[2023-01-05 17:31:19,507] 71 root INFO Hypothesis dy_000: float64, float64 
[2023-01-05 17:31:19,512] 71 root INFO Hypothesis dz_000: float64, float64 
[2023-01-05 17:31:19,528] 71 root INFO Hypothesis ea_000: float64, float64 
[2023-01-05 17:31:19,543] 71 root INFO Hypothesis eb_000: float64, float64 
[2023-01-05 17:31:19,549] 71 root INFO Hypothesis ec_00: float64, float64 
[2023-01-05 17:31:19,556] 71 root INFO Hypothesis ed_000: float64, float64 
[2023-01-05 17:31:19,562] 71 root INFO Hypothesis ee_000: float64, float64 
[2023-01-05 17:31:19,569] 71 root INFO Hypothesis ee_001: float64, float64 
[2023-01-05 17:31:19,576] 71 root INFO Hypothesis ee_002: float64, float64 
[2023-01-05 17:31:19,583] 71 root INFO Hypothesis ee_003: float64, float64 
[2023-01-05 17:31:19,590] 71 root INFO Hypothesis ee_004: float64, float64 
[2023-01-05 17:31:19,597] 71 root INFO Hypothesis ee_005: float64, float64 
[2023-01-05 17:31:19,604] 71 root INFO Hypothesis ee_006: float64, float64 
[2023-01-05 17:31:19,611] 71 root INFO Hypothesis ee_007: float64, float64 
[2023-01-05 17:31:19,617] 71 root INFO Hypothesis ee_008: float64, float64 
[2023-01-05 17:31:19,623] 71 root INFO Hypothesis ee_009: float64, float64 
[2023-01-05 17:31:19,629] 71 root INFO Hypothesis ef_000: float64, float64 
[2023-01-05 17:31:19,644] 71 root INFO Hypothesis eg_000: float64, float64 
[2023-01-05 17:31:19,660] 134 root INFO Write reprt in yaml file
[2023-01-05 17:31:19,730] 141 root INFO Data validation artifact: DataValidationArtifact(report_file_path='/config/workspace/artifact/01052023__173042/data_validation/report.yaml')
[2023-01-05 17:31:20,663] 63 root INFO before resampling in training set input:{input_feature_train_arr.shape} and target :{target_feature_train_arr.shape}
[2023-01-05 17:31:26,422] 65 root INFO after resampling training set input(56120, 170) and target:(56120,)
[2023-01-05 17:31:26,422] 68 root INFO Before resampling in testing set Input: (7238, 170) Target:(7238,)
[2023-01-05 17:31:27,063] 70 root INFO After resampling in testing set Input: (14074, 170) Target:(14074,)
