[2023-01-05 15:32:46,461] 20 root INFO exporting collection data as pandas dataframe
[2023-01-05 15:32:46,461] 12 root INFO reading from databaseaps qand collection :sensor
[2023-01-05 15:32:50,146] 14 root INFO found columns:Index(['_id', 'class', 'aa_000', 'ab_000', 'ac_000', 'ad_000', 'ae_000',
       'af_000', 'ag_000', 'ag_001',
       ...
       'ee_002', 'ee_003', 'ee_004', 'ee_005', 'ee_006', 'ee_007', 'ee_008',
       'ee_009', 'ef_000', 'eg_000'],
      dtype='object', length=172)
[2023-01-05 15:32:50,147] 16 root INFO dropping _id column
[2023-01-05 15:32:50,355] 24 root INFO save data in feature store,replacing null values with nan
[2023-01-05 15:32:50,915] 27 root INFO creating feature store folder if not available
[2023-01-05 15:32:50,916] 31 root INFO save df to feature store folder
[2023-01-05 15:32:53,475] 34 root INFO spliting data into train test split
[2023-01-05 15:32:54,153] 37 root INFO creating dataset directory if not available
[2023-01-05 15:32:54,154] 41 root INFO save df to feature store folder
[2023-01-05 15:32:56,590] 46 root INFO preparing artifact
[2023-01-05 15:32:56,590] 53 root INFO data ingestion artifact:DataIngestionArtifact(feature_store_file_path='/config/workspace/artifact/01052023__153246/data_ingestion/feature_store/sensor.csv', train_file_path='/config/workspace/artifact/01052023__153246/data_ingestion/dataset/train.csv', test_file_path='/config/workspace/artifact/01052023__153246/data_ingestion/dataset/test.csv')
[2023-01-05 15:32:57,054] 20 root INFO exporting collection data as pandas dataframe
[2023-01-05 15:32:57,054] 12 root INFO reading from databaseaps qand collection :sensor
[2023-01-05 15:33:00,656] 14 root INFO found columns:Index(['_id', 'class', 'aa_000', 'ab_000', 'ac_000', 'ad_000', 'ae_000',
       'af_000', 'ag_000', 'ag_001',
       ...
       'ee_002', 'ee_003', 'ee_004', 'ee_005', 'ee_006', 'ee_007', 'ee_008',
       'ee_009', 'ef_000', 'eg_000'],
      dtype='object', length=172)
[2023-01-05 15:33:00,657] 16 root INFO dropping _id column
[2023-01-05 15:33:00,860] 24 root INFO save data in feature store,replacing null values with nan
[2023-01-05 15:33:01,408] 27 root INFO creating feature store folder if not available
[2023-01-05 15:33:01,409] 31 root INFO save df to feature store folder
[2023-01-05 15:33:04,128] 34 root INFO spliting data into train test split
[2023-01-05 15:33:04,742] 37 root INFO creating dataset directory if not available
[2023-01-05 15:33:04,743] 41 root INFO save df to feature store folder
[2023-01-05 15:33:07,138] 46 root INFO preparing artifact
[2023-01-05 15:33:07,138] 53 root INFO data ingestion artifact:DataIngestionArtifact(feature_store_file_path='/config/workspace/artifact/01052023__153246/data_ingestion/feature_store/sensor.csv', train_file_path='/config/workspace/artifact/01052023__153246/data_ingestion/dataset/train.csv', test_file_path='/config/workspace/artifact/01052023__153246/data_ingestion/dataset/test.csv')
[2023-01-05 15:33:07,536] 16 root INFO >>>>>>>>>>>>>>>>>>>>>>>>>>>>>>>>>>>>>>>> DATA VALIDATION <<<<<<<<<<<<<<<<<<<<<<<<<<<<<<<<<<<<<<<<
[2023-01-05 15:33:07,536] 96 root INFO Reading base dataframe
[2023-01-05 15:33:10,521] 99 root INFO rep;aced na values with nan
[2023-01-05 15:33:10,521] 101 root INFO drop null values columns from base df
[2023-01-05 15:33:11,533] 30 root INFO selecting column nane which containing null above 0.2
[2023-01-05 15:33:11,534] 33 root INFO column names to drop['ab_000', 'ad_000', 'bk_000', 'bl_000', 'bm_000', 'bn_000', 'bo_000', 'bp_000', 'bq_000', 'br_000', 'cf_000', 'cg_000', 'ch_000', 'co_000', 'cr_000', 'ct_000', 'cu_000', 'cv_000', 'cx_000', 'cy_000', 'cz_000', 'da_000', 'db_000', 'dc_000']
[2023-01-05 15:33:11,625] 104 root INFO reading train dataframe
[2023-01-05 15:33:12,022] 106 root INFO reading test dataframe
[2023-01-05 15:33:12,129] 109 root INFO dropping null vakluecolumns from  train df
[2023-01-05 15:33:12,141] 30 root INFO selecting column nane which containing null above 0.2
[2023-01-05 15:33:12,142] 33 root INFO column names to drop['ab_000', 'ad_000', 'bk_000', 'bl_000', 'bm_000', 'bn_000', 'bo_000', 'bp_000', 'bq_000', 'br_000', 'cf_000', 'cg_000', 'ch_000', 'co_000', 'cr_000', 'ct_000', 'cu_000', 'cv_000', 'cx_000', 'cy_000', 'cz_000', 'da_000', 'db_000', 'dc_000']
[2023-01-05 15:33:12,151] 111 root INFO dropping missing value columns in test dataset
[2023-01-05 15:33:12,156] 30 root INFO selecting column nane which containing null above 0.2
[2023-01-05 15:33:12,156] 33 root INFO column names to drop['ab_000', 'ad_000', 'bk_000', 'bl_000', 'bm_000', 'bn_000', 'bo_000', 'bp_000', 'bq_000', 'br_000', 'cf_000', 'cg_000', 'ch_000', 'co_000', 'cr_000', 'ct_000', 'cu_000', 'cv_000', 'cx_000', 'cy_000', 'cz_000', 'da_000', 'db_000', 'dc_000']
[2023-01-05 15:33:18,222] 121 root INFO is all required columns present in train df
