[2023-01-05 17:34:42,033] 20 root INFO exporting collection data as pandas dataframe
[2023-01-05 17:34:42,033] 12 root INFO reading from databaseaps qand collection :sensor
[2023-01-05 17:34:45,472] 14 root INFO found columns:Index(['_id', 'class', 'aa_000', 'ab_000', 'ac_000', 'ad_000', 'ae_000',
       'af_000', 'ag_000', 'ag_001',
       ...
       'ee_002', 'ee_003', 'ee_004', 'ee_005', 'ee_006', 'ee_007', 'ee_008',
       'ee_009', 'ef_000', 'eg_000'],
      dtype='object', length=172)
[2023-01-05 17:34:45,472] 16 root INFO dropping _id column
[2023-01-05 17:34:45,669] 24 root INFO save data in feature store,replacing null values with nan
[2023-01-05 17:34:46,211] 27 root INFO creating feature store folder if not available
[2023-01-05 17:34:46,212] 31 root INFO save df to feature store folder
[2023-01-05 17:34:48,627] 34 root INFO spliting data into train test split
[2023-01-05 17:34:49,171] 37 root INFO creating dataset directory if not available
[2023-01-05 17:34:49,171] 41 root INFO save df to feature store folder
[2023-01-05 17:34:51,357] 46 root INFO preparing artifact
[2023-01-05 17:34:51,357] 53 root INFO data ingestion artifact:DataIngestionArtifact(feature_store_file_path='/config/workspace/artifact/01052023__173442/data_ingestion/feature_store/sensor.csv', train_file_path='/config/workspace/artifact/01052023__173442/data_ingestion/dataset/train.csv', test_file_path='/config/workspace/artifact/01052023__173442/data_ingestion/dataset/test.csv')
[2023-01-05 17:34:51,764] 20 root INFO exporting collection data as pandas dataframe
[2023-01-05 17:34:51,764] 12 root INFO reading from databaseaps qand collection :sensor
[2023-01-05 17:34:55,242] 14 root INFO found columns:Index(['_id', 'class', 'aa_000', 'ab_000', 'ac_000', 'ad_000', 'ae_000',
       'af_000', 'ag_000', 'ag_001',
       ...
       'ee_002', 'ee_003', 'ee_004', 'ee_005', 'ee_006', 'ee_007', 'ee_008',
       'ee_009', 'ef_000', 'eg_000'],
      dtype='object', length=172)
[2023-01-05 17:34:55,243] 16 root INFO dropping _id column
[2023-01-05 17:34:55,437] 24 root INFO save data in feature store,replacing null values with nan
[2023-01-05 17:34:56,013] 27 root INFO creating feature store folder if not available
[2023-01-05 17:34:56,013] 31 root INFO save df to feature store folder
[2023-01-05 17:34:58,482] 34 root INFO spliting data into train test split
[2023-01-05 17:34:59,061] 37 root INFO creating dataset directory if not available
[2023-01-05 17:34:59,062] 41 root INFO save df to feature store folder
[2023-01-05 17:35:01,313] 46 root INFO preparing artifact
[2023-01-05 17:35:01,313] 53 root INFO data ingestion artifact:DataIngestionArtifact(feature_store_file_path='/config/workspace/artifact/01052023__173442/data_ingestion/feature_store/sensor.csv', train_file_path='/config/workspace/artifact/01052023__173442/data_ingestion/dataset/train.csv', test_file_path='/config/workspace/artifact/01052023__173442/data_ingestion/dataset/test.csv')
[2023-01-05 17:35:01,714] 16 root INFO >>>>>>>>>>>>>>>>>>>>>>>>>>>>>>>>>>>>>>>> DATA VALIDATION <<<<<<<<<<<<<<<<<<<<<<<<<<<<<<<<<<<<<<<<
[2023-01-05 17:35:01,714] 96 root INFO Reading base dataframe
[2023-01-05 17:35:04,605] 99 root INFO Replace na value in base df
[2023-01-05 17:35:04,605] 101 root INFO Drop null values colums from base df
[2023-01-05 17:35:05,552] 30 root INFO selecting column nane which containing null above 0.2
[2023-01-05 17:35:05,553] 33 root INFO column names to drop['ab_000', 'ad_000', 'bk_000', 'bl_000', 'bm_000', 'bn_000', 'bo_000', 'bp_000', 'bq_000', 'br_000', 'cf_000', 'cg_000', 'ch_000', 'co_000', 'cr_000', 'ct_000', 'cu_000', 'cv_000', 'cx_000', 'cy_000', 'cz_000', 'da_000', 'db_000', 'dc_000']
[2023-01-05 17:35:05,637] 104 root INFO reading train dataframe
[2023-01-05 17:35:06,044] 106 root INFO reading test dataframe
[2023-01-05 17:35:06,152] 109 root INFO dropping null vakluecolumns from  train df
[2023-01-05 17:35:06,164] 30 root INFO selecting column nane which containing null above 0.2
[2023-01-05 17:35:06,164] 33 root INFO column names to drop['ab_000', 'ad_000', 'bk_000', 'bl_000', 'bm_000', 'bn_000', 'bo_000', 'bp_000', 'bq_000', 'br_000', 'cf_000', 'cg_000', 'ch_000', 'co_000', 'cr_000', 'ct_000', 'cu_000', 'cv_000', 'cx_000', 'cy_000', 'cz_000', 'da_000', 'db_000', 'dc_000']
[2023-01-05 17:35:06,173] 111 root INFO dropping missing value columns in test dataset
[2023-01-05 17:35:06,177] 30 root INFO selecting column nane which containing null above 0.2
[2023-01-05 17:35:06,178] 33 root INFO column names to drop['ab_000', 'ad_000', 'bk_000', 'bl_000', 'bm_000', 'bn_000', 'bo_000', 'bp_000', 'bq_000', 'br_000', 'cf_000', 'cg_000', 'ch_000', 'co_000', 'cr_000', 'ct_000', 'cu_000', 'cv_000', 'cx_000', 'cy_000', 'cz_000', 'da_000', 'db_000', 'dc_000']
[2023-01-05 17:35:12,240] 122 root INFO Is all required columns present in train df
[2023-01-05 17:35:12,240] 124 root INFO Is all required columns present in test df
[2023-01-05 17:35:12,240] 128 root INFO As all column are available in train df hence detecting data drift
[2023-01-05 17:35:12,241] 71 root INFO Hypothesis class: object, object 
[2023-01-05 17:35:12,373] 71 root INFO Hypothesis aa_000: float64, float64 
[2023-01-05 17:35:12,415] 71 root INFO Hypothesis ac_000: float64, float64 
[2023-01-05 17:35:12,423] 71 root INFO Hypothesis ae_000: float64, float64 
[2023-01-05 17:35:12,460] 71 root INFO Hypothesis af_000: float64, float64 
[2023-01-05 17:35:12,501] 71 root INFO Hypothesis ag_000: float64, float64 
[2023-01-05 17:35:12,538] 71 root INFO Hypothesis ag_001: float64, float64 
[2023-01-05 17:35:12,575] 71 root INFO Hypothesis ag_002: float64, float64 
[2023-01-05 17:35:12,613] 71 root INFO Hypothesis ag_003: float64, float64 
[2023-01-05 17:35:12,651] 71 root INFO Hypothesis ag_004: float64, float64 
[2023-01-05 17:35:12,696] 71 root INFO Hypothesis ag_005: float64, float64 
[2023-01-05 17:35:12,739] 71 root INFO Hypothesis ag_006: float64, float64 
[2023-01-05 17:35:12,750] 71 root INFO Hypothesis ag_007: float64, float64 
[2023-01-05 17:35:12,791] 71 root INFO Hypothesis ag_008: float64, float64 
[2023-01-05 17:35:12,833] 71 root INFO Hypothesis ag_009: float64, float64 
[2023-01-05 17:35:12,875] 71 root INFO Hypothesis ah_000: float64, float64 
[2023-01-05 17:35:12,919] 71 root INFO Hypothesis ai_000: float64, float64 
[2023-01-05 17:35:12,956] 71 root INFO Hypothesis aj_000: float64, float64 
[2023-01-05 17:35:12,962] 71 root INFO Hypothesis ak_000: float64, float64 
[2023-01-05 17:35:12,998] 71 root INFO Hypothesis al_000: float64, float64 
[2023-01-05 17:35:13,038] 71 root INFO Hypothesis am_0: float64, float64 
[2023-01-05 17:35:13,046] 71 root INFO Hypothesis an_000: float64, float64 
[2023-01-05 17:35:13,056] 71 root INFO Hypothesis ao_000: float64, float64 
[2023-01-05 17:35:13,067] 71 root INFO Hypothesis ap_000: float64, float64 
[2023-01-05 17:35:13,078] 71 root INFO Hypothesis aq_000: float64, float64 
[2023-01-05 17:35:13,121] 71 root INFO Hypothesis ar_000: float64, float64 
[2023-01-05 17:35:13,158] 71 root INFO Hypothesis as_000: float64, float64 
[2023-01-05 17:35:13,162] 71 root INFO Hypothesis at_000: float64, float64 
[2023-01-05 17:35:13,200] 71 root INFO Hypothesis au_000: float64, float64 
[2023-01-05 17:35:13,236] 71 root INFO Hypothesis av_000: float64, float64 
[2023-01-05 17:35:13,276] 71 root INFO Hypothesis ax_000: float64, float64 
[2023-01-05 17:35:13,284] 71 root INFO Hypothesis ay_000: float64, float64 
[2023-01-05 17:35:13,320] 71 root INFO Hypothesis ay_001: float64, float64 
[2023-01-05 17:35:13,356] 71 root INFO Hypothesis ay_002: float64, float64 
[2023-01-05 17:35:13,392] 71 root INFO Hypothesis ay_003: float64, float64 
[2023-01-05 17:35:13,428] 71 root INFO Hypothesis ay_004: float64, float64 
[2023-01-05 17:35:13,464] 71 root INFO Hypothesis ay_005: float64, float64 
[2023-01-05 17:35:13,504] 71 root INFO Hypothesis ay_006: float64, float64 
[2023-01-05 17:35:13,545] 71 root INFO Hypothesis ay_007: float64, float64 
[2023-01-05 17:35:13,555] 71 root INFO Hypothesis ay_008: float64, float64 
[2023-01-05 17:35:13,598] 71 root INFO Hypothesis ay_009: float64, float64 
[2023-01-05 17:35:13,634] 71 root INFO Hypothesis az_000: float64, float64 
[2023-01-05 17:35:13,677] 71 root INFO Hypothesis az_001: float64, float64 
[2023-01-05 17:35:13,721] 71 root INFO Hypothesis az_002: float64, float64 
[2023-01-05 17:35:13,764] 71 root INFO Hypothesis az_003: float64, float64 
[2023-01-05 17:35:13,774] 71 root INFO Hypothesis az_004: float64, float64 
[2023-01-05 17:35:13,817] 71 root INFO Hypothesis az_005: float64, float64 
[2023-01-05 17:35:13,828] 71 root INFO Hypothesis az_006: float64, float64 
[2023-01-05 17:35:13,870] 71 root INFO Hypothesis az_007: float64, float64 
[2023-01-05 17:35:13,909] 71 root INFO Hypothesis az_008: float64, float64 
[2023-01-05 17:35:13,946] 71 root INFO Hypothesis az_009: float64, float64 
[2023-01-05 17:35:13,983] 71 root INFO Hypothesis ba_000: float64, float64 
[2023-01-05 17:35:14,026] 71 root INFO Hypothesis ba_001: float64, float64 
[2023-01-05 17:35:14,069] 71 root INFO Hypothesis ba_002: float64, float64 
[2023-01-05 17:35:14,112] 71 root INFO Hypothesis ba_003: float64, float64 
[2023-01-05 17:35:14,155] 71 root INFO Hypothesis ba_004: float64, float64 
[2023-01-05 17:35:14,165] 71 root INFO Hypothesis ba_005: float64, float64 
[2023-01-05 17:35:14,207] 71 root INFO Hypothesis ba_006: float64, float64 
[2023-01-05 17:35:14,217] 71 root INFO Hypothesis ba_007: float64, float64 
[2023-01-05 17:35:14,258] 71 root INFO Hypothesis ba_008: float64, float64 
[2023-01-05 17:35:14,298] 71 root INFO Hypothesis ba_009: float64, float64 
[2023-01-05 17:35:14,337] 71 root INFO Hypothesis bb_000: float64, float64 
[2023-01-05 17:35:14,381] 71 root INFO Hypothesis bc_000: float64, float64 
[2023-01-05 17:35:14,389] 71 root INFO Hypothesis bd_000: float64, float64 
[2023-01-05 17:35:14,429] 71 root INFO Hypothesis be_000: float64, float64 
[2023-01-05 17:35:14,469] 71 root INFO Hypothesis bf_000: float64, float64 
[2023-01-05 17:35:14,508] 71 root INFO Hypothesis bg_000: float64, float64 
[2023-01-05 17:35:14,551] 71 root INFO Hypothesis bh_000: float64, float64 
[2023-01-05 17:35:14,595] 71 root INFO Hypothesis bi_000: float64, float64 
[2023-01-05 17:35:14,606] 71 root INFO Hypothesis bj_000: float64, float64 
[2023-01-05 17:35:14,617] 71 root INFO Hypothesis bs_000: float64, float64 
[2023-01-05 17:35:14,628] 71 root INFO Hypothesis bt_000: float64, float64 
[2023-01-05 17:35:14,670] 71 root INFO Hypothesis bu_000: float64, float64 
[2023-01-05 17:35:14,681] 71 root INFO Hypothesis bv_000: float64, float64 
[2023-01-05 17:35:14,691] 71 root INFO Hypothesis bx_000: float64, float64 
[2023-01-05 17:35:14,701] 71 root INFO Hypothesis by_000: float64, float64 
[2023-01-05 17:35:14,744] 71 root INFO Hypothesis bz_000: float64, float64 
[2023-01-05 17:35:14,753] 71 root INFO Hypothesis ca_000: float64, float64 
[2023-01-05 17:35:14,763] 71 root INFO Hypothesis cb_000: float64, float64 
[2023-01-05 17:35:14,775] 71 root INFO Hypothesis cc_000: float64, float64 
[2023-01-05 17:35:14,819] 71 root INFO Hypothesis cd_000: float64, float64 
[2023-01-05 17:35:14,856] 71 root INFO Hypothesis ce_000: float64, float64 
[2023-01-05 17:35:14,898] 71 root INFO Hypothesis ci_000: float64, float64 
[2023-01-05 17:35:14,913] 71 root INFO Hypothesis cj_000: float64, float64 
[2023-01-05 17:35:14,951] 71 root INFO Hypothesis ck_000: float64, float64 
[2023-01-05 17:35:14,962] 71 root INFO Hypothesis cl_000: float64, float64 
[2023-01-05 17:35:14,999] 71 root INFO Hypothesis cm_000: float64, float64 
[2023-01-05 17:35:15,039] 71 root INFO Hypothesis cn_000: float64, float64 
[2023-01-05 17:35:15,075] 71 root INFO Hypothesis cn_001: float64, float64 
[2023-01-05 17:35:15,116] 71 root INFO Hypothesis cn_002: float64, float64 
[2023-01-05 17:35:15,156] 71 root INFO Hypothesis cn_003: float64, float64 
[2023-01-05 17:35:15,203] 71 root INFO Hypothesis cn_004: float64, float64 
[2023-01-05 17:35:15,247] 71 root INFO Hypothesis cn_005: float64, float64 
[2023-01-05 17:35:15,257] 71 root INFO Hypothesis cn_006: float64, float64 
[2023-01-05 17:35:15,268] 71 root INFO Hypothesis cn_007: float64, float64 
[2023-01-05 17:35:15,310] 71 root INFO Hypothesis cn_008: float64, float64 
[2023-01-05 17:35:15,351] 71 root INFO Hypothesis cn_009: float64, float64 
[2023-01-05 17:35:15,391] 71 root INFO Hypothesis cp_000: float64, float64 
[2023-01-05 17:35:15,433] 71 root INFO Hypothesis cq_000: float64, float64 
[2023-01-05 17:35:15,443] 71 root INFO Hypothesis cs_000: float64, float64 
[2023-01-05 17:35:15,486] 71 root INFO Hypothesis cs_001: float64, float64 
[2023-01-05 17:35:15,527] 71 root INFO Hypothesis cs_002: float64, float64 
[2023-01-05 17:35:15,571] 71 root INFO Hypothesis cs_003: float64, float64 
[2023-01-05 17:35:15,581] 71 root INFO Hypothesis cs_004: float64, float64 
[2023-01-05 17:35:15,623] 71 root INFO Hypothesis cs_005: float64, float64 
[2023-01-05 17:35:15,666] 71 root INFO Hypothesis cs_006: float64, float64 
[2023-01-05 17:35:15,709] 71 root INFO Hypothesis cs_007: float64, float64 
[2023-01-05 17:35:15,753] 71 root INFO Hypothesis cs_008: float64, float64 
[2023-01-05 17:35:15,792] 71 root INFO Hypothesis cs_009: float64, float64 
[2023-01-05 17:35:15,829] 71 root INFO Hypothesis dd_000: float64, float64 
[2023-01-05 17:35:15,872] 71 root INFO Hypothesis de_000: float64, float64 
[2023-01-05 17:35:15,914] 71 root INFO Hypothesis df_000: float64, float64 
[2023-01-05 17:35:15,950] 71 root INFO Hypothesis dg_000: float64, float64 
[2023-01-05 17:35:15,987] 71 root INFO Hypothesis dh_000: float64, float64 
[2023-01-05 17:35:16,025] 71 root INFO Hypothesis di_000: float64, float64 
[2023-01-05 17:35:16,064] 71 root INFO Hypothesis dj_000: float64, float64 
[2023-01-05 17:35:16,103] 71 root INFO Hypothesis dk_000: float64, float64 
[2023-01-05 17:35:16,140] 71 root INFO Hypothesis dl_000: float64, float64 
[2023-01-05 17:35:16,177] 71 root INFO Hypothesis dm_000: float64, float64 
[2023-01-05 17:35:16,213] 71 root INFO Hypothesis dn_000: float64, float64 
[2023-01-05 17:35:16,224] 71 root INFO Hypothesis do_000: float64, float64 
[2023-01-05 17:35:16,233] 71 root INFO Hypothesis dp_000: float64, float64 
[2023-01-05 17:35:16,242] 71 root INFO Hypothesis dq_000: float64, float64 
[2023-01-05 17:35:16,281] 71 root INFO Hypothesis dr_000: float64, float64 
[2023-01-05 17:35:16,320] 71 root INFO Hypothesis ds_000: float64, float64 
[2023-01-05 17:35:16,330] 71 root INFO Hypothesis dt_000: float64, float64 
[2023-01-05 17:35:16,340] 71 root INFO Hypothesis du_000: float64, float64 
[2023-01-05 17:35:16,351] 71 root INFO Hypothesis dv_000: float64, float64 
[2023-01-05 17:35:16,361] 71 root INFO Hypothesis dx_000: float64, float64 
[2023-01-05 17:35:16,400] 71 root INFO Hypothesis dy_000: float64, float64 
[2023-01-05 17:35:16,439] 71 root INFO Hypothesis dz_000: float64, float64 
[2023-01-05 17:35:16,476] 71 root INFO Hypothesis ea_000: float64, float64 
[2023-01-05 17:35:16,513] 71 root INFO Hypothesis eb_000: float64, float64 
[2023-01-05 17:35:16,522] 71 root INFO Hypothesis ec_00: float64, float64 
[2023-01-05 17:35:16,564] 71 root INFO Hypothesis ed_000: float64, float64 
[2023-01-05 17:35:16,573] 71 root INFO Hypothesis ee_000: float64, float64 
[2023-01-05 17:35:16,616] 71 root INFO Hypothesis ee_001: float64, float64 
[2023-01-05 17:35:16,661] 71 root INFO Hypothesis ee_002: float64, float64 
[2023-01-05 17:35:16,702] 71 root INFO Hypothesis ee_003: float64, float64 
[2023-01-05 17:35:16,744] 71 root INFO Hypothesis ee_004: float64, float64 
[2023-01-05 17:35:16,786] 71 root INFO Hypothesis ee_005: float64, float64 
[2023-01-05 17:35:16,829] 71 root INFO Hypothesis ee_006: float64, float64 
[2023-01-05 17:35:16,873] 71 root INFO Hypothesis ee_007: float64, float64 
[2023-01-05 17:35:16,914] 71 root INFO Hypothesis ee_008: float64, float64 
[2023-01-05 17:35:16,956] 71 root INFO Hypothesis ee_009: float64, float64 
[2023-01-05 17:35:16,995] 71 root INFO Hypothesis ef_000: float64, float64 
[2023-01-05 17:35:17,031] 71 root INFO Hypothesis eg_000: float64, float64 
[2023-01-05 17:35:17,067] 131 root INFO As all column are available in test df hence detecting data drift
[2023-01-05 17:35:17,067] 71 root INFO Hypothesis class: object, object 
[2023-01-05 17:35:17,147] 71 root INFO Hypothesis aa_000: float64, float64 
[2023-01-05 17:35:17,154] 71 root INFO Hypothesis ac_000: float64, float64 
[2023-01-05 17:35:17,159] 71 root INFO Hypothesis ae_000: float64, float64 
[2023-01-05 17:35:17,175] 71 root INFO Hypothesis af_000: float64, float64 
[2023-01-05 17:35:17,190] 71 root INFO Hypothesis ag_000: float64, float64 
[2023-01-05 17:35:17,205] 71 root INFO Hypothesis ag_001: float64, float64 
[2023-01-05 17:35:17,220] 71 root INFO Hypothesis ag_002: float64, float64 
[2023-01-05 17:35:17,235] 71 root INFO Hypothesis ag_003: float64, float64 
[2023-01-05 17:35:17,240] 71 root INFO Hypothesis ag_004: float64, float64 
[2023-01-05 17:35:17,246] 71 root INFO Hypothesis ag_005: float64, float64 
[2023-01-05 17:35:17,253] 71 root INFO Hypothesis ag_006: float64, float64 
[2023-01-05 17:35:17,260] 71 root INFO Hypothesis ag_007: float64, float64 
[2023-01-05 17:35:17,266] 71 root INFO Hypothesis ag_008: float64, float64 
[2023-01-05 17:35:17,272] 71 root INFO Hypothesis ag_009: float64, float64 
[2023-01-05 17:35:17,277] 71 root INFO Hypothesis ah_000: float64, float64 
[2023-01-05 17:35:17,284] 71 root INFO Hypothesis ai_000: float64, float64 
[2023-01-05 17:35:17,288] 71 root INFO Hypothesis aj_000: float64, float64 
[2023-01-05 17:35:17,292] 71 root INFO Hypothesis ak_000: float64, float64 
[2023-01-05 17:35:17,307] 71 root INFO Hypothesis al_000: float64, float64 
[2023-01-05 17:35:17,312] 71 root INFO Hypothesis am_0: float64, float64 
[2023-01-05 17:35:17,317] 71 root INFO Hypothesis an_000: float64, float64 
[2023-01-05 17:35:17,324] 71 root INFO Hypothesis ao_000: float64, float64 
[2023-01-05 17:35:17,331] 71 root INFO Hypothesis ap_000: float64, float64 
[2023-01-05 17:35:17,338] 71 root INFO Hypothesis aq_000: float64, float64 
[2023-01-05 17:35:17,345] 71 root INFO Hypothesis ar_000: float64, float64 
[2023-01-05 17:35:17,360] 71 root INFO Hypothesis as_000: float64, float64 
[2023-01-05 17:35:17,375] 71 root INFO Hypothesis at_000: float64, float64 
[2023-01-05 17:35:17,379] 71 root INFO Hypothesis au_000: float64, float64 
[2023-01-05 17:35:17,393] 71 root INFO Hypothesis av_000: float64, float64 
[2023-01-05 17:35:17,399] 71 root INFO Hypothesis ax_000: float64, float64 
[2023-01-05 17:35:17,404] 71 root INFO Hypothesis ay_000: float64, float64 
[2023-01-05 17:35:17,419] 71 root INFO Hypothesis ay_001: float64, float64 
[2023-01-05 17:35:17,434] 71 root INFO Hypothesis ay_002: float64, float64 
[2023-01-05 17:35:17,449] 71 root INFO Hypothesis ay_003: float64, float64 
[2023-01-05 17:35:17,464] 71 root INFO Hypothesis ay_004: float64, float64 
[2023-01-05 17:35:17,479] 71 root INFO Hypothesis ay_005: float64, float64 
[2023-01-05 17:35:17,485] 71 root INFO Hypothesis ay_006: float64, float64 
[2023-01-05 17:35:17,491] 71 root INFO Hypothesis ay_007: float64, float64 
[2023-01-05 17:35:17,497] 71 root INFO Hypothesis ay_008: float64, float64 
[2023-01-05 17:35:17,504] 71 root INFO Hypothesis ay_009: float64, float64 
[2023-01-05 17:35:17,519] 71 root INFO Hypothesis az_000: float64, float64 
[2023-01-05 17:35:17,526] 71 root INFO Hypothesis az_001: float64, float64 
[2023-01-05 17:35:17,532] 71 root INFO Hypothesis az_002: float64, float64 
[2023-01-05 17:35:17,538] 71 root INFO Hypothesis az_003: float64, float64 
[2023-01-05 17:35:17,545] 71 root INFO Hypothesis az_004: float64, float64 
[2023-01-05 17:35:17,552] 71 root INFO Hypothesis az_005: float64, float64 
[2023-01-05 17:35:17,559] 71 root INFO Hypothesis az_006: float64, float64 
[2023-01-05 17:35:17,565] 71 root INFO Hypothesis az_007: float64, float64 
[2023-01-05 17:35:17,582] 71 root INFO Hypothesis az_008: float64, float64 
[2023-01-05 17:35:17,585] 71 root INFO Hypothesis az_009: float64, float64 
[2023-01-05 17:35:17,589] 71 root INFO Hypothesis ba_000: float64, float64 
[2023-01-05 17:35:17,596] 71 root INFO Hypothesis ba_001: float64, float64 
[2023-01-05 17:35:17,603] 71 root INFO Hypothesis ba_002: float64, float64 
[2023-01-05 17:35:17,610] 71 root INFO Hypothesis ba_003: float64, float64 
[2023-01-05 17:35:17,617] 71 root INFO Hypothesis ba_004: float64, float64 
[2023-01-05 17:35:17,624] 71 root INFO Hypothesis ba_005: float64, float64 
[2023-01-05 17:35:17,631] 71 root INFO Hypothesis ba_006: float64, float64 
[2023-01-05 17:35:17,637] 71 root INFO Hypothesis ba_007: float64, float64 
[2023-01-05 17:35:17,644] 71 root INFO Hypothesis ba_008: float64, float64 
[2023-01-05 17:35:17,649] 71 root INFO Hypothesis ba_009: float64, float64 
[2023-01-05 17:35:17,654] 71 root INFO Hypothesis bb_000: float64, float64 
[2023-01-05 17:35:17,661] 71 root INFO Hypothesis bc_000: float64, float64 
[2023-01-05 17:35:17,666] 71 root INFO Hypothesis bd_000: float64, float64 
[2023-01-05 17:35:17,671] 71 root INFO Hypothesis be_000: float64, float64 
[2023-01-05 17:35:17,677] 71 root INFO Hypothesis bf_000: float64, float64 
[2023-01-05 17:35:17,682] 71 root INFO Hypothesis bg_000: float64, float64 
[2023-01-05 17:35:17,689] 71 root INFO Hypothesis bh_000: float64, float64 
[2023-01-05 17:35:17,695] 71 root INFO Hypothesis bi_000: float64, float64 
[2023-01-05 17:35:17,703] 71 root INFO Hypothesis bj_000: float64, float64 
[2023-01-05 17:35:17,710] 71 root INFO Hypothesis bs_000: float64, float64 
[2023-01-05 17:35:17,717] 71 root INFO Hypothesis bt_000: float64, float64 
[2023-01-05 17:35:17,724] 71 root INFO Hypothesis bu_000: float64, float64 
[2023-01-05 17:35:17,731] 71 root INFO Hypothesis bv_000: float64, float64 
[2023-01-05 17:35:17,738] 71 root INFO Hypothesis bx_000: float64, float64 
[2023-01-05 17:35:17,745] 71 root INFO Hypothesis by_000: float64, float64 
[2023-01-05 17:35:17,751] 71 root INFO Hypothesis bz_000: float64, float64 
[2023-01-05 17:35:17,758] 71 root INFO Hypothesis ca_000: float64, float64 
[2023-01-05 17:35:17,764] 71 root INFO Hypothesis cb_000: float64, float64 
[2023-01-05 17:35:17,772] 71 root INFO Hypothesis cc_000: float64, float64 
[2023-01-05 17:35:17,778] 71 root INFO Hypothesis cd_000: float64, float64 
[2023-01-05 17:35:17,794] 71 root INFO Hypothesis ce_000: float64, float64 
[2023-01-05 17:35:17,800] 71 root INFO Hypothesis ci_000: float64, float64 
[2023-01-05 17:35:17,807] 71 root INFO Hypothesis cj_000: float64, float64 
[2023-01-05 17:35:17,811] 71 root INFO Hypothesis ck_000: float64, float64 
[2023-01-05 17:35:17,818] 71 root INFO Hypothesis cl_000: float64, float64 
[2023-01-05 17:35:17,822] 71 root INFO Hypothesis cm_000: float64, float64 
[2023-01-05 17:35:17,827] 71 root INFO Hypothesis cn_000: float64, float64 
[2023-01-05 17:35:17,842] 71 root INFO Hypothesis cn_001: float64, float64 
[2023-01-05 17:35:17,858] 71 root INFO Hypothesis cn_002: float64, float64 
[2023-01-05 17:35:17,864] 71 root INFO Hypothesis cn_003: float64, float64 
[2023-01-05 17:35:17,870] 71 root INFO Hypothesis cn_004: float64, float64 
[2023-01-05 17:35:17,878] 71 root INFO Hypothesis cn_005: float64, float64 
[2023-01-05 17:35:17,884] 71 root INFO Hypothesis cn_006: float64, float64 
[2023-01-05 17:35:17,892] 71 root INFO Hypothesis cn_007: float64, float64 
[2023-01-05 17:35:17,898] 71 root INFO Hypothesis cn_008: float64, float64 
[2023-01-05 17:35:17,907] 71 root INFO Hypothesis cn_009: float64, float64 
[2023-01-05 17:35:17,912] 71 root INFO Hypothesis cp_000: float64, float64 
[2023-01-05 17:35:17,922] 71 root INFO Hypothesis cq_000: float64, float64 
[2023-01-05 17:35:17,929] 71 root INFO Hypothesis cs_000: float64, float64 
[2023-01-05 17:35:17,936] 71 root INFO Hypothesis cs_001: float64, float64 
[2023-01-05 17:35:17,942] 71 root INFO Hypothesis cs_002: float64, float64 
[2023-01-05 17:35:17,948] 71 root INFO Hypothesis cs_003: float64, float64 
[2023-01-05 17:35:17,955] 71 root INFO Hypothesis cs_004: float64, float64 
[2023-01-05 17:35:17,962] 71 root INFO Hypothesis cs_005: float64, float64 
[2023-01-05 17:35:17,969] 71 root INFO Hypothesis cs_006: float64, float64 
[2023-01-05 17:35:17,976] 71 root INFO Hypothesis cs_007: float64, float64 
[2023-01-05 17:35:17,983] 71 root INFO Hypothesis cs_008: float64, float64 
[2023-01-05 17:35:17,988] 71 root INFO Hypothesis cs_009: float64, float64 
[2023-01-05 17:35:18,004] 71 root INFO Hypothesis dd_000: float64, float64 
[2023-01-05 17:35:18,010] 71 root INFO Hypothesis de_000: float64, float64 
[2023-01-05 17:35:18,016] 71 root INFO Hypothesis df_000: float64, float64 
[2023-01-05 17:35:18,031] 71 root INFO Hypothesis dg_000: float64, float64 
[2023-01-05 17:35:18,047] 71 root INFO Hypothesis dh_000: float64, float64 
[2023-01-05 17:35:18,064] 71 root INFO Hypothesis di_000: float64, float64 
[2023-01-05 17:35:18,069] 71 root INFO Hypothesis dj_000: float64, float64 
[2023-01-05 17:35:18,085] 71 root INFO Hypothesis dk_000: float64, float64 
[2023-01-05 17:35:18,101] 71 root INFO Hypothesis dl_000: float64, float64 
[2023-01-05 17:35:18,117] 71 root INFO Hypothesis dm_000: float64, float64 
[2023-01-05 17:35:18,133] 71 root INFO Hypothesis dn_000: float64, float64 
[2023-01-05 17:35:18,140] 71 root INFO Hypothesis do_000: float64, float64 
[2023-01-05 17:35:18,146] 71 root INFO Hypothesis dp_000: float64, float64 
[2023-01-05 17:35:18,152] 71 root INFO Hypothesis dq_000: float64, float64 
[2023-01-05 17:35:18,157] 71 root INFO Hypothesis dr_000: float64, float64 
[2023-01-05 17:35:18,161] 71 root INFO Hypothesis ds_000: float64, float64 
[2023-01-05 17:35:18,169] 71 root INFO Hypothesis dt_000: float64, float64 
[2023-01-05 17:35:18,175] 71 root INFO Hypothesis du_000: float64, float64 
[2023-01-05 17:35:18,182] 71 root INFO Hypothesis dv_000: float64, float64 
[2023-01-05 17:35:18,189] 71 root INFO Hypothesis dx_000: float64, float64 
[2023-01-05 17:35:18,194] 71 root INFO Hypothesis dy_000: float64, float64 
[2023-01-05 17:35:18,199] 71 root INFO Hypothesis dz_000: float64, float64 
[2023-01-05 17:35:18,214] 71 root INFO Hypothesis ea_000: float64, float64 
[2023-01-05 17:35:18,230] 71 root INFO Hypothesis eb_000: float64, float64 
[2023-01-05 17:35:18,236] 71 root INFO Hypothesis ec_00: float64, float64 
[2023-01-05 17:35:18,242] 71 root INFO Hypothesis ed_000: float64, float64 
[2023-01-05 17:35:18,248] 71 root INFO Hypothesis ee_000: float64, float64 
[2023-01-05 17:35:18,255] 71 root INFO Hypothesis ee_001: float64, float64 
[2023-01-05 17:35:18,262] 71 root INFO Hypothesis ee_002: float64, float64 
[2023-01-05 17:35:18,269] 71 root INFO Hypothesis ee_003: float64, float64 
[2023-01-05 17:35:18,276] 71 root INFO Hypothesis ee_004: float64, float64 
[2023-01-05 17:35:18,283] 71 root INFO Hypothesis ee_005: float64, float64 
[2023-01-05 17:35:18,290] 71 root INFO Hypothesis ee_006: float64, float64 
[2023-01-05 17:35:18,296] 71 root INFO Hypothesis ee_007: float64, float64 
[2023-01-05 17:35:18,303] 71 root INFO Hypothesis ee_008: float64, float64 
[2023-01-05 17:35:18,309] 71 root INFO Hypothesis ee_009: float64, float64 
[2023-01-05 17:35:18,314] 71 root INFO Hypothesis ef_000: float64, float64 
[2023-01-05 17:35:18,329] 71 root INFO Hypothesis eg_000: float64, float64 
[2023-01-05 17:35:18,345] 134 root INFO Write reprt in yaml file
[2023-01-05 17:35:18,412] 141 root INFO Data validation artifact: DataValidationArtifact(report_file_path='/config/workspace/artifact/01052023__173442/data_validation/report.yaml')
[2023-01-05 17:35:19,328] 63 root INFO before resampling in training set input:{input_feature_train_arr.shape} and target :{target_feature_train_arr.shape}
[2023-01-05 17:35:25,033] 65 root INFO after resampling training set input(56138, 170) and target:(56138,)
[2023-01-05 17:35:25,033] 68 root INFO Before resampling in testing set Input: (7238, 170) Target:(7238,)
[2023-01-05 17:35:25,715] 70 root INFO After resampling in testing set Input: (14060, 170) Target:(14060,)
