[2023-01-05 11:57:47,257] 20 root INFO exporting collection data as pandas dataframe
[2023-01-05 11:57:47,258] 10 root INFO reading from databaseaps qand collection :sensor
[2023-01-05 11:57:51,108] 12 root INFO found columns:Index(['_id', 'class', 'aa_000', 'ab_000', 'ac_000', 'ad_000', 'ae_000',
       'af_000', 'ag_000', 'ag_001',
       ...
       'ee_002', 'ee_003', 'ee_004', 'ee_005', 'ee_006', 'ee_007', 'ee_008',
       'ee_009', 'ef_000', 'eg_000'],
      dtype='object', length=172)
[2023-01-05 11:57:51,108] 14 root INFO dropping _id column
[2023-01-05 11:57:51,324] 24 root INFO save data in feature store,replacing null values with nan
[2023-01-05 11:57:51,892] 27 root INFO creating feature store folder if not available
[2023-01-05 11:57:51,892] 31 root INFO save df to feature store folder
[2023-01-05 11:57:54,384] 34 root INFO spliting data into train test split
[2023-01-05 11:57:55,068] 37 root INFO creating dataset directory if not available
[2023-01-05 11:57:55,069] 41 root INFO save df to feature store folder
[2023-01-05 11:57:57,304] 46 root INFO preparing artifact
[2023-01-05 11:57:57,304] 53 root INFO data ingestion artifact:DataIngestionArtifact(feature_store_file_path='/config/workspace/artifact/01052023__115747/data_ingestion/feature_store/sensor.csv', train_file_path='/config/workspace/artifact/01052023__115747/data_ingestion/dataset/train.csv', test_file_path='/config/workspace/artifact/01052023__115747/data_ingestion/dataset/test.csv')
[2023-01-05 11:57:58,076] 20 root INFO exporting collection data as pandas dataframe
[2023-01-05 11:57:58,076] 10 root INFO reading from databaseaps qand collection :sensor
[2023-01-05 11:58:01,525] 12 root INFO found columns:Index(['_id', 'class', 'aa_000', 'ab_000', 'ac_000', 'ad_000', 'ae_000',
       'af_000', 'ag_000', 'ag_001',
       ...
       'ee_002', 'ee_003', 'ee_004', 'ee_005', 'ee_006', 'ee_007', 'ee_008',
       'ee_009', 'ef_000', 'eg_000'],
      dtype='object', length=172)
[2023-01-05 11:58:01,525] 14 root INFO dropping _id column
[2023-01-05 11:58:01,753] 24 root INFO save data in feature store,replacing null values with nan
[2023-01-05 11:58:02,359] 27 root INFO creating feature store folder if not available
[2023-01-05 11:58:02,359] 31 root INFO save df to feature store folder
[2023-01-05 11:58:04,865] 34 root INFO spliting data into train test split
[2023-01-05 11:58:05,456] 37 root INFO creating dataset directory if not available
[2023-01-05 11:58:05,456] 41 root INFO save df to feature store folder
[2023-01-05 11:58:07,695] 46 root INFO preparing artifact
[2023-01-05 11:58:07,696] 53 root INFO data ingestion artifact:DataIngestionArtifact(feature_store_file_path='/config/workspace/artifact/01052023__115747/data_ingestion/feature_store/sensor.csv', train_file_path='/config/workspace/artifact/01052023__115747/data_ingestion/dataset/train.csv', test_file_path='/config/workspace/artifact/01052023__115747/data_ingestion/dataset/test.csv')
[2023-01-05 11:58:08,367] 16 root INFO >>>>>>>>>>>>>>>>>>>>>>>>>>>>>>>>>>>>>>>> DATA VALIDATION <<<<<<<<<<<<<<<<<<<<<<<<<<<<<<<<<<<<<<<<
[2023-01-05 11:58:08,367] 97 root INFO Reading base dataframe
