[2023-01-05 15:30:10,408] 20 root INFO exporting collection data as pandas dataframe
[2023-01-05 15:30:10,408] 12 root INFO reading from databaseaps qand collection :sensor
[2023-01-05 15:30:14,058] 14 root INFO found columns:Index(['_id', 'class', 'aa_000', 'ab_000', 'ac_000', 'ad_000', 'ae_000',
       'af_000', 'ag_000', 'ag_001',
       ...
       'ee_002', 'ee_003', 'ee_004', 'ee_005', 'ee_006', 'ee_007', 'ee_008',
       'ee_009', 'ef_000', 'eg_000'],
      dtype='object', length=172)
[2023-01-05 15:30:14,059] 16 root INFO dropping _id column
[2023-01-05 15:30:14,269] 24 root INFO save data in feature store,replacing null values with nan
[2023-01-05 15:30:14,891] 27 root INFO creating feature store folder if not available
[2023-01-05 15:30:14,891] 31 root INFO save df to feature store folder
[2023-01-05 15:30:17,530] 34 root INFO spliting data into train test split
[2023-01-05 15:30:18,243] 37 root INFO creating dataset directory if not available
[2023-01-05 15:30:18,243] 41 root INFO save df to feature store folder
[2023-01-05 15:30:20,536] 46 root INFO preparing artifact
[2023-01-05 15:30:20,536] 53 root INFO data ingestion artifact:DataIngestionArtifact(feature_store_file_path='/config/workspace/artifact/01052023__153010/data_ingestion/feature_store/sensor.csv', train_file_path='/config/workspace/artifact/01052023__153010/data_ingestion/dataset/train.csv', test_file_path='/config/workspace/artifact/01052023__153010/data_ingestion/dataset/test.csv')
[2023-01-05 15:30:21,022] 20 root INFO exporting collection data as pandas dataframe
[2023-01-05 15:30:21,022] 12 root INFO reading from databaseaps qand collection :sensor
[2023-01-05 15:30:24,834] 14 root INFO found columns:Index(['_id', 'class', 'aa_000', 'ab_000', 'ac_000', 'ad_000', 'ae_000',
       'af_000', 'ag_000', 'ag_001',
       ...
       'ee_002', 'ee_003', 'ee_004', 'ee_005', 'ee_006', 'ee_007', 'ee_008',
       'ee_009', 'ef_000', 'eg_000'],
      dtype='object', length=172)
[2023-01-05 15:30:24,834] 16 root INFO dropping _id column
[2023-01-05 15:30:25,033] 24 root INFO save data in feature store,replacing null values with nan
[2023-01-05 15:30:25,586] 27 root INFO creating feature store folder if not available
[2023-01-05 15:30:25,587] 31 root INFO save df to feature store folder
[2023-01-05 15:30:28,119] 34 root INFO spliting data into train test split
[2023-01-05 15:30:28,684] 37 root INFO creating dataset directory if not available
[2023-01-05 15:30:28,685] 41 root INFO save df to feature store folder
[2023-01-05 15:30:30,965] 46 root INFO preparing artifact
[2023-01-05 15:30:30,965] 53 root INFO data ingestion artifact:DataIngestionArtifact(feature_store_file_path='/config/workspace/artifact/01052023__153010/data_ingestion/feature_store/sensor.csv', train_file_path='/config/workspace/artifact/01052023__153010/data_ingestion/dataset/train.csv', test_file_path='/config/workspace/artifact/01052023__153010/data_ingestion/dataset/test.csv')
[2023-01-05 15:30:31,412] 16 root INFO >>>>>>>>>>>>>>>>>>>>>>>>>>>>>>>>>>>>>>>> DATA VALIDATION <<<<<<<<<<<<<<<<<<<<<<<<<<<<<<<<<<<<<<<<
[2023-01-05 15:30:31,412] 96 root INFO Reading base dataframe
[2023-01-05 15:30:34,348] 99 root INFO rep;aced na values with nan
[2023-01-05 15:30:34,348] 101 root INFO drop null values columns from base df
[2023-01-05 15:30:35,327] 30 root INFO selecting column nane which containing null above 0.2
[2023-01-05 15:30:35,327] 33 root INFO column names to drop['ab_000', 'ad_000', 'bk_000', 'bl_000', 'bm_000', 'bn_000', 'bo_000', 'bp_000', 'bq_000', 'br_000', 'cf_000', 'cg_000', 'ch_000', 'co_000', 'cr_000', 'ct_000', 'cu_000', 'cv_000', 'cx_000', 'cy_000', 'cz_000', 'da_000', 'db_000', 'dc_000']
[2023-01-05 15:30:35,409] 104 root INFO reading train dataframe
[2023-01-05 15:30:35,807] 106 root INFO reading test dataframe
[2023-01-05 15:30:35,911] 109 root INFO dropping null vakluecolumns from  train df
[2023-01-05 15:30:35,925] 30 root INFO selecting column nane which containing null above 0.2
[2023-01-05 15:30:35,926] 33 root INFO column names to drop['ab_000', 'ad_000', 'bk_000', 'bl_000', 'bm_000', 'bn_000', 'bo_000', 'bp_000', 'bq_000', 'br_000', 'cf_000', 'cg_000', 'ch_000', 'co_000', 'cr_000', 'ct_000', 'cu_000', 'cv_000', 'cx_000', 'cy_000', 'cz_000', 'da_000', 'db_000', 'dc_000']
[2023-01-05 15:30:35,935] 111 root INFO dropping missing value columns in test dataset
[2023-01-05 15:30:35,939] 30 root INFO selecting column nane which containing null above 0.2
[2023-01-05 15:30:35,940] 33 root INFO column names to drop['ab_000', 'ad_000', 'bk_000', 'bl_000', 'bm_000', 'bn_000', 'bo_000', 'bp_000', 'bq_000', 'br_000', 'cf_000', 'cg_000', 'ch_000', 'co_000', 'cr_000', 'ct_000', 'cu_000', 'cv_000', 'cx_000', 'cy_000', 'cz_000', 'da_000', 'db_000', 'dc_000']
[2023-01-05 15:30:41,986] 121 root INFO is all required columns present in train df
