[2023-01-05 15:49:21,486] 20 root INFO exporting collection data as pandas dataframe
[2023-01-05 15:49:21,486] 12 root INFO reading from databaseaps qand collection :sensor
[2023-01-05 15:49:24,906] 14 root INFO found columns:Index(['_id', 'class', 'aa_000', 'ab_000', 'ac_000', 'ad_000', 'ae_000',
       'af_000', 'ag_000', 'ag_001',
       ...
       'ee_002', 'ee_003', 'ee_004', 'ee_005', 'ee_006', 'ee_007', 'ee_008',
       'ee_009', 'ef_000', 'eg_000'],
      dtype='object', length=172)
[2023-01-05 15:49:24,906] 16 root INFO dropping _id column
[2023-01-05 15:49:25,105] 24 root INFO save data in feature store,replacing null values with nan
[2023-01-05 15:49:25,656] 27 root INFO creating feature store folder if not available
[2023-01-05 15:49:25,657] 31 root INFO save df to feature store folder
[2023-01-05 15:49:28,030] 34 root INFO spliting data into train test split
[2023-01-05 15:49:28,564] 37 root INFO creating dataset directory if not available
[2023-01-05 15:49:28,564] 41 root INFO save df to feature store folder
[2023-01-05 15:49:30,764] 46 root INFO preparing artifact
[2023-01-05 15:49:30,764] 53 root INFO data ingestion artifact:DataIngestionArtifact(feature_store_file_path='/config/workspace/artifact/01052023__154921/data_ingestion/feature_store/sensor.csv', train_file_path='/config/workspace/artifact/01052023__154921/data_ingestion/dataset/train.csv', test_file_path='/config/workspace/artifact/01052023__154921/data_ingestion/dataset/test.csv')
[2023-01-05 15:49:31,166] 20 root INFO exporting collection data as pandas dataframe
[2023-01-05 15:49:31,166] 12 root INFO reading from databaseaps qand collection :sensor
[2023-01-05 15:49:34,663] 14 root INFO found columns:Index(['_id', 'class', 'aa_000', 'ab_000', 'ac_000', 'ad_000', 'ae_000',
       'af_000', 'ag_000', 'ag_001',
       ...
       'ee_002', 'ee_003', 'ee_004', 'ee_005', 'ee_006', 'ee_007', 'ee_008',
       'ee_009', 'ef_000', 'eg_000'],
      dtype='object', length=172)
[2023-01-05 15:49:34,664] 16 root INFO dropping _id column
[2023-01-05 15:49:34,872] 24 root INFO save data in feature store,replacing null values with nan
[2023-01-05 15:49:35,448] 27 root INFO creating feature store folder if not available
[2023-01-05 15:49:35,449] 31 root INFO save df to feature store folder
[2023-01-05 15:49:37,968] 34 root INFO spliting data into train test split
[2023-01-05 15:49:38,545] 37 root INFO creating dataset directory if not available
[2023-01-05 15:49:38,546] 41 root INFO save df to feature store folder
[2023-01-05 15:49:40,770] 46 root INFO preparing artifact
[2023-01-05 15:49:40,771] 53 root INFO data ingestion artifact:DataIngestionArtifact(feature_store_file_path='/config/workspace/artifact/01052023__154921/data_ingestion/feature_store/sensor.csv', train_file_path='/config/workspace/artifact/01052023__154921/data_ingestion/dataset/train.csv', test_file_path='/config/workspace/artifact/01052023__154921/data_ingestion/dataset/test.csv')
[2023-01-05 15:49:41,165] 16 root INFO >>>>>>>>>>>>>>>>>>>>>>>>>>>>>>>>>>>>>>>> DATA VALIDATION <<<<<<<<<<<<<<<<<<<<<<<<<<<<<<<<<<<<<<<<
[2023-01-05 15:49:41,165] 96 root INFO Reading base dataframe
[2023-01-05 15:49:44,082] 99 root INFO rep;aced na values with nan
[2023-01-05 15:49:44,082] 101 root INFO drop null values columns from base df
[2023-01-05 15:49:45,031] 30 root INFO selecting column nane which containing null above 0.2
[2023-01-05 15:49:45,032] 33 root INFO column names to drop['ab_000', 'ad_000', 'bk_000', 'bl_000', 'bm_000', 'bn_000', 'bo_000', 'bp_000', 'bq_000', 'br_000', 'cf_000', 'cg_000', 'ch_000', 'co_000', 'cr_000', 'ct_000', 'cu_000', 'cv_000', 'cx_000', 'cy_000', 'cz_000', 'da_000', 'db_000', 'dc_000']
[2023-01-05 15:49:45,113] 104 root INFO reading train dataframe
[2023-01-05 15:49:45,490] 106 root INFO reading test dataframe
[2023-01-05 15:49:45,589] 109 root INFO dropping null vakluecolumns from  train df
[2023-01-05 15:49:45,600] 30 root INFO selecting column nane which containing null above 0.2
[2023-01-05 15:49:45,601] 33 root INFO column names to drop['ab_000', 'ad_000', 'bk_000', 'bl_000', 'bm_000', 'bn_000', 'bo_000', 'bp_000', 'bq_000', 'br_000', 'cf_000', 'cg_000', 'ch_000', 'co_000', 'cr_000', 'ct_000', 'cu_000', 'cv_000', 'cx_000', 'cy_000', 'cz_000', 'da_000', 'db_000', 'dc_000']
[2023-01-05 15:49:45,609] 111 root INFO dropping missing value columns in test dataset
[2023-01-05 15:49:45,614] 30 root INFO selecting column nane which containing null above 0.2
[2023-01-05 15:49:45,614] 33 root INFO column names to drop['ab_000', 'ad_000', 'bk_000', 'bl_000', 'bm_000', 'bn_000', 'bo_000', 'bp_000', 'bq_000', 'br_000', 'cf_000', 'cg_000', 'ch_000', 'co_000', 'cr_000', 'ct_000', 'cu_000', 'cv_000', 'cx_000', 'cy_000', 'cz_000', 'da_000', 'db_000', 'dc_000']
[2023-01-05 15:49:51,606] 122 root INFO is all required columns present in train df
