[2023-01-05 15:20:09,422] 20 root INFO exporting collection data as pandas dataframe
[2023-01-05 15:20:09,422] 12 root INFO reading from databaseaps qand collection :sensor
[2023-01-05 15:20:12,963] 14 root INFO found columns:Index(['_id', 'class', 'aa_000', 'ab_000', 'ac_000', 'ad_000', 'ae_000',
       'af_000', 'ag_000', 'ag_001',
       ...
       'ee_002', 'ee_003', 'ee_004', 'ee_005', 'ee_006', 'ee_007', 'ee_008',
       'ee_009', 'ef_000', 'eg_000'],
      dtype='object', length=172)
[2023-01-05 15:20:12,964] 16 root INFO dropping _id column
[2023-01-05 15:20:13,213] 24 root INFO save data in feature store,replacing null values with nan
[2023-01-05 15:20:13,847] 27 root INFO creating feature store folder if not available
[2023-01-05 15:20:13,847] 31 root INFO save df to feature store folder
[2023-01-05 15:20:16,346] 34 root INFO spliting data into train test split
[2023-01-05 15:20:17,002] 37 root INFO creating dataset directory if not available
[2023-01-05 15:20:17,003] 41 root INFO save df to feature store folder
[2023-01-05 15:20:19,213] 46 root INFO preparing artifact
[2023-01-05 15:20:19,214] 53 root INFO data ingestion artifact:DataIngestionArtifact(feature_store_file_path='/config/workspace/artifact/01052023__152009/data_ingestion/feature_store/sensor.csv', train_file_path='/config/workspace/artifact/01052023__152009/data_ingestion/dataset/train.csv', test_file_path='/config/workspace/artifact/01052023__152009/data_ingestion/dataset/test.csv')
[2023-01-05 15:20:19,628] 20 root INFO exporting collection data as pandas dataframe
[2023-01-05 15:20:19,628] 12 root INFO reading from databaseaps qand collection :sensor
[2023-01-05 15:20:23,283] 14 root INFO found columns:Index(['_id', 'class', 'aa_000', 'ab_000', 'ac_000', 'ad_000', 'ae_000',
       'af_000', 'ag_000', 'ag_001',
       ...
       'ee_002', 'ee_003', 'ee_004', 'ee_005', 'ee_006', 'ee_007', 'ee_008',
       'ee_009', 'ef_000', 'eg_000'],
      dtype='object', length=172)
[2023-01-05 15:20:23,283] 16 root INFO dropping _id column
[2023-01-05 15:20:23,473] 24 root INFO save data in feature store,replacing null values with nan
[2023-01-05 15:20:24,007] 27 root INFO creating feature store folder if not available
[2023-01-05 15:20:24,008] 31 root INFO save df to feature store folder
[2023-01-05 15:20:26,434] 34 root INFO spliting data into train test split
[2023-01-05 15:20:27,091] 37 root INFO creating dataset directory if not available
[2023-01-05 15:20:27,092] 41 root INFO save df to feature store folder
[2023-01-05 15:20:29,280] 46 root INFO preparing artifact
[2023-01-05 15:20:29,281] 53 root INFO data ingestion artifact:DataIngestionArtifact(feature_store_file_path='/config/workspace/artifact/01052023__152009/data_ingestion/feature_store/sensor.csv', train_file_path='/config/workspace/artifact/01052023__152009/data_ingestion/dataset/train.csv', test_file_path='/config/workspace/artifact/01052023__152009/data_ingestion/dataset/test.csv')
[2023-01-05 15:20:29,623] 16 root INFO >>>>>>>>>>>>>>>>>>>>>>>>>>>>>>>>>>>>>>>> DATA VALIDATION <<<<<<<<<<<<<<<<<<<<<<<<<<<<<<<<<<<<<<<<
[2023-01-05 15:20:29,623] 97 root INFO Reading base dataframe
[2023-01-05 15:20:32,569] 100 root INFO rep;aced na values with nan
[2023-01-05 15:20:32,569] 102 root INFO drop null values columns from base df
[2023-01-05 15:20:33,524] 30 root INFO selecting column nane which containing null above 0.2
[2023-01-05 15:20:33,525] 33 root INFO column names to drop['ab_000', 'ad_000', 'bk_000', 'bl_000', 'bm_000', 'bn_000', 'bo_000', 'bp_000', 'bq_000', 'br_000', 'cf_000', 'cg_000', 'ch_000', 'co_000', 'cr_000', 'ct_000', 'cu_000', 'cv_000', 'cx_000', 'cy_000', 'cz_000', 'da_000', 'db_000', 'dc_000']
[2023-01-05 15:20:33,622] 105 root INFO reading train dataframe
[2023-01-05 15:20:33,998] 107 root INFO reading test dataframe
[2023-01-05 15:20:34,103] 110 root INFO dropping null vakluecolumns from  train df
[2023-01-05 15:20:34,115] 30 root INFO selecting column nane which containing null above 0.2
[2023-01-05 15:20:34,115] 33 root INFO column names to drop['ab_000', 'ad_000', 'bk_000', 'bl_000', 'bm_000', 'bn_000', 'bo_000', 'bp_000', 'bq_000', 'br_000', 'cf_000', 'cg_000', 'ch_000', 'co_000', 'cr_000', 'ct_000', 'cu_000', 'cv_000', 'cx_000', 'cy_000', 'cz_000', 'da_000', 'db_000', 'dc_000']
[2023-01-05 15:20:34,124] 112 root INFO dropping missing value columns in test dataset
[2023-01-05 15:20:34,128] 30 root INFO selecting column nane which containing null above 0.2
[2023-01-05 15:20:34,129] 33 root INFO column names to drop['ab_000', 'ad_000', 'bk_000', 'bl_000', 'bm_000', 'bn_000', 'bo_000', 'bp_000', 'bq_000', 'br_000', 'cf_000', 'cg_000', 'ch_000', 'co_000', 'cr_000', 'ct_000', 'cu_000', 'cv_000', 'cx_000', 'cy_000', 'cz_000', 'da_000', 'db_000', 'dc_000']
