[2023-01-05 16:34:12,878] 20 root INFO exporting collection data as pandas dataframe
[2023-01-05 16:34:12,878] 12 root INFO reading from databaseaps qand collection :sensor
[2023-01-05 16:34:16,770] 14 root INFO found columns:Index(['_id', 'class', 'aa_000', 'ab_000', 'ac_000', 'ad_000', 'ae_000',
       'af_000', 'ag_000', 'ag_001',
       ...
       'ee_002', 'ee_003', 'ee_004', 'ee_005', 'ee_006', 'ee_007', 'ee_008',
       'ee_009', 'ef_000', 'eg_000'],
      dtype='object', length=172)
[2023-01-05 16:34:16,770] 16 root INFO dropping _id column
[2023-01-05 16:34:16,981] 24 root INFO save data in feature store,replacing null values with nan
[2023-01-05 16:34:17,604] 27 root INFO creating feature store folder if not available
[2023-01-05 16:34:17,604] 31 root INFO save df to feature store folder
[2023-01-05 16:34:20,274] 34 root INFO spliting data into train test split
[2023-01-05 16:34:21,077] 37 root INFO creating dataset directory if not available
[2023-01-05 16:34:21,078] 41 root INFO save df to feature store folder
[2023-01-05 16:34:23,401] 46 root INFO preparing artifact
[2023-01-05 16:34:23,402] 53 root INFO data ingestion artifact:DataIngestionArtifact(feature_store_file_path='/config/workspace/artifact/01052023__163412/data_ingestion/feature_store/sensor.csv', train_file_path='/config/workspace/artifact/01052023__163412/data_ingestion/dataset/train.csv', test_file_path='/config/workspace/artifact/01052023__163412/data_ingestion/dataset/test.csv')
[2023-01-05 16:34:23,885] 20 root INFO exporting collection data as pandas dataframe
[2023-01-05 16:34:23,886] 12 root INFO reading from databaseaps qand collection :sensor
[2023-01-05 16:34:27,596] 14 root INFO found columns:Index(['_id', 'class', 'aa_000', 'ab_000', 'ac_000', 'ad_000', 'ae_000',
       'af_000', 'ag_000', 'ag_001',
       ...
       'ee_002', 'ee_003', 'ee_004', 'ee_005', 'ee_006', 'ee_007', 'ee_008',
       'ee_009', 'ef_000', 'eg_000'],
      dtype='object', length=172)
[2023-01-05 16:34:27,597] 16 root INFO dropping _id column
[2023-01-05 16:34:27,842] 24 root INFO save data in feature store,replacing null values with nan
[2023-01-05 16:34:28,432] 27 root INFO creating feature store folder if not available
[2023-01-05 16:34:28,433] 31 root INFO save df to feature store folder
[2023-01-05 16:34:30,956] 34 root INFO spliting data into train test split
[2023-01-05 16:34:31,586] 37 root INFO creating dataset directory if not available
[2023-01-05 16:34:31,586] 41 root INFO save df to feature store folder
[2023-01-05 16:34:33,807] 46 root INFO preparing artifact
[2023-01-05 16:34:33,807] 53 root INFO data ingestion artifact:DataIngestionArtifact(feature_store_file_path='/config/workspace/artifact/01052023__163412/data_ingestion/feature_store/sensor.csv', train_file_path='/config/workspace/artifact/01052023__163412/data_ingestion/dataset/train.csv', test_file_path='/config/workspace/artifact/01052023__163412/data_ingestion/dataset/test.csv')
[2023-01-05 16:34:34,269] 16 root INFO >>>>>>>>>>>>>>>>>>>>>>>>>>>>>>>>>>>>>>>> DATA VALIDATION <<<<<<<<<<<<<<<<<<<<<<<<<<<<<<<<<<<<<<<<
[2023-01-05 16:34:34,269] 96 root INFO Reading base dataframe
[2023-01-05 16:34:37,346] 99 root INFO Replace na value in base df
[2023-01-05 16:34:37,347] 101 root INFO Drop null values colums from base df
[2023-01-05 16:34:38,329] 30 root INFO selecting column nane which containing null above 0.2
[2023-01-05 16:34:38,330] 33 root INFO column names to drop['ab_000', 'ad_000', 'bk_000', 'bl_000', 'bm_000', 'bn_000', 'bo_000', 'bp_000', 'bq_000', 'br_000', 'cf_000', 'cg_000', 'ch_000', 'co_000', 'cr_000', 'ct_000', 'cu_000', 'cv_000', 'cx_000', 'cy_000', 'cz_000', 'da_000', 'db_000', 'dc_000']
[2023-01-05 16:34:38,419] 104 root INFO reading train dataframe
[2023-01-05 16:34:38,809] 106 root INFO reading test dataframe
[2023-01-05 16:34:38,910] 109 root INFO dropping null vakluecolumns from  train df
[2023-01-05 16:34:38,921] 30 root INFO selecting column nane which containing null above 0.2
[2023-01-05 16:34:38,922] 33 root INFO column names to drop['ab_000', 'ad_000', 'bk_000', 'bl_000', 'bm_000', 'bn_000', 'bo_000', 'bp_000', 'bq_000', 'br_000', 'cf_000', 'cg_000', 'ch_000', 'co_000', 'cr_000', 'ct_000', 'cu_000', 'cv_000', 'cx_000', 'cy_000', 'cz_000', 'da_000', 'db_000', 'dc_000']
[2023-01-05 16:34:38,934] 111 root INFO dropping missing value columns in test dataset
[2023-01-05 16:34:38,938] 30 root INFO selecting column nane which containing null above 0.2
[2023-01-05 16:34:38,938] 33 root INFO column names to drop['ab_000', 'ad_000', 'bk_000', 'bl_000', 'bm_000', 'bn_000', 'bo_000', 'bp_000', 'bq_000', 'br_000', 'cf_000', 'cg_000', 'ch_000', 'co_000', 'cr_000', 'ct_000', 'cu_000', 'cv_000', 'cx_000', 'cy_000', 'cz_000', 'da_000', 'db_000', 'dc_000']
[2023-01-05 16:34:45,007] 122 root INFO Is all required columns present in train df
