[2023-01-05 16:37:53,032] 20 root INFO exporting collection data as pandas dataframe
[2023-01-05 16:37:53,032] 12 root INFO reading from databaseaps qand collection :sensor
[2023-01-05 16:37:56,524] 14 root INFO found columns:Index(['_id', 'class', 'aa_000', 'ab_000', 'ac_000', 'ad_000', 'ae_000',
       'af_000', 'ag_000', 'ag_001',
       ...
       'ee_002', 'ee_003', 'ee_004', 'ee_005', 'ee_006', 'ee_007', 'ee_008',
       'ee_009', 'ef_000', 'eg_000'],
      dtype='object', length=172)
[2023-01-05 16:37:56,525] 16 root INFO dropping _id column
[2023-01-05 16:37:56,726] 24 root INFO save data in feature store,replacing null values with nan
[2023-01-05 16:37:57,360] 27 root INFO creating feature store folder if not available
[2023-01-05 16:37:57,361] 31 root INFO save df to feature store folder
[2023-01-05 16:37:59,982] 34 root INFO spliting data into train test split
[2023-01-05 16:38:00,654] 37 root INFO creating dataset directory if not available
[2023-01-05 16:38:00,654] 41 root INFO save df to feature store folder
[2023-01-05 16:38:02,947] 46 root INFO preparing artifact
[2023-01-05 16:38:02,948] 53 root INFO data ingestion artifact:DataIngestionArtifact(feature_store_file_path='/config/workspace/artifact/01052023__163753/data_ingestion/feature_store/sensor.csv', train_file_path='/config/workspace/artifact/01052023__163753/data_ingestion/dataset/train.csv', test_file_path='/config/workspace/artifact/01052023__163753/data_ingestion/dataset/test.csv')
[2023-01-05 16:38:03,435] 20 root INFO exporting collection data as pandas dataframe
[2023-01-05 16:38:03,435] 12 root INFO reading from databaseaps qand collection :sensor
[2023-01-05 16:38:07,021] 14 root INFO found columns:Index(['_id', 'class', 'aa_000', 'ab_000', 'ac_000', 'ad_000', 'ae_000',
       'af_000', 'ag_000', 'ag_001',
       ...
       'ee_002', 'ee_003', 'ee_004', 'ee_005', 'ee_006', 'ee_007', 'ee_008',
       'ee_009', 'ef_000', 'eg_000'],
      dtype='object', length=172)
[2023-01-05 16:38:07,022] 16 root INFO dropping _id column
[2023-01-05 16:38:07,259] 24 root INFO save data in feature store,replacing null values with nan
[2023-01-05 16:38:07,789] 27 root INFO creating feature store folder if not available
[2023-01-05 16:38:07,789] 31 root INFO save df to feature store folder
[2023-01-05 16:38:10,390] 34 root INFO spliting data into train test split
[2023-01-05 16:38:10,932] 37 root INFO creating dataset directory if not available
[2023-01-05 16:38:10,932] 41 root INFO save df to feature store folder
[2023-01-05 16:38:13,234] 46 root INFO preparing artifact
[2023-01-05 16:38:13,234] 53 root INFO data ingestion artifact:DataIngestionArtifact(feature_store_file_path='/config/workspace/artifact/01052023__163753/data_ingestion/feature_store/sensor.csv', train_file_path='/config/workspace/artifact/01052023__163753/data_ingestion/dataset/train.csv', test_file_path='/config/workspace/artifact/01052023__163753/data_ingestion/dataset/test.csv')
[2023-01-05 16:38:13,658] 16 root INFO >>>>>>>>>>>>>>>>>>>>>>>>>>>>>>>>>>>>>>>> DATA VALIDATION <<<<<<<<<<<<<<<<<<<<<<<<<<<<<<<<<<<<<<<<
[2023-01-05 16:38:13,658] 96 root INFO Reading base dataframe
[2023-01-05 16:38:16,584] 100 root INFO Replace na value in base df
[2023-01-05 16:38:16,585] 102 root INFO Drop null values colums from base df
[2023-01-05 16:38:17,554] 30 root INFO selecting column nane which containing null above 0.2
[2023-01-05 16:38:17,555] 33 root INFO column names to drop['ab_000', 'ad_000', 'bk_000', 'bl_000', 'bm_000', 'bn_000', 'bo_000', 'bp_000', 'bq_000', 'br_000', 'cf_000', 'cg_000', 'ch_000', 'co_000', 'cr_000', 'ct_000', 'cu_000', 'cv_000', 'cx_000', 'cy_000', 'cz_000', 'da_000', 'db_000', 'dc_000']
[2023-01-05 16:38:17,636] 105 root INFO reading train dataframe
[2023-01-05 16:38:18,037] 107 root INFO reading test dataframe
[2023-01-05 16:38:18,141] 110 root INFO dropping null vakluecolumns from  train df
[2023-01-05 16:38:18,153] 30 root INFO selecting column nane which containing null above 0.2
[2023-01-05 16:38:18,153] 33 root INFO column names to drop['ab_000', 'ad_000', 'bk_000', 'bl_000', 'bm_000', 'bn_000', 'bo_000', 'bp_000', 'bq_000', 'br_000', 'cf_000', 'cg_000', 'ch_000', 'co_000', 'cr_000', 'ct_000', 'cu_000', 'cv_000', 'cx_000', 'cy_000', 'cz_000', 'da_000', 'db_000', 'dc_000']
[2023-01-05 16:38:18,162] 112 root INFO dropping missing value columns in test dataset
[2023-01-05 16:38:18,166] 30 root INFO selecting column nane which containing null above 0.2
[2023-01-05 16:38:18,167] 33 root INFO column names to drop['ab_000', 'ad_000', 'bk_000', 'bl_000', 'bm_000', 'bn_000', 'bo_000', 'bp_000', 'bq_000', 'br_000', 'cf_000', 'cg_000', 'ch_000', 'co_000', 'cr_000', 'ct_000', 'cu_000', 'cv_000', 'cx_000', 'cy_000', 'cz_000', 'da_000', 'db_000', 'dc_000']
[2023-01-05 16:38:24,178] 123 root INFO Is all required columns present in train df
