[2023-01-05 17:25:12,884] 20 root INFO exporting collection data as pandas dataframe
[2023-01-05 17:25:12,884] 12 root INFO reading from databaseaps qand collection :sensor
[2023-01-05 17:25:16,440] 14 root INFO found columns:Index(['_id', 'class', 'aa_000', 'ab_000', 'ac_000', 'ad_000', 'ae_000',
       'af_000', 'ag_000', 'ag_001',
       ...
       'ee_002', 'ee_003', 'ee_004', 'ee_005', 'ee_006', 'ee_007', 'ee_008',
       'ee_009', 'ef_000', 'eg_000'],
      dtype='object', length=172)
[2023-01-05 17:25:16,441] 16 root INFO dropping _id column
[2023-01-05 17:25:16,637] 24 root INFO save data in feature store,replacing null values with nan
[2023-01-05 17:25:17,177] 27 root INFO creating feature store folder if not available
[2023-01-05 17:25:17,178] 31 root INFO save df to feature store folder
[2023-01-05 17:25:19,653] 34 root INFO spliting data into train test split
[2023-01-05 17:25:20,215] 37 root INFO creating dataset directory if not available
[2023-01-05 17:25:20,216] 41 root INFO save df to feature store folder
[2023-01-05 17:25:22,447] 46 root INFO preparing artifact
[2023-01-05 17:25:22,448] 53 root INFO data ingestion artifact:DataIngestionArtifact(feature_store_file_path='/config/workspace/artifact/01052023__172512/data_ingestion/feature_store/sensor.csv', train_file_path='/config/workspace/artifact/01052023__172512/data_ingestion/dataset/train.csv', test_file_path='/config/workspace/artifact/01052023__172512/data_ingestion/dataset/test.csv')
[2023-01-05 17:25:22,847] 20 root INFO exporting collection data as pandas dataframe
[2023-01-05 17:25:22,848] 12 root INFO reading from databaseaps qand collection :sensor
[2023-01-05 17:25:26,323] 14 root INFO found columns:Index(['_id', 'class', 'aa_000', 'ab_000', 'ac_000', 'ad_000', 'ae_000',
       'af_000', 'ag_000', 'ag_001',
       ...
       'ee_002', 'ee_003', 'ee_004', 'ee_005', 'ee_006', 'ee_007', 'ee_008',
       'ee_009', 'ef_000', 'eg_000'],
      dtype='object', length=172)
[2023-01-05 17:25:26,324] 16 root INFO dropping _id column
[2023-01-05 17:25:26,519] 24 root INFO save data in feature store,replacing null values with nan
[2023-01-05 17:25:27,086] 27 root INFO creating feature store folder if not available
[2023-01-05 17:25:27,086] 31 root INFO save df to feature store folder
[2023-01-05 17:25:29,610] 34 root INFO spliting data into train test split
[2023-01-05 17:25:30,185] 37 root INFO creating dataset directory if not available
[2023-01-05 17:25:30,185] 41 root INFO save df to feature store folder
[2023-01-05 17:25:32,454] 46 root INFO preparing artifact
[2023-01-05 17:25:32,454] 53 root INFO data ingestion artifact:DataIngestionArtifact(feature_store_file_path='/config/workspace/artifact/01052023__172512/data_ingestion/feature_store/sensor.csv', train_file_path='/config/workspace/artifact/01052023__172512/data_ingestion/dataset/train.csv', test_file_path='/config/workspace/artifact/01052023__172512/data_ingestion/dataset/test.csv')
[2023-01-05 17:25:32,838] 16 root INFO >>>>>>>>>>>>>>>>>>>>>>>>>>>>>>>>>>>>>>>> DATA VALIDATION <<<<<<<<<<<<<<<<<<<<<<<<<<<<<<<<<<<<<<<<
[2023-01-05 17:25:32,839] 96 root INFO Reading base dataframe
[2023-01-05 17:25:35,717] 99 root INFO Replace na value in base df
[2023-01-05 17:25:35,717] 101 root INFO Drop null values colums from base df
[2023-01-05 17:25:36,679] 30 root INFO selecting column nane which containing null above 0.2
[2023-01-05 17:25:36,679] 33 root INFO column names to drop['ab_000', 'ad_000', 'bk_000', 'bl_000', 'bm_000', 'bn_000', 'bo_000', 'bp_000', 'bq_000', 'br_000', 'cf_000', 'cg_000', 'ch_000', 'co_000', 'cr_000', 'ct_000', 'cu_000', 'cv_000', 'cx_000', 'cy_000', 'cz_000', 'da_000', 'db_000', 'dc_000']
[2023-01-05 17:25:36,796] 104 root INFO reading train dataframe
[2023-01-05 17:25:37,207] 106 root INFO reading test dataframe
[2023-01-05 17:25:37,309] 109 root INFO dropping null vakluecolumns from  train df
[2023-01-05 17:25:37,320] 30 root INFO selecting column nane which containing null above 0.2
[2023-01-05 17:25:37,321] 33 root INFO column names to drop['ab_000', 'ad_000', 'bk_000', 'bl_000', 'bm_000', 'bn_000', 'bo_000', 'bp_000', 'bq_000', 'br_000', 'cf_000', 'cg_000', 'ch_000', 'co_000', 'cr_000', 'ct_000', 'cu_000', 'cv_000', 'cx_000', 'cy_000', 'cz_000', 'da_000', 'db_000', 'dc_000']
[2023-01-05 17:25:37,330] 111 root INFO dropping missing value columns in test dataset
[2023-01-05 17:25:37,334] 30 root INFO selecting column nane which containing null above 0.2
[2023-01-05 17:25:37,334] 33 root INFO column names to drop['ab_000', 'ad_000', 'bk_000', 'bl_000', 'bm_000', 'bn_000', 'bo_000', 'bp_000', 'bq_000', 'br_000', 'cf_000', 'cg_000', 'ch_000', 'co_000', 'cr_000', 'ct_000', 'cu_000', 'cv_000', 'cx_000', 'cy_000', 'cz_000', 'da_000', 'db_000', 'dc_000']
[2023-01-05 17:25:43,359] 122 root INFO Is all required columns present in train df
[2023-01-05 17:25:43,360] 124 root INFO Is all required columns present in test df
[2023-01-05 17:25:43,360] 128 root INFO As all column are available in train df hence detecting data drift
[2023-01-05 17:25:43,360] 71 root INFO Hypothesis class: object, object 
[2023-01-05 17:25:43,496] 71 root INFO Hypothesis aa_000: float64, float64 
[2023-01-05 17:25:43,539] 71 root INFO Hypothesis ac_000: float64, float64 
[2023-01-05 17:25:43,547] 71 root INFO Hypothesis ae_000: float64, float64 
[2023-01-05 17:25:43,584] 71 root INFO Hypothesis af_000: float64, float64 
[2023-01-05 17:25:43,622] 71 root INFO Hypothesis ag_000: float64, float64 
[2023-01-05 17:25:43,658] 71 root INFO Hypothesis ag_001: float64, float64 
[2023-01-05 17:25:43,695] 71 root INFO Hypothesis ag_002: float64, float64 
[2023-01-05 17:25:43,731] 71 root INFO Hypothesis ag_003: float64, float64 
[2023-01-05 17:25:43,769] 71 root INFO Hypothesis ag_004: float64, float64 
[2023-01-05 17:25:43,813] 71 root INFO Hypothesis ag_005: float64, float64 
[2023-01-05 17:25:43,861] 71 root INFO Hypothesis ag_006: float64, float64 
[2023-01-05 17:25:43,872] 71 root INFO Hypothesis ag_007: float64, float64 
[2023-01-05 17:25:43,882] 71 root INFO Hypothesis ag_008: float64, float64 
[2023-01-05 17:25:43,923] 71 root INFO Hypothesis ag_009: float64, float64 
[2023-01-05 17:25:43,930] 71 root INFO Hypothesis ah_000: float64, float64 
[2023-01-05 17:25:43,974] 71 root INFO Hypothesis ai_000: float64, float64 
[2023-01-05 17:25:44,014] 71 root INFO Hypothesis aj_000: float64, float64 
[2023-01-05 17:25:44,052] 71 root INFO Hypothesis ak_000: float64, float64 
[2023-01-05 17:25:44,089] 71 root INFO Hypothesis al_000: float64, float64 
[2023-01-05 17:25:44,130] 71 root INFO Hypothesis am_0: float64, float64 
[2023-01-05 17:25:44,170] 71 root INFO Hypothesis an_000: float64, float64 
[2023-01-05 17:25:44,214] 71 root INFO Hypothesis ao_000: float64, float64 
[2023-01-05 17:25:44,257] 71 root INFO Hypothesis ap_000: float64, float64 
[2023-01-05 17:25:44,267] 71 root INFO Hypothesis aq_000: float64, float64 
[2023-01-05 17:25:44,278] 71 root INFO Hypothesis ar_000: float64, float64 
[2023-01-05 17:25:44,315] 71 root INFO Hypothesis as_000: float64, float64 
[2023-01-05 17:25:44,351] 71 root INFO Hypothesis at_000: float64, float64 
[2023-01-05 17:25:44,389] 71 root INFO Hypothesis au_000: float64, float64 
[2023-01-05 17:25:44,425] 71 root INFO Hypothesis av_000: float64, float64 
[2023-01-05 17:25:44,466] 71 root INFO Hypothesis ax_000: float64, float64 
[2023-01-05 17:25:44,508] 71 root INFO Hypothesis ay_000: float64, float64 
[2023-01-05 17:25:44,544] 71 root INFO Hypothesis ay_001: float64, float64 
[2023-01-05 17:25:44,581] 71 root INFO Hypothesis ay_002: float64, float64 
[2023-01-05 17:25:44,618] 71 root INFO Hypothesis ay_003: float64, float64 
[2023-01-05 17:25:44,654] 71 root INFO Hypothesis ay_004: float64, float64 
[2023-01-05 17:25:44,690] 71 root INFO Hypothesis ay_005: float64, float64 
[2023-01-05 17:25:44,698] 71 root INFO Hypothesis ay_006: float64, float64 
[2023-01-05 17:25:44,707] 71 root INFO Hypothesis ay_007: float64, float64 
[2023-01-05 17:25:44,751] 71 root INFO Hypothesis ay_008: float64, float64 
[2023-01-05 17:25:44,762] 71 root INFO Hypothesis ay_009: float64, float64 
[2023-01-05 17:25:44,799] 71 root INFO Hypothesis az_000: float64, float64 
[2023-01-05 17:25:44,843] 71 root INFO Hypothesis az_001: float64, float64 
[2023-01-05 17:25:44,886] 71 root INFO Hypothesis az_002: float64, float64 
[2023-01-05 17:25:44,933] 71 root INFO Hypothesis az_003: float64, float64 
[2023-01-05 17:25:44,977] 71 root INFO Hypothesis az_004: float64, float64 
[2023-01-05 17:25:44,988] 71 root INFO Hypothesis az_005: float64, float64 
[2023-01-05 17:25:44,999] 71 root INFO Hypothesis az_006: float64, float64 
[2023-01-05 17:25:45,043] 71 root INFO Hypothesis az_007: float64, float64 
[2023-01-05 17:25:45,082] 71 root INFO Hypothesis az_008: float64, float64 
[2023-01-05 17:25:45,119] 71 root INFO Hypothesis az_009: float64, float64 
[2023-01-05 17:25:45,156] 71 root INFO Hypothesis ba_000: float64, float64 
[2023-01-05 17:25:45,167] 71 root INFO Hypothesis ba_001: float64, float64 
[2023-01-05 17:25:45,178] 71 root INFO Hypothesis ba_002: float64, float64 
[2023-01-05 17:25:45,221] 71 root INFO Hypothesis ba_003: float64, float64 
[2023-01-05 17:25:45,264] 71 root INFO Hypothesis ba_004: float64, float64 
[2023-01-05 17:25:45,307] 71 root INFO Hypothesis ba_005: float64, float64 
[2023-01-05 17:25:45,317] 71 root INFO Hypothesis ba_006: float64, float64 
[2023-01-05 17:25:45,360] 71 root INFO Hypothesis ba_007: float64, float64 
[2023-01-05 17:25:45,370] 71 root INFO Hypothesis ba_008: float64, float64 
[2023-01-05 17:25:45,378] 71 root INFO Hypothesis ba_009: float64, float64 
[2023-01-05 17:25:45,417] 71 root INFO Hypothesis bb_000: float64, float64 
[2023-01-05 17:25:45,461] 71 root INFO Hypothesis bc_000: float64, float64 
[2023-01-05 17:25:45,502] 71 root INFO Hypothesis bd_000: float64, float64 
[2023-01-05 17:25:45,544] 71 root INFO Hypothesis be_000: float64, float64 
[2023-01-05 17:25:45,553] 71 root INFO Hypothesis bf_000: float64, float64 
[2023-01-05 17:25:45,592] 71 root INFO Hypothesis bg_000: float64, float64 
[2023-01-05 17:25:45,637] 71 root INFO Hypothesis bh_000: float64, float64 
[2023-01-05 17:25:45,681] 71 root INFO Hypothesis bi_000: float64, float64 
[2023-01-05 17:25:45,692] 71 root INFO Hypothesis bj_000: float64, float64 
[2023-01-05 17:25:45,703] 71 root INFO Hypothesis bs_000: float64, float64 
[2023-01-05 17:25:45,746] 71 root INFO Hypothesis bt_000: float64, float64 
[2023-01-05 17:25:45,789] 71 root INFO Hypothesis bu_000: float64, float64 
[2023-01-05 17:25:45,800] 71 root INFO Hypothesis bv_000: float64, float64 
[2023-01-05 17:25:45,811] 71 root INFO Hypothesis bx_000: float64, float64 
[2023-01-05 17:25:45,855] 71 root INFO Hypothesis by_000: float64, float64 
[2023-01-05 17:25:45,900] 71 root INFO Hypothesis bz_000: float64, float64 
[2023-01-05 17:25:45,943] 71 root INFO Hypothesis ca_000: float64, float64 
[2023-01-05 17:25:45,986] 71 root INFO Hypothesis cb_000: float64, float64 
[2023-01-05 17:25:46,030] 71 root INFO Hypothesis cc_000: float64, float64 
[2023-01-05 17:25:46,075] 71 root INFO Hypothesis cd_000: float64, float64 
[2023-01-05 17:25:46,113] 71 root INFO Hypothesis ce_000: float64, float64 
[2023-01-05 17:25:46,156] 71 root INFO Hypothesis ci_000: float64, float64 
[2023-01-05 17:25:46,201] 71 root INFO Hypothesis cj_000: float64, float64 
[2023-01-05 17:25:46,239] 71 root INFO Hypothesis ck_000: float64, float64 
[2023-01-05 17:25:46,250] 71 root INFO Hypothesis cl_000: float64, float64 
[2023-01-05 17:25:46,289] 71 root INFO Hypothesis cm_000: float64, float64 
[2023-01-05 17:25:46,329] 71 root INFO Hypothesis cn_000: float64, float64 
[2023-01-05 17:25:46,365] 71 root INFO Hypothesis cn_001: float64, float64 
[2023-01-05 17:25:46,403] 71 root INFO Hypothesis cn_002: float64, float64 
[2023-01-05 17:25:46,443] 71 root INFO Hypothesis cn_003: float64, float64 
[2023-01-05 17:25:46,454] 71 root INFO Hypothesis cn_004: float64, float64 
[2023-01-05 17:25:46,464] 71 root INFO Hypothesis cn_005: float64, float64 
[2023-01-05 17:25:46,475] 71 root INFO Hypothesis cn_006: float64, float64 
[2023-01-05 17:25:46,518] 71 root INFO Hypothesis cn_007: float64, float64 
[2023-01-05 17:25:46,528] 71 root INFO Hypothesis cn_008: float64, float64 
[2023-01-05 17:25:46,537] 71 root INFO Hypothesis cn_009: float64, float64 
[2023-01-05 17:25:46,579] 71 root INFO Hypothesis cp_000: float64, float64 
[2023-01-05 17:25:46,620] 71 root INFO Hypothesis cq_000: float64, float64 
[2023-01-05 17:25:46,631] 71 root INFO Hypothesis cs_000: float64, float64 
[2023-01-05 17:25:46,673] 71 root INFO Hypothesis cs_001: float64, float64 
[2023-01-05 17:25:46,714] 71 root INFO Hypothesis cs_002: float64, float64 
[2023-01-05 17:25:46,724] 71 root INFO Hypothesis cs_003: float64, float64 
[2023-01-05 17:25:46,769] 71 root INFO Hypothesis cs_004: float64, float64 
[2023-01-05 17:25:46,812] 71 root INFO Hypothesis cs_005: float64, float64 
[2023-01-05 17:25:46,823] 71 root INFO Hypothesis cs_006: float64, float64 
[2023-01-05 17:25:46,833] 71 root INFO Hypothesis cs_007: float64, float64 
[2023-01-05 17:25:46,844] 71 root INFO Hypothesis cs_008: float64, float64 
[2023-01-05 17:25:46,851] 71 root INFO Hypothesis cs_009: float64, float64 
[2023-01-05 17:25:46,891] 71 root INFO Hypothesis dd_000: float64, float64 
[2023-01-05 17:25:46,934] 71 root INFO Hypothesis de_000: float64, float64 
[2023-01-05 17:25:46,979] 71 root INFO Hypothesis df_000: float64, float64 
[2023-01-05 17:25:47,017] 71 root INFO Hypothesis dg_000: float64, float64 
[2023-01-05 17:25:47,054] 71 root INFO Hypothesis dh_000: float64, float64 
[2023-01-05 17:25:47,092] 71 root INFO Hypothesis di_000: float64, float64 
[2023-01-05 17:25:47,132] 71 root INFO Hypothesis dj_000: float64, float64 
[2023-01-05 17:25:47,169] 71 root INFO Hypothesis dk_000: float64, float64 
[2023-01-05 17:25:47,205] 71 root INFO Hypothesis dl_000: float64, float64 
[2023-01-05 17:25:47,242] 71 root INFO Hypothesis dm_000: float64, float64 
[2023-01-05 17:25:47,279] 71 root INFO Hypothesis dn_000: float64, float64 
[2023-01-05 17:25:47,290] 71 root INFO Hypothesis do_000: float64, float64 
[2023-01-05 17:25:47,332] 71 root INFO Hypothesis dp_000: float64, float64 
[2023-01-05 17:25:47,374] 71 root INFO Hypothesis dq_000: float64, float64 
[2023-01-05 17:25:47,413] 71 root INFO Hypothesis dr_000: float64, float64 
[2023-01-05 17:25:47,452] 71 root INFO Hypothesis ds_000: float64, float64 
[2023-01-05 17:25:47,462] 71 root INFO Hypothesis dt_000: float64, float64 
[2023-01-05 17:25:47,505] 71 root INFO Hypothesis du_000: float64, float64 
[2023-01-05 17:25:47,548] 71 root INFO Hypothesis dv_000: float64, float64 
[2023-01-05 17:25:47,591] 71 root INFO Hypothesis dx_000: float64, float64 
[2023-01-05 17:25:47,631] 71 root INFO Hypothesis dy_000: float64, float64 
[2023-01-05 17:25:47,670] 71 root INFO Hypothesis dz_000: float64, float64 
[2023-01-05 17:25:47,706] 71 root INFO Hypothesis ea_000: float64, float64 
[2023-01-05 17:25:47,743] 71 root INFO Hypothesis eb_000: float64, float64 
[2023-01-05 17:25:47,752] 71 root INFO Hypothesis ec_00: float64, float64 
[2023-01-05 17:25:47,794] 71 root INFO Hypothesis ed_000: float64, float64 
[2023-01-05 17:25:47,803] 71 root INFO Hypothesis ee_000: float64, float64 
[2023-01-05 17:25:47,814] 71 root INFO Hypothesis ee_001: float64, float64 
[2023-01-05 17:25:47,825] 71 root INFO Hypothesis ee_002: float64, float64 
[2023-01-05 17:25:47,838] 71 root INFO Hypothesis ee_003: float64, float64 
[2023-01-05 17:25:47,848] 71 root INFO Hypothesis ee_004: float64, float64 
[2023-01-05 17:25:47,892] 71 root INFO Hypothesis ee_005: float64, float64 
[2023-01-05 17:25:47,907] 71 root INFO Hypothesis ee_006: float64, float64 
[2023-01-05 17:25:47,918] 71 root INFO Hypothesis ee_007: float64, float64 
[2023-01-05 17:25:47,928] 71 root INFO Hypothesis ee_008: float64, float64 
[2023-01-05 17:25:47,938] 71 root INFO Hypothesis ee_009: float64, float64 
[2023-01-05 17:25:47,977] 71 root INFO Hypothesis ef_000: float64, float64 
[2023-01-05 17:25:48,015] 71 root INFO Hypothesis eg_000: float64, float64 
[2023-01-05 17:25:48,052] 131 root INFO As all column are available in test df hence detecting data drift
[2023-01-05 17:25:48,052] 71 root INFO Hypothesis class: object, object 
[2023-01-05 17:25:48,128] 71 root INFO Hypothesis aa_000: float64, float64 
[2023-01-05 17:25:48,135] 71 root INFO Hypothesis ac_000: float64, float64 
[2023-01-05 17:25:48,140] 71 root INFO Hypothesis ae_000: float64, float64 
[2023-01-05 17:25:48,156] 71 root INFO Hypothesis af_000: float64, float64 
[2023-01-05 17:25:48,171] 71 root INFO Hypothesis ag_000: float64, float64 
[2023-01-05 17:25:48,186] 71 root INFO Hypothesis ag_001: float64, float64 
[2023-01-05 17:25:48,201] 71 root INFO Hypothesis ag_002: float64, float64 
[2023-01-05 17:25:48,217] 71 root INFO Hypothesis ag_003: float64, float64 
[2023-01-05 17:25:48,233] 71 root INFO Hypothesis ag_004: float64, float64 
[2023-01-05 17:25:48,241] 71 root INFO Hypothesis ag_005: float64, float64 
[2023-01-05 17:25:48,248] 71 root INFO Hypothesis ag_006: float64, float64 
[2023-01-05 17:25:48,255] 71 root INFO Hypothesis ag_007: float64, float64 
[2023-01-05 17:25:48,261] 71 root INFO Hypothesis ag_008: float64, float64 
[2023-01-05 17:25:48,267] 71 root INFO Hypothesis ag_009: float64, float64 
[2023-01-05 17:25:48,272] 71 root INFO Hypothesis ah_000: float64, float64 
[2023-01-05 17:25:48,279] 71 root INFO Hypothesis ai_000: float64, float64 
[2023-01-05 17:25:48,283] 71 root INFO Hypothesis aj_000: float64, float64 
[2023-01-05 17:25:48,300] 71 root INFO Hypothesis ak_000: float64, float64 
[2023-01-05 17:25:48,316] 71 root INFO Hypothesis al_000: float64, float64 
[2023-01-05 17:25:48,322] 71 root INFO Hypothesis am_0: float64, float64 
[2023-01-05 17:25:48,327] 71 root INFO Hypothesis an_000: float64, float64 
[2023-01-05 17:25:48,334] 71 root INFO Hypothesis ao_000: float64, float64 
[2023-01-05 17:25:48,341] 71 root INFO Hypothesis ap_000: float64, float64 
[2023-01-05 17:25:48,348] 71 root INFO Hypothesis aq_000: float64, float64 
[2023-01-05 17:25:48,356] 71 root INFO Hypothesis ar_000: float64, float64 
[2023-01-05 17:25:48,372] 71 root INFO Hypothesis as_000: float64, float64 
[2023-01-05 17:25:48,387] 71 root INFO Hypothesis at_000: float64, float64 
[2023-01-05 17:25:48,404] 71 root INFO Hypothesis au_000: float64, float64 
[2023-01-05 17:25:48,420] 71 root INFO Hypothesis av_000: float64, float64 
[2023-01-05 17:25:48,427] 71 root INFO Hypothesis ax_000: float64, float64 
[2023-01-05 17:25:48,433] 71 root INFO Hypothesis ay_000: float64, float64 
[2023-01-05 17:25:48,449] 71 root INFO Hypothesis ay_001: float64, float64 
[2023-01-05 17:25:48,464] 71 root INFO Hypothesis ay_002: float64, float64 
[2023-01-05 17:25:48,480] 71 root INFO Hypothesis ay_003: float64, float64 
[2023-01-05 17:25:48,495] 71 root INFO Hypothesis ay_004: float64, float64 
[2023-01-05 17:25:48,512] 71 root INFO Hypothesis ay_005: float64, float64 
[2023-01-05 17:25:48,517] 71 root INFO Hypothesis ay_006: float64, float64 
[2023-01-05 17:25:48,524] 71 root INFO Hypothesis ay_007: float64, float64 
[2023-01-05 17:25:48,531] 71 root INFO Hypothesis ay_008: float64, float64 
[2023-01-05 17:25:48,538] 71 root INFO Hypothesis ay_009: float64, float64 
[2023-01-05 17:25:48,553] 71 root INFO Hypothesis az_000: float64, float64 
[2023-01-05 17:25:48,560] 71 root INFO Hypothesis az_001: float64, float64 
[2023-01-05 17:25:48,566] 71 root INFO Hypothesis az_002: float64, float64 
[2023-01-05 17:25:48,573] 71 root INFO Hypothesis az_003: float64, float64 
[2023-01-05 17:25:48,579] 71 root INFO Hypothesis az_004: float64, float64 
[2023-01-05 17:25:48,586] 71 root INFO Hypothesis az_005: float64, float64 
[2023-01-05 17:25:48,593] 71 root INFO Hypothesis az_006: float64, float64 
[2023-01-05 17:25:48,599] 71 root INFO Hypothesis az_007: float64, float64 
[2023-01-05 17:25:48,616] 71 root INFO Hypothesis az_008: float64, float64 
[2023-01-05 17:25:48,632] 71 root INFO Hypothesis az_009: float64, float64 
[2023-01-05 17:25:48,647] 71 root INFO Hypothesis ba_000: float64, float64 
[2023-01-05 17:25:48,655] 71 root INFO Hypothesis ba_001: float64, float64 
[2023-01-05 17:25:48,662] 71 root INFO Hypothesis ba_002: float64, float64 
[2023-01-05 17:25:48,669] 71 root INFO Hypothesis ba_003: float64, float64 
[2023-01-05 17:25:48,676] 71 root INFO Hypothesis ba_004: float64, float64 
[2023-01-05 17:25:48,683] 71 root INFO Hypothesis ba_005: float64, float64 
[2023-01-05 17:25:48,689] 71 root INFO Hypothesis ba_006: float64, float64 
[2023-01-05 17:25:48,696] 71 root INFO Hypothesis ba_007: float64, float64 
[2023-01-05 17:25:48,703] 71 root INFO Hypothesis ba_008: float64, float64 
[2023-01-05 17:25:48,708] 71 root INFO Hypothesis ba_009: float64, float64 
[2023-01-05 17:25:48,713] 71 root INFO Hypothesis bb_000: float64, float64 
[2023-01-05 17:25:48,720] 71 root INFO Hypothesis bc_000: float64, float64 
[2023-01-05 17:25:48,725] 71 root INFO Hypothesis bd_000: float64, float64 
[2023-01-05 17:25:48,731] 71 root INFO Hypothesis be_000: float64, float64 
[2023-01-05 17:25:48,737] 71 root INFO Hypothesis bf_000: float64, float64 
[2023-01-05 17:25:48,741] 71 root INFO Hypothesis bg_000: float64, float64 
[2023-01-05 17:25:48,749] 71 root INFO Hypothesis bh_000: float64, float64 
[2023-01-05 17:25:48,755] 71 root INFO Hypothesis bi_000: float64, float64 
[2023-01-05 17:25:48,763] 71 root INFO Hypothesis bj_000: float64, float64 
[2023-01-05 17:25:48,770] 71 root INFO Hypothesis bs_000: float64, float64 
[2023-01-05 17:25:48,779] 71 root INFO Hypothesis bt_000: float64, float64 
[2023-01-05 17:25:48,787] 71 root INFO Hypothesis bu_000: float64, float64 
[2023-01-05 17:25:48,794] 71 root INFO Hypothesis bv_000: float64, float64 
[2023-01-05 17:25:48,801] 71 root INFO Hypothesis bx_000: float64, float64 
[2023-01-05 17:25:48,809] 71 root INFO Hypothesis by_000: float64, float64 
[2023-01-05 17:25:48,816] 71 root INFO Hypothesis bz_000: float64, float64 
[2023-01-05 17:25:48,822] 71 root INFO Hypothesis ca_000: float64, float64 
[2023-01-05 17:25:48,829] 71 root INFO Hypothesis cb_000: float64, float64 
[2023-01-05 17:25:48,837] 71 root INFO Hypothesis cc_000: float64, float64 
[2023-01-05 17:25:48,843] 71 root INFO Hypothesis cd_000: float64, float64 
[2023-01-05 17:25:48,859] 71 root INFO Hypothesis ce_000: float64, float64 
[2023-01-05 17:25:48,866] 71 root INFO Hypothesis ci_000: float64, float64 
[2023-01-05 17:25:48,873] 71 root INFO Hypothesis cj_000: float64, float64 
[2023-01-05 17:25:48,881] 71 root INFO Hypothesis ck_000: float64, float64 
[2023-01-05 17:25:48,888] 71 root INFO Hypothesis cl_000: float64, float64 
[2023-01-05 17:25:48,893] 71 root INFO Hypothesis cm_000: float64, float64 
[2023-01-05 17:25:48,898] 71 root INFO Hypothesis cn_000: float64, float64 
[2023-01-05 17:25:48,913] 71 root INFO Hypothesis cn_001: float64, float64 
[2023-01-05 17:25:48,930] 71 root INFO Hypothesis cn_002: float64, float64 
[2023-01-05 17:25:48,936] 71 root INFO Hypothesis cn_003: float64, float64 
[2023-01-05 17:25:48,943] 71 root INFO Hypothesis cn_004: float64, float64 
[2023-01-05 17:25:48,950] 71 root INFO Hypothesis cn_005: float64, float64 
[2023-01-05 17:25:48,958] 71 root INFO Hypothesis cn_006: float64, float64 
[2023-01-05 17:25:48,965] 71 root INFO Hypothesis cn_007: float64, float64 
[2023-01-05 17:25:48,972] 71 root INFO Hypothesis cn_008: float64, float64 
[2023-01-05 17:25:48,978] 71 root INFO Hypothesis cn_009: float64, float64 
[2023-01-05 17:25:48,983] 71 root INFO Hypothesis cp_000: float64, float64 
[2023-01-05 17:25:48,989] 71 root INFO Hypothesis cq_000: float64, float64 
[2023-01-05 17:25:48,996] 71 root INFO Hypothesis cs_000: float64, float64 
[2023-01-05 17:25:49,002] 71 root INFO Hypothesis cs_001: float64, float64 
[2023-01-05 17:25:49,009] 71 root INFO Hypothesis cs_002: float64, float64 
[2023-01-05 17:25:49,015] 71 root INFO Hypothesis cs_003: float64, float64 
[2023-01-05 17:25:49,022] 71 root INFO Hypothesis cs_004: float64, float64 
[2023-01-05 17:25:49,029] 71 root INFO Hypothesis cs_005: float64, float64 
[2023-01-05 17:25:49,036] 71 root INFO Hypothesis cs_006: float64, float64 
[2023-01-05 17:25:49,044] 71 root INFO Hypothesis cs_007: float64, float64 
[2023-01-05 17:25:49,051] 71 root INFO Hypothesis cs_008: float64, float64 
[2023-01-05 17:25:49,056] 71 root INFO Hypothesis cs_009: float64, float64 
[2023-01-05 17:25:49,059] 71 root INFO Hypothesis dd_000: float64, float64 
[2023-01-05 17:25:49,065] 71 root INFO Hypothesis de_000: float64, float64 
[2023-01-05 17:25:49,084] 71 root INFO Hypothesis df_000: float64, float64 
[2023-01-05 17:25:49,100] 71 root INFO Hypothesis dg_000: float64, float64 
[2023-01-05 17:25:49,115] 71 root INFO Hypothesis dh_000: float64, float64 
[2023-01-05 17:25:49,119] 71 root INFO Hypothesis di_000: float64, float64 
[2023-01-05 17:25:49,123] 71 root INFO Hypothesis dj_000: float64, float64 
[2023-01-05 17:25:49,139] 71 root INFO Hypothesis dk_000: float64, float64 
[2023-01-05 17:25:49,155] 71 root INFO Hypothesis dl_000: float64, float64 
[2023-01-05 17:25:49,170] 71 root INFO Hypothesis dm_000: float64, float64 
[2023-01-05 17:25:49,187] 71 root INFO Hypothesis dn_000: float64, float64 
[2023-01-05 17:25:49,194] 71 root INFO Hypothesis do_000: float64, float64 
[2023-01-05 17:25:49,200] 71 root INFO Hypothesis dp_000: float64, float64 
[2023-01-05 17:25:49,206] 71 root INFO Hypothesis dq_000: float64, float64 
[2023-01-05 17:25:49,211] 71 root INFO Hypothesis dr_000: float64, float64 
[2023-01-05 17:25:49,215] 71 root INFO Hypothesis ds_000: float64, float64 
[2023-01-05 17:25:49,222] 71 root INFO Hypothesis dt_000: float64, float64 
[2023-01-05 17:25:49,229] 71 root INFO Hypothesis du_000: float64, float64 
[2023-01-05 17:25:49,235] 71 root INFO Hypothesis dv_000: float64, float64 
[2023-01-05 17:25:49,242] 71 root INFO Hypothesis dx_000: float64, float64 
[2023-01-05 17:25:49,247] 71 root INFO Hypothesis dy_000: float64, float64 
[2023-01-05 17:25:49,252] 71 root INFO Hypothesis dz_000: float64, float64 
[2023-01-05 17:25:49,267] 71 root INFO Hypothesis ea_000: float64, float64 
[2023-01-05 17:25:49,283] 71 root INFO Hypothesis eb_000: float64, float64 
[2023-01-05 17:25:49,289] 71 root INFO Hypothesis ec_00: float64, float64 
[2023-01-05 17:25:49,295] 71 root INFO Hypothesis ed_000: float64, float64 
[2023-01-05 17:25:49,301] 71 root INFO Hypothesis ee_000: float64, float64 
[2023-01-05 17:25:49,308] 71 root INFO Hypothesis ee_001: float64, float64 
[2023-01-05 17:25:49,316] 71 root INFO Hypothesis ee_002: float64, float64 
[2023-01-05 17:25:49,323] 71 root INFO Hypothesis ee_003: float64, float64 
[2023-01-05 17:25:49,330] 71 root INFO Hypothesis ee_004: float64, float64 
[2023-01-05 17:25:49,337] 71 root INFO Hypothesis ee_005: float64, float64 
[2023-01-05 17:25:49,344] 71 root INFO Hypothesis ee_006: float64, float64 
[2023-01-05 17:25:49,350] 71 root INFO Hypothesis ee_007: float64, float64 
[2023-01-05 17:25:49,357] 71 root INFO Hypothesis ee_008: float64, float64 
[2023-01-05 17:25:49,363] 71 root INFO Hypothesis ee_009: float64, float64 
[2023-01-05 17:25:49,369] 71 root INFO Hypothesis ef_000: float64, float64 
[2023-01-05 17:25:49,385] 71 root INFO Hypothesis eg_000: float64, float64 
[2023-01-05 17:25:49,401] 134 root INFO Write reprt in yaml file
[2023-01-05 17:25:49,469] 141 root INFO Data validation artifact: DataValidationArtifact(report_file_path='/config/workspace/artifact/01052023__172512/data_validation/report.yaml')
[2023-01-05 17:25:50,391] 63 root INFO before resampling in training set input:{input_feature_train_arr.shape} and target :{target_feature_train_arr.shape}
[2023-01-05 17:25:56,270] 65 root INFO after resampling training set input(56196, 170) and target:(56196,)
[2023-01-05 17:25:56,270] 68 root INFO Before resampling in testing set Input: (7238, 170) Target:(7238,)
[2023-01-05 17:25:56,895] 70 root INFO After resampling in testing set Input: (14026, 170) Target:(14026,)
