[2023-01-05 17:00:46,010] 20 root INFO exporting collection data as pandas dataframe
[2023-01-05 17:00:46,010] 12 root INFO reading from databaseaps qand collection :sensor
[2023-01-05 17:00:49,549] 14 root INFO found columns:Index(['_id', 'class', 'aa_000', 'ab_000', 'ac_000', 'ad_000', 'ae_000',
       'af_000', 'ag_000', 'ag_001',
       ...
       'ee_002', 'ee_003', 'ee_004', 'ee_005', 'ee_006', 'ee_007', 'ee_008',
       'ee_009', 'ef_000', 'eg_000'],
      dtype='object', length=172)
[2023-01-05 17:00:49,550] 16 root INFO dropping _id column
[2023-01-05 17:00:49,744] 24 root INFO save data in feature store,replacing null values with nan
[2023-01-05 17:00:50,302] 27 root INFO creating feature store folder if not available
[2023-01-05 17:00:50,303] 31 root INFO save df to feature store folder
[2023-01-05 17:00:52,710] 34 root INFO spliting data into train test split
[2023-01-05 17:00:53,252] 37 root INFO creating dataset directory if not available
[2023-01-05 17:00:53,252] 41 root INFO save df to feature store folder
[2023-01-05 17:00:55,438] 46 root INFO preparing artifact
[2023-01-05 17:00:55,438] 53 root INFO data ingestion artifact:DataIngestionArtifact(feature_store_file_path='/config/workspace/artifact/01052023__170046/data_ingestion/feature_store/sensor.csv', train_file_path='/config/workspace/artifact/01052023__170046/data_ingestion/dataset/train.csv', test_file_path='/config/workspace/artifact/01052023__170046/data_ingestion/dataset/test.csv')
[2023-01-05 17:00:55,869] 20 root INFO exporting collection data as pandas dataframe
[2023-01-05 17:00:55,869] 12 root INFO reading from databaseaps qand collection :sensor
[2023-01-05 17:00:59,340] 14 root INFO found columns:Index(['_id', 'class', 'aa_000', 'ab_000', 'ac_000', 'ad_000', 'ae_000',
       'af_000', 'ag_000', 'ag_001',
       ...
       'ee_002', 'ee_003', 'ee_004', 'ee_005', 'ee_006', 'ee_007', 'ee_008',
       'ee_009', 'ef_000', 'eg_000'],
      dtype='object', length=172)
[2023-01-05 17:00:59,341] 16 root INFO dropping _id column
[2023-01-05 17:00:59,540] 24 root INFO save data in feature store,replacing null values with nan
[2023-01-05 17:01:00,076] 27 root INFO creating feature store folder if not available
[2023-01-05 17:01:00,076] 31 root INFO save df to feature store folder
[2023-01-05 17:01:02,538] 34 root INFO spliting data into train test split
[2023-01-05 17:01:03,099] 37 root INFO creating dataset directory if not available
[2023-01-05 17:01:03,099] 41 root INFO save df to feature store folder
[2023-01-05 17:01:05,285] 46 root INFO preparing artifact
[2023-01-05 17:01:05,285] 53 root INFO data ingestion artifact:DataIngestionArtifact(feature_store_file_path='/config/workspace/artifact/01052023__170046/data_ingestion/feature_store/sensor.csv', train_file_path='/config/workspace/artifact/01052023__170046/data_ingestion/dataset/train.csv', test_file_path='/config/workspace/artifact/01052023__170046/data_ingestion/dataset/test.csv')
[2023-01-05 17:01:05,702] 16 root INFO >>>>>>>>>>>>>>>>>>>>>>>>>>>>>>>>>>>>>>>> DATA VALIDATION <<<<<<<<<<<<<<<<<<<<<<<<<<<<<<<<<<<<<<<<
[2023-01-05 17:01:05,702] 96 root INFO Reading base dataframe
[2023-01-05 17:01:08,535] 99 root INFO Replace na value in base df
[2023-01-05 17:01:08,535] 101 root INFO Drop null values colums from base df
[2023-01-05 17:01:09,490] 30 root INFO selecting column nane which containing null above 0.2
[2023-01-05 17:01:09,490] 33 root INFO column names to drop['ab_000', 'ad_000', 'bk_000', 'bl_000', 'bm_000', 'bn_000', 'bo_000', 'bp_000', 'bq_000', 'br_000', 'cf_000', 'cg_000', 'ch_000', 'co_000', 'cr_000', 'ct_000', 'cu_000', 'cv_000', 'cx_000', 'cy_000', 'cz_000', 'da_000', 'db_000', 'dc_000']
[2023-01-05 17:01:09,570] 104 root INFO reading train dataframe
[2023-01-05 17:01:09,969] 106 root INFO reading test dataframe
[2023-01-05 17:01:10,069] 109 root INFO dropping null vakluecolumns from  train df
[2023-01-05 17:01:10,080] 30 root INFO selecting column nane which containing null above 0.2
[2023-01-05 17:01:10,081] 33 root INFO column names to drop['ab_000', 'ad_000', 'bk_000', 'bl_000', 'bm_000', 'bn_000', 'bo_000', 'bp_000', 'bq_000', 'br_000', 'cf_000', 'cg_000', 'ch_000', 'co_000', 'cr_000', 'ct_000', 'cu_000', 'cv_000', 'cx_000', 'cy_000', 'cz_000', 'da_000', 'db_000', 'dc_000']
[2023-01-05 17:01:10,089] 111 root INFO dropping missing value columns in test dataset
[2023-01-05 17:01:10,093] 30 root INFO selecting column nane which containing null above 0.2
[2023-01-05 17:01:10,094] 33 root INFO column names to drop['ab_000', 'ad_000', 'bk_000', 'bl_000', 'bm_000', 'bn_000', 'bo_000', 'bp_000', 'bq_000', 'br_000', 'cf_000', 'cg_000', 'ch_000', 'co_000', 'cr_000', 'ct_000', 'cu_000', 'cv_000', 'cx_000', 'cy_000', 'cz_000', 'da_000', 'db_000', 'dc_000']
[2023-01-05 17:01:16,096] 122 root INFO Is all required columns present in train df
[2023-01-05 17:01:16,097] 124 root INFO Is all required columns present in test df
[2023-01-05 17:01:16,097] 128 root INFO As all column are available in train df hence detecting data drift
[2023-01-05 17:01:16,097] 71 root INFO Hypothesis class: object, object 
[2023-01-05 17:01:16,234] 71 root INFO Hypothesis aa_000: float64, float64 
[2023-01-05 17:01:16,245] 71 root INFO Hypothesis ac_000: float64, float64 
[2023-01-05 17:01:16,253] 71 root INFO Hypothesis ae_000: float64, float64 
[2023-01-05 17:01:16,290] 71 root INFO Hypothesis af_000: float64, float64 
[2023-01-05 17:01:16,326] 71 root INFO Hypothesis ag_000: float64, float64 
[2023-01-05 17:01:16,362] 71 root INFO Hypothesis ag_001: float64, float64 
[2023-01-05 17:01:16,398] 71 root INFO Hypothesis ag_002: float64, float64 
[2023-01-05 17:01:16,435] 71 root INFO Hypothesis ag_003: float64, float64 
[2023-01-05 17:01:16,473] 71 root INFO Hypothesis ag_004: float64, float64 
[2023-01-05 17:01:16,484] 71 root INFO Hypothesis ag_005: float64, float64 
[2023-01-05 17:01:16,495] 71 root INFO Hypothesis ag_006: float64, float64 
[2023-01-05 17:01:16,506] 71 root INFO Hypothesis ag_007: float64, float64 
[2023-01-05 17:01:16,515] 71 root INFO Hypothesis ag_008: float64, float64 
[2023-01-05 17:01:16,524] 71 root INFO Hypothesis ag_009: float64, float64 
[2023-01-05 17:01:16,531] 71 root INFO Hypothesis ah_000: float64, float64 
[2023-01-05 17:01:16,542] 71 root INFO Hypothesis ai_000: float64, float64 
[2023-01-05 17:01:16,579] 71 root INFO Hypothesis aj_000: float64, float64 
[2023-01-05 17:01:16,585] 71 root INFO Hypothesis ak_000: float64, float64 
[2023-01-05 17:01:16,621] 71 root INFO Hypothesis al_000: float64, float64 
[2023-01-05 17:01:16,629] 71 root INFO Hypothesis am_0: float64, float64 
[2023-01-05 17:01:16,636] 71 root INFO Hypothesis an_000: float64, float64 
[2023-01-05 17:01:16,647] 71 root INFO Hypothesis ao_000: float64, float64 
[2023-01-05 17:01:16,658] 71 root INFO Hypothesis ap_000: float64, float64 
[2023-01-05 17:01:16,669] 71 root INFO Hypothesis aq_000: float64, float64 
[2023-01-05 17:01:16,680] 71 root INFO Hypothesis ar_000: float64, float64 
[2023-01-05 17:01:16,717] 71 root INFO Hypothesis as_000: float64, float64 
[2023-01-05 17:01:16,755] 71 root INFO Hypothesis at_000: float64, float64 
[2023-01-05 17:01:16,793] 71 root INFO Hypothesis au_000: float64, float64 
[2023-01-05 17:01:16,829] 71 root INFO Hypothesis av_000: float64, float64 
[2023-01-05 17:01:16,838] 71 root INFO Hypothesis ax_000: float64, float64 
[2023-01-05 17:01:16,845] 71 root INFO Hypothesis ay_000: float64, float64 
[2023-01-05 17:01:16,882] 71 root INFO Hypothesis ay_001: float64, float64 
[2023-01-05 17:01:16,918] 71 root INFO Hypothesis ay_002: float64, float64 
[2023-01-05 17:01:16,955] 71 root INFO Hypothesis ay_003: float64, float64 
[2023-01-05 17:01:16,991] 71 root INFO Hypothesis ay_004: float64, float64 
[2023-01-05 17:01:17,027] 71 root INFO Hypothesis ay_005: float64, float64 
[2023-01-05 17:01:17,035] 71 root INFO Hypothesis ay_006: float64, float64 
[2023-01-05 17:01:17,045] 71 root INFO Hypothesis ay_007: float64, float64 
[2023-01-05 17:01:17,055] 71 root INFO Hypothesis ay_008: float64, float64 
[2023-01-05 17:01:17,065] 71 root INFO Hypothesis ay_009: float64, float64 
[2023-01-05 17:01:17,101] 71 root INFO Hypothesis az_000: float64, float64 
[2023-01-05 17:01:17,111] 71 root INFO Hypothesis az_001: float64, float64 
[2023-01-05 17:01:17,121] 71 root INFO Hypothesis az_002: float64, float64 
[2023-01-05 17:01:17,130] 71 root INFO Hypothesis az_003: float64, float64 
[2023-01-05 17:01:17,140] 71 root INFO Hypothesis az_004: float64, float64 
[2023-01-05 17:01:17,151] 71 root INFO Hypothesis az_005: float64, float64 
[2023-01-05 17:01:17,161] 71 root INFO Hypothesis az_006: float64, float64 
[2023-01-05 17:01:17,171] 71 root INFO Hypothesis az_007: float64, float64 
[2023-01-05 17:01:17,177] 71 root INFO Hypothesis az_008: float64, float64 
[2023-01-05 17:01:17,213] 71 root INFO Hypothesis az_009: float64, float64 
[2023-01-05 17:01:17,249] 71 root INFO Hypothesis ba_000: float64, float64 
[2023-01-05 17:01:17,259] 71 root INFO Hypothesis ba_001: float64, float64 
[2023-01-05 17:01:17,270] 71 root INFO Hypothesis ba_002: float64, float64 
[2023-01-05 17:01:17,281] 71 root INFO Hypothesis ba_003: float64, float64 
[2023-01-05 17:01:17,292] 71 root INFO Hypothesis ba_004: float64, float64 
[2023-01-05 17:01:17,302] 71 root INFO Hypothesis ba_005: float64, float64 
[2023-01-05 17:01:17,312] 71 root INFO Hypothesis ba_006: float64, float64 
[2023-01-05 17:01:17,322] 71 root INFO Hypothesis ba_007: float64, float64 
[2023-01-05 17:01:17,332] 71 root INFO Hypothesis ba_008: float64, float64 
[2023-01-05 17:01:17,340] 71 root INFO Hypothesis ba_009: float64, float64 
[2023-01-05 17:01:17,347] 71 root INFO Hypothesis bb_000: float64, float64 
[2023-01-05 17:01:17,359] 71 root INFO Hypothesis bc_000: float64, float64 
[2023-01-05 17:01:17,367] 71 root INFO Hypothesis bd_000: float64, float64 
[2023-01-05 17:01:17,376] 71 root INFO Hypothesis be_000: float64, float64 
[2023-01-05 17:01:17,385] 71 root INFO Hypothesis bf_000: float64, float64 
[2023-01-05 17:01:17,392] 71 root INFO Hypothesis bg_000: float64, float64 
[2023-01-05 17:01:17,403] 71 root INFO Hypothesis bh_000: float64, float64 
[2023-01-05 17:01:17,413] 71 root INFO Hypothesis bi_000: float64, float64 
[2023-01-05 17:01:17,424] 71 root INFO Hypothesis bj_000: float64, float64 
[2023-01-05 17:01:17,435] 71 root INFO Hypothesis bs_000: float64, float64 
[2023-01-05 17:01:17,446] 71 root INFO Hypothesis bt_000: float64, float64 
[2023-01-05 17:01:17,457] 71 root INFO Hypothesis bu_000: float64, float64 
[2023-01-05 17:01:17,467] 71 root INFO Hypothesis bv_000: float64, float64 
[2023-01-05 17:01:17,478] 71 root INFO Hypothesis bx_000: float64, float64 
[2023-01-05 17:01:17,488] 71 root INFO Hypothesis by_000: float64, float64 
[2023-01-05 17:01:17,499] 71 root INFO Hypothesis bz_000: float64, float64 
[2023-01-05 17:01:17,508] 71 root INFO Hypothesis ca_000: float64, float64 
[2023-01-05 17:01:17,519] 71 root INFO Hypothesis cb_000: float64, float64 
[2023-01-05 17:01:17,530] 71 root INFO Hypothesis cc_000: float64, float64 
[2023-01-05 17:01:17,540] 71 root INFO Hypothesis cd_000: float64, float64 
[2023-01-05 17:01:17,576] 71 root INFO Hypothesis ce_000: float64, float64 
[2023-01-05 17:01:17,585] 71 root INFO Hypothesis ci_000: float64, float64 
[2023-01-05 17:01:17,596] 71 root INFO Hypothesis cj_000: float64, float64 
[2023-01-05 17:01:17,633] 71 root INFO Hypothesis ck_000: float64, float64 
[2023-01-05 17:01:17,644] 71 root INFO Hypothesis cl_000: float64, float64 
[2023-01-05 17:01:17,683] 71 root INFO Hypothesis cm_000: float64, float64 
[2023-01-05 17:01:17,690] 71 root INFO Hypothesis cn_000: float64, float64 
[2023-01-05 17:01:17,726] 71 root INFO Hypothesis cn_001: float64, float64 
[2023-01-05 17:01:17,764] 71 root INFO Hypothesis cn_002: float64, float64 
[2023-01-05 17:01:17,803] 71 root INFO Hypothesis cn_003: float64, float64 
[2023-01-05 17:01:17,815] 71 root INFO Hypothesis cn_004: float64, float64 
[2023-01-05 17:01:17,826] 71 root INFO Hypothesis cn_005: float64, float64 
[2023-01-05 17:01:17,837] 71 root INFO Hypothesis cn_006: float64, float64 
[2023-01-05 17:01:17,848] 71 root INFO Hypothesis cn_007: float64, float64 
[2023-01-05 17:01:17,858] 71 root INFO Hypothesis cn_008: float64, float64 
[2023-01-05 17:01:17,867] 71 root INFO Hypothesis cn_009: float64, float64 
[2023-01-05 17:01:17,876] 71 root INFO Hypothesis cp_000: float64, float64 
[2023-01-05 17:01:17,884] 71 root INFO Hypothesis cq_000: float64, float64 
[2023-01-05 17:01:17,895] 71 root INFO Hypothesis cs_000: float64, float64 
[2023-01-05 17:01:17,906] 71 root INFO Hypothesis cs_001: float64, float64 
[2023-01-05 17:01:17,915] 71 root INFO Hypothesis cs_002: float64, float64 
[2023-01-05 17:01:17,926] 71 root INFO Hypothesis cs_003: float64, float64 
[2023-01-05 17:01:17,939] 71 root INFO Hypothesis cs_004: float64, float64 
[2023-01-05 17:01:17,951] 71 root INFO Hypothesis cs_005: float64, float64 
[2023-01-05 17:01:17,961] 71 root INFO Hypothesis cs_006: float64, float64 
[2023-01-05 17:01:17,972] 71 root INFO Hypothesis cs_007: float64, float64 
[2023-01-05 17:01:17,983] 71 root INFO Hypothesis cs_008: float64, float64 
[2023-01-05 17:01:17,991] 71 root INFO Hypothesis cs_009: float64, float64 
[2023-01-05 17:01:18,027] 71 root INFO Hypothesis dd_000: float64, float64 
[2023-01-05 17:01:18,037] 71 root INFO Hypothesis de_000: float64, float64 
[2023-01-05 17:01:18,045] 71 root INFO Hypothesis df_000: float64, float64 
[2023-01-05 17:01:18,083] 71 root INFO Hypothesis dg_000: float64, float64 
[2023-01-05 17:01:18,119] 71 root INFO Hypothesis dh_000: float64, float64 
[2023-01-05 17:01:18,156] 71 root INFO Hypothesis di_000: float64, float64 
[2023-01-05 17:01:18,162] 71 root INFO Hypothesis dj_000: float64, float64 
[2023-01-05 17:01:18,199] 71 root INFO Hypothesis dk_000: float64, float64 
[2023-01-05 17:01:18,235] 71 root INFO Hypothesis dl_000: float64, float64 
[2023-01-05 17:01:18,276] 71 root INFO Hypothesis dm_000: float64, float64 
[2023-01-05 17:01:18,313] 71 root INFO Hypothesis dn_000: float64, float64 
[2023-01-05 17:01:18,324] 71 root INFO Hypothesis do_000: float64, float64 
[2023-01-05 17:01:18,334] 71 root INFO Hypothesis dp_000: float64, float64 
[2023-01-05 17:01:18,343] 71 root INFO Hypothesis dq_000: float64, float64 
[2023-01-05 17:01:18,382] 71 root INFO Hypothesis dr_000: float64, float64 
[2023-01-05 17:01:18,421] 71 root INFO Hypothesis ds_000: float64, float64 
[2023-01-05 17:01:18,432] 71 root INFO Hypothesis dt_000: float64, float64 
[2023-01-05 17:01:18,442] 71 root INFO Hypothesis du_000: float64, float64 
[2023-01-05 17:01:18,452] 71 root INFO Hypothesis dv_000: float64, float64 
[2023-01-05 17:01:18,462] 71 root INFO Hypothesis dx_000: float64, float64 
[2023-01-05 17:01:18,469] 71 root INFO Hypothesis dy_000: float64, float64 
[2023-01-05 17:01:18,476] 71 root INFO Hypothesis dz_000: float64, float64 
[2023-01-05 17:01:18,513] 71 root INFO Hypothesis ea_000: float64, float64 
[2023-01-05 17:01:18,549] 71 root INFO Hypothesis eb_000: float64, float64 
[2023-01-05 17:01:18,558] 71 root INFO Hypothesis ec_00: float64, float64 
[2023-01-05 17:01:18,568] 71 root INFO Hypothesis ed_000: float64, float64 
[2023-01-05 17:01:18,577] 71 root INFO Hypothesis ee_000: float64, float64 
[2023-01-05 17:01:18,588] 71 root INFO Hypothesis ee_001: float64, float64 
[2023-01-05 17:01:18,599] 71 root INFO Hypothesis ee_002: float64, float64 
[2023-01-05 17:01:18,609] 71 root INFO Hypothesis ee_003: float64, float64 
[2023-01-05 17:01:18,620] 71 root INFO Hypothesis ee_004: float64, float64 
[2023-01-05 17:01:18,630] 71 root INFO Hypothesis ee_005: float64, float64 
[2023-01-05 17:01:18,641] 71 root INFO Hypothesis ee_006: float64, float64 
[2023-01-05 17:01:18,651] 71 root INFO Hypothesis ee_007: float64, float64 
[2023-01-05 17:01:18,661] 71 root INFO Hypothesis ee_008: float64, float64 
[2023-01-05 17:01:18,670] 71 root INFO Hypothesis ee_009: float64, float64 
[2023-01-05 17:01:18,678] 71 root INFO Hypothesis ef_000: float64, float64 
[2023-01-05 17:01:18,714] 71 root INFO Hypothesis eg_000: float64, float64 
[2023-01-05 17:01:18,750] 131 root INFO As all column are available in test df hence detecting data drift
[2023-01-05 17:01:18,750] 71 root INFO Hypothesis class: object, object 
[2023-01-05 17:01:18,827] 71 root INFO Hypothesis aa_000: float64, float64 
[2023-01-05 17:01:18,834] 71 root INFO Hypothesis ac_000: float64, float64 
[2023-01-05 17:01:18,839] 71 root INFO Hypothesis ae_000: float64, float64 
[2023-01-05 17:01:18,843] 71 root INFO Hypothesis af_000: float64, float64 
[2023-01-05 17:01:18,846] 71 root INFO Hypothesis ag_000: float64, float64 
[2023-01-05 17:01:18,861] 71 root INFO Hypothesis ag_001: float64, float64 
[2023-01-05 17:01:18,878] 71 root INFO Hypothesis ag_002: float64, float64 
[2023-01-05 17:01:18,894] 71 root INFO Hypothesis ag_003: float64, float64 
[2023-01-05 17:01:18,898] 71 root INFO Hypothesis ag_004: float64, float64 
[2023-01-05 17:01:18,905] 71 root INFO Hypothesis ag_005: float64, float64 
[2023-01-05 17:01:18,912] 71 root INFO Hypothesis ag_006: float64, float64 
[2023-01-05 17:01:18,919] 71 root INFO Hypothesis ag_007: float64, float64 
[2023-01-05 17:01:18,925] 71 root INFO Hypothesis ag_008: float64, float64 
[2023-01-05 17:01:18,931] 71 root INFO Hypothesis ag_009: float64, float64 
[2023-01-05 17:01:18,935] 71 root INFO Hypothesis ah_000: float64, float64 
[2023-01-05 17:01:18,942] 71 root INFO Hypothesis ai_000: float64, float64 
[2023-01-05 17:01:18,946] 71 root INFO Hypothesis aj_000: float64, float64 
[2023-01-05 17:01:18,950] 71 root INFO Hypothesis ak_000: float64, float64 
[2023-01-05 17:01:18,953] 71 root INFO Hypothesis al_000: float64, float64 
[2023-01-05 17:01:18,958] 71 root INFO Hypothesis am_0: float64, float64 
[2023-01-05 17:01:18,963] 71 root INFO Hypothesis an_000: float64, float64 
[2023-01-05 17:01:18,970] 71 root INFO Hypothesis ao_000: float64, float64 
[2023-01-05 17:01:18,978] 71 root INFO Hypothesis ap_000: float64, float64 
[2023-01-05 17:01:18,985] 71 root INFO Hypothesis aq_000: float64, float64 
[2023-01-05 17:01:18,992] 71 root INFO Hypothesis ar_000: float64, float64 
[2023-01-05 17:01:18,996] 71 root INFO Hypothesis as_000: float64, float64 
[2023-01-05 17:01:19,011] 71 root INFO Hypothesis at_000: float64, float64 
[2023-01-05 17:01:19,027] 71 root INFO Hypothesis au_000: float64, float64 
[2023-01-05 17:01:19,042] 71 root INFO Hypothesis av_000: float64, float64 
[2023-01-05 17:01:19,048] 71 root INFO Hypothesis ax_000: float64, float64 
[2023-01-05 17:01:19,054] 71 root INFO Hypothesis ay_000: float64, float64 
[2023-01-05 17:01:19,069] 71 root INFO Hypothesis ay_001: float64, float64 
[2023-01-05 17:01:19,084] 71 root INFO Hypothesis ay_002: float64, float64 
[2023-01-05 17:01:19,099] 71 root INFO Hypothesis ay_003: float64, float64 
[2023-01-05 17:01:19,114] 71 root INFO Hypothesis ay_004: float64, float64 
[2023-01-05 17:01:19,130] 71 root INFO Hypothesis ay_005: float64, float64 
[2023-01-05 17:01:19,135] 71 root INFO Hypothesis ay_006: float64, float64 
[2023-01-05 17:01:19,142] 71 root INFO Hypothesis ay_007: float64, float64 
[2023-01-05 17:01:19,148] 71 root INFO Hypothesis ay_008: float64, float64 
[2023-01-05 17:01:19,155] 71 root INFO Hypothesis ay_009: float64, float64 
[2023-01-05 17:01:19,170] 71 root INFO Hypothesis az_000: float64, float64 
[2023-01-05 17:01:19,177] 71 root INFO Hypothesis az_001: float64, float64 
[2023-01-05 17:01:19,183] 71 root INFO Hypothesis az_002: float64, float64 
[2023-01-05 17:01:19,189] 71 root INFO Hypothesis az_003: float64, float64 
[2023-01-05 17:01:19,196] 71 root INFO Hypothesis az_004: float64, float64 
[2023-01-05 17:01:19,203] 71 root INFO Hypothesis az_005: float64, float64 
[2023-01-05 17:01:19,210] 71 root INFO Hypothesis az_006: float64, float64 
[2023-01-05 17:01:19,216] 71 root INFO Hypothesis az_007: float64, float64 
[2023-01-05 17:01:19,220] 71 root INFO Hypothesis az_008: float64, float64 
[2023-01-05 17:01:19,224] 71 root INFO Hypothesis az_009: float64, float64 
[2023-01-05 17:01:19,239] 71 root INFO Hypothesis ba_000: float64, float64 
[2023-01-05 17:01:19,246] 71 root INFO Hypothesis ba_001: float64, float64 
[2023-01-05 17:01:19,253] 71 root INFO Hypothesis ba_002: float64, float64 
[2023-01-05 17:01:19,260] 71 root INFO Hypothesis ba_003: float64, float64 
[2023-01-05 17:01:19,266] 71 root INFO Hypothesis ba_004: float64, float64 
[2023-01-05 17:01:19,273] 71 root INFO Hypothesis ba_005: float64, float64 
[2023-01-05 17:01:19,280] 71 root INFO Hypothesis ba_006: float64, float64 
[2023-01-05 17:01:19,287] 71 root INFO Hypothesis ba_007: float64, float64 
[2023-01-05 17:01:19,293] 71 root INFO Hypothesis ba_008: float64, float64 
[2023-01-05 17:01:19,299] 71 root INFO Hypothesis ba_009: float64, float64 
[2023-01-05 17:01:19,303] 71 root INFO Hypothesis bb_000: float64, float64 
[2023-01-05 17:01:19,310] 71 root INFO Hypothesis bc_000: float64, float64 
[2023-01-05 17:01:19,315] 71 root INFO Hypothesis bd_000: float64, float64 
[2023-01-05 17:01:19,321] 71 root INFO Hypothesis be_000: float64, float64 
[2023-01-05 17:01:19,327] 71 root INFO Hypothesis bf_000: float64, float64 
[2023-01-05 17:01:19,331] 71 root INFO Hypothesis bg_000: float64, float64 
[2023-01-05 17:01:19,338] 71 root INFO Hypothesis bh_000: float64, float64 
[2023-01-05 17:01:19,345] 71 root INFO Hypothesis bi_000: float64, float64 
[2023-01-05 17:01:19,353] 71 root INFO Hypothesis bj_000: float64, float64 
[2023-01-05 17:01:19,360] 71 root INFO Hypothesis bs_000: float64, float64 
[2023-01-05 17:01:19,367] 71 root INFO Hypothesis bt_000: float64, float64 
[2023-01-05 17:01:19,374] 71 root INFO Hypothesis bu_000: float64, float64 
[2023-01-05 17:01:19,381] 71 root INFO Hypothesis bv_000: float64, float64 
[2023-01-05 17:01:19,389] 71 root INFO Hypothesis bx_000: float64, float64 
[2023-01-05 17:01:19,395] 71 root INFO Hypothesis by_000: float64, float64 
[2023-01-05 17:01:19,402] 71 root INFO Hypothesis bz_000: float64, float64 
[2023-01-05 17:01:19,409] 71 root INFO Hypothesis ca_000: float64, float64 
[2023-01-05 17:01:19,415] 71 root INFO Hypothesis cb_000: float64, float64 
[2023-01-05 17:01:19,423] 71 root INFO Hypothesis cc_000: float64, float64 
[2023-01-05 17:01:19,430] 71 root INFO Hypothesis cd_000: float64, float64 
[2023-01-05 17:01:19,445] 71 root INFO Hypothesis ce_000: float64, float64 
[2023-01-05 17:01:19,451] 71 root INFO Hypothesis ci_000: float64, float64 
[2023-01-05 17:01:19,458] 71 root INFO Hypothesis cj_000: float64, float64 
[2023-01-05 17:01:19,463] 71 root INFO Hypothesis ck_000: float64, float64 
[2023-01-05 17:01:19,471] 71 root INFO Hypothesis cl_000: float64, float64 
[2023-01-05 17:01:19,475] 71 root INFO Hypothesis cm_000: float64, float64 
[2023-01-05 17:01:19,479] 71 root INFO Hypothesis cn_000: float64, float64 
[2023-01-05 17:01:19,483] 71 root INFO Hypothesis cn_001: float64, float64 
[2023-01-05 17:01:19,499] 71 root INFO Hypothesis cn_002: float64, float64 
[2023-01-05 17:01:19,504] 71 root INFO Hypothesis cn_003: float64, float64 
[2023-01-05 17:01:19,511] 71 root INFO Hypothesis cn_004: float64, float64 
[2023-01-05 17:01:19,518] 71 root INFO Hypothesis cn_005: float64, float64 
[2023-01-05 17:01:19,525] 71 root INFO Hypothesis cn_006: float64, float64 
[2023-01-05 17:01:19,533] 71 root INFO Hypothesis cn_007: float64, float64 
[2023-01-05 17:01:19,540] 71 root INFO Hypothesis cn_008: float64, float64 
[2023-01-05 17:01:19,546] 71 root INFO Hypothesis cn_009: float64, float64 
[2023-01-05 17:01:19,551] 71 root INFO Hypothesis cp_000: float64, float64 
[2023-01-05 17:01:19,556] 71 root INFO Hypothesis cq_000: float64, float64 
[2023-01-05 17:01:19,563] 71 root INFO Hypothesis cs_000: float64, float64 
[2023-01-05 17:01:19,570] 71 root INFO Hypothesis cs_001: float64, float64 
[2023-01-05 17:01:19,576] 71 root INFO Hypothesis cs_002: float64, float64 
[2023-01-05 17:01:19,582] 71 root INFO Hypothesis cs_003: float64, float64 
[2023-01-05 17:01:19,589] 71 root INFO Hypothesis cs_004: float64, float64 
[2023-01-05 17:01:19,596] 71 root INFO Hypothesis cs_005: float64, float64 
[2023-01-05 17:01:19,603] 71 root INFO Hypothesis cs_006: float64, float64 
[2023-01-05 17:01:19,610] 71 root INFO Hypothesis cs_007: float64, float64 
[2023-01-05 17:01:19,617] 71 root INFO Hypothesis cs_008: float64, float64 
[2023-01-05 17:01:19,622] 71 root INFO Hypothesis cs_009: float64, float64 
[2023-01-05 17:01:19,637] 71 root INFO Hypothesis dd_000: float64, float64 
[2023-01-05 17:01:19,644] 71 root INFO Hypothesis de_000: float64, float64 
[2023-01-05 17:01:19,649] 71 root INFO Hypothesis df_000: float64, float64 
[2023-01-05 17:01:19,653] 71 root INFO Hypothesis dg_000: float64, float64 
[2023-01-05 17:01:19,656] 71 root INFO Hypothesis dh_000: float64, float64 
[2023-01-05 17:01:19,659] 71 root INFO Hypothesis di_000: float64, float64 
[2023-01-05 17:01:19,663] 71 root INFO Hypothesis dj_000: float64, float64 
[2023-01-05 17:01:19,666] 71 root INFO Hypothesis dk_000: float64, float64 
[2023-01-05 17:01:19,670] 71 root INFO Hypothesis dl_000: float64, float64 
[2023-01-05 17:01:19,673] 71 root INFO Hypothesis dm_000: float64, float64 
[2023-01-05 17:01:19,676] 71 root INFO Hypothesis dn_000: float64, float64 
[2023-01-05 17:01:19,683] 71 root INFO Hypothesis do_000: float64, float64 
[2023-01-05 17:01:19,689] 71 root INFO Hypothesis dp_000: float64, float64 
[2023-01-05 17:01:19,695] 71 root INFO Hypothesis dq_000: float64, float64 
[2023-01-05 17:01:19,700] 71 root INFO Hypothesis dr_000: float64, float64 
[2023-01-05 17:01:19,704] 71 root INFO Hypothesis ds_000: float64, float64 
[2023-01-05 17:01:19,711] 71 root INFO Hypothesis dt_000: float64, float64 
[2023-01-05 17:01:19,717] 71 root INFO Hypothesis du_000: float64, float64 
[2023-01-05 17:01:19,735] 71 root INFO Hypothesis dv_000: float64, float64 
[2023-01-05 17:01:19,752] 71 root INFO Hypothesis dx_000: float64, float64 
[2023-01-05 17:01:19,757] 71 root INFO Hypothesis dy_000: float64, float64 
[2023-01-05 17:01:19,762] 71 root INFO Hypothesis dz_000: float64, float64 
[2023-01-05 17:01:19,765] 71 root INFO Hypothesis ea_000: float64, float64 
[2023-01-05 17:01:19,769] 71 root INFO Hypothesis eb_000: float64, float64 
[2023-01-05 17:01:19,775] 71 root INFO Hypothesis ec_00: float64, float64 
[2023-01-05 17:01:19,781] 71 root INFO Hypothesis ed_000: float64, float64 
[2023-01-05 17:01:19,788] 71 root INFO Hypothesis ee_000: float64, float64 
[2023-01-05 17:01:19,795] 71 root INFO Hypothesis ee_001: float64, float64 
[2023-01-05 17:01:19,803] 71 root INFO Hypothesis ee_002: float64, float64 
[2023-01-05 17:01:19,810] 71 root INFO Hypothesis ee_003: float64, float64 
[2023-01-05 17:01:19,817] 71 root INFO Hypothesis ee_004: float64, float64 
[2023-01-05 17:01:19,826] 71 root INFO Hypothesis ee_005: float64, float64 
[2023-01-05 17:01:19,833] 71 root INFO Hypothesis ee_006: float64, float64 
[2023-01-05 17:01:19,840] 71 root INFO Hypothesis ee_007: float64, float64 
[2023-01-05 17:01:19,847] 71 root INFO Hypothesis ee_008: float64, float64 
[2023-01-05 17:01:19,854] 71 root INFO Hypothesis ee_009: float64, float64 
[2023-01-05 17:01:19,859] 71 root INFO Hypothesis ef_000: float64, float64 
[2023-01-05 17:01:19,875] 71 root INFO Hypothesis eg_000: float64, float64 
[2023-01-05 17:01:19,890] 134 root INFO Write reprt in yaml file
[2023-01-05 17:01:19,958] 141 root INFO Data validation artifact: DataValidationArtifact(report_file_path='/config/workspace/artifact/01052023__170046/data_validation/report.yaml')
