[2023-01-05 16:45:38,201] 20 root INFO exporting collection data as pandas dataframe
[2023-01-05 16:45:38,201] 12 root INFO reading from databaseaps qand collection :sensor
[2023-01-05 16:45:41,749] 14 root INFO found columns:Index(['_id', 'class', 'aa_000', 'ab_000', 'ac_000', 'ad_000', 'ae_000',
       'af_000', 'ag_000', 'ag_001',
       ...
       'ee_002', 'ee_003', 'ee_004', 'ee_005', 'ee_006', 'ee_007', 'ee_008',
       'ee_009', 'ef_000', 'eg_000'],
      dtype='object', length=172)
[2023-01-05 16:45:41,750] 16 root INFO dropping _id column
[2023-01-05 16:45:41,970] 24 root INFO save data in feature store,replacing null values with nan
[2023-01-05 16:45:42,511] 27 root INFO creating feature store folder if not available
[2023-01-05 16:45:42,512] 31 root INFO save df to feature store folder
[2023-01-05 16:45:44,900] 34 root INFO spliting data into train test split
[2023-01-05 16:45:45,458] 37 root INFO creating dataset directory if not available
[2023-01-05 16:45:45,459] 41 root INFO save df to feature store folder
[2023-01-05 16:45:47,605] 46 root INFO preparing artifact
[2023-01-05 16:45:47,605] 53 root INFO data ingestion artifact:DataIngestionArtifact(feature_store_file_path='/config/workspace/artifact/01052023__164538/data_ingestion/feature_store/sensor.csv', train_file_path='/config/workspace/artifact/01052023__164538/data_ingestion/dataset/train.csv', test_file_path='/config/workspace/artifact/01052023__164538/data_ingestion/dataset/test.csv')
[2023-01-05 16:45:48,020] 20 root INFO exporting collection data as pandas dataframe
[2023-01-05 16:45:48,020] 12 root INFO reading from databaseaps qand collection :sensor
[2023-01-05 16:45:51,528] 14 root INFO found columns:Index(['_id', 'class', 'aa_000', 'ab_000', 'ac_000', 'ad_000', 'ae_000',
       'af_000', 'ag_000', 'ag_001',
       ...
       'ee_002', 'ee_003', 'ee_004', 'ee_005', 'ee_006', 'ee_007', 'ee_008',
       'ee_009', 'ef_000', 'eg_000'],
      dtype='object', length=172)
[2023-01-05 16:45:51,528] 16 root INFO dropping _id column
[2023-01-05 16:45:51,724] 24 root INFO save data in feature store,replacing null values with nan
[2023-01-05 16:45:52,258] 27 root INFO creating feature store folder if not available
[2023-01-05 16:45:52,258] 31 root INFO save df to feature store folder
[2023-01-05 16:45:54,719] 34 root INFO spliting data into train test split
[2023-01-05 16:45:55,302] 37 root INFO creating dataset directory if not available
[2023-01-05 16:45:55,302] 41 root INFO save df to feature store folder
[2023-01-05 16:45:57,558] 46 root INFO preparing artifact
[2023-01-05 16:45:57,558] 53 root INFO data ingestion artifact:DataIngestionArtifact(feature_store_file_path='/config/workspace/artifact/01052023__164538/data_ingestion/feature_store/sensor.csv', train_file_path='/config/workspace/artifact/01052023__164538/data_ingestion/dataset/train.csv', test_file_path='/config/workspace/artifact/01052023__164538/data_ingestion/dataset/test.csv')
[2023-01-05 16:45:57,951] 16 root INFO >>>>>>>>>>>>>>>>>>>>>>>>>>>>>>>>>>>>>>>> DATA VALIDATION <<<<<<<<<<<<<<<<<<<<<<<<<<<<<<<<<<<<<<<<
[2023-01-05 16:45:57,952] 96 root INFO Reading base dataframe
[2023-01-05 16:46:00,922] 99 root INFO Replace na value in base df
[2023-01-05 16:46:00,922] 101 root INFO Drop null values colums from base df
[2023-01-05 16:46:01,876] 30 root INFO selecting column nane which containing null above 0.2
[2023-01-05 16:46:01,877] 33 root INFO column names to drop['ab_000', 'ad_000', 'bk_000', 'bl_000', 'bm_000', 'bn_000', 'bo_000', 'bp_000', 'bq_000', 'br_000', 'cf_000', 'cg_000', 'ch_000', 'co_000', 'cr_000', 'ct_000', 'cu_000', 'cv_000', 'cx_000', 'cy_000', 'cz_000', 'da_000', 'db_000', 'dc_000']
[2023-01-05 16:46:01,964] 104 root INFO reading train dataframe
[2023-01-05 16:46:02,370] 106 root INFO reading test dataframe
[2023-01-05 16:46:02,472] 109 root INFO dropping null vakluecolumns from  train df
[2023-01-05 16:46:02,483] 30 root INFO selecting column nane which containing null above 0.2
[2023-01-05 16:46:02,484] 33 root INFO column names to drop['ab_000', 'ad_000', 'bk_000', 'bl_000', 'bm_000', 'bn_000', 'bo_000', 'bp_000', 'bq_000', 'br_000', 'cf_000', 'cg_000', 'ch_000', 'co_000', 'cr_000', 'ct_000', 'cu_000', 'cv_000', 'cx_000', 'cy_000', 'cz_000', 'da_000', 'db_000', 'dc_000']
[2023-01-05 16:46:02,492] 111 root INFO dropping missing value columns in test dataset
[2023-01-05 16:46:02,496] 30 root INFO selecting column nane which containing null above 0.2
[2023-01-05 16:46:02,497] 33 root INFO column names to drop['ab_000', 'ad_000', 'bk_000', 'bl_000', 'bm_000', 'bn_000', 'bo_000', 'bp_000', 'bq_000', 'br_000', 'cf_000', 'cg_000', 'ch_000', 'co_000', 'cr_000', 'ct_000', 'cu_000', 'cv_000', 'cx_000', 'cy_000', 'cz_000', 'da_000', 'db_000', 'dc_000']
[2023-01-05 16:46:08,504] 122 root INFO Is all required columns present in train df
[2023-01-05 16:46:08,505] 124 root INFO Is all required columns present in test df
