[2023-01-05 17:41:09,769] 20 root INFO exporting collection data as pandas dataframe
[2023-01-05 17:41:09,769] 12 root INFO reading from databaseaps qand collection :sensor
[2023-01-05 17:41:13,574] 14 root INFO found columns:Index(['_id', 'class', 'aa_000', 'ab_000', 'ac_000', 'ad_000', 'ae_000',
       'af_000', 'ag_000', 'ag_001',
       ...
       'ee_002', 'ee_003', 'ee_004', 'ee_005', 'ee_006', 'ee_007', 'ee_008',
       'ee_009', 'ef_000', 'eg_000'],
      dtype='object', length=172)
[2023-01-05 17:41:13,575] 16 root INFO dropping _id column
[2023-01-05 17:41:13,793] 24 root INFO save data in feature store,replacing null values with nan
[2023-01-05 17:41:14,394] 27 root INFO creating feature store folder if not available
[2023-01-05 17:41:14,395] 31 root INFO save df to feature store folder
[2023-01-05 17:41:16,913] 34 root INFO spliting data into train test split
[2023-01-05 17:41:17,616] 37 root INFO creating dataset directory if not available
[2023-01-05 17:41:17,617] 41 root INFO save df to feature store folder
[2023-01-05 17:41:19,905] 46 root INFO preparing artifact
[2023-01-05 17:41:19,906] 53 root INFO data ingestion artifact:DataIngestionArtifact(feature_store_file_path='/config/workspace/artifact/01052023__174109/data_ingestion/feature_store/sensor.csv', train_file_path='/config/workspace/artifact/01052023__174109/data_ingestion/dataset/train.csv', test_file_path='/config/workspace/artifact/01052023__174109/data_ingestion/dataset/test.csv')
[2023-01-05 17:41:20,399] 20 root INFO exporting collection data as pandas dataframe
[2023-01-05 17:41:20,399] 12 root INFO reading from databaseaps qand collection :sensor
[2023-01-05 17:41:24,051] 14 root INFO found columns:Index(['_id', 'class', 'aa_000', 'ab_000', 'ac_000', 'ad_000', 'ae_000',
       'af_000', 'ag_000', 'ag_001',
       ...
       'ee_002', 'ee_003', 'ee_004', 'ee_005', 'ee_006', 'ee_007', 'ee_008',
       'ee_009', 'ef_000', 'eg_000'],
      dtype='object', length=172)
[2023-01-05 17:41:24,051] 16 root INFO dropping _id column
[2023-01-05 17:41:24,284] 24 root INFO save data in feature store,replacing null values with nan
[2023-01-05 17:41:24,874] 27 root INFO creating feature store folder if not available
[2023-01-05 17:41:24,874] 31 root INFO save df to feature store folder
[2023-01-05 17:41:27,452] 34 root INFO spliting data into train test split
[2023-01-05 17:41:28,112] 37 root INFO creating dataset directory if not available
[2023-01-05 17:41:28,113] 41 root INFO save df to feature store folder
[2023-01-05 17:41:30,334] 46 root INFO preparing artifact
[2023-01-05 17:41:30,334] 53 root INFO data ingestion artifact:DataIngestionArtifact(feature_store_file_path='/config/workspace/artifact/01052023__174109/data_ingestion/feature_store/sensor.csv', train_file_path='/config/workspace/artifact/01052023__174109/data_ingestion/dataset/train.csv', test_file_path='/config/workspace/artifact/01052023__174109/data_ingestion/dataset/test.csv')
[2023-01-05 17:41:30,717] 16 root INFO >>>>>>>>>>>>>>>>>>>>>>>>>>>>>>>>>>>>>>>> DATA VALIDATION <<<<<<<<<<<<<<<<<<<<<<<<<<<<<<<<<<<<<<<<
[2023-01-05 17:41:30,717] 96 root INFO Reading base dataframe
[2023-01-05 17:41:33,742] 99 root INFO Replace na value in base df
[2023-01-05 17:41:33,743] 101 root INFO Drop null values colums from base df
[2023-01-05 17:41:34,746] 30 root INFO selecting column nane which containing null above 0.2
[2023-01-05 17:41:34,747] 33 root INFO column names to drop['ab_000', 'ad_000', 'bk_000', 'bl_000', 'bm_000', 'bn_000', 'bo_000', 'bp_000', 'bq_000', 'br_000', 'cf_000', 'cg_000', 'ch_000', 'co_000', 'cr_000', 'ct_000', 'cu_000', 'cv_000', 'cx_000', 'cy_000', 'cz_000', 'da_000', 'db_000', 'dc_000']
[2023-01-05 17:41:34,838] 104 root INFO reading train dataframe
[2023-01-05 17:41:35,236] 106 root INFO reading test dataframe
[2023-01-05 17:41:35,337] 109 root INFO dropping null vakluecolumns from  train df
[2023-01-05 17:41:35,349] 30 root INFO selecting column nane which containing null above 0.2
[2023-01-05 17:41:35,349] 33 root INFO column names to drop['ab_000', 'ad_000', 'bk_000', 'bl_000', 'bm_000', 'bn_000', 'bo_000', 'bp_000', 'bq_000', 'br_000', 'cf_000', 'cg_000', 'ch_000', 'co_000', 'cr_000', 'ct_000', 'cu_000', 'cv_000', 'cx_000', 'cy_000', 'cz_000', 'da_000', 'db_000', 'dc_000']
[2023-01-05 17:41:35,358] 111 root INFO dropping missing value columns in test dataset
[2023-01-05 17:41:35,363] 30 root INFO selecting column nane which containing null above 0.2
[2023-01-05 17:41:35,363] 33 root INFO column names to drop['ab_000', 'ad_000', 'bk_000', 'bl_000', 'bm_000', 'bn_000', 'bo_000', 'bp_000', 'bq_000', 'br_000', 'cf_000', 'cg_000', 'ch_000', 'co_000', 'cr_000', 'ct_000', 'cu_000', 'cv_000', 'cx_000', 'cy_000', 'cz_000', 'da_000', 'db_000', 'dc_000']
[2023-01-05 17:41:41,409] 122 root INFO Is all required columns present in train df
[2023-01-05 17:41:41,409] 124 root INFO Is all required columns present in test df
[2023-01-05 17:41:41,410] 128 root INFO As all column are available in train df hence detecting data drift
[2023-01-05 17:41:41,410] 71 root INFO Hypothesis class: object, object 
[2023-01-05 17:41:41,544] 71 root INFO Hypothesis aa_000: float64, float64 
[2023-01-05 17:41:41,555] 71 root INFO Hypothesis ac_000: float64, float64 
[2023-01-05 17:41:41,563] 71 root INFO Hypothesis ae_000: float64, float64 
[2023-01-05 17:41:41,600] 71 root INFO Hypothesis af_000: float64, float64 
[2023-01-05 17:41:41,639] 71 root INFO Hypothesis ag_000: float64, float64 
[2023-01-05 17:41:41,676] 71 root INFO Hypothesis ag_001: float64, float64 
[2023-01-05 17:41:41,715] 71 root INFO Hypothesis ag_002: float64, float64 
[2023-01-05 17:41:41,753] 71 root INFO Hypothesis ag_003: float64, float64 
[2023-01-05 17:41:41,793] 71 root INFO Hypothesis ag_004: float64, float64 
[2023-01-05 17:41:41,837] 71 root INFO Hypothesis ag_005: float64, float64 
[2023-01-05 17:41:41,851] 71 root INFO Hypothesis ag_006: float64, float64 
[2023-01-05 17:41:41,862] 71 root INFO Hypothesis ag_007: float64, float64 
[2023-01-05 17:41:41,871] 71 root INFO Hypothesis ag_008: float64, float64 
[2023-01-05 17:41:41,880] 71 root INFO Hypothesis ag_009: float64, float64 
[2023-01-05 17:41:41,887] 71 root INFO Hypothesis ah_000: float64, float64 
[2023-01-05 17:41:41,897] 71 root INFO Hypothesis ai_000: float64, float64 
[2023-01-05 17:41:41,936] 71 root INFO Hypothesis aj_000: float64, float64 
[2023-01-05 17:41:41,976] 71 root INFO Hypothesis ak_000: float64, float64 
[2023-01-05 17:41:42,014] 71 root INFO Hypothesis al_000: float64, float64 
[2023-01-05 17:41:42,056] 71 root INFO Hypothesis am_0: float64, float64 
[2023-01-05 17:41:42,097] 71 root INFO Hypothesis an_000: float64, float64 
[2023-01-05 17:41:42,108] 71 root INFO Hypothesis ao_000: float64, float64 
[2023-01-05 17:41:42,118] 71 root INFO Hypothesis ap_000: float64, float64 
[2023-01-05 17:41:42,129] 71 root INFO Hypothesis aq_000: float64, float64 
[2023-01-05 17:41:42,139] 71 root INFO Hypothesis ar_000: float64, float64 
[2023-01-05 17:41:42,176] 71 root INFO Hypothesis as_000: float64, float64 
[2023-01-05 17:41:42,214] 71 root INFO Hypothesis at_000: float64, float64 
[2023-01-05 17:41:42,253] 71 root INFO Hypothesis au_000: float64, float64 
[2023-01-05 17:41:42,291] 71 root INFO Hypothesis av_000: float64, float64 
[2023-01-05 17:41:42,299] 71 root INFO Hypothesis ax_000: float64, float64 
[2023-01-05 17:41:42,307] 71 root INFO Hypothesis ay_000: float64, float64 
[2023-01-05 17:41:42,345] 71 root INFO Hypothesis ay_001: float64, float64 
[2023-01-05 17:41:42,382] 71 root INFO Hypothesis ay_002: float64, float64 
[2023-01-05 17:41:42,419] 71 root INFO Hypothesis ay_003: float64, float64 
[2023-01-05 17:41:42,456] 71 root INFO Hypothesis ay_004: float64, float64 
[2023-01-05 17:41:42,493] 71 root INFO Hypothesis ay_005: float64, float64 
[2023-01-05 17:41:42,502] 71 root INFO Hypothesis ay_006: float64, float64 
[2023-01-05 17:41:42,511] 71 root INFO Hypothesis ay_007: float64, float64 
[2023-01-05 17:41:42,521] 71 root INFO Hypothesis ay_008: float64, float64 
[2023-01-05 17:41:42,531] 71 root INFO Hypothesis ay_009: float64, float64 
[2023-01-05 17:41:42,568] 71 root INFO Hypothesis az_000: float64, float64 
[2023-01-05 17:41:42,578] 71 root INFO Hypothesis az_001: float64, float64 
[2023-01-05 17:41:42,588] 71 root INFO Hypothesis az_002: float64, float64 
[2023-01-05 17:41:42,598] 71 root INFO Hypothesis az_003: float64, float64 
[2023-01-05 17:41:42,608] 71 root INFO Hypothesis az_004: float64, float64 
[2023-01-05 17:41:42,618] 71 root INFO Hypothesis az_005: float64, float64 
[2023-01-05 17:41:42,629] 71 root INFO Hypothesis az_006: float64, float64 
[2023-01-05 17:41:42,638] 71 root INFO Hypothesis az_007: float64, float64 
[2023-01-05 17:41:42,676] 71 root INFO Hypothesis az_008: float64, float64 
[2023-01-05 17:41:42,715] 71 root INFO Hypothesis az_009: float64, float64 
[2023-01-05 17:41:42,752] 71 root INFO Hypothesis ba_000: float64, float64 
[2023-01-05 17:41:42,763] 71 root INFO Hypothesis ba_001: float64, float64 
[2023-01-05 17:41:42,774] 71 root INFO Hypothesis ba_002: float64, float64 
[2023-01-05 17:41:42,784] 71 root INFO Hypothesis ba_003: float64, float64 
[2023-01-05 17:41:42,794] 71 root INFO Hypothesis ba_004: float64, float64 
[2023-01-05 17:41:42,805] 71 root INFO Hypothesis ba_005: float64, float64 
[2023-01-05 17:41:42,815] 71 root INFO Hypothesis ba_006: float64, float64 
[2023-01-05 17:41:42,825] 71 root INFO Hypothesis ba_007: float64, float64 
[2023-01-05 17:41:42,835] 71 root INFO Hypothesis ba_008: float64, float64 
[2023-01-05 17:41:42,843] 71 root INFO Hypothesis ba_009: float64, float64 
[2023-01-05 17:41:42,883] 71 root INFO Hypothesis bb_000: float64, float64 
[2023-01-05 17:41:42,894] 71 root INFO Hypothesis bc_000: float64, float64 
[2023-01-05 17:41:42,937] 71 root INFO Hypothesis bd_000: float64, float64 
[2023-01-05 17:41:42,979] 71 root INFO Hypothesis be_000: float64, float64 
[2023-01-05 17:41:42,988] 71 root INFO Hypothesis bf_000: float64, float64 
[2023-01-05 17:41:43,029] 71 root INFO Hypothesis bg_000: float64, float64 
[2023-01-05 17:41:43,039] 71 root INFO Hypothesis bh_000: float64, float64 
[2023-01-05 17:41:43,050] 71 root INFO Hypothesis bi_000: float64, float64 
[2023-01-05 17:41:43,060] 71 root INFO Hypothesis bj_000: float64, float64 
[2023-01-05 17:41:43,071] 71 root INFO Hypothesis bs_000: float64, float64 
[2023-01-05 17:41:43,082] 71 root INFO Hypothesis bt_000: float64, float64 
[2023-01-05 17:41:43,092] 71 root INFO Hypothesis bu_000: float64, float64 
[2023-01-05 17:41:43,103] 71 root INFO Hypothesis bv_000: float64, float64 
[2023-01-05 17:41:43,118] 71 root INFO Hypothesis bx_000: float64, float64 
[2023-01-05 17:41:43,129] 71 root INFO Hypothesis by_000: float64, float64 
[2023-01-05 17:41:43,139] 71 root INFO Hypothesis bz_000: float64, float64 
[2023-01-05 17:41:43,182] 71 root INFO Hypothesis ca_000: float64, float64 
[2023-01-05 17:41:43,193] 71 root INFO Hypothesis cb_000: float64, float64 
[2023-01-05 17:41:43,204] 71 root INFO Hypothesis cc_000: float64, float64 
[2023-01-05 17:41:43,214] 71 root INFO Hypothesis cd_000: float64, float64 
[2023-01-05 17:41:43,219] 71 root INFO Hypothesis ce_000: float64, float64 
[2023-01-05 17:41:43,228] 71 root INFO Hypothesis ci_000: float64, float64 
[2023-01-05 17:41:43,239] 71 root INFO Hypothesis cj_000: float64, float64 
[2023-01-05 17:41:43,277] 71 root INFO Hypothesis ck_000: float64, float64 
[2023-01-05 17:41:43,288] 71 root INFO Hypothesis cl_000: float64, float64 
[2023-01-05 17:41:43,294] 71 root INFO Hypothesis cm_000: float64, float64 
[2023-01-05 17:41:43,301] 71 root INFO Hypothesis cn_000: float64, float64 
[2023-01-05 17:41:43,338] 71 root INFO Hypothesis cn_001: float64, float64 
[2023-01-05 17:41:43,377] 71 root INFO Hypothesis cn_002: float64, float64 
[2023-01-05 17:41:43,385] 71 root INFO Hypothesis cn_003: float64, float64 
[2023-01-05 17:41:43,395] 71 root INFO Hypothesis cn_004: float64, float64 
[2023-01-05 17:41:43,406] 71 root INFO Hypothesis cn_005: float64, float64 
[2023-01-05 17:41:43,416] 71 root INFO Hypothesis cn_006: float64, float64 
[2023-01-05 17:41:43,426] 71 root INFO Hypothesis cn_007: float64, float64 
[2023-01-05 17:41:43,436] 71 root INFO Hypothesis cn_008: float64, float64 
[2023-01-05 17:41:43,445] 71 root INFO Hypothesis cn_009: float64, float64 
[2023-01-05 17:41:43,453] 71 root INFO Hypothesis cp_000: float64, float64 
[2023-01-05 17:41:43,460] 71 root INFO Hypothesis cq_000: float64, float64 
[2023-01-05 17:41:43,470] 71 root INFO Hypothesis cs_000: float64, float64 
[2023-01-05 17:41:43,480] 71 root INFO Hypothesis cs_001: float64, float64 
[2023-01-05 17:41:43,489] 71 root INFO Hypothesis cs_002: float64, float64 
[2023-01-05 17:41:43,499] 71 root INFO Hypothesis cs_003: float64, float64 
[2023-01-05 17:41:43,509] 71 root INFO Hypothesis cs_004: float64, float64 
[2023-01-05 17:41:43,520] 71 root INFO Hypothesis cs_005: float64, float64 
[2023-01-05 17:41:43,530] 71 root INFO Hypothesis cs_006: float64, float64 
[2023-01-05 17:41:43,541] 71 root INFO Hypothesis cs_007: float64, float64 
[2023-01-05 17:41:43,552] 71 root INFO Hypothesis cs_008: float64, float64 
[2023-01-05 17:41:43,593] 71 root INFO Hypothesis cs_009: float64, float64 
[2023-01-05 17:41:43,631] 71 root INFO Hypothesis dd_000: float64, float64 
[2023-01-05 17:41:43,641] 71 root INFO Hypothesis de_000: float64, float64 
[2023-01-05 17:41:43,684] 71 root INFO Hypothesis df_000: float64, float64 
[2023-01-05 17:41:43,722] 71 root INFO Hypothesis dg_000: float64, float64 
[2023-01-05 17:41:43,761] 71 root INFO Hypothesis dh_000: float64, float64 
[2023-01-05 17:41:43,800] 71 root INFO Hypothesis di_000: float64, float64 
[2023-01-05 17:41:43,840] 71 root INFO Hypothesis dj_000: float64, float64 
[2023-01-05 17:41:43,877] 71 root INFO Hypothesis dk_000: float64, float64 
[2023-01-05 17:41:43,915] 71 root INFO Hypothesis dl_000: float64, float64 
[2023-01-05 17:41:43,952] 71 root INFO Hypothesis dm_000: float64, float64 
[2023-01-05 17:41:43,991] 71 root INFO Hypothesis dn_000: float64, float64 
[2023-01-05 17:41:44,001] 71 root INFO Hypothesis do_000: float64, float64 
[2023-01-05 17:41:44,011] 71 root INFO Hypothesis dp_000: float64, float64 
[2023-01-05 17:41:44,020] 71 root INFO Hypothesis dq_000: float64, float64 
[2023-01-05 17:41:44,061] 71 root INFO Hypothesis dr_000: float64, float64 
[2023-01-05 17:41:44,101] 71 root INFO Hypothesis ds_000: float64, float64 
[2023-01-05 17:41:44,111] 71 root INFO Hypothesis dt_000: float64, float64 
[2023-01-05 17:41:44,121] 71 root INFO Hypothesis du_000: float64, float64 
[2023-01-05 17:41:44,164] 71 root INFO Hypothesis dv_000: float64, float64 
[2023-01-05 17:41:44,174] 71 root INFO Hypothesis dx_000: float64, float64 
[2023-01-05 17:41:44,215] 71 root INFO Hypothesis dy_000: float64, float64 
[2023-01-05 17:41:44,256] 71 root INFO Hypothesis dz_000: float64, float64 
[2023-01-05 17:41:44,293] 71 root INFO Hypothesis ea_000: float64, float64 
[2023-01-05 17:41:44,330] 71 root INFO Hypothesis eb_000: float64, float64 
[2023-01-05 17:41:44,372] 71 root INFO Hypothesis ec_00: float64, float64 
[2023-01-05 17:41:44,382] 71 root INFO Hypothesis ed_000: float64, float64 
[2023-01-05 17:41:44,391] 71 root INFO Hypothesis ee_000: float64, float64 
[2023-01-05 17:41:44,402] 71 root INFO Hypothesis ee_001: float64, float64 
[2023-01-05 17:41:44,412] 71 root INFO Hypothesis ee_002: float64, float64 
[2023-01-05 17:41:44,423] 71 root INFO Hypothesis ee_003: float64, float64 
[2023-01-05 17:41:44,433] 71 root INFO Hypothesis ee_004: float64, float64 
[2023-01-05 17:41:44,443] 71 root INFO Hypothesis ee_005: float64, float64 
[2023-01-05 17:41:44,454] 71 root INFO Hypothesis ee_006: float64, float64 
[2023-01-05 17:41:44,464] 71 root INFO Hypothesis ee_007: float64, float64 
[2023-01-05 17:41:44,474] 71 root INFO Hypothesis ee_008: float64, float64 
[2023-01-05 17:41:44,483] 71 root INFO Hypothesis ee_009: float64, float64 
[2023-01-05 17:41:44,524] 71 root INFO Hypothesis ef_000: float64, float64 
[2023-01-05 17:41:44,562] 71 root INFO Hypothesis eg_000: float64, float64 
[2023-01-05 17:41:44,599] 131 root INFO As all column are available in test df hence detecting data drift
[2023-01-05 17:41:44,600] 71 root INFO Hypothesis class: object, object 
[2023-01-05 17:41:44,674] 71 root INFO Hypothesis aa_000: float64, float64 
[2023-01-05 17:41:44,681] 71 root INFO Hypothesis ac_000: float64, float64 
[2023-01-05 17:41:44,687] 71 root INFO Hypothesis ae_000: float64, float64 
[2023-01-05 17:41:44,702] 71 root INFO Hypothesis af_000: float64, float64 
[2023-01-05 17:41:44,718] 71 root INFO Hypothesis ag_000: float64, float64 
[2023-01-05 17:41:44,734] 71 root INFO Hypothesis ag_001: float64, float64 
[2023-01-05 17:41:44,753] 71 root INFO Hypothesis ag_002: float64, float64 
[2023-01-05 17:41:44,757] 71 root INFO Hypothesis ag_003: float64, float64 
[2023-01-05 17:41:44,762] 71 root INFO Hypothesis ag_004: float64, float64 
[2023-01-05 17:41:44,769] 71 root INFO Hypothesis ag_005: float64, float64 
[2023-01-05 17:41:44,776] 71 root INFO Hypothesis ag_006: float64, float64 
[2023-01-05 17:41:44,783] 71 root INFO Hypothesis ag_007: float64, float64 
[2023-01-05 17:41:44,790] 71 root INFO Hypothesis ag_008: float64, float64 
[2023-01-05 17:41:44,796] 71 root INFO Hypothesis ag_009: float64, float64 
[2023-01-05 17:41:44,800] 71 root INFO Hypothesis ah_000: float64, float64 
[2023-01-05 17:41:44,807] 71 root INFO Hypothesis ai_000: float64, float64 
[2023-01-05 17:41:44,824] 71 root INFO Hypothesis aj_000: float64, float64 
[2023-01-05 17:41:44,828] 71 root INFO Hypothesis ak_000: float64, float64 
[2023-01-05 17:41:44,844] 71 root INFO Hypothesis al_000: float64, float64 
[2023-01-05 17:41:44,849] 71 root INFO Hypothesis am_0: float64, float64 
[2023-01-05 17:41:44,854] 71 root INFO Hypothesis an_000: float64, float64 
[2023-01-05 17:41:44,861] 71 root INFO Hypothesis ao_000: float64, float64 
[2023-01-05 17:41:44,868] 71 root INFO Hypothesis ap_000: float64, float64 
[2023-01-05 17:41:44,875] 71 root INFO Hypothesis aq_000: float64, float64 
[2023-01-05 17:41:44,886] 71 root INFO Hypothesis ar_000: float64, float64 
[2023-01-05 17:41:44,902] 71 root INFO Hypothesis as_000: float64, float64 
[2023-01-05 17:41:44,918] 71 root INFO Hypothesis at_000: float64, float64 
[2023-01-05 17:41:44,922] 71 root INFO Hypothesis au_000: float64, float64 
[2023-01-05 17:41:44,938] 71 root INFO Hypothesis av_000: float64, float64 
[2023-01-05 17:41:44,944] 71 root INFO Hypothesis ax_000: float64, float64 
[2023-01-05 17:41:44,950] 71 root INFO Hypothesis ay_000: float64, float64 
[2023-01-05 17:41:44,966] 71 root INFO Hypothesis ay_001: float64, float64 
[2023-01-05 17:41:44,982] 71 root INFO Hypothesis ay_002: float64, float64 
[2023-01-05 17:41:44,998] 71 root INFO Hypothesis ay_003: float64, float64 
[2023-01-05 17:41:45,014] 71 root INFO Hypothesis ay_004: float64, float64 
[2023-01-05 17:41:45,030] 71 root INFO Hypothesis ay_005: float64, float64 
[2023-01-05 17:41:45,035] 71 root INFO Hypothesis ay_006: float64, float64 
[2023-01-05 17:41:45,042] 71 root INFO Hypothesis ay_007: float64, float64 
[2023-01-05 17:41:45,049] 71 root INFO Hypothesis ay_008: float64, float64 
[2023-01-05 17:41:45,055] 71 root INFO Hypothesis ay_009: float64, float64 
[2023-01-05 17:41:45,073] 71 root INFO Hypothesis az_000: float64, float64 
[2023-01-05 17:41:45,080] 71 root INFO Hypothesis az_001: float64, float64 
[2023-01-05 17:41:45,087] 71 root INFO Hypothesis az_002: float64, float64 
[2023-01-05 17:41:45,094] 71 root INFO Hypothesis az_003: float64, float64 
[2023-01-05 17:41:45,103] 71 root INFO Hypothesis az_004: float64, float64 
[2023-01-05 17:41:45,111] 71 root INFO Hypothesis az_005: float64, float64 
[2023-01-05 17:41:45,119] 71 root INFO Hypothesis az_006: float64, float64 
[2023-01-05 17:41:45,125] 71 root INFO Hypothesis az_007: float64, float64 
[2023-01-05 17:41:45,129] 71 root INFO Hypothesis az_008: float64, float64 
[2023-01-05 17:41:45,148] 71 root INFO Hypothesis az_009: float64, float64 
[2023-01-05 17:41:45,167] 71 root INFO Hypothesis ba_000: float64, float64 
[2023-01-05 17:41:45,175] 71 root INFO Hypothesis ba_001: float64, float64 
[2023-01-05 17:41:45,183] 71 root INFO Hypothesis ba_002: float64, float64 
[2023-01-05 17:41:45,191] 71 root INFO Hypothesis ba_003: float64, float64 
[2023-01-05 17:41:45,199] 71 root INFO Hypothesis ba_004: float64, float64 
[2023-01-05 17:41:45,208] 71 root INFO Hypothesis ba_005: float64, float64 
[2023-01-05 17:41:45,216] 71 root INFO Hypothesis ba_006: float64, float64 
[2023-01-05 17:41:45,224] 71 root INFO Hypothesis ba_007: float64, float64 
[2023-01-05 17:41:45,244] 71 root INFO Hypothesis ba_008: float64, float64 
[2023-01-05 17:41:45,251] 71 root INFO Hypothesis ba_009: float64, float64 
[2023-01-05 17:41:45,257] 71 root INFO Hypothesis bb_000: float64, float64 
[2023-01-05 17:41:45,264] 71 root INFO Hypothesis bc_000: float64, float64 
[2023-01-05 17:41:45,270] 71 root INFO Hypothesis bd_000: float64, float64 
[2023-01-05 17:41:45,277] 71 root INFO Hypothesis be_000: float64, float64 
[2023-01-05 17:41:45,284] 71 root INFO Hypothesis bf_000: float64, float64 
[2023-01-05 17:41:45,290] 71 root INFO Hypothesis bg_000: float64, float64 
[2023-01-05 17:41:45,299] 71 root INFO Hypothesis bh_000: float64, float64 
[2023-01-05 17:41:45,307] 71 root INFO Hypothesis bi_000: float64, float64 
[2023-01-05 17:41:45,315] 71 root INFO Hypothesis bj_000: float64, float64 
[2023-01-05 17:41:45,323] 71 root INFO Hypothesis bs_000: float64, float64 
[2023-01-05 17:41:45,331] 71 root INFO Hypothesis bt_000: float64, float64 
[2023-01-05 17:41:45,340] 71 root INFO Hypothesis bu_000: float64, float64 
[2023-01-05 17:41:45,349] 71 root INFO Hypothesis bv_000: float64, float64 
[2023-01-05 17:41:45,357] 71 root INFO Hypothesis bx_000: float64, float64 
[2023-01-05 17:41:45,365] 71 root INFO Hypothesis by_000: float64, float64 
[2023-01-05 17:41:45,373] 71 root INFO Hypothesis bz_000: float64, float64 
[2023-01-05 17:41:45,380] 71 root INFO Hypothesis ca_000: float64, float64 
[2023-01-05 17:41:45,388] 71 root INFO Hypothesis cb_000: float64, float64 
[2023-01-05 17:41:45,396] 71 root INFO Hypothesis cc_000: float64, float64 
[2023-01-05 17:41:45,404] 71 root INFO Hypothesis cd_000: float64, float64 
[2023-01-05 17:41:45,422] 71 root INFO Hypothesis ce_000: float64, float64 
[2023-01-05 17:41:45,429] 71 root INFO Hypothesis ci_000: float64, float64 
[2023-01-05 17:41:45,437] 71 root INFO Hypothesis cj_000: float64, float64 
[2023-01-05 17:41:45,441] 71 root INFO Hypothesis ck_000: float64, float64 
[2023-01-05 17:41:45,449] 71 root INFO Hypothesis cl_000: float64, float64 
[2023-01-05 17:41:45,455] 71 root INFO Hypothesis cm_000: float64, float64 
[2023-01-05 17:41:45,461] 71 root INFO Hypothesis cn_000: float64, float64 
[2023-01-05 17:41:45,480] 71 root INFO Hypothesis cn_001: float64, float64 
[2023-01-05 17:41:45,486] 71 root INFO Hypothesis cn_002: float64, float64 
[2023-01-05 17:41:45,492] 71 root INFO Hypothesis cn_003: float64, float64 
[2023-01-05 17:41:45,500] 71 root INFO Hypothesis cn_004: float64, float64 
[2023-01-05 17:41:45,508] 71 root INFO Hypothesis cn_005: float64, float64 
[2023-01-05 17:41:45,516] 71 root INFO Hypothesis cn_006: float64, float64 
[2023-01-05 17:41:45,524] 71 root INFO Hypothesis cn_007: float64, float64 
[2023-01-05 17:41:45,531] 71 root INFO Hypothesis cn_008: float64, float64 
[2023-01-05 17:41:45,537] 71 root INFO Hypothesis cn_009: float64, float64 
[2023-01-05 17:41:45,543] 71 root INFO Hypothesis cp_000: float64, float64 
[2023-01-05 17:41:45,549] 71 root INFO Hypothesis cq_000: float64, float64 
[2023-01-05 17:41:45,556] 71 root INFO Hypothesis cs_000: float64, float64 
[2023-01-05 17:41:45,564] 71 root INFO Hypothesis cs_001: float64, float64 
[2023-01-05 17:41:45,571] 71 root INFO Hypothesis cs_002: float64, float64 
[2023-01-05 17:41:45,579] 71 root INFO Hypothesis cs_003: float64, float64 
[2023-01-05 17:41:45,586] 71 root INFO Hypothesis cs_004: float64, float64 
[2023-01-05 17:41:45,594] 71 root INFO Hypothesis cs_005: float64, float64 
[2023-01-05 17:41:45,602] 71 root INFO Hypothesis cs_006: float64, float64 
[2023-01-05 17:41:45,610] 71 root INFO Hypothesis cs_007: float64, float64 
[2023-01-05 17:41:45,618] 71 root INFO Hypothesis cs_008: float64, float64 
[2023-01-05 17:41:45,633] 71 root INFO Hypothesis cs_009: float64, float64 
[2023-01-05 17:41:45,654] 71 root INFO Hypothesis dd_000: float64, float64 
[2023-01-05 17:41:45,661] 71 root INFO Hypothesis de_000: float64, float64 
[2023-01-05 17:41:45,667] 71 root INFO Hypothesis df_000: float64, float64 
[2023-01-05 17:41:45,684] 71 root INFO Hypothesis dg_000: float64, float64 
[2023-01-05 17:41:45,700] 71 root INFO Hypothesis dh_000: float64, float64 
[2023-01-05 17:41:45,704] 71 root INFO Hypothesis di_000: float64, float64 
[2023-01-05 17:41:45,708] 71 root INFO Hypothesis dj_000: float64, float64 
[2023-01-05 17:41:45,724] 71 root INFO Hypothesis dk_000: float64, float64 
[2023-01-05 17:41:45,740] 71 root INFO Hypothesis dl_000: float64, float64 
[2023-01-05 17:41:45,756] 71 root INFO Hypothesis dm_000: float64, float64 
[2023-01-05 17:41:45,773] 71 root INFO Hypothesis dn_000: float64, float64 
[2023-01-05 17:41:45,780] 71 root INFO Hypothesis do_000: float64, float64 
[2023-01-05 17:41:45,786] 71 root INFO Hypothesis dp_000: float64, float64 
[2023-01-05 17:41:45,792] 71 root INFO Hypothesis dq_000: float64, float64 
[2023-01-05 17:41:45,809] 71 root INFO Hypothesis dr_000: float64, float64 
[2023-01-05 17:41:45,814] 71 root INFO Hypothesis ds_000: float64, float64 
[2023-01-05 17:41:45,821] 71 root INFO Hypothesis dt_000: float64, float64 
[2023-01-05 17:41:45,829] 71 root INFO Hypothesis du_000: float64, float64 
[2023-01-05 17:41:45,835] 71 root INFO Hypothesis dv_000: float64, float64 
[2023-01-05 17:41:45,842] 71 root INFO Hypothesis dx_000: float64, float64 
[2023-01-05 17:41:45,848] 71 root INFO Hypothesis dy_000: float64, float64 
[2023-01-05 17:41:45,866] 71 root INFO Hypothesis dz_000: float64, float64 
[2023-01-05 17:41:45,882] 71 root INFO Hypothesis ea_000: float64, float64 
[2023-01-05 17:41:45,900] 71 root INFO Hypothesis eb_000: float64, float64 
[2023-01-05 17:41:45,906] 71 root INFO Hypothesis ec_00: float64, float64 
[2023-01-05 17:41:45,914] 71 root INFO Hypothesis ed_000: float64, float64 
[2023-01-05 17:41:45,921] 71 root INFO Hypothesis ee_000: float64, float64 
[2023-01-05 17:41:45,929] 71 root INFO Hypothesis ee_001: float64, float64 
[2023-01-05 17:41:45,936] 71 root INFO Hypothesis ee_002: float64, float64 
[2023-01-05 17:41:45,944] 71 root INFO Hypothesis ee_003: float64, float64 
[2023-01-05 17:41:45,951] 71 root INFO Hypothesis ee_004: float64, float64 
[2023-01-05 17:41:45,959] 71 root INFO Hypothesis ee_005: float64, float64 
[2023-01-05 17:41:45,966] 71 root INFO Hypothesis ee_006: float64, float64 
[2023-01-05 17:41:45,973] 71 root INFO Hypothesis ee_007: float64, float64 
[2023-01-05 17:41:45,980] 71 root INFO Hypothesis ee_008: float64, float64 
[2023-01-05 17:41:45,987] 71 root INFO Hypothesis ee_009: float64, float64 
[2023-01-05 17:41:45,993] 71 root INFO Hypothesis ef_000: float64, float64 
[2023-01-05 17:41:46,010] 71 root INFO Hypothesis eg_000: float64, float64 
[2023-01-05 17:41:46,028] 134 root INFO Write reprt in yaml file
[2023-01-05 17:41:46,102] 141 root INFO Data validation artifact: DataValidationArtifact(report_file_path='/config/workspace/artifact/01052023__174109/data_validation/report.yaml')
[2023-01-05 17:41:47,015] 63 root INFO before resampling in training set input:{input_feature_train_arr.shape} and target :{target_feature_train_arr.shape}
[2023-01-05 17:41:53,082] 65 root INFO after resampling training set input(56098, 170) and target:(56098,)
[2023-01-05 17:41:53,082] 68 root INFO Before resampling in testing set Input: (7238, 170) Target:(7238,)
[2023-01-05 17:41:53,841] 70 root INFO After resampling in testing set Input: (14076, 170) Target:(14076,)
[2023-01-05 17:41:53,965] 53 root INFO Entered the save_object method of MainUtils class
[2023-01-05 17:41:53,967] 57 root INFO Exited the save_object method of MainUtils class
[2023-01-05 17:41:53,968] 53 root INFO Entered the save_object method of MainUtils class
[2023-01-05 17:41:53,968] 57 root INFO Exited the save_object method of MainUtils class
[2023-01-05 17:41:53,968] 98 root INFO Data transformation object: DataTransformationArtifact(transform_object_path='/config/workspace/artifact/01052023__174109/data_transformation/transformer/transformer.pkl', transformed_train_path='/config/workspace/artifact/01052023__174109/data_transformation/transformed/train.csv', transformed_test_path='/config/workspace/artifact/01052023__174109/data_transformation/transformed/test.csv', target_encoder_path='/config/workspace/artifact/01052023__174109/data_transformation/target_encoder/target_encoder.pkl')
