[2023-01-05 16:54:55,141] 20 root INFO exporting collection data as pandas dataframe
[2023-01-05 16:54:55,141] 12 root INFO reading from databaseaps qand collection :sensor
[2023-01-05 16:54:59,034] 14 root INFO found columns:Index(['_id', 'class', 'aa_000', 'ab_000', 'ac_000', 'ad_000', 'ae_000',
       'af_000', 'ag_000', 'ag_001',
       ...
       'ee_002', 'ee_003', 'ee_004', 'ee_005', 'ee_006', 'ee_007', 'ee_008',
       'ee_009', 'ef_000', 'eg_000'],
      dtype='object', length=172)
[2023-01-05 16:54:59,035] 16 root INFO dropping _id column
[2023-01-05 16:54:59,490] 24 root INFO save data in feature store,replacing null values with nan
[2023-01-05 16:55:00,324] 27 root INFO creating feature store folder if not available
[2023-01-05 16:55:00,325] 31 root INFO save df to feature store folder
[2023-01-05 16:55:02,908] 34 root INFO spliting data into train test split
[2023-01-05 16:55:03,627] 37 root INFO creating dataset directory if not available
[2023-01-05 16:55:03,627] 41 root INFO save df to feature store folder
[2023-01-05 16:55:05,864] 46 root INFO preparing artifact
[2023-01-05 16:55:05,864] 53 root INFO data ingestion artifact:DataIngestionArtifact(feature_store_file_path='/config/workspace/artifact/01052023__165455/data_ingestion/feature_store/sensor.csv', train_file_path='/config/workspace/artifact/01052023__165455/data_ingestion/dataset/train.csv', test_file_path='/config/workspace/artifact/01052023__165455/data_ingestion/dataset/test.csv')
[2023-01-05 16:55:06,371] 20 root INFO exporting collection data as pandas dataframe
[2023-01-05 16:55:06,372] 12 root INFO reading from databaseaps qand collection :sensor
[2023-01-05 16:55:10,027] 14 root INFO found columns:Index(['_id', 'class', 'aa_000', 'ab_000', 'ac_000', 'ad_000', 'ae_000',
       'af_000', 'ag_000', 'ag_001',
       ...
       'ee_002', 'ee_003', 'ee_004', 'ee_005', 'ee_006', 'ee_007', 'ee_008',
       'ee_009', 'ef_000', 'eg_000'],
      dtype='object', length=172)
[2023-01-05 16:55:10,028] 16 root INFO dropping _id column
[2023-01-05 16:55:10,224] 24 root INFO save data in feature store,replacing null values with nan
[2023-01-05 16:55:10,789] 27 root INFO creating feature store folder if not available
[2023-01-05 16:55:10,789] 31 root INFO save df to feature store folder
[2023-01-05 16:55:13,286] 34 root INFO spliting data into train test split
[2023-01-05 16:55:13,912] 37 root INFO creating dataset directory if not available
[2023-01-05 16:55:13,912] 41 root INFO save df to feature store folder
[2023-01-05 16:55:16,113] 46 root INFO preparing artifact
[2023-01-05 16:55:16,113] 53 root INFO data ingestion artifact:DataIngestionArtifact(feature_store_file_path='/config/workspace/artifact/01052023__165455/data_ingestion/feature_store/sensor.csv', train_file_path='/config/workspace/artifact/01052023__165455/data_ingestion/dataset/train.csv', test_file_path='/config/workspace/artifact/01052023__165455/data_ingestion/dataset/test.csv')
[2023-01-05 16:55:16,567] 16 root INFO >>>>>>>>>>>>>>>>>>>>>>>>>>>>>>>>>>>>>>>> DATA VALIDATION <<<<<<<<<<<<<<<<<<<<<<<<<<<<<<<<<<<<<<<<
[2023-01-05 16:55:16,568] 96 root INFO Reading base dataframe
[2023-01-05 16:55:19,585] 99 root INFO Replace na value in base df
[2023-01-05 16:55:19,585] 101 root INFO Drop null values colums from base df
[2023-01-05 16:55:20,549] 30 root INFO selecting column nane which containing null above 0.2
[2023-01-05 16:55:20,550] 33 root INFO column names to drop['ab_000', 'ad_000', 'bk_000', 'bl_000', 'bm_000', 'bn_000', 'bo_000', 'bp_000', 'bq_000', 'br_000', 'cf_000', 'cg_000', 'ch_000', 'co_000', 'cr_000', 'ct_000', 'cu_000', 'cv_000', 'cx_000', 'cy_000', 'cz_000', 'da_000', 'db_000', 'dc_000']
[2023-01-05 16:55:20,645] 104 root INFO reading train dataframe
[2023-01-05 16:55:21,030] 106 root INFO reading test dataframe
[2023-01-05 16:55:21,130] 109 root INFO dropping null vakluecolumns from  train df
[2023-01-05 16:55:21,141] 30 root INFO selecting column nane which containing null above 0.2
[2023-01-05 16:55:21,142] 33 root INFO column names to drop['ab_000', 'ad_000', 'bk_000', 'bl_000', 'bm_000', 'bn_000', 'bo_000', 'bp_000', 'bq_000', 'br_000', 'cf_000', 'cg_000', 'ch_000', 'co_000', 'cr_000', 'ct_000', 'cu_000', 'cv_000', 'cx_000', 'cy_000', 'cz_000', 'da_000', 'db_000', 'dc_000']
[2023-01-05 16:55:21,150] 111 root INFO dropping missing value columns in test dataset
[2023-01-05 16:55:21,154] 30 root INFO selecting column nane which containing null above 0.2
[2023-01-05 16:55:21,155] 33 root INFO column names to drop['ab_000', 'ad_000', 'bk_000', 'bl_000', 'bm_000', 'bn_000', 'bo_000', 'bp_000', 'bq_000', 'br_000', 'cf_000', 'cg_000', 'ch_000', 'co_000', 'cr_000', 'ct_000', 'cu_000', 'cv_000', 'cx_000', 'cy_000', 'cz_000', 'da_000', 'db_000', 'dc_000']
[2023-01-05 16:55:27,174] 122 root INFO Is all required columns present in train df
[2023-01-05 16:55:27,175] 124 root INFO Is all required columns present in test df
[2023-01-05 16:55:27,175] 128 root INFO As all column are available in train df hence detecting data drift
