[2023-01-05 15:59:37,177] 20 root INFO exporting collection data as pandas dataframe
[2023-01-05 15:59:37,177] 12 root INFO reading from databaseaps qand collection :sensor
[2023-01-05 15:59:40,865] 14 root INFO found columns:Index(['_id', 'class', 'aa_000', 'ab_000', 'ac_000', 'ad_000', 'ae_000',
       'af_000', 'ag_000', 'ag_001',
       ...
       'ee_002', 'ee_003', 'ee_004', 'ee_005', 'ee_006', 'ee_007', 'ee_008',
       'ee_009', 'ef_000', 'eg_000'],
      dtype='object', length=172)
[2023-01-05 15:59:40,866] 16 root INFO dropping _id column
[2023-01-05 15:59:41,076] 24 root INFO save data in feature store,replacing null values with nan
[2023-01-05 15:59:41,604] 27 root INFO creating feature store folder if not available
[2023-01-05 15:59:41,605] 31 root INFO save df to feature store folder
[2023-01-05 15:59:44,042] 34 root INFO spliting data into train test split
[2023-01-05 15:59:44,691] 37 root INFO creating dataset directory if not available
[2023-01-05 15:59:44,692] 41 root INFO save df to feature store folder
[2023-01-05 15:59:46,927] 46 root INFO preparing artifact
[2023-01-05 15:59:46,928] 53 root INFO data ingestion artifact:DataIngestionArtifact(feature_store_file_path='/config/workspace/artifact/01052023__155937/data_ingestion/feature_store/sensor.csv', train_file_path='/config/workspace/artifact/01052023__155937/data_ingestion/dataset/train.csv', test_file_path='/config/workspace/artifact/01052023__155937/data_ingestion/dataset/test.csv')
[2023-01-05 15:59:47,383] 20 root INFO exporting collection data as pandas dataframe
[2023-01-05 15:59:47,383] 12 root INFO reading from databaseaps qand collection :sensor
[2023-01-05 15:59:50,923] 14 root INFO found columns:Index(['_id', 'class', 'aa_000', 'ab_000', 'ac_000', 'ad_000', 'ae_000',
       'af_000', 'ag_000', 'ag_001',
       ...
       'ee_002', 'ee_003', 'ee_004', 'ee_005', 'ee_006', 'ee_007', 'ee_008',
       'ee_009', 'ef_000', 'eg_000'],
      dtype='object', length=172)
[2023-01-05 15:59:50,924] 16 root INFO dropping _id column
[2023-01-05 15:59:51,144] 24 root INFO save data in feature store,replacing null values with nan
[2023-01-05 15:59:51,723] 27 root INFO creating feature store folder if not available
[2023-01-05 15:59:51,724] 31 root INFO save df to feature store folder
[2023-01-05 15:59:54,244] 34 root INFO spliting data into train test split
[2023-01-05 15:59:54,817] 37 root INFO creating dataset directory if not available
[2023-01-05 15:59:54,817] 41 root INFO save df to feature store folder
[2023-01-05 15:59:57,100] 46 root INFO preparing artifact
[2023-01-05 15:59:57,100] 53 root INFO data ingestion artifact:DataIngestionArtifact(feature_store_file_path='/config/workspace/artifact/01052023__155937/data_ingestion/feature_store/sensor.csv', train_file_path='/config/workspace/artifact/01052023__155937/data_ingestion/dataset/train.csv', test_file_path='/config/workspace/artifact/01052023__155937/data_ingestion/dataset/test.csv')
[2023-01-05 15:59:57,495] 16 root INFO >>>>>>>>>>>>>>>>>>>>>>>>>>>>>>>>>>>>>>>> DATA VALIDATION <<<<<<<<<<<<<<<<<<<<<<<<<<<<<<<<<<<<<<<<
[2023-01-05 15:59:57,496] 96 root INFO Reading base dataframe
[2023-01-05 16:00:00,403] 99 root INFO Replace na value in base df
[2023-01-05 16:00:00,403] 101 root INFO Drop null values colums from base df
[2023-01-05 16:00:01,366] 30 root INFO selecting column nane which containing null above 0.2
[2023-01-05 16:00:01,367] 33 root INFO column names to drop['ab_000', 'ad_000', 'bk_000', 'bl_000', 'bm_000', 'bn_000', 'bo_000', 'bp_000', 'bq_000', 'br_000', 'cf_000', 'cg_000', 'ch_000', 'co_000', 'cr_000', 'ct_000', 'cu_000', 'cv_000', 'cx_000', 'cy_000', 'cz_000', 'da_000', 'db_000', 'dc_000']
[2023-01-05 16:00:01,480] 104 root INFO reading train dataframe
[2023-01-05 16:00:01,868] 106 root INFO reading test dataframe
[2023-01-05 16:00:01,969] 109 root INFO dropping null vakluecolumns from  train df
[2023-01-05 16:00:01,980] 30 root INFO selecting column nane which containing null above 0.2
[2023-01-05 16:00:01,981] 33 root INFO column names to drop['ab_000', 'ad_000', 'bk_000', 'bl_000', 'bm_000', 'bn_000', 'bo_000', 'bp_000', 'bq_000', 'br_000', 'cf_000', 'cg_000', 'ch_000', 'co_000', 'cr_000', 'ct_000', 'cu_000', 'cv_000', 'cx_000', 'cy_000', 'cz_000', 'da_000', 'db_000', 'dc_000']
[2023-01-05 16:00:01,990] 111 root INFO dropping missing value columns in test dataset
[2023-01-05 16:00:01,994] 30 root INFO selecting column nane which containing null above 0.2
[2023-01-05 16:00:01,994] 33 root INFO column names to drop['ab_000', 'ad_000', 'bk_000', 'bl_000', 'bm_000', 'bn_000', 'bo_000', 'bp_000', 'bq_000', 'br_000', 'cf_000', 'cg_000', 'ch_000', 'co_000', 'cr_000', 'ct_000', 'cu_000', 'cv_000', 'cx_000', 'cy_000', 'cz_000', 'da_000', 'db_000', 'dc_000']
[2023-01-05 16:00:08,052] 122 root INFO is all required columns present in train df
