[2023-01-05 15:16:07,463] 20 root INFO exporting collection data as pandas dataframe
[2023-01-05 15:16:07,463] 12 root INFO reading from databaseaps qand collection :sensor
[2023-01-05 15:16:11,106] 14 root INFO found columns:Index(['_id', 'class', 'aa_000', 'ab_000', 'ac_000', 'ad_000', 'ae_000',
       'af_000', 'ag_000', 'ag_001',
       ...
       'ee_002', 'ee_003', 'ee_004', 'ee_005', 'ee_006', 'ee_007', 'ee_008',
       'ee_009', 'ef_000', 'eg_000'],
      dtype='object', length=172)
[2023-01-05 15:16:11,106] 16 root INFO dropping _id column
[2023-01-05 15:16:11,302] 24 root INFO save data in feature store,replacing null values with nan
[2023-01-05 15:16:11,868] 27 root INFO creating feature store folder if not available
[2023-01-05 15:16:11,868] 31 root INFO save df to feature store folder
[2023-01-05 15:16:14,322] 34 root INFO spliting data into train test split
[2023-01-05 15:16:14,854] 37 root INFO creating dataset directory if not available
[2023-01-05 15:16:14,854] 41 root INFO save df to feature store folder
[2023-01-05 15:16:17,063] 46 root INFO preparing artifact
[2023-01-05 15:16:17,063] 53 root INFO data ingestion artifact:DataIngestionArtifact(feature_store_file_path='/config/workspace/artifact/01052023__151607/data_ingestion/feature_store/sensor.csv', train_file_path='/config/workspace/artifact/01052023__151607/data_ingestion/dataset/train.csv', test_file_path='/config/workspace/artifact/01052023__151607/data_ingestion/dataset/test.csv')
[2023-01-05 15:16:17,494] 20 root INFO exporting collection data as pandas dataframe
[2023-01-05 15:16:17,494] 12 root INFO reading from databaseaps qand collection :sensor
[2023-01-05 15:16:20,952] 14 root INFO found columns:Index(['_id', 'class', 'aa_000', 'ab_000', 'ac_000', 'ad_000', 'ae_000',
       'af_000', 'ag_000', 'ag_001',
       ...
       'ee_002', 'ee_003', 'ee_004', 'ee_005', 'ee_006', 'ee_007', 'ee_008',
       'ee_009', 'ef_000', 'eg_000'],
      dtype='object', length=172)
[2023-01-05 15:16:20,952] 16 root INFO dropping _id column
[2023-01-05 15:16:21,145] 24 root INFO save data in feature store,replacing null values with nan
[2023-01-05 15:16:21,696] 27 root INFO creating feature store folder if not available
[2023-01-05 15:16:21,696] 31 root INFO save df to feature store folder
[2023-01-05 15:16:24,238] 34 root INFO spliting data into train test split
[2023-01-05 15:16:24,855] 37 root INFO creating dataset directory if not available
[2023-01-05 15:16:24,855] 41 root INFO save df to feature store folder
[2023-01-05 15:16:27,175] 46 root INFO preparing artifact
[2023-01-05 15:16:27,176] 53 root INFO data ingestion artifact:DataIngestionArtifact(feature_store_file_path='/config/workspace/artifact/01052023__151607/data_ingestion/feature_store/sensor.csv', train_file_path='/config/workspace/artifact/01052023__151607/data_ingestion/dataset/train.csv', test_file_path='/config/workspace/artifact/01052023__151607/data_ingestion/dataset/test.csv')
[2023-01-05 15:16:27,575] 16 root INFO >>>>>>>>>>>>>>>>>>>>>>>>>>>>>>>>>>>>>>>> DATA VALIDATION <<<<<<<<<<<<<<<<<<<<<<<<<<<<<<<<<<<<<<<<
[2023-01-05 15:16:27,576] 97 root INFO Reading base dataframe
[2023-01-05 15:16:30,628] 100 root INFO rep;aced na values with nan
[2023-01-05 15:16:30,629] 102 root INFO drop null values columns from base df
[2023-01-05 15:16:31,697] 30 root INFO selecting column nane which containing null above 0.2
