[2023-01-06 15:49:10,011] 20 root INFO exporting collection data as pandas dataframe
[2023-01-06 15:49:10,011] 12 root INFO reading from databaseaps qand collection :sensor
[2023-01-06 15:49:14,223] 14 root INFO found columns:Index(['_id', 'class', 'aa_000', 'ab_000', 'ac_000', 'ad_000', 'ae_000',
       'af_000', 'ag_000', 'ag_001',
       ...
       'ee_002', 'ee_003', 'ee_004', 'ee_005', 'ee_006', 'ee_007', 'ee_008',
       'ee_009', 'ef_000', 'eg_000'],
      dtype='object', length=172)
[2023-01-06 15:49:14,224] 16 root INFO dropping _id column
[2023-01-06 15:49:14,496] 24 root INFO save data in feature store,replacing null values with nan
[2023-01-06 15:49:15,180] 27 root INFO creating feature store folder if not available
[2023-01-06 15:49:15,181] 31 root INFO save df to feature store folder
[2023-01-06 15:49:17,769] 34 root INFO spliting data into train test split
[2023-01-06 15:49:18,467] 37 root INFO creating dataset directory if not available
[2023-01-06 15:49:18,468] 41 root INFO save df to feature store folder
[2023-01-06 15:49:20,806] 46 root INFO preparing artifact
[2023-01-06 15:49:20,806] 53 root INFO data ingestion artifact:DataIngestionArtifact(feature_store_file_path='/config/workspace/artifact/01062023__154910/data_ingestion/feature_store/sensor.csv', train_file_path='/config/workspace/artifact/01062023__154910/data_ingestion/dataset/train.csv', test_file_path='/config/workspace/artifact/01062023__154910/data_ingestion/dataset/test.csv')
[2023-01-06 15:49:21,287] 20 root INFO exporting collection data as pandas dataframe
[2023-01-06 15:49:21,287] 12 root INFO reading from databaseaps qand collection :sensor
[2023-01-06 15:49:24,990] 14 root INFO found columns:Index(['_id', 'class', 'aa_000', 'ab_000', 'ac_000', 'ad_000', 'ae_000',
       'af_000', 'ag_000', 'ag_001',
       ...
       'ee_002', 'ee_003', 'ee_004', 'ee_005', 'ee_006', 'ee_007', 'ee_008',
       'ee_009', 'ef_000', 'eg_000'],
      dtype='object', length=172)
[2023-01-06 15:49:24,990] 16 root INFO dropping _id column
[2023-01-06 15:49:25,214] 24 root INFO save data in feature store,replacing null values with nan
[2023-01-06 15:49:25,793] 27 root INFO creating feature store folder if not available
[2023-01-06 15:49:25,794] 31 root INFO save df to feature store folder
[2023-01-06 15:49:28,494] 34 root INFO spliting data into train test split
[2023-01-06 15:49:29,117] 37 root INFO creating dataset directory if not available
[2023-01-06 15:49:29,118] 41 root INFO save df to feature store folder
[2023-01-06 15:49:31,422] 46 root INFO preparing artifact
[2023-01-06 15:49:31,422] 53 root INFO data ingestion artifact:DataIngestionArtifact(feature_store_file_path='/config/workspace/artifact/01062023__154910/data_ingestion/feature_store/sensor.csv', train_file_path='/config/workspace/artifact/01062023__154910/data_ingestion/dataset/train.csv', test_file_path='/config/workspace/artifact/01062023__154910/data_ingestion/dataset/test.csv')
[2023-01-06 15:49:31,813] 16 root INFO >>>>>>>>>>>>>>>>>>>>>>>>>>>>>>>>>>>>>>>> DATA VALIDATION <<<<<<<<<<<<<<<<<<<<<<<<<<<<<<<<<<<<<<<<
[2023-01-06 15:49:31,813] 96 root INFO Reading base dataframe
[2023-01-06 15:49:34,866] 99 root INFO Replace na value in base df
[2023-01-06 15:49:34,866] 101 root INFO Drop null values colums from base df
[2023-01-06 15:49:35,893] 30 root INFO selecting column nane which containing null above 0.2
[2023-01-06 15:49:35,894] 33 root INFO column names to drop['ab_000', 'ad_000', 'bk_000', 'bl_000', 'bm_000', 'bn_000', 'bo_000', 'bp_000', 'bq_000', 'br_000', 'cf_000', 'cg_000', 'ch_000', 'co_000', 'cr_000', 'ct_000', 'cu_000', 'cv_000', 'cx_000', 'cy_000', 'cz_000', 'da_000', 'db_000', 'dc_000']
[2023-01-06 15:49:35,986] 104 root INFO reading train dataframe
[2023-01-06 15:49:36,378] 106 root INFO reading test dataframe
[2023-01-06 15:49:36,480] 109 root INFO dropping null vakluecolumns from  train df
[2023-01-06 15:49:36,492] 30 root INFO selecting column nane which containing null above 0.2
[2023-01-06 15:49:36,492] 33 root INFO column names to drop['ab_000', 'ad_000', 'bk_000', 'bl_000', 'bm_000', 'bn_000', 'bo_000', 'bp_000', 'bq_000', 'br_000', 'cf_000', 'cg_000', 'ch_000', 'co_000', 'cr_000', 'ct_000', 'cu_000', 'cv_000', 'cx_000', 'cy_000', 'cz_000', 'da_000', 'db_000', 'dc_000']
[2023-01-06 15:49:36,502] 111 root INFO dropping missing value columns in test dataset
[2023-01-06 15:49:36,506] 30 root INFO selecting column nane which containing null above 0.2
[2023-01-06 15:49:36,507] 33 root INFO column names to drop['ab_000', 'ad_000', 'bk_000', 'bl_000', 'bm_000', 'bn_000', 'bo_000', 'bp_000', 'bq_000', 'br_000', 'cf_000', 'cg_000', 'ch_000', 'co_000', 'cr_000', 'ct_000', 'cu_000', 'cv_000', 'cx_000', 'cy_000', 'cz_000', 'da_000', 'db_000', 'dc_000']
[2023-01-06 15:49:42,469] 122 root INFO Is all required columns present in train df
[2023-01-06 15:49:42,470] 124 root INFO Is all required columns present in test df
[2023-01-06 15:49:42,470] 128 root INFO As all column are available in train df hence detecting data drift
[2023-01-06 15:49:42,470] 71 root INFO Hypothesis class: object, object 
[2023-01-06 15:49:42,584] 71 root INFO Hypothesis aa_000: float64, float64 
[2023-01-06 15:49:42,595] 71 root INFO Hypothesis ac_000: float64, float64 
[2023-01-06 15:49:42,637] 71 root INFO Hypothesis ae_000: float64, float64 
[2023-01-06 15:49:42,675] 71 root INFO Hypothesis af_000: float64, float64 
[2023-01-06 15:49:42,714] 71 root INFO Hypothesis ag_000: float64, float64 
[2023-01-06 15:49:42,751] 71 root INFO Hypothesis ag_001: float64, float64 
[2023-01-06 15:49:42,790] 71 root INFO Hypothesis ag_002: float64, float64 
[2023-01-06 15:49:42,829] 71 root INFO Hypothesis ag_003: float64, float64 
[2023-01-06 15:49:42,835] 71 root INFO Hypothesis ag_004: float64, float64 
[2023-01-06 15:49:42,846] 71 root INFO Hypothesis ag_005: float64, float64 
[2023-01-06 15:49:42,857] 71 root INFO Hypothesis ag_006: float64, float64 
[2023-01-06 15:49:42,867] 71 root INFO Hypothesis ag_007: float64, float64 
[2023-01-06 15:49:42,877] 71 root INFO Hypothesis ag_008: float64, float64 
[2023-01-06 15:49:42,920] 71 root INFO Hypothesis ag_009: float64, float64 
[2023-01-06 15:49:42,960] 71 root INFO Hypothesis ah_000: float64, float64 
[2023-01-06 15:49:42,971] 71 root INFO Hypothesis ai_000: float64, float64 
[2023-01-06 15:49:43,010] 71 root INFO Hypothesis aj_000: float64, float64 
[2023-01-06 15:49:43,050] 71 root INFO Hypothesis ak_000: float64, float64 
[2023-01-06 15:49:43,089] 71 root INFO Hypothesis al_000: float64, float64 
[2023-01-06 15:49:43,096] 71 root INFO Hypothesis am_0: float64, float64 
[2023-01-06 15:49:43,104] 71 root INFO Hypothesis an_000: float64, float64 
[2023-01-06 15:49:43,115] 71 root INFO Hypothesis ao_000: float64, float64 
[2023-01-06 15:49:43,126] 71 root INFO Hypothesis ap_000: float64, float64 
[2023-01-06 15:49:43,137] 71 root INFO Hypothesis aq_000: float64, float64 
[2023-01-06 15:49:43,148] 71 root INFO Hypothesis ar_000: float64, float64 
[2023-01-06 15:49:43,186] 71 root INFO Hypothesis as_000: float64, float64 
[2023-01-06 15:49:43,222] 71 root INFO Hypothesis at_000: float64, float64 
[2023-01-06 15:49:43,259] 71 root INFO Hypothesis au_000: float64, float64 
[2023-01-06 15:49:43,296] 71 root INFO Hypothesis av_000: float64, float64 
[2023-01-06 15:49:43,305] 71 root INFO Hypothesis ax_000: float64, float64 
[2023-01-06 15:49:43,313] 71 root INFO Hypothesis ay_000: float64, float64 
[2023-01-06 15:49:43,350] 71 root INFO Hypothesis ay_001: float64, float64 
[2023-01-06 15:49:43,387] 71 root INFO Hypothesis ay_002: float64, float64 
[2023-01-06 15:49:43,424] 71 root INFO Hypothesis ay_003: float64, float64 
[2023-01-06 15:49:43,462] 71 root INFO Hypothesis ay_004: float64, float64 
[2023-01-06 15:49:43,500] 71 root INFO Hypothesis ay_005: float64, float64 
[2023-01-06 15:49:43,542] 71 root INFO Hypothesis ay_006: float64, float64 
[2023-01-06 15:49:43,552] 71 root INFO Hypothesis ay_007: float64, float64 
[2023-01-06 15:49:43,563] 71 root INFO Hypothesis ay_008: float64, float64 
[2023-01-06 15:49:43,574] 71 root INFO Hypothesis ay_009: float64, float64 
[2023-01-06 15:49:43,612] 71 root INFO Hypothesis az_000: float64, float64 
[2023-01-06 15:49:43,623] 71 root INFO Hypothesis az_001: float64, float64 
[2023-01-06 15:49:43,632] 71 root INFO Hypothesis az_002: float64, float64 
[2023-01-06 15:49:43,642] 71 root INFO Hypothesis az_003: float64, float64 
[2023-01-06 15:49:43,653] 71 root INFO Hypothesis az_004: float64, float64 
[2023-01-06 15:49:43,664] 71 root INFO Hypothesis az_005: float64, float64 
[2023-01-06 15:49:43,675] 71 root INFO Hypothesis az_006: float64, float64 
[2023-01-06 15:49:43,718] 71 root INFO Hypothesis az_007: float64, float64 
[2023-01-06 15:49:43,758] 71 root INFO Hypothesis az_008: float64, float64 
[2023-01-06 15:49:43,797] 71 root INFO Hypothesis az_009: float64, float64 
[2023-01-06 15:49:43,834] 71 root INFO Hypothesis ba_000: float64, float64 
[2023-01-06 15:49:43,846] 71 root INFO Hypothesis ba_001: float64, float64 
[2023-01-06 15:49:43,857] 71 root INFO Hypothesis ba_002: float64, float64 
[2023-01-06 15:49:43,867] 71 root INFO Hypothesis ba_003: float64, float64 
[2023-01-06 15:49:43,878] 71 root INFO Hypothesis ba_004: float64, float64 
[2023-01-06 15:49:43,889] 71 root INFO Hypothesis ba_005: float64, float64 
[2023-01-06 15:49:43,899] 71 root INFO Hypothesis ba_006: float64, float64 
[2023-01-06 15:49:43,910] 71 root INFO Hypothesis ba_007: float64, float64 
[2023-01-06 15:49:43,920] 71 root INFO Hypothesis ba_008: float64, float64 
[2023-01-06 15:49:43,929] 71 root INFO Hypothesis ba_009: float64, float64 
[2023-01-06 15:49:43,936] 71 root INFO Hypothesis bb_000: float64, float64 
[2023-01-06 15:49:43,947] 71 root INFO Hypothesis bc_000: float64, float64 
[2023-01-06 15:49:43,955] 71 root INFO Hypothesis bd_000: float64, float64 
[2023-01-06 15:49:43,964] 71 root INFO Hypothesis be_000: float64, float64 
[2023-01-06 15:49:43,973] 71 root INFO Hypothesis bf_000: float64, float64 
[2023-01-06 15:49:44,014] 71 root INFO Hypothesis bg_000: float64, float64 
[2023-01-06 15:49:44,025] 71 root INFO Hypothesis bh_000: float64, float64 
[2023-01-06 15:49:44,037] 71 root INFO Hypothesis bi_000: float64, float64 
[2023-01-06 15:49:44,048] 71 root INFO Hypothesis bj_000: float64, float64 
[2023-01-06 15:49:44,060] 71 root INFO Hypothesis bs_000: float64, float64 
[2023-01-06 15:49:44,072] 71 root INFO Hypothesis bt_000: float64, float64 
[2023-01-06 15:49:44,083] 71 root INFO Hypothesis bu_000: float64, float64 
[2023-01-06 15:49:44,094] 71 root INFO Hypothesis bv_000: float64, float64 
[2023-01-06 15:49:44,105] 71 root INFO Hypothesis bx_000: float64, float64 
[2023-01-06 15:49:44,116] 71 root INFO Hypothesis by_000: float64, float64 
[2023-01-06 15:49:44,126] 71 root INFO Hypothesis bz_000: float64, float64 
[2023-01-06 15:49:44,168] 71 root INFO Hypothesis ca_000: float64, float64 
[2023-01-06 15:49:44,211] 71 root INFO Hypothesis cb_000: float64, float64 
[2023-01-06 15:49:44,255] 71 root INFO Hypothesis cc_000: float64, float64 
[2023-01-06 15:49:44,266] 71 root INFO Hypothesis cd_000: float64, float64 
[2023-01-06 15:49:44,270] 71 root INFO Hypothesis ce_000: float64, float64 
[2023-01-06 15:49:44,313] 71 root INFO Hypothesis ci_000: float64, float64 
[2023-01-06 15:49:44,323] 71 root INFO Hypothesis cj_000: float64, float64 
[2023-01-06 15:49:44,362] 71 root INFO Hypothesis ck_000: float64, float64 
[2023-01-06 15:49:44,373] 71 root INFO Hypothesis cl_000: float64, float64 
[2023-01-06 15:49:44,414] 71 root INFO Hypothesis cm_000: float64, float64 
[2023-01-06 15:49:44,422] 71 root INFO Hypothesis cn_000: float64, float64 
[2023-01-06 15:49:44,459] 71 root INFO Hypothesis cn_001: float64, float64 
[2023-01-06 15:49:44,465] 71 root INFO Hypothesis cn_002: float64, float64 
[2023-01-06 15:49:44,474] 71 root INFO Hypothesis cn_003: float64, float64 
[2023-01-06 15:49:44,485] 71 root INFO Hypothesis cn_004: float64, float64 
[2023-01-06 15:49:44,496] 71 root INFO Hypothesis cn_005: float64, float64 
[2023-01-06 15:49:44,506] 71 root INFO Hypothesis cn_006: float64, float64 
[2023-01-06 15:49:44,517] 71 root INFO Hypothesis cn_007: float64, float64 
[2023-01-06 15:49:44,527] 71 root INFO Hypothesis cn_008: float64, float64 
[2023-01-06 15:49:44,536] 71 root INFO Hypothesis cn_009: float64, float64 
[2023-01-06 15:49:44,544] 71 root INFO Hypothesis cp_000: float64, float64 
[2023-01-06 15:49:44,585] 71 root INFO Hypothesis cq_000: float64, float64 
[2023-01-06 15:49:44,595] 71 root INFO Hypothesis cs_000: float64, float64 
[2023-01-06 15:49:44,605] 71 root INFO Hypothesis cs_001: float64, float64 
[2023-01-06 15:49:44,615] 71 root INFO Hypothesis cs_002: float64, float64 
[2023-01-06 15:49:44,625] 71 root INFO Hypothesis cs_003: float64, float64 
[2023-01-06 15:49:44,636] 71 root INFO Hypothesis cs_004: float64, float64 
[2023-01-06 15:49:44,647] 71 root INFO Hypothesis cs_005: float64, float64 
[2023-01-06 15:49:44,658] 71 root INFO Hypothesis cs_006: float64, float64 
[2023-01-06 15:49:44,670] 71 root INFO Hypothesis cs_007: float64, float64 
[2023-01-06 15:49:44,681] 71 root INFO Hypothesis cs_008: float64, float64 
[2023-01-06 15:49:44,690] 71 root INFO Hypothesis cs_009: float64, float64 
[2023-01-06 15:49:44,728] 71 root INFO Hypothesis dd_000: float64, float64 
[2023-01-06 15:49:44,738] 71 root INFO Hypothesis de_000: float64, float64 
[2023-01-06 15:49:44,747] 71 root INFO Hypothesis df_000: float64, float64 
[2023-01-06 15:49:44,785] 71 root INFO Hypothesis dg_000: float64, float64 
[2023-01-06 15:49:44,824] 71 root INFO Hypothesis dh_000: float64, float64 
[2023-01-06 15:49:44,864] 71 root INFO Hypothesis di_000: float64, float64 
[2023-01-06 15:49:44,906] 71 root INFO Hypothesis dj_000: float64, float64 
[2023-01-06 15:49:44,944] 71 root INFO Hypothesis dk_000: float64, float64 
[2023-01-06 15:49:44,982] 71 root INFO Hypothesis dl_000: float64, float64 
[2023-01-06 15:49:45,020] 71 root INFO Hypothesis dm_000: float64, float64 
[2023-01-06 15:49:45,059] 71 root INFO Hypothesis dn_000: float64, float64 
[2023-01-06 15:49:45,071] 71 root INFO Hypothesis do_000: float64, float64 
[2023-01-06 15:49:45,116] 71 root INFO Hypothesis dp_000: float64, float64 
[2023-01-06 15:49:45,158] 71 root INFO Hypothesis dq_000: float64, float64 
[2023-01-06 15:49:45,165] 71 root INFO Hypothesis dr_000: float64, float64 
[2023-01-06 15:49:45,172] 71 root INFO Hypothesis ds_000: float64, float64 
[2023-01-06 15:49:45,182] 71 root INFO Hypothesis dt_000: float64, float64 
[2023-01-06 15:49:45,226] 71 root INFO Hypothesis du_000: float64, float64 
[2023-01-06 15:49:45,270] 71 root INFO Hypothesis dv_000: float64, float64 
[2023-01-06 15:49:45,312] 71 root INFO Hypothesis dx_000: float64, float64 
[2023-01-06 15:49:45,319] 71 root INFO Hypothesis dy_000: float64, float64 
[2023-01-06 15:49:45,325] 71 root INFO Hypothesis dz_000: float64, float64 
[2023-01-06 15:49:45,363] 71 root INFO Hypothesis ea_000: float64, float64 
[2023-01-06 15:49:45,400] 71 root INFO Hypothesis eb_000: float64, float64 
[2023-01-06 15:49:45,408] 71 root INFO Hypothesis ec_00: float64, float64 
[2023-01-06 15:49:45,419] 71 root INFO Hypothesis ed_000: float64, float64 
[2023-01-06 15:49:45,428] 71 root INFO Hypothesis ee_000: float64, float64 
[2023-01-06 15:49:45,439] 71 root INFO Hypothesis ee_001: float64, float64 
[2023-01-06 15:49:45,450] 71 root INFO Hypothesis ee_002: float64, float64 
[2023-01-06 15:49:45,461] 71 root INFO Hypothesis ee_003: float64, float64 
[2023-01-06 15:49:45,471] 71 root INFO Hypothesis ee_004: float64, float64 
[2023-01-06 15:49:45,482] 71 root INFO Hypothesis ee_005: float64, float64 
[2023-01-06 15:49:45,492] 71 root INFO Hypothesis ee_006: float64, float64 
[2023-01-06 15:49:45,503] 71 root INFO Hypothesis ee_007: float64, float64 
[2023-01-06 15:49:45,512] 71 root INFO Hypothesis ee_008: float64, float64 
[2023-01-06 15:49:45,521] 71 root INFO Hypothesis ee_009: float64, float64 
[2023-01-06 15:49:45,529] 71 root INFO Hypothesis ef_000: float64, float64 
[2023-01-06 15:49:45,566] 71 root INFO Hypothesis eg_000: float64, float64 
[2023-01-06 15:49:45,603] 131 root INFO As all column are available in test df hence detecting data drift
[2023-01-06 15:49:45,604] 71 root INFO Hypothesis class: object, object 
[2023-01-06 15:49:45,670] 71 root INFO Hypothesis aa_000: float64, float64 
[2023-01-06 15:49:45,677] 71 root INFO Hypothesis ac_000: float64, float64 
[2023-01-06 15:49:45,682] 71 root INFO Hypothesis ae_000: float64, float64 
[2023-01-06 15:49:45,685] 71 root INFO Hypothesis af_000: float64, float64 
[2023-01-06 15:49:45,689] 71 root INFO Hypothesis ag_000: float64, float64 
[2023-01-06 15:49:45,704] 71 root INFO Hypothesis ag_001: float64, float64 
[2023-01-06 15:49:45,720] 71 root INFO Hypothesis ag_002: float64, float64 
[2023-01-06 15:49:45,724] 71 root INFO Hypothesis ag_003: float64, float64 
[2023-01-06 15:49:45,729] 71 root INFO Hypothesis ag_004: float64, float64 
[2023-01-06 15:49:45,736] 71 root INFO Hypothesis ag_005: float64, float64 
[2023-01-06 15:49:45,743] 71 root INFO Hypothesis ag_006: float64, float64 
[2023-01-06 15:49:45,750] 71 root INFO Hypothesis ag_007: float64, float64 
[2023-01-06 15:49:45,757] 71 root INFO Hypothesis ag_008: float64, float64 
[2023-01-06 15:49:45,764] 71 root INFO Hypothesis ag_009: float64, float64 
[2023-01-06 15:49:45,769] 71 root INFO Hypothesis ah_000: float64, float64 
[2023-01-06 15:49:45,777] 71 root INFO Hypothesis ai_000: float64, float64 
[2023-01-06 15:49:45,794] 71 root INFO Hypothesis aj_000: float64, float64 
[2023-01-06 15:49:45,812] 71 root INFO Hypothesis ak_000: float64, float64 
[2023-01-06 15:49:45,829] 71 root INFO Hypothesis al_000: float64, float64 
[2023-01-06 15:49:45,835] 71 root INFO Hypothesis am_0: float64, float64 
[2023-01-06 15:49:45,840] 71 root INFO Hypothesis an_000: float64, float64 
[2023-01-06 15:49:45,849] 71 root INFO Hypothesis ao_000: float64, float64 
[2023-01-06 15:49:45,858] 71 root INFO Hypothesis ap_000: float64, float64 
[2023-01-06 15:49:45,866] 71 root INFO Hypothesis aq_000: float64, float64 
[2023-01-06 15:49:45,874] 71 root INFO Hypothesis ar_000: float64, float64 
[2023-01-06 15:49:45,891] 71 root INFO Hypothesis as_000: float64, float64 
[2023-01-06 15:49:45,907] 71 root INFO Hypothesis at_000: float64, float64 
[2023-01-06 15:49:45,924] 71 root INFO Hypothesis au_000: float64, float64 
[2023-01-06 15:49:45,941] 71 root INFO Hypothesis av_000: float64, float64 
[2023-01-06 15:49:45,947] 71 root INFO Hypothesis ax_000: float64, float64 
[2023-01-06 15:49:45,953] 71 root INFO Hypothesis ay_000: float64, float64 
[2023-01-06 15:49:45,969] 71 root INFO Hypothesis ay_001: float64, float64 
[2023-01-06 15:49:45,985] 71 root INFO Hypothesis ay_002: float64, float64 
[2023-01-06 15:49:46,001] 71 root INFO Hypothesis ay_003: float64, float64 
[2023-01-06 15:49:46,018] 71 root INFO Hypothesis ay_004: float64, float64 
[2023-01-06 15:49:46,035] 71 root INFO Hypothesis ay_005: float64, float64 
[2023-01-06 15:49:46,041] 71 root INFO Hypothesis ay_006: float64, float64 
[2023-01-06 15:49:46,047] 71 root INFO Hypothesis ay_007: float64, float64 
[2023-01-06 15:49:46,054] 71 root INFO Hypothesis ay_008: float64, float64 
[2023-01-06 15:49:46,062] 71 root INFO Hypothesis ay_009: float64, float64 
[2023-01-06 15:49:46,078] 71 root INFO Hypothesis az_000: float64, float64 
[2023-01-06 15:49:46,085] 71 root INFO Hypothesis az_001: float64, float64 
[2023-01-06 15:49:46,091] 71 root INFO Hypothesis az_002: float64, float64 
[2023-01-06 15:49:46,098] 71 root INFO Hypothesis az_003: float64, float64 
[2023-01-06 15:49:46,105] 71 root INFO Hypothesis az_004: float64, float64 
[2023-01-06 15:49:46,113] 71 root INFO Hypothesis az_005: float64, float64 
[2023-01-06 15:49:46,121] 71 root INFO Hypothesis az_006: float64, float64 
[2023-01-06 15:49:46,127] 71 root INFO Hypothesis az_007: float64, float64 
[2023-01-06 15:49:46,131] 71 root INFO Hypothesis az_008: float64, float64 
[2023-01-06 15:49:46,148] 71 root INFO Hypothesis az_009: float64, float64 
[2023-01-06 15:49:46,164] 71 root INFO Hypothesis ba_000: float64, float64 
[2023-01-06 15:49:46,171] 71 root INFO Hypothesis ba_001: float64, float64 
[2023-01-06 15:49:46,178] 71 root INFO Hypothesis ba_002: float64, float64 
[2023-01-06 15:49:46,185] 71 root INFO Hypothesis ba_003: float64, float64 
[2023-01-06 15:49:46,192] 71 root INFO Hypothesis ba_004: float64, float64 
[2023-01-06 15:49:46,199] 71 root INFO Hypothesis ba_005: float64, float64 
[2023-01-06 15:49:46,205] 71 root INFO Hypothesis ba_006: float64, float64 
[2023-01-06 15:49:46,212] 71 root INFO Hypothesis ba_007: float64, float64 
[2023-01-06 15:49:46,218] 71 root INFO Hypothesis ba_008: float64, float64 
[2023-01-06 15:49:46,224] 71 root INFO Hypothesis ba_009: float64, float64 
[2023-01-06 15:49:46,229] 71 root INFO Hypothesis bb_000: float64, float64 
[2023-01-06 15:49:46,235] 71 root INFO Hypothesis bc_000: float64, float64 
[2023-01-06 15:49:46,241] 71 root INFO Hypothesis bd_000: float64, float64 
[2023-01-06 15:49:46,246] 71 root INFO Hypothesis be_000: float64, float64 
[2023-01-06 15:49:46,252] 71 root INFO Hypothesis bf_000: float64, float64 
[2023-01-06 15:49:46,257] 71 root INFO Hypothesis bg_000: float64, float64 
[2023-01-06 15:49:46,264] 71 root INFO Hypothesis bh_000: float64, float64 
[2023-01-06 15:49:46,271] 71 root INFO Hypothesis bi_000: float64, float64 
[2023-01-06 15:49:46,278] 71 root INFO Hypothesis bj_000: float64, float64 
[2023-01-06 15:49:46,285] 71 root INFO Hypothesis bs_000: float64, float64 
[2023-01-06 15:49:46,292] 71 root INFO Hypothesis bt_000: float64, float64 
[2023-01-06 15:49:46,299] 71 root INFO Hypothesis bu_000: float64, float64 
[2023-01-06 15:49:46,306] 71 root INFO Hypothesis bv_000: float64, float64 
[2023-01-06 15:49:46,313] 71 root INFO Hypothesis bx_000: float64, float64 
[2023-01-06 15:49:46,320] 71 root INFO Hypothesis by_000: float64, float64 
[2023-01-06 15:49:46,327] 71 root INFO Hypothesis bz_000: float64, float64 
[2023-01-06 15:49:46,333] 71 root INFO Hypothesis ca_000: float64, float64 
[2023-01-06 15:49:46,340] 71 root INFO Hypothesis cb_000: float64, float64 
[2023-01-06 15:49:46,347] 71 root INFO Hypothesis cc_000: float64, float64 
[2023-01-06 15:49:46,354] 71 root INFO Hypothesis cd_000: float64, float64 
[2023-01-06 15:49:46,369] 71 root INFO Hypothesis ce_000: float64, float64 
[2023-01-06 15:49:46,375] 71 root INFO Hypothesis ci_000: float64, float64 
[2023-01-06 15:49:46,382] 71 root INFO Hypothesis cj_000: float64, float64 
[2023-01-06 15:49:46,387] 71 root INFO Hypothesis ck_000: float64, float64 
[2023-01-06 15:49:46,394] 71 root INFO Hypothesis cl_000: float64, float64 
[2023-01-06 15:49:46,398] 71 root INFO Hypothesis cm_000: float64, float64 
[2023-01-06 15:49:46,403] 71 root INFO Hypothesis cn_000: float64, float64 
[2023-01-06 15:49:46,418] 71 root INFO Hypothesis cn_001: float64, float64 
[2023-01-06 15:49:46,423] 71 root INFO Hypothesis cn_002: float64, float64 
[2023-01-06 15:49:46,428] 71 root INFO Hypothesis cn_003: float64, float64 
[2023-01-06 15:49:46,435] 71 root INFO Hypothesis cn_004: float64, float64 
[2023-01-06 15:49:46,442] 71 root INFO Hypothesis cn_005: float64, float64 
[2023-01-06 15:49:46,449] 71 root INFO Hypothesis cn_006: float64, float64 
[2023-01-06 15:49:46,456] 71 root INFO Hypothesis cn_007: float64, float64 
[2023-01-06 15:49:46,462] 71 root INFO Hypothesis cn_008: float64, float64 
[2023-01-06 15:49:46,468] 71 root INFO Hypothesis cn_009: float64, float64 
[2023-01-06 15:49:46,474] 71 root INFO Hypothesis cp_000: float64, float64 
[2023-01-06 15:49:46,479] 71 root INFO Hypothesis cq_000: float64, float64 
[2023-01-06 15:49:46,486] 71 root INFO Hypothesis cs_000: float64, float64 
[2023-01-06 15:49:46,493] 71 root INFO Hypothesis cs_001: float64, float64 
[2023-01-06 15:49:46,499] 71 root INFO Hypothesis cs_002: float64, float64 
[2023-01-06 15:49:46,505] 71 root INFO Hypothesis cs_003: float64, float64 
[2023-01-06 15:49:46,513] 71 root INFO Hypothesis cs_004: float64, float64 
[2023-01-06 15:49:46,521] 71 root INFO Hypothesis cs_005: float64, float64 
[2023-01-06 15:49:46,528] 71 root INFO Hypothesis cs_006: float64, float64 
[2023-01-06 15:49:46,535] 71 root INFO Hypothesis cs_007: float64, float64 
[2023-01-06 15:49:46,543] 71 root INFO Hypothesis cs_008: float64, float64 
[2023-01-06 15:49:46,548] 71 root INFO Hypothesis cs_009: float64, float64 
[2023-01-06 15:49:46,563] 71 root INFO Hypothesis dd_000: float64, float64 
[2023-01-06 15:49:46,569] 71 root INFO Hypothesis de_000: float64, float64 
[2023-01-06 15:49:46,575] 71 root INFO Hypothesis df_000: float64, float64 
[2023-01-06 15:49:46,590] 71 root INFO Hypothesis dg_000: float64, float64 
[2023-01-06 15:49:46,606] 71 root INFO Hypothesis dh_000: float64, float64 
[2023-01-06 15:49:46,609] 71 root INFO Hypothesis di_000: float64, float64 
[2023-01-06 15:49:46,614] 71 root INFO Hypothesis dj_000: float64, float64 
[2023-01-06 15:49:46,629] 71 root INFO Hypothesis dk_000: float64, float64 
[2023-01-06 15:49:46,645] 71 root INFO Hypothesis dl_000: float64, float64 
[2023-01-06 15:49:46,660] 71 root INFO Hypothesis dm_000: float64, float64 
[2023-01-06 15:49:46,677] 71 root INFO Hypothesis dn_000: float64, float64 
[2023-01-06 15:49:46,685] 71 root INFO Hypothesis do_000: float64, float64 
[2023-01-06 15:49:46,691] 71 root INFO Hypothesis dp_000: float64, float64 
[2023-01-06 15:49:46,697] 71 root INFO Hypothesis dq_000: float64, float64 
[2023-01-06 15:49:46,702] 71 root INFO Hypothesis dr_000: float64, float64 
[2023-01-06 15:49:46,706] 71 root INFO Hypothesis ds_000: float64, float64 
[2023-01-06 15:49:46,713] 71 root INFO Hypothesis dt_000: float64, float64 
[2023-01-06 15:49:46,719] 71 root INFO Hypothesis du_000: float64, float64 
[2023-01-06 15:49:46,726] 71 root INFO Hypothesis dv_000: float64, float64 
[2023-01-06 15:49:46,733] 71 root INFO Hypothesis dx_000: float64, float64 
[2023-01-06 15:49:46,738] 71 root INFO Hypothesis dy_000: float64, float64 
[2023-01-06 15:49:46,743] 71 root INFO Hypothesis dz_000: float64, float64 
[2023-01-06 15:49:46,759] 71 root INFO Hypothesis ea_000: float64, float64 
[2023-01-06 15:49:46,776] 71 root INFO Hypothesis eb_000: float64, float64 
[2023-01-06 15:49:46,782] 71 root INFO Hypothesis ec_00: float64, float64 
[2023-01-06 15:49:46,789] 71 root INFO Hypothesis ed_000: float64, float64 
[2023-01-06 15:49:46,795] 71 root INFO Hypothesis ee_000: float64, float64 
[2023-01-06 15:49:46,802] 71 root INFO Hypothesis ee_001: float64, float64 
[2023-01-06 15:49:46,812] 71 root INFO Hypothesis ee_002: float64, float64 
[2023-01-06 15:49:46,819] 71 root INFO Hypothesis ee_003: float64, float64 
[2023-01-06 15:49:46,826] 71 root INFO Hypothesis ee_004: float64, float64 
[2023-01-06 15:49:46,834] 71 root INFO Hypothesis ee_005: float64, float64 
[2023-01-06 15:49:46,841] 71 root INFO Hypothesis ee_006: float64, float64 
[2023-01-06 15:49:46,848] 71 root INFO Hypothesis ee_007: float64, float64 
[2023-01-06 15:49:46,855] 71 root INFO Hypothesis ee_008: float64, float64 
[2023-01-06 15:49:46,861] 71 root INFO Hypothesis ee_009: float64, float64 
[2023-01-06 15:49:46,866] 71 root INFO Hypothesis ef_000: float64, float64 
[2023-01-06 15:49:46,882] 71 root INFO Hypothesis eg_000: float64, float64 
[2023-01-06 15:49:46,898] 134 root INFO Write reprt in yaml file
[2023-01-06 15:49:46,974] 141 root INFO Data validation artifact: DataValidationArtifact(report_file_path='/config/workspace/artifact/01062023__154910/data_validation/report.yaml')
[2023-01-06 15:49:47,924] 63 root INFO before resampling in training set input:{input_feature_train_arr.shape} and target :{target_feature_train_arr.shape}
[2023-01-06 15:49:54,487] 65 root INFO after resampling training set input(56146, 170) and target:(56146,)
[2023-01-06 15:49:54,487] 68 root INFO Before resampling in testing set Input: (7238, 170) Target:(7238,)
[2023-01-06 15:49:55,219] 70 root INFO After resampling in testing set Input: (14048, 170) Target:(14048,)
[2023-01-06 15:49:55,335] 53 root INFO Entered the save_object method of MainUtils class
[2023-01-06 15:49:55,339] 57 root INFO Exited the save_object method of MainUtils class
[2023-01-06 15:49:55,339] 53 root INFO Entered the save_object method of MainUtils class
[2023-01-06 15:49:55,339] 57 root INFO Exited the save_object method of MainUtils class
[2023-01-06 15:49:55,340] 98 root INFO Data transformation object: DataTransformationArtifact(transform_object_path='/config/workspace/artifact/01062023__154910/data_transformation/transformer/transformer.pkl', transformed_train_path='/config/workspace/artifact/01062023__154910/data_transformation/transformed/train.npz', transformed_test_path='/config/workspace/artifact/01062023__154910/data_transformation/transformed/test.npz', target_encoder_path='/config/workspace/artifact/01062023__154910/data_transformation/target_encoder/target_encoder.pkl')
[2023-01-06 15:49:55,341] 37 root INFO loading train and test array
[2023-01-06 15:49:55,373] 42 root INFO splitting input and target feature from both train and test set
[2023-01-06 15:49:55,373] 46 root INFO train the model
[2023-01-06 15:50:08,801] 49 root INFO calculating f1_score for train data
[2023-01-06 15:50:08,855] 53 root INFO calculating f1 test score
