[2023-01-06 14:53:58,886] 20 root INFO exporting collection data as pandas dataframe
[2023-01-06 14:53:58,887] 12 root INFO reading from databaseaps qand collection :sensor
[2023-01-06 14:54:02,631] 14 root INFO found columns:Index(['_id', 'class', 'aa_000', 'ab_000', 'ac_000', 'ad_000', 'ae_000',
       'af_000', 'ag_000', 'ag_001',
       ...
       'ee_002', 'ee_003', 'ee_004', 'ee_005', 'ee_006', 'ee_007', 'ee_008',
       'ee_009', 'ef_000', 'eg_000'],
      dtype='object', length=172)
[2023-01-06 14:54:02,632] 16 root INFO dropping _id column
[2023-01-06 14:54:02,837] 24 root INFO save data in feature store,replacing null values with nan
[2023-01-06 14:54:03,374] 27 root INFO creating feature store folder if not available
[2023-01-06 14:54:03,375] 31 root INFO save df to feature store folder
[2023-01-06 14:54:06,093] 34 root INFO spliting data into train test split
[2023-01-06 14:54:06,751] 37 root INFO creating dataset directory if not available
[2023-01-06 14:54:06,752] 41 root INFO save df to feature store folder
[2023-01-06 14:54:09,101] 46 root INFO preparing artifact
[2023-01-06 14:54:09,102] 53 root INFO data ingestion artifact:DataIngestionArtifact(feature_store_file_path='/config/workspace/artifact/01062023__145358/data_ingestion/feature_store/sensor.csv', train_file_path='/config/workspace/artifact/01062023__145358/data_ingestion/dataset/train.csv', test_file_path='/config/workspace/artifact/01062023__145358/data_ingestion/dataset/test.csv')
[2023-01-06 14:54:09,591] 20 root INFO exporting collection data as pandas dataframe
[2023-01-06 14:54:09,591] 12 root INFO reading from databaseaps qand collection :sensor
[2023-01-06 14:54:13,430] 14 root INFO found columns:Index(['_id', 'class', 'aa_000', 'ab_000', 'ac_000', 'ad_000', 'ae_000',
       'af_000', 'ag_000', 'ag_001',
       ...
       'ee_002', 'ee_003', 'ee_004', 'ee_005', 'ee_006', 'ee_007', 'ee_008',
       'ee_009', 'ef_000', 'eg_000'],
      dtype='object', length=172)
[2023-01-06 14:54:13,430] 16 root INFO dropping _id column
[2023-01-06 14:54:13,625] 24 root INFO save data in feature store,replacing null values with nan
[2023-01-06 14:54:14,182] 27 root INFO creating feature store folder if not available
[2023-01-06 14:54:14,183] 31 root INFO save df to feature store folder
[2023-01-06 14:54:16,804] 34 root INFO spliting data into train test split
[2023-01-06 14:54:17,417] 37 root INFO creating dataset directory if not available
[2023-01-06 14:54:17,417] 41 root INFO save df to feature store folder
[2023-01-06 14:54:19,725] 46 root INFO preparing artifact
[2023-01-06 14:54:19,725] 53 root INFO data ingestion artifact:DataIngestionArtifact(feature_store_file_path='/config/workspace/artifact/01062023__145358/data_ingestion/feature_store/sensor.csv', train_file_path='/config/workspace/artifact/01062023__145358/data_ingestion/dataset/train.csv', test_file_path='/config/workspace/artifact/01062023__145358/data_ingestion/dataset/test.csv')
[2023-01-06 14:54:20,169] 16 root INFO >>>>>>>>>>>>>>>>>>>>>>>>>>>>>>>>>>>>>>>> DATA VALIDATION <<<<<<<<<<<<<<<<<<<<<<<<<<<<<<<<<<<<<<<<
[2023-01-06 14:54:20,169] 96 root INFO Reading base dataframe
[2023-01-06 14:54:23,204] 99 root INFO Replace na value in base df
[2023-01-06 14:54:23,204] 101 root INFO Drop null values colums from base df
[2023-01-06 14:54:24,207] 30 root INFO selecting column nane which containing null above 0.2
[2023-01-06 14:54:24,208] 33 root INFO column names to drop['ab_000', 'ad_000', 'bk_000', 'bl_000', 'bm_000', 'bn_000', 'bo_000', 'bp_000', 'bq_000', 'br_000', 'cf_000', 'cg_000', 'ch_000', 'co_000', 'cr_000', 'ct_000', 'cu_000', 'cv_000', 'cx_000', 'cy_000', 'cz_000', 'da_000', 'db_000', 'dc_000']
[2023-01-06 14:54:24,298] 104 root INFO reading train dataframe
[2023-01-06 14:54:24,686] 106 root INFO reading test dataframe
[2023-01-06 14:54:24,787] 109 root INFO dropping null vakluecolumns from  train df
[2023-01-06 14:54:24,799] 30 root INFO selecting column nane which containing null above 0.2
[2023-01-06 14:54:24,799] 33 root INFO column names to drop['ab_000', 'ad_000', 'bk_000', 'bl_000', 'bm_000', 'bn_000', 'bo_000', 'bp_000', 'bq_000', 'br_000', 'cf_000', 'cg_000', 'ch_000', 'co_000', 'cr_000', 'ct_000', 'cu_000', 'cv_000', 'cx_000', 'cy_000', 'cz_000', 'da_000', 'db_000', 'dc_000']
[2023-01-06 14:54:24,808] 111 root INFO dropping missing value columns in test dataset
[2023-01-06 14:54:24,812] 30 root INFO selecting column nane which containing null above 0.2
[2023-01-06 14:54:24,813] 33 root INFO column names to drop['ab_000', 'ad_000', 'bk_000', 'bl_000', 'bm_000', 'bn_000', 'bo_000', 'bp_000', 'bq_000', 'br_000', 'cf_000', 'cg_000', 'ch_000', 'co_000', 'cr_000', 'ct_000', 'cu_000', 'cv_000', 'cx_000', 'cy_000', 'cz_000', 'da_000', 'db_000', 'dc_000']
[2023-01-06 14:54:30,802] 122 root INFO Is all required columns present in train df
[2023-01-06 14:54:30,802] 124 root INFO Is all required columns present in test df
[2023-01-06 14:54:30,802] 128 root INFO As all column are available in train df hence detecting data drift
[2023-01-06 14:54:30,802] 71 root INFO Hypothesis class: object, object 
[2023-01-06 14:54:30,944] 71 root INFO Hypothesis aa_000: float64, float64 
[2023-01-06 14:54:30,955] 71 root INFO Hypothesis ac_000: float64, float64 
[2023-01-06 14:54:30,995] 71 root INFO Hypothesis ae_000: float64, float64 
[2023-01-06 14:54:31,031] 71 root INFO Hypothesis af_000: float64, float64 
[2023-01-06 14:54:31,068] 71 root INFO Hypothesis ag_000: float64, float64 
[2023-01-06 14:54:31,105] 71 root INFO Hypothesis ag_001: float64, float64 
[2023-01-06 14:54:31,141] 71 root INFO Hypothesis ag_002: float64, float64 
[2023-01-06 14:54:31,177] 71 root INFO Hypothesis ag_003: float64, float64 
[2023-01-06 14:54:31,216] 71 root INFO Hypothesis ag_004: float64, float64 
[2023-01-06 14:54:31,226] 71 root INFO Hypothesis ag_005: float64, float64 
[2023-01-06 14:54:31,237] 71 root INFO Hypothesis ag_006: float64, float64 
[2023-01-06 14:54:31,247] 71 root INFO Hypothesis ag_007: float64, float64 
[2023-01-06 14:54:31,256] 71 root INFO Hypothesis ag_008: float64, float64 
[2023-01-06 14:54:31,265] 71 root INFO Hypothesis ag_009: float64, float64 
[2023-01-06 14:54:31,272] 71 root INFO Hypothesis ah_000: float64, float64 
[2023-01-06 14:54:31,282] 71 root INFO Hypothesis ai_000: float64, float64 
[2023-01-06 14:54:31,320] 71 root INFO Hypothesis aj_000: float64, float64 
[2023-01-06 14:54:31,359] 71 root INFO Hypothesis ak_000: float64, float64 
[2023-01-06 14:54:31,396] 71 root INFO Hypothesis al_000: float64, float64 
[2023-01-06 14:54:31,436] 71 root INFO Hypothesis am_0: float64, float64 
[2023-01-06 14:54:31,476] 71 root INFO Hypothesis an_000: float64, float64 
[2023-01-06 14:54:31,487] 71 root INFO Hypothesis ao_000: float64, float64 
[2023-01-06 14:54:31,497] 71 root INFO Hypothesis ap_000: float64, float64 
[2023-01-06 14:54:31,508] 71 root INFO Hypothesis aq_000: float64, float64 
[2023-01-06 14:54:31,518] 71 root INFO Hypothesis ar_000: float64, float64 
[2023-01-06 14:54:31,555] 71 root INFO Hypothesis as_000: float64, float64 
[2023-01-06 14:54:31,559] 71 root INFO Hypothesis at_000: float64, float64 
[2023-01-06 14:54:31,597] 71 root INFO Hypothesis au_000: float64, float64 
[2023-01-06 14:54:31,633] 71 root INFO Hypothesis av_000: float64, float64 
[2023-01-06 14:54:31,674] 71 root INFO Hypothesis ax_000: float64, float64 
[2023-01-06 14:54:31,715] 71 root INFO Hypothesis ay_000: float64, float64 
[2023-01-06 14:54:31,751] 71 root INFO Hypothesis ay_001: float64, float64 
[2023-01-06 14:54:31,788] 71 root INFO Hypothesis ay_002: float64, float64 
[2023-01-06 14:54:31,825] 71 root INFO Hypothesis ay_003: float64, float64 
[2023-01-06 14:54:31,863] 71 root INFO Hypothesis ay_004: float64, float64 
[2023-01-06 14:54:31,900] 71 root INFO Hypothesis ay_005: float64, float64 
[2023-01-06 14:54:31,941] 71 root INFO Hypothesis ay_006: float64, float64 
[2023-01-06 14:54:31,950] 71 root INFO Hypothesis ay_007: float64, float64 
[2023-01-06 14:54:31,960] 71 root INFO Hypothesis ay_008: float64, float64 
[2023-01-06 14:54:32,003] 71 root INFO Hypothesis ay_009: float64, float64 
[2023-01-06 14:54:32,039] 71 root INFO Hypothesis az_000: float64, float64 
[2023-01-06 14:54:32,049] 71 root INFO Hypothesis az_001: float64, float64 
[2023-01-06 14:54:32,058] 71 root INFO Hypothesis az_002: float64, float64 
[2023-01-06 14:54:32,067] 71 root INFO Hypothesis az_003: float64, float64 
[2023-01-06 14:54:32,077] 71 root INFO Hypothesis az_004: float64, float64 
[2023-01-06 14:54:32,088] 71 root INFO Hypothesis az_005: float64, float64 
[2023-01-06 14:54:32,098] 71 root INFO Hypothesis az_006: float64, float64 
[2023-01-06 14:54:32,139] 71 root INFO Hypothesis az_007: float64, float64 
[2023-01-06 14:54:32,177] 71 root INFO Hypothesis az_008: float64, float64 
[2023-01-06 14:54:32,214] 71 root INFO Hypothesis az_009: float64, float64 
[2023-01-06 14:54:32,250] 71 root INFO Hypothesis ba_000: float64, float64 
[2023-01-06 14:54:32,261] 71 root INFO Hypothesis ba_001: float64, float64 
[2023-01-06 14:54:32,272] 71 root INFO Hypothesis ba_002: float64, float64 
[2023-01-06 14:54:32,283] 71 root INFO Hypothesis ba_003: float64, float64 
[2023-01-06 14:54:32,294] 71 root INFO Hypothesis ba_004: float64, float64 
[2023-01-06 14:54:32,304] 71 root INFO Hypothesis ba_005: float64, float64 
[2023-01-06 14:54:32,315] 71 root INFO Hypothesis ba_006: float64, float64 
[2023-01-06 14:54:32,325] 71 root INFO Hypothesis ba_007: float64, float64 
[2023-01-06 14:54:32,367] 71 root INFO Hypothesis ba_008: float64, float64 
[2023-01-06 14:54:32,408] 71 root INFO Hypothesis ba_009: float64, float64 
[2023-01-06 14:54:32,448] 71 root INFO Hypothesis bb_000: float64, float64 
[2023-01-06 14:54:32,458] 71 root INFO Hypothesis bc_000: float64, float64 
[2023-01-06 14:54:32,466] 71 root INFO Hypothesis bd_000: float64, float64 
[2023-01-06 14:54:32,474] 71 root INFO Hypothesis be_000: float64, float64 
[2023-01-06 14:54:32,515] 71 root INFO Hypothesis bf_000: float64, float64 
[2023-01-06 14:54:32,522] 71 root INFO Hypothesis bg_000: float64, float64 
[2023-01-06 14:54:32,533] 71 root INFO Hypothesis bh_000: float64, float64 
[2023-01-06 14:54:32,543] 71 root INFO Hypothesis bi_000: float64, float64 
[2023-01-06 14:54:32,554] 71 root INFO Hypothesis bj_000: float64, float64 
[2023-01-06 14:54:32,565] 71 root INFO Hypothesis bs_000: float64, float64 
[2023-01-06 14:54:32,575] 71 root INFO Hypothesis bt_000: float64, float64 
[2023-01-06 14:54:32,586] 71 root INFO Hypothesis bu_000: float64, float64 
[2023-01-06 14:54:32,596] 71 root INFO Hypothesis bv_000: float64, float64 
[2023-01-06 14:54:32,606] 71 root INFO Hypothesis bx_000: float64, float64 
[2023-01-06 14:54:32,617] 71 root INFO Hypothesis by_000: float64, float64 
[2023-01-06 14:54:32,627] 71 root INFO Hypothesis bz_000: float64, float64 
[2023-01-06 14:54:32,636] 71 root INFO Hypothesis ca_000: float64, float64 
[2023-01-06 14:54:32,646] 71 root INFO Hypothesis cb_000: float64, float64 
[2023-01-06 14:54:32,657] 71 root INFO Hypothesis cc_000: float64, float64 
[2023-01-06 14:54:32,668] 71 root INFO Hypothesis cd_000: float64, float64 
[2023-01-06 14:54:32,704] 71 root INFO Hypothesis ce_000: float64, float64 
[2023-01-06 14:54:32,745] 71 root INFO Hypothesis ci_000: float64, float64 
[2023-01-06 14:54:32,756] 71 root INFO Hypothesis cj_000: float64, float64 
[2023-01-06 14:54:32,795] 71 root INFO Hypothesis ck_000: float64, float64 
[2023-01-06 14:54:32,806] 71 root INFO Hypothesis cl_000: float64, float64 
[2023-01-06 14:54:32,848] 71 root INFO Hypothesis cm_000: float64, float64 
[2023-01-06 14:54:32,855] 71 root INFO Hypothesis cn_000: float64, float64 
[2023-01-06 14:54:32,891] 71 root INFO Hypothesis cn_001: float64, float64 
[2023-01-06 14:54:32,929] 71 root INFO Hypothesis cn_002: float64, float64 
[2023-01-06 14:54:32,975] 71 root INFO Hypothesis cn_003: float64, float64 
[2023-01-06 14:54:32,985] 71 root INFO Hypothesis cn_004: float64, float64 
[2023-01-06 14:54:32,996] 71 root INFO Hypothesis cn_005: float64, float64 
[2023-01-06 14:54:33,006] 71 root INFO Hypothesis cn_006: float64, float64 
[2023-01-06 14:54:33,016] 71 root INFO Hypothesis cn_007: float64, float64 
[2023-01-06 14:54:33,026] 71 root INFO Hypothesis cn_008: float64, float64 
[2023-01-06 14:54:33,035] 71 root INFO Hypothesis cn_009: float64, float64 
[2023-01-06 14:54:33,043] 71 root INFO Hypothesis cp_000: float64, float64 
[2023-01-06 14:54:33,082] 71 root INFO Hypothesis cq_000: float64, float64 
[2023-01-06 14:54:33,093] 71 root INFO Hypothesis cs_000: float64, float64 
[2023-01-06 14:54:33,103] 71 root INFO Hypothesis cs_001: float64, float64 
[2023-01-06 14:54:33,111] 71 root INFO Hypothesis cs_002: float64, float64 
[2023-01-06 14:54:33,121] 71 root INFO Hypothesis cs_003: float64, float64 
[2023-01-06 14:54:33,132] 71 root INFO Hypothesis cs_004: float64, float64 
[2023-01-06 14:54:33,142] 71 root INFO Hypothesis cs_005: float64, float64 
[2023-01-06 14:54:33,153] 71 root INFO Hypothesis cs_006: float64, float64 
[2023-01-06 14:54:33,163] 71 root INFO Hypothesis cs_007: float64, float64 
[2023-01-06 14:54:33,174] 71 root INFO Hypothesis cs_008: float64, float64 
[2023-01-06 14:54:33,214] 71 root INFO Hypothesis cs_009: float64, float64 
[2023-01-06 14:54:33,250] 71 root INFO Hypothesis dd_000: float64, float64 
[2023-01-06 14:54:33,259] 71 root INFO Hypothesis de_000: float64, float64 
[2023-01-06 14:54:33,268] 71 root INFO Hypothesis df_000: float64, float64 
[2023-01-06 14:54:33,305] 71 root INFO Hypothesis dg_000: float64, float64 
[2023-01-06 14:54:33,342] 71 root INFO Hypothesis dh_000: float64, float64 
[2023-01-06 14:54:33,380] 71 root INFO Hypothesis di_000: float64, float64 
[2023-01-06 14:54:33,418] 71 root INFO Hypothesis dj_000: float64, float64 
[2023-01-06 14:54:33,455] 71 root INFO Hypothesis dk_000: float64, float64 
[2023-01-06 14:54:33,493] 71 root INFO Hypothesis dl_000: float64, float64 
[2023-01-06 14:54:33,531] 71 root INFO Hypothesis dm_000: float64, float64 
[2023-01-06 14:54:33,568] 71 root INFO Hypothesis dn_000: float64, float64 
[2023-01-06 14:54:33,579] 71 root INFO Hypothesis do_000: float64, float64 
[2023-01-06 14:54:33,588] 71 root INFO Hypothesis dp_000: float64, float64 
[2023-01-06 14:54:33,597] 71 root INFO Hypothesis dq_000: float64, float64 
[2023-01-06 14:54:33,636] 71 root INFO Hypothesis dr_000: float64, float64 
[2023-01-06 14:54:33,674] 71 root INFO Hypothesis ds_000: float64, float64 
[2023-01-06 14:54:33,685] 71 root INFO Hypothesis dt_000: float64, float64 
[2023-01-06 14:54:33,695] 71 root INFO Hypothesis du_000: float64, float64 
[2023-01-06 14:54:33,705] 71 root INFO Hypothesis dv_000: float64, float64 
[2023-01-06 14:54:33,715] 71 root INFO Hypothesis dx_000: float64, float64 
[2023-01-06 14:54:33,754] 71 root INFO Hypothesis dy_000: float64, float64 
[2023-01-06 14:54:33,794] 71 root INFO Hypothesis dz_000: float64, float64 
[2023-01-06 14:54:33,831] 71 root INFO Hypothesis ea_000: float64, float64 
[2023-01-06 14:54:33,867] 71 root INFO Hypothesis eb_000: float64, float64 
[2023-01-06 14:54:33,910] 71 root INFO Hypothesis ec_00: float64, float64 
[2023-01-06 14:54:33,921] 71 root INFO Hypothesis ed_000: float64, float64 
[2023-01-06 14:54:33,930] 71 root INFO Hypothesis ee_000: float64, float64 
[2023-01-06 14:54:33,941] 71 root INFO Hypothesis ee_001: float64, float64 
[2023-01-06 14:54:33,951] 71 root INFO Hypothesis ee_002: float64, float64 
[2023-01-06 14:54:33,962] 71 root INFO Hypothesis ee_003: float64, float64 
[2023-01-06 14:54:33,972] 71 root INFO Hypothesis ee_004: float64, float64 
[2023-01-06 14:54:33,982] 71 root INFO Hypothesis ee_005: float64, float64 
[2023-01-06 14:54:33,992] 71 root INFO Hypothesis ee_006: float64, float64 
[2023-01-06 14:54:34,002] 71 root INFO Hypothesis ee_007: float64, float64 
[2023-01-06 14:54:34,012] 71 root INFO Hypothesis ee_008: float64, float64 
[2023-01-06 14:54:34,021] 71 root INFO Hypothesis ee_009: float64, float64 
[2023-01-06 14:54:34,029] 71 root INFO Hypothesis ef_000: float64, float64 
[2023-01-06 14:54:34,065] 71 root INFO Hypothesis eg_000: float64, float64 
[2023-01-06 14:54:34,102] 131 root INFO As all column are available in test df hence detecting data drift
[2023-01-06 14:54:34,102] 71 root INFO Hypothesis class: object, object 
[2023-01-06 14:54:34,183] 71 root INFO Hypothesis aa_000: float64, float64 
[2023-01-06 14:54:34,189] 71 root INFO Hypothesis ac_000: float64, float64 
[2023-01-06 14:54:34,195] 71 root INFO Hypothesis ae_000: float64, float64 
[2023-01-06 14:54:34,210] 71 root INFO Hypothesis af_000: float64, float64 
[2023-01-06 14:54:34,226] 71 root INFO Hypothesis ag_000: float64, float64 
[2023-01-06 14:54:34,241] 71 root INFO Hypothesis ag_001: float64, float64 
[2023-01-06 14:54:34,257] 71 root INFO Hypothesis ag_002: float64, float64 
[2023-01-06 14:54:34,272] 71 root INFO Hypothesis ag_003: float64, float64 
[2023-01-06 14:54:34,277] 71 root INFO Hypothesis ag_004: float64, float64 
[2023-01-06 14:54:34,283] 71 root INFO Hypothesis ag_005: float64, float64 
[2023-01-06 14:54:34,290] 71 root INFO Hypothesis ag_006: float64, float64 
[2023-01-06 14:54:34,297] 71 root INFO Hypothesis ag_007: float64, float64 
[2023-01-06 14:54:34,303] 71 root INFO Hypothesis ag_008: float64, float64 
[2023-01-06 14:54:34,309] 71 root INFO Hypothesis ag_009: float64, float64 
[2023-01-06 14:54:34,314] 71 root INFO Hypothesis ah_000: float64, float64 
[2023-01-06 14:54:34,321] 71 root INFO Hypothesis ai_000: float64, float64 
[2023-01-06 14:54:34,325] 71 root INFO Hypothesis aj_000: float64, float64 
[2023-01-06 14:54:34,328] 71 root INFO Hypothesis ak_000: float64, float64 
[2023-01-06 14:54:34,332] 71 root INFO Hypothesis al_000: float64, float64 
[2023-01-06 14:54:34,337] 71 root INFO Hypothesis am_0: float64, float64 
[2023-01-06 14:54:34,342] 71 root INFO Hypothesis an_000: float64, float64 
[2023-01-06 14:54:34,349] 71 root INFO Hypothesis ao_000: float64, float64 
[2023-01-06 14:54:34,356] 71 root INFO Hypothesis ap_000: float64, float64 
[2023-01-06 14:54:34,364] 71 root INFO Hypothesis aq_000: float64, float64 
[2023-01-06 14:54:34,371] 71 root INFO Hypothesis ar_000: float64, float64 
[2023-01-06 14:54:34,387] 71 root INFO Hypothesis as_000: float64, float64 
[2023-01-06 14:54:34,402] 71 root INFO Hypothesis at_000: float64, float64 
[2023-01-06 14:54:34,406] 71 root INFO Hypothesis au_000: float64, float64 
[2023-01-06 14:54:34,421] 71 root INFO Hypothesis av_000: float64, float64 
[2023-01-06 14:54:34,427] 71 root INFO Hypothesis ax_000: float64, float64 
[2023-01-06 14:54:34,433] 71 root INFO Hypothesis ay_000: float64, float64 
[2023-01-06 14:54:34,449] 71 root INFO Hypothesis ay_001: float64, float64 
[2023-01-06 14:54:34,464] 71 root INFO Hypothesis ay_002: float64, float64 
[2023-01-06 14:54:34,480] 71 root INFO Hypothesis ay_003: float64, float64 
[2023-01-06 14:54:34,495] 71 root INFO Hypothesis ay_004: float64, float64 
[2023-01-06 14:54:34,510] 71 root INFO Hypothesis ay_005: float64, float64 
[2023-01-06 14:54:34,516] 71 root INFO Hypothesis ay_006: float64, float64 
[2023-01-06 14:54:34,522] 71 root INFO Hypothesis ay_007: float64, float64 
[2023-01-06 14:54:34,529] 71 root INFO Hypothesis ay_008: float64, float64 
[2023-01-06 14:54:34,536] 71 root INFO Hypothesis ay_009: float64, float64 
[2023-01-06 14:54:34,551] 71 root INFO Hypothesis az_000: float64, float64 
[2023-01-06 14:54:34,558] 71 root INFO Hypothesis az_001: float64, float64 
[2023-01-06 14:54:34,564] 71 root INFO Hypothesis az_002: float64, float64 
[2023-01-06 14:54:34,571] 71 root INFO Hypothesis az_003: float64, float64 
[2023-01-06 14:54:34,577] 71 root INFO Hypothesis az_004: float64, float64 
[2023-01-06 14:54:34,584] 71 root INFO Hypothesis az_005: float64, float64 
[2023-01-06 14:54:34,592] 71 root INFO Hypothesis az_006: float64, float64 
[2023-01-06 14:54:34,598] 71 root INFO Hypothesis az_007: float64, float64 
[2023-01-06 14:54:34,602] 71 root INFO Hypothesis az_008: float64, float64 
[2023-01-06 14:54:34,617] 71 root INFO Hypothesis az_009: float64, float64 
[2023-01-06 14:54:34,633] 71 root INFO Hypothesis ba_000: float64, float64 
[2023-01-06 14:54:34,640] 71 root INFO Hypothesis ba_001: float64, float64 
[2023-01-06 14:54:34,647] 71 root INFO Hypothesis ba_002: float64, float64 
[2023-01-06 14:54:34,654] 71 root INFO Hypothesis ba_003: float64, float64 
[2023-01-06 14:54:34,661] 71 root INFO Hypothesis ba_004: float64, float64 
[2023-01-06 14:54:34,668] 71 root INFO Hypothesis ba_005: float64, float64 
[2023-01-06 14:54:34,675] 71 root INFO Hypothesis ba_006: float64, float64 
[2023-01-06 14:54:34,682] 71 root INFO Hypothesis ba_007: float64, float64 
[2023-01-06 14:54:34,688] 71 root INFO Hypothesis ba_008: float64, float64 
[2023-01-06 14:54:34,693] 71 root INFO Hypothesis ba_009: float64, float64 
[2023-01-06 14:54:34,711] 71 root INFO Hypothesis bb_000: float64, float64 
[2023-01-06 14:54:34,718] 71 root INFO Hypothesis bc_000: float64, float64 
[2023-01-06 14:54:34,723] 71 root INFO Hypothesis bd_000: float64, float64 
[2023-01-06 14:54:34,729] 71 root INFO Hypothesis be_000: float64, float64 
[2023-01-06 14:54:34,734] 71 root INFO Hypothesis bf_000: float64, float64 
[2023-01-06 14:54:34,739] 71 root INFO Hypothesis bg_000: float64, float64 
[2023-01-06 14:54:34,746] 71 root INFO Hypothesis bh_000: float64, float64 
[2023-01-06 14:54:34,753] 71 root INFO Hypothesis bi_000: float64, float64 
[2023-01-06 14:54:34,760] 71 root INFO Hypothesis bj_000: float64, float64 
[2023-01-06 14:54:34,767] 71 root INFO Hypothesis bs_000: float64, float64 
[2023-01-06 14:54:34,774] 71 root INFO Hypothesis bt_000: float64, float64 
[2023-01-06 14:54:34,781] 71 root INFO Hypothesis bu_000: float64, float64 
[2023-01-06 14:54:34,788] 71 root INFO Hypothesis bv_000: float64, float64 
[2023-01-06 14:54:34,795] 71 root INFO Hypothesis bx_000: float64, float64 
[2023-01-06 14:54:34,802] 71 root INFO Hypothesis by_000: float64, float64 
[2023-01-06 14:54:34,809] 71 root INFO Hypothesis bz_000: float64, float64 
[2023-01-06 14:54:34,815] 71 root INFO Hypothesis ca_000: float64, float64 
[2023-01-06 14:54:34,822] 71 root INFO Hypothesis cb_000: float64, float64 
[2023-01-06 14:54:34,829] 71 root INFO Hypothesis cc_000: float64, float64 
[2023-01-06 14:54:34,836] 71 root INFO Hypothesis cd_000: float64, float64 
[2023-01-06 14:54:34,851] 71 root INFO Hypothesis ce_000: float64, float64 
[2023-01-06 14:54:34,858] 71 root INFO Hypothesis ci_000: float64, float64 
[2023-01-06 14:54:34,865] 71 root INFO Hypothesis cj_000: float64, float64 
[2023-01-06 14:54:34,869] 71 root INFO Hypothesis ck_000: float64, float64 
[2023-01-06 14:54:34,877] 71 root INFO Hypothesis cl_000: float64, float64 
[2023-01-06 14:54:34,882] 71 root INFO Hypothesis cm_000: float64, float64 
[2023-01-06 14:54:34,890] 71 root INFO Hypothesis cn_000: float64, float64 
[2023-01-06 14:54:34,906] 71 root INFO Hypothesis cn_001: float64, float64 
[2023-01-06 14:54:34,922] 71 root INFO Hypothesis cn_002: float64, float64 
[2023-01-06 14:54:34,928] 71 root INFO Hypothesis cn_003: float64, float64 
[2023-01-06 14:54:34,935] 71 root INFO Hypothesis cn_004: float64, float64 
[2023-01-06 14:54:34,943] 71 root INFO Hypothesis cn_005: float64, float64 
[2023-01-06 14:54:34,950] 71 root INFO Hypothesis cn_006: float64, float64 
[2023-01-06 14:54:34,957] 71 root INFO Hypothesis cn_007: float64, float64 
[2023-01-06 14:54:34,964] 71 root INFO Hypothesis cn_008: float64, float64 
[2023-01-06 14:54:34,970] 71 root INFO Hypothesis cn_009: float64, float64 
[2023-01-06 14:54:34,975] 71 root INFO Hypothesis cp_000: float64, float64 
[2023-01-06 14:54:34,980] 71 root INFO Hypothesis cq_000: float64, float64 
[2023-01-06 14:54:34,987] 71 root INFO Hypothesis cs_000: float64, float64 
[2023-01-06 14:54:34,994] 71 root INFO Hypothesis cs_001: float64, float64 
[2023-01-06 14:54:35,000] 71 root INFO Hypothesis cs_002: float64, float64 
[2023-01-06 14:54:35,006] 71 root INFO Hypothesis cs_003: float64, float64 
[2023-01-06 14:54:35,013] 71 root INFO Hypothesis cs_004: float64, float64 
[2023-01-06 14:54:35,021] 71 root INFO Hypothesis cs_005: float64, float64 
[2023-01-06 14:54:35,029] 71 root INFO Hypothesis cs_006: float64, float64 
[2023-01-06 14:54:35,036] 71 root INFO Hypothesis cs_007: float64, float64 
[2023-01-06 14:54:35,043] 71 root INFO Hypothesis cs_008: float64, float64 
[2023-01-06 14:54:35,049] 71 root INFO Hypothesis cs_009: float64, float64 
[2023-01-06 14:54:35,064] 71 root INFO Hypothesis dd_000: float64, float64 
[2023-01-06 14:54:35,070] 71 root INFO Hypothesis de_000: float64, float64 
[2023-01-06 14:54:35,075] 71 root INFO Hypothesis df_000: float64, float64 
[2023-01-06 14:54:35,079] 71 root INFO Hypothesis dg_000: float64, float64 
[2023-01-06 14:54:35,082] 71 root INFO Hypothesis dh_000: float64, float64 
[2023-01-06 14:54:35,085] 71 root INFO Hypothesis di_000: float64, float64 
[2023-01-06 14:54:35,090] 71 root INFO Hypothesis dj_000: float64, float64 
[2023-01-06 14:54:35,093] 71 root INFO Hypothesis dk_000: float64, float64 
[2023-01-06 14:54:35,096] 71 root INFO Hypothesis dl_000: float64, float64 
[2023-01-06 14:54:35,099] 71 root INFO Hypothesis dm_000: float64, float64 
[2023-01-06 14:54:35,102] 71 root INFO Hypothesis dn_000: float64, float64 
[2023-01-06 14:54:35,109] 71 root INFO Hypothesis do_000: float64, float64 
[2023-01-06 14:54:35,116] 71 root INFO Hypothesis dp_000: float64, float64 
[2023-01-06 14:54:35,122] 71 root INFO Hypothesis dq_000: float64, float64 
[2023-01-06 14:54:35,138] 71 root INFO Hypothesis dr_000: float64, float64 
[2023-01-06 14:54:35,143] 71 root INFO Hypothesis ds_000: float64, float64 
[2023-01-06 14:54:35,149] 71 root INFO Hypothesis dt_000: float64, float64 
[2023-01-06 14:54:35,156] 71 root INFO Hypothesis du_000: float64, float64 
[2023-01-06 14:54:35,163] 71 root INFO Hypothesis dv_000: float64, float64 
[2023-01-06 14:54:35,170] 71 root INFO Hypothesis dx_000: float64, float64 
[2023-01-06 14:54:35,174] 71 root INFO Hypothesis dy_000: float64, float64 
[2023-01-06 14:54:35,179] 71 root INFO Hypothesis dz_000: float64, float64 
[2023-01-06 14:54:35,194] 71 root INFO Hypothesis ea_000: float64, float64 
[2023-01-06 14:54:35,210] 71 root INFO Hypothesis eb_000: float64, float64 
[2023-01-06 14:54:35,216] 71 root INFO Hypothesis ec_00: float64, float64 
[2023-01-06 14:54:35,222] 71 root INFO Hypothesis ed_000: float64, float64 
[2023-01-06 14:54:35,228] 71 root INFO Hypothesis ee_000: float64, float64 
[2023-01-06 14:54:35,235] 71 root INFO Hypothesis ee_001: float64, float64 
[2023-01-06 14:54:35,242] 71 root INFO Hypothesis ee_002: float64, float64 
[2023-01-06 14:54:35,249] 71 root INFO Hypothesis ee_003: float64, float64 
[2023-01-06 14:54:35,256] 71 root INFO Hypothesis ee_004: float64, float64 
[2023-01-06 14:54:35,263] 71 root INFO Hypothesis ee_005: float64, float64 
[2023-01-06 14:54:35,270] 71 root INFO Hypothesis ee_006: float64, float64 
[2023-01-06 14:54:35,276] 71 root INFO Hypothesis ee_007: float64, float64 
[2023-01-06 14:54:35,283] 71 root INFO Hypothesis ee_008: float64, float64 
[2023-01-06 14:54:35,289] 71 root INFO Hypothesis ee_009: float64, float64 
[2023-01-06 14:54:35,294] 71 root INFO Hypothesis ef_000: float64, float64 
[2023-01-06 14:54:35,309] 71 root INFO Hypothesis eg_000: float64, float64 
[2023-01-06 14:54:35,324] 134 root INFO Write reprt in yaml file
[2023-01-06 14:54:35,392] 141 root INFO Data validation artifact: DataValidationArtifact(report_file_path='/config/workspace/artifact/01062023__145358/data_validation/report.yaml')
[2023-01-06 14:54:36,317] 63 root INFO before resampling in training set input:{input_feature_train_arr.shape} and target :{target_feature_train_arr.shape}
[2023-01-06 14:54:42,432] 65 root INFO after resampling training set input(56152, 170) and target:(56152,)
[2023-01-06 14:54:42,433] 68 root INFO Before resampling in testing set Input: (7238, 170) Target:(7238,)
[2023-01-06 14:54:43,395] 70 root INFO After resampling in testing set Input: (14034, 170) Target:(14034,)
[2023-01-06 14:54:43,503] 53 root INFO Entered the save_object method of MainUtils class
[2023-01-06 14:54:43,506] 57 root INFO Exited the save_object method of MainUtils class
[2023-01-06 14:54:43,507] 53 root INFO Entered the save_object method of MainUtils class
[2023-01-06 14:54:43,507] 57 root INFO Exited the save_object method of MainUtils class
[2023-01-06 14:54:43,507] 98 root INFO Data transformation object: DataTransformationArtifact(transform_object_path='/config/workspace/artifact/01062023__145358/data_transformation/transformer/transformer.pkl', transformed_train_path='/config/workspace/artifact/01062023__145358/data_transformation/transformed/train.npz', transformed_test_path='/config/workspace/artifact/01062023__145358/data_transformation/transformed/test.npz', target_encoder_path='/config/workspace/artifact/01062023__145358/data_transformation/target_encoder/target_encoder.pkl')
