[2023-01-06 17:33:55,403] 20 root INFO exporting collection data as pandas dataframe
[2023-01-06 17:33:55,403] 12 root INFO reading from databaseaps qand collection :sensor
[2023-01-06 17:33:58,998] 14 root INFO found columns:Index(['_id', 'class', 'aa_000', 'ab_000', 'ac_000', 'ad_000', 'ae_000',
       'af_000', 'ag_000', 'ag_001',
       ...
       'ee_002', 'ee_003', 'ee_004', 'ee_005', 'ee_006', 'ee_007', 'ee_008',
       'ee_009', 'ef_000', 'eg_000'],
      dtype='object', length=172)
[2023-01-06 17:33:58,998] 16 root INFO dropping _id column
[2023-01-06 17:33:59,196] 24 root INFO save data in feature store,replacing null values with nan
[2023-01-06 17:33:59,725] 27 root INFO creating feature store folder if not available
[2023-01-06 17:33:59,726] 31 root INFO save df to feature store folder
[2023-01-06 17:34:02,202] 34 root INFO spliting data into train test split
[2023-01-06 17:34:02,720] 37 root INFO creating dataset directory if not available
[2023-01-06 17:34:02,720] 41 root INFO save df to feature store folder
[2023-01-06 17:34:04,965] 46 root INFO preparing artifact
[2023-01-06 17:34:04,965] 53 root INFO data ingestion artifact:DataIngestionArtifact(feature_store_file_path='/config/workspace/artifact/01062023__173355/data_ingestion/feature_store/sensor.csv', train_file_path='/config/workspace/artifact/01062023__173355/data_ingestion/dataset/train.csv', test_file_path='/config/workspace/artifact/01062023__173355/data_ingestion/dataset/test.csv')
[2023-01-06 17:34:05,402] 20 root INFO exporting collection data as pandas dataframe
[2023-01-06 17:34:05,402] 12 root INFO reading from databaseaps qand collection :sensor
[2023-01-06 17:34:08,845] 14 root INFO found columns:Index(['_id', 'class', 'aa_000', 'ab_000', 'ac_000', 'ad_000', 'ae_000',
       'af_000', 'ag_000', 'ag_001',
       ...
       'ee_002', 'ee_003', 'ee_004', 'ee_005', 'ee_006', 'ee_007', 'ee_008',
       'ee_009', 'ef_000', 'eg_000'],
      dtype='object', length=172)
[2023-01-06 17:34:08,846] 16 root INFO dropping _id column
[2023-01-06 17:34:09,061] 24 root INFO save data in feature store,replacing null values with nan
[2023-01-06 17:34:09,600] 27 root INFO creating feature store folder if not available
[2023-01-06 17:34:09,601] 31 root INFO save df to feature store folder
[2023-01-06 17:34:12,104] 34 root INFO spliting data into train test split
[2023-01-06 17:34:12,631] 37 root INFO creating dataset directory if not available
[2023-01-06 17:34:12,631] 41 root INFO save df to feature store folder
[2023-01-06 17:34:14,908] 46 root INFO preparing artifact
[2023-01-06 17:34:14,908] 53 root INFO data ingestion artifact:DataIngestionArtifact(feature_store_file_path='/config/workspace/artifact/01062023__173355/data_ingestion/feature_store/sensor.csv', train_file_path='/config/workspace/artifact/01062023__173355/data_ingestion/dataset/train.csv', test_file_path='/config/workspace/artifact/01062023__173355/data_ingestion/dataset/test.csv')
[2023-01-06 17:34:15,336] 16 root INFO >>>>>>>>>>>>>>>>>>>>>>>>>>>>>>>>>>>>>>>> DATA VALIDATION <<<<<<<<<<<<<<<<<<<<<<<<<<<<<<<<<<<<<<<<
[2023-01-06 17:34:15,337] 96 root INFO Reading base dataframe
[2023-01-06 17:34:18,229] 99 root INFO Replace na value in base df
[2023-01-06 17:34:18,230] 101 root INFO Drop null values colums from base df
[2023-01-06 17:34:19,169] 30 root INFO selecting column nane which containing null above 0.2
[2023-01-06 17:34:19,170] 33 root INFO column names to drop['ab_000', 'ad_000', 'bk_000', 'bl_000', 'bm_000', 'bn_000', 'bo_000', 'bp_000', 'bq_000', 'br_000', 'cf_000', 'cg_000', 'ch_000', 'co_000', 'cr_000', 'ct_000', 'cu_000', 'cv_000', 'cx_000', 'cy_000', 'cz_000', 'da_000', 'db_000', 'dc_000']
[2023-01-06 17:34:19,250] 104 root INFO reading train dataframe
[2023-01-06 17:34:19,640] 106 root INFO reading test dataframe
[2023-01-06 17:34:19,741] 109 root INFO dropping null vakluecolumns from  train df
[2023-01-06 17:34:19,754] 30 root INFO selecting column nane which containing null above 0.2
[2023-01-06 17:34:19,754] 33 root INFO column names to drop['ab_000', 'ad_000', 'bk_000', 'bl_000', 'bm_000', 'bn_000', 'bo_000', 'bp_000', 'bq_000', 'br_000', 'cf_000', 'cg_000', 'ch_000', 'co_000', 'cr_000', 'ct_000', 'cu_000', 'cv_000', 'cx_000', 'cy_000', 'cz_000', 'da_000', 'db_000', 'dc_000']
[2023-01-06 17:34:19,768] 111 root INFO dropping missing value columns in test dataset
[2023-01-06 17:34:19,772] 30 root INFO selecting column nane which containing null above 0.2
[2023-01-06 17:34:19,773] 33 root INFO column names to drop['ab_000', 'ad_000', 'bk_000', 'bl_000', 'bm_000', 'bn_000', 'bo_000', 'bp_000', 'bq_000', 'br_000', 'cf_000', 'cg_000', 'ch_000', 'co_000', 'cr_000', 'ct_000', 'cu_000', 'cv_000', 'cx_000', 'cy_000', 'cz_000', 'da_000', 'db_000', 'dc_000']
[2023-01-06 17:34:25,565] 122 root INFO Is all required columns present in train df
[2023-01-06 17:34:25,565] 124 root INFO Is all required columns present in test df
[2023-01-06 17:34:25,565] 128 root INFO As all column are available in train df hence detecting data drift
[2023-01-06 17:34:25,565] 71 root INFO Hypothesis class: object, object 
[2023-01-06 17:34:25,698] 71 root INFO Hypothesis aa_000: float64, float64 
[2023-01-06 17:34:25,709] 71 root INFO Hypothesis ac_000: float64, float64 
[2023-01-06 17:34:25,717] 71 root INFO Hypothesis ae_000: float64, float64 
[2023-01-06 17:34:25,752] 71 root INFO Hypothesis af_000: float64, float64 
[2023-01-06 17:34:25,788] 71 root INFO Hypothesis ag_000: float64, float64 
[2023-01-06 17:34:25,823] 71 root INFO Hypothesis ag_001: float64, float64 
[2023-01-06 17:34:25,856] 71 root INFO Hypothesis ag_002: float64, float64 
[2023-01-06 17:34:25,894] 71 root INFO Hypothesis ag_003: float64, float64 
[2023-01-06 17:34:25,900] 71 root INFO Hypothesis ag_004: float64, float64 
[2023-01-06 17:34:25,911] 71 root INFO Hypothesis ag_005: float64, float64 
[2023-01-06 17:34:25,921] 71 root INFO Hypothesis ag_006: float64, float64 
[2023-01-06 17:34:25,932] 71 root INFO Hypothesis ag_007: float64, float64 
[2023-01-06 17:34:25,941] 71 root INFO Hypothesis ag_008: float64, float64 
[2023-01-06 17:34:25,950] 71 root INFO Hypothesis ag_009: float64, float64 
[2023-01-06 17:34:25,957] 71 root INFO Hypothesis ah_000: float64, float64 
[2023-01-06 17:34:25,967] 71 root INFO Hypothesis ai_000: float64, float64 
[2023-01-06 17:34:26,003] 71 root INFO Hypothesis aj_000: float64, float64 
[2023-01-06 17:34:26,039] 71 root INFO Hypothesis ak_000: float64, float64 
[2023-01-06 17:34:26,074] 71 root INFO Hypothesis al_000: float64, float64 
[2023-01-06 17:34:26,082] 71 root INFO Hypothesis am_0: float64, float64 
[2023-01-06 17:34:26,090] 71 root INFO Hypothesis an_000: float64, float64 
[2023-01-06 17:34:26,100] 71 root INFO Hypothesis ao_000: float64, float64 
[2023-01-06 17:34:26,111] 71 root INFO Hypothesis ap_000: float64, float64 
[2023-01-06 17:34:26,122] 71 root INFO Hypothesis aq_000: float64, float64 
[2023-01-06 17:34:26,132] 71 root INFO Hypothesis ar_000: float64, float64 
[2023-01-06 17:34:26,167] 71 root INFO Hypothesis as_000: float64, float64 
[2023-01-06 17:34:26,202] 71 root INFO Hypothesis at_000: float64, float64 
[2023-01-06 17:34:26,239] 71 root INFO Hypothesis au_000: float64, float64 
[2023-01-06 17:34:26,273] 71 root INFO Hypothesis av_000: float64, float64 
[2023-01-06 17:34:26,282] 71 root INFO Hypothesis ax_000: float64, float64 
[2023-01-06 17:34:26,321] 71 root INFO Hypothesis ay_000: float64, float64 
[2023-01-06 17:34:26,355] 71 root INFO Hypothesis ay_001: float64, float64 
[2023-01-06 17:34:26,389] 71 root INFO Hypothesis ay_002: float64, float64 
[2023-01-06 17:34:26,423] 71 root INFO Hypothesis ay_003: float64, float64 
[2023-01-06 17:34:26,458] 71 root INFO Hypothesis ay_004: float64, float64 
[2023-01-06 17:34:26,493] 71 root INFO Hypothesis ay_005: float64, float64 
[2023-01-06 17:34:26,531] 71 root INFO Hypothesis ay_006: float64, float64 
[2023-01-06 17:34:26,540] 71 root INFO Hypothesis ay_007: float64, float64 
[2023-01-06 17:34:26,551] 71 root INFO Hypothesis ay_008: float64, float64 
[2023-01-06 17:34:26,592] 71 root INFO Hypothesis ay_009: float64, float64 
[2023-01-06 17:34:26,627] 71 root INFO Hypothesis az_000: float64, float64 
[2023-01-06 17:34:26,638] 71 root INFO Hypothesis az_001: float64, float64 
[2023-01-06 17:34:26,647] 71 root INFO Hypothesis az_002: float64, float64 
[2023-01-06 17:34:26,657] 71 root INFO Hypothesis az_003: float64, float64 
[2023-01-06 17:34:26,667] 71 root INFO Hypothesis az_004: float64, float64 
[2023-01-06 17:34:26,678] 71 root INFO Hypothesis az_005: float64, float64 
[2023-01-06 17:34:26,690] 71 root INFO Hypothesis az_006: float64, float64 
[2023-01-06 17:34:26,731] 71 root INFO Hypothesis az_007: float64, float64 
[2023-01-06 17:34:26,737] 71 root INFO Hypothesis az_008: float64, float64 
[2023-01-06 17:34:26,773] 71 root INFO Hypothesis az_009: float64, float64 
[2023-01-06 17:34:26,808] 71 root INFO Hypothesis ba_000: float64, float64 
[2023-01-06 17:34:26,819] 71 root INFO Hypothesis ba_001: float64, float64 
[2023-01-06 17:34:26,830] 71 root INFO Hypothesis ba_002: float64, float64 
[2023-01-06 17:34:26,840] 71 root INFO Hypothesis ba_003: float64, float64 
[2023-01-06 17:34:26,851] 71 root INFO Hypothesis ba_004: float64, float64 
[2023-01-06 17:34:26,861] 71 root INFO Hypothesis ba_005: float64, float64 
[2023-01-06 17:34:26,874] 71 root INFO Hypothesis ba_006: float64, float64 
[2023-01-06 17:34:26,884] 71 root INFO Hypothesis ba_007: float64, float64 
[2023-01-06 17:34:26,893] 71 root INFO Hypothesis ba_008: float64, float64 
[2023-01-06 17:34:26,932] 71 root INFO Hypothesis ba_009: float64, float64 
[2023-01-06 17:34:26,939] 71 root INFO Hypothesis bb_000: float64, float64 
[2023-01-06 17:34:26,950] 71 root INFO Hypothesis bc_000: float64, float64 
[2023-01-06 17:34:26,957] 71 root INFO Hypothesis bd_000: float64, float64 
[2023-01-06 17:34:26,966] 71 root INFO Hypothesis be_000: float64, float64 
[2023-01-06 17:34:26,974] 71 root INFO Hypothesis bf_000: float64, float64 
[2023-01-06 17:34:26,981] 71 root INFO Hypothesis bg_000: float64, float64 
[2023-01-06 17:34:26,991] 71 root INFO Hypothesis bh_000: float64, float64 
[2023-01-06 17:34:27,002] 71 root INFO Hypothesis bi_000: float64, float64 
[2023-01-06 17:34:27,013] 71 root INFO Hypothesis bj_000: float64, float64 
[2023-01-06 17:34:27,023] 71 root INFO Hypothesis bs_000: float64, float64 
[2023-01-06 17:34:27,034] 71 root INFO Hypothesis bt_000: float64, float64 
[2023-01-06 17:34:27,044] 71 root INFO Hypothesis bu_000: float64, float64 
[2023-01-06 17:34:27,055] 71 root INFO Hypothesis bv_000: float64, float64 
[2023-01-06 17:34:27,065] 71 root INFO Hypothesis bx_000: float64, float64 
[2023-01-06 17:34:27,076] 71 root INFO Hypothesis by_000: float64, float64 
[2023-01-06 17:34:27,086] 71 root INFO Hypothesis bz_000: float64, float64 
[2023-01-06 17:34:27,095] 71 root INFO Hypothesis ca_000: float64, float64 
[2023-01-06 17:34:27,105] 71 root INFO Hypothesis cb_000: float64, float64 
[2023-01-06 17:34:27,116] 71 root INFO Hypothesis cc_000: float64, float64 
[2023-01-06 17:34:27,126] 71 root INFO Hypothesis cd_000: float64, float64 
[2023-01-06 17:34:27,161] 71 root INFO Hypothesis ce_000: float64, float64 
[2023-01-06 17:34:27,170] 71 root INFO Hypothesis ci_000: float64, float64 
[2023-01-06 17:34:27,181] 71 root INFO Hypothesis cj_000: float64, float64 
[2023-01-06 17:34:27,217] 71 root INFO Hypothesis ck_000: float64, float64 
[2023-01-06 17:34:27,228] 71 root INFO Hypothesis cl_000: float64, float64 
[2023-01-06 17:34:27,265] 71 root INFO Hypothesis cm_000: float64, float64 
[2023-01-06 17:34:27,302] 71 root INFO Hypothesis cn_000: float64, float64 
[2023-01-06 17:34:27,338] 71 root INFO Hypothesis cn_001: float64, float64 
[2023-01-06 17:34:27,375] 71 root INFO Hypothesis cn_002: float64, float64 
[2023-01-06 17:34:27,383] 71 root INFO Hypothesis cn_003: float64, float64 
[2023-01-06 17:34:27,394] 71 root INFO Hypothesis cn_004: float64, float64 
[2023-01-06 17:34:27,404] 71 root INFO Hypothesis cn_005: float64, float64 
[2023-01-06 17:34:27,415] 71 root INFO Hypothesis cn_006: float64, float64 
[2023-01-06 17:34:27,425] 71 root INFO Hypothesis cn_007: float64, float64 
[2023-01-06 17:34:27,435] 71 root INFO Hypothesis cn_008: float64, float64 
[2023-01-06 17:34:27,444] 71 root INFO Hypothesis cn_009: float64, float64 
[2023-01-06 17:34:27,452] 71 root INFO Hypothesis cp_000: float64, float64 
[2023-01-06 17:34:27,460] 71 root INFO Hypothesis cq_000: float64, float64 
[2023-01-06 17:34:27,470] 71 root INFO Hypothesis cs_000: float64, float64 
[2023-01-06 17:34:27,480] 71 root INFO Hypothesis cs_001: float64, float64 
[2023-01-06 17:34:27,489] 71 root INFO Hypothesis cs_002: float64, float64 
[2023-01-06 17:34:27,499] 71 root INFO Hypothesis cs_003: float64, float64 
[2023-01-06 17:34:27,510] 71 root INFO Hypothesis cs_004: float64, float64 
[2023-01-06 17:34:27,520] 71 root INFO Hypothesis cs_005: float64, float64 
[2023-01-06 17:34:27,530] 71 root INFO Hypothesis cs_006: float64, float64 
[2023-01-06 17:34:27,541] 71 root INFO Hypothesis cs_007: float64, float64 
[2023-01-06 17:34:27,552] 71 root INFO Hypothesis cs_008: float64, float64 
[2023-01-06 17:34:27,591] 71 root INFO Hypothesis cs_009: float64, float64 
[2023-01-06 17:34:27,626] 71 root INFO Hypothesis dd_000: float64, float64 
[2023-01-06 17:34:27,635] 71 root INFO Hypothesis de_000: float64, float64 
[2023-01-06 17:34:27,643] 71 root INFO Hypothesis df_000: float64, float64 
[2023-01-06 17:34:27,679] 71 root INFO Hypothesis dg_000: float64, float64 
[2023-01-06 17:34:27,722] 71 root INFO Hypothesis dh_000: float64, float64 
[2023-01-06 17:34:27,760] 71 root INFO Hypothesis di_000: float64, float64 
[2023-01-06 17:34:27,797] 71 root INFO Hypothesis dj_000: float64, float64 
[2023-01-06 17:34:27,833] 71 root INFO Hypothesis dk_000: float64, float64 
[2023-01-06 17:34:27,867] 71 root INFO Hypothesis dl_000: float64, float64 
[2023-01-06 17:34:27,901] 71 root INFO Hypothesis dm_000: float64, float64 
[2023-01-06 17:34:27,935] 71 root INFO Hypothesis dn_000: float64, float64 
[2023-01-06 17:34:27,950] 71 root INFO Hypothesis do_000: float64, float64 
[2023-01-06 17:34:27,959] 71 root INFO Hypothesis dp_000: float64, float64 
[2023-01-06 17:34:27,969] 71 root INFO Hypothesis dq_000: float64, float64 
[2023-01-06 17:34:27,975] 71 root INFO Hypothesis dr_000: float64, float64 
[2023-01-06 17:34:27,982] 71 root INFO Hypothesis ds_000: float64, float64 
[2023-01-06 17:34:27,992] 71 root INFO Hypothesis dt_000: float64, float64 
[2023-01-06 17:34:28,002] 71 root INFO Hypothesis du_000: float64, float64 
[2023-01-06 17:34:28,014] 71 root INFO Hypothesis dv_000: float64, float64 
[2023-01-06 17:34:28,060] 71 root INFO Hypothesis dx_000: float64, float64 
[2023-01-06 17:34:28,097] 71 root INFO Hypothesis dy_000: float64, float64 
[2023-01-06 17:34:28,134] 71 root INFO Hypothesis dz_000: float64, float64 
[2023-01-06 17:34:28,170] 71 root INFO Hypothesis ea_000: float64, float64 
[2023-01-06 17:34:28,205] 71 root INFO Hypothesis eb_000: float64, float64 
[2023-01-06 17:34:28,214] 71 root INFO Hypothesis ec_00: float64, float64 
[2023-01-06 17:34:28,224] 71 root INFO Hypothesis ed_000: float64, float64 
[2023-01-06 17:34:28,232] 71 root INFO Hypothesis ee_000: float64, float64 
[2023-01-06 17:34:28,243] 71 root INFO Hypothesis ee_001: float64, float64 
[2023-01-06 17:34:28,254] 71 root INFO Hypothesis ee_002: float64, float64 
[2023-01-06 17:34:28,264] 71 root INFO Hypothesis ee_003: float64, float64 
[2023-01-06 17:34:28,274] 71 root INFO Hypothesis ee_004: float64, float64 
[2023-01-06 17:34:28,284] 71 root INFO Hypothesis ee_005: float64, float64 
[2023-01-06 17:34:28,295] 71 root INFO Hypothesis ee_006: float64, float64 
[2023-01-06 17:34:28,305] 71 root INFO Hypothesis ee_007: float64, float64 
[2023-01-06 17:34:28,314] 71 root INFO Hypothesis ee_008: float64, float64 
[2023-01-06 17:34:28,324] 71 root INFO Hypothesis ee_009: float64, float64 
[2023-01-06 17:34:28,332] 71 root INFO Hypothesis ef_000: float64, float64 
[2023-01-06 17:34:28,367] 71 root INFO Hypothesis eg_000: float64, float64 
[2023-01-06 17:34:28,402] 131 root INFO As all column are available in test df hence detecting data drift
[2023-01-06 17:34:28,402] 71 root INFO Hypothesis class: object, object 
[2023-01-06 17:34:28,466] 71 root INFO Hypothesis aa_000: float64, float64 
[2023-01-06 17:34:28,473] 71 root INFO Hypothesis ac_000: float64, float64 
[2023-01-06 17:34:28,478] 71 root INFO Hypothesis ae_000: float64, float64 
[2023-01-06 17:34:28,493] 71 root INFO Hypothesis af_000: float64, float64 
[2023-01-06 17:34:28,508] 71 root INFO Hypothesis ag_000: float64, float64 
[2023-01-06 17:34:28,522] 71 root INFO Hypothesis ag_001: float64, float64 
[2023-01-06 17:34:28,537] 71 root INFO Hypothesis ag_002: float64, float64 
[2023-01-06 17:34:28,553] 71 root INFO Hypothesis ag_003: float64, float64 
[2023-01-06 17:34:28,557] 71 root INFO Hypothesis ag_004: float64, float64 
[2023-01-06 17:34:28,564] 71 root INFO Hypothesis ag_005: float64, float64 
[2023-01-06 17:34:28,571] 71 root INFO Hypothesis ag_006: float64, float64 
[2023-01-06 17:34:28,578] 71 root INFO Hypothesis ag_007: float64, float64 
[2023-01-06 17:34:28,584] 71 root INFO Hypothesis ag_008: float64, float64 
[2023-01-06 17:34:28,590] 71 root INFO Hypothesis ag_009: float64, float64 
[2023-01-06 17:34:28,594] 71 root INFO Hypothesis ah_000: float64, float64 
[2023-01-06 17:34:28,601] 71 root INFO Hypothesis ai_000: float64, float64 
[2023-01-06 17:34:28,617] 71 root INFO Hypothesis aj_000: float64, float64 
[2023-01-06 17:34:28,620] 71 root INFO Hypothesis ak_000: float64, float64 
[2023-01-06 17:34:28,635] 71 root INFO Hypothesis al_000: float64, float64 
[2023-01-06 17:34:28,640] 71 root INFO Hypothesis am_0: float64, float64 
[2023-01-06 17:34:28,645] 71 root INFO Hypothesis an_000: float64, float64 
[2023-01-06 17:34:28,652] 71 root INFO Hypothesis ao_000: float64, float64 
[2023-01-06 17:34:28,659] 71 root INFO Hypothesis ap_000: float64, float64 
[2023-01-06 17:34:28,666] 71 root INFO Hypothesis aq_000: float64, float64 
[2023-01-06 17:34:28,673] 71 root INFO Hypothesis ar_000: float64, float64 
[2023-01-06 17:34:28,687] 71 root INFO Hypothesis as_000: float64, float64 
[2023-01-06 17:34:28,702] 71 root INFO Hypothesis at_000: float64, float64 
[2023-01-06 17:34:28,705] 71 root INFO Hypothesis au_000: float64, float64 
[2023-01-06 17:34:28,719] 71 root INFO Hypothesis av_000: float64, float64 
[2023-01-06 17:34:28,725] 71 root INFO Hypothesis ax_000: float64, float64 
[2023-01-06 17:34:28,730] 71 root INFO Hypothesis ay_000: float64, float64 
[2023-01-06 17:34:28,745] 71 root INFO Hypothesis ay_001: float64, float64 
[2023-01-06 17:34:28,748] 71 root INFO Hypothesis ay_002: float64, float64 
[2023-01-06 17:34:28,751] 71 root INFO Hypothesis ay_003: float64, float64 
[2023-01-06 17:34:28,754] 71 root INFO Hypothesis ay_004: float64, float64 
[2023-01-06 17:34:28,757] 71 root INFO Hypothesis ay_005: float64, float64 
[2023-01-06 17:34:28,763] 71 root INFO Hypothesis ay_006: float64, float64 
[2023-01-06 17:34:28,769] 71 root INFO Hypothesis ay_007: float64, float64 
[2023-01-06 17:34:28,775] 71 root INFO Hypothesis ay_008: float64, float64 
[2023-01-06 17:34:28,782] 71 root INFO Hypothesis ay_009: float64, float64 
[2023-01-06 17:34:28,797] 71 root INFO Hypothesis az_000: float64, float64 
[2023-01-06 17:34:28,804] 71 root INFO Hypothesis az_001: float64, float64 
[2023-01-06 17:34:28,811] 71 root INFO Hypothesis az_002: float64, float64 
[2023-01-06 17:34:28,818] 71 root INFO Hypothesis az_003: float64, float64 
[2023-01-06 17:34:28,826] 71 root INFO Hypothesis az_004: float64, float64 
[2023-01-06 17:34:28,833] 71 root INFO Hypothesis az_005: float64, float64 
[2023-01-06 17:34:28,841] 71 root INFO Hypothesis az_006: float64, float64 
[2023-01-06 17:34:28,847] 71 root INFO Hypothesis az_007: float64, float64 
[2023-01-06 17:34:28,852] 71 root INFO Hypothesis az_008: float64, float64 
[2023-01-06 17:34:28,855] 71 root INFO Hypothesis az_009: float64, float64 
[2023-01-06 17:34:28,871] 71 root INFO Hypothesis ba_000: float64, float64 
[2023-01-06 17:34:28,878] 71 root INFO Hypothesis ba_001: float64, float64 
[2023-01-06 17:34:28,886] 71 root INFO Hypothesis ba_002: float64, float64 
[2023-01-06 17:34:28,893] 71 root INFO Hypothesis ba_003: float64, float64 
[2023-01-06 17:34:28,901] 71 root INFO Hypothesis ba_004: float64, float64 
[2023-01-06 17:34:28,908] 71 root INFO Hypothesis ba_005: float64, float64 
[2023-01-06 17:34:28,915] 71 root INFO Hypothesis ba_006: float64, float64 
[2023-01-06 17:34:28,922] 71 root INFO Hypothesis ba_007: float64, float64 
[2023-01-06 17:34:28,930] 71 root INFO Hypothesis ba_008: float64, float64 
[2023-01-06 17:34:28,935] 71 root INFO Hypothesis ba_009: float64, float64 
[2023-01-06 17:34:28,940] 71 root INFO Hypothesis bb_000: float64, float64 
[2023-01-06 17:34:28,947] 71 root INFO Hypothesis bc_000: float64, float64 
[2023-01-06 17:34:28,952] 71 root INFO Hypothesis bd_000: float64, float64 
[2023-01-06 17:34:28,958] 71 root INFO Hypothesis be_000: float64, float64 
[2023-01-06 17:34:28,964] 71 root INFO Hypothesis bf_000: float64, float64 
[2023-01-06 17:34:28,968] 71 root INFO Hypothesis bg_000: float64, float64 
[2023-01-06 17:34:28,975] 71 root INFO Hypothesis bh_000: float64, float64 
[2023-01-06 17:34:28,982] 71 root INFO Hypothesis bi_000: float64, float64 
[2023-01-06 17:34:28,989] 71 root INFO Hypothesis bj_000: float64, float64 
[2023-01-06 17:34:28,996] 71 root INFO Hypothesis bs_000: float64, float64 
[2023-01-06 17:34:29,003] 71 root INFO Hypothesis bt_000: float64, float64 
[2023-01-06 17:34:29,010] 71 root INFO Hypothesis bu_000: float64, float64 
[2023-01-06 17:34:29,017] 71 root INFO Hypothesis bv_000: float64, float64 
[2023-01-06 17:34:29,024] 71 root INFO Hypothesis bx_000: float64, float64 
[2023-01-06 17:34:29,031] 71 root INFO Hypothesis by_000: float64, float64 
[2023-01-06 17:34:29,038] 71 root INFO Hypothesis bz_000: float64, float64 
[2023-01-06 17:34:29,045] 71 root INFO Hypothesis ca_000: float64, float64 
[2023-01-06 17:34:29,052] 71 root INFO Hypothesis cb_000: float64, float64 
[2023-01-06 17:34:29,059] 71 root INFO Hypothesis cc_000: float64, float64 
[2023-01-06 17:34:29,066] 71 root INFO Hypothesis cd_000: float64, float64 
[2023-01-06 17:34:29,080] 71 root INFO Hypothesis ce_000: float64, float64 
[2023-01-06 17:34:29,087] 71 root INFO Hypothesis ci_000: float64, float64 
[2023-01-06 17:34:29,094] 71 root INFO Hypothesis cj_000: float64, float64 
[2023-01-06 17:34:29,098] 71 root INFO Hypothesis ck_000: float64, float64 
[2023-01-06 17:34:29,105] 71 root INFO Hypothesis cl_000: float64, float64 
[2023-01-06 17:34:29,109] 71 root INFO Hypothesis cm_000: float64, float64 
[2023-01-06 17:34:29,114] 71 root INFO Hypothesis cn_000: float64, float64 
[2023-01-06 17:34:29,128] 71 root INFO Hypothesis cn_001: float64, float64 
[2023-01-06 17:34:29,132] 71 root INFO Hypothesis cn_002: float64, float64 
[2023-01-06 17:34:29,138] 71 root INFO Hypothesis cn_003: float64, float64 
[2023-01-06 17:34:29,145] 71 root INFO Hypothesis cn_004: float64, float64 
[2023-01-06 17:34:29,152] 71 root INFO Hypothesis cn_005: float64, float64 
[2023-01-06 17:34:29,159] 71 root INFO Hypothesis cn_006: float64, float64 
[2023-01-06 17:34:29,166] 71 root INFO Hypothesis cn_007: float64, float64 
[2023-01-06 17:34:29,173] 71 root INFO Hypothesis cn_008: float64, float64 
[2023-01-06 17:34:29,179] 71 root INFO Hypothesis cn_009: float64, float64 
[2023-01-06 17:34:29,184] 71 root INFO Hypothesis cp_000: float64, float64 
[2023-01-06 17:34:29,189] 71 root INFO Hypothesis cq_000: float64, float64 
[2023-01-06 17:34:29,196] 71 root INFO Hypothesis cs_000: float64, float64 
[2023-01-06 17:34:29,202] 71 root INFO Hypothesis cs_001: float64, float64 
[2023-01-06 17:34:29,208] 71 root INFO Hypothesis cs_002: float64, float64 
[2023-01-06 17:34:29,215] 71 root INFO Hypothesis cs_003: float64, float64 
[2023-01-06 17:34:29,222] 71 root INFO Hypothesis cs_004: float64, float64 
[2023-01-06 17:34:29,229] 71 root INFO Hypothesis cs_005: float64, float64 
[2023-01-06 17:34:29,236] 71 root INFO Hypothesis cs_006: float64, float64 
[2023-01-06 17:34:29,243] 71 root INFO Hypothesis cs_007: float64, float64 
[2023-01-06 17:34:29,250] 71 root INFO Hypothesis cs_008: float64, float64 
[2023-01-06 17:34:29,255] 71 root INFO Hypothesis cs_009: float64, float64 
[2023-01-06 17:34:29,259] 71 root INFO Hypothesis dd_000: float64, float64 
[2023-01-06 17:34:29,265] 71 root INFO Hypothesis de_000: float64, float64 
[2023-01-06 17:34:29,271] 71 root INFO Hypothesis df_000: float64, float64 
[2023-01-06 17:34:29,285] 71 root INFO Hypothesis dg_000: float64, float64 
[2023-01-06 17:34:29,300] 71 root INFO Hypothesis dh_000: float64, float64 
[2023-01-06 17:34:29,316] 71 root INFO Hypothesis di_000: float64, float64 
[2023-01-06 17:34:29,332] 71 root INFO Hypothesis dj_000: float64, float64 
[2023-01-06 17:34:29,346] 71 root INFO Hypothesis dk_000: float64, float64 
[2023-01-06 17:34:29,361] 71 root INFO Hypothesis dl_000: float64, float64 
[2023-01-06 17:34:29,376] 71 root INFO Hypothesis dm_000: float64, float64 
[2023-01-06 17:34:29,390] 71 root INFO Hypothesis dn_000: float64, float64 
[2023-01-06 17:34:29,397] 71 root INFO Hypothesis do_000: float64, float64 
[2023-01-06 17:34:29,403] 71 root INFO Hypothesis dp_000: float64, float64 
[2023-01-06 17:34:29,409] 71 root INFO Hypothesis dq_000: float64, float64 
[2023-01-06 17:34:29,414] 71 root INFO Hypothesis dr_000: float64, float64 
[2023-01-06 17:34:29,418] 71 root INFO Hypothesis ds_000: float64, float64 
[2023-01-06 17:34:29,424] 71 root INFO Hypothesis dt_000: float64, float64 
[2023-01-06 17:34:29,431] 71 root INFO Hypothesis du_000: float64, float64 
[2023-01-06 17:34:29,438] 71 root INFO Hypothesis dv_000: float64, float64 
[2023-01-06 17:34:29,445] 71 root INFO Hypothesis dx_000: float64, float64 
[2023-01-06 17:34:29,450] 71 root INFO Hypothesis dy_000: float64, float64 
[2023-01-06 17:34:29,455] 71 root INFO Hypothesis dz_000: float64, float64 
[2023-01-06 17:34:29,471] 71 root INFO Hypothesis ea_000: float64, float64 
[2023-01-06 17:34:29,489] 71 root INFO Hypothesis eb_000: float64, float64 
[2023-01-06 17:34:29,496] 71 root INFO Hypothesis ec_00: float64, float64 
[2023-01-06 17:34:29,503] 71 root INFO Hypothesis ed_000: float64, float64 
[2023-01-06 17:34:29,510] 71 root INFO Hypothesis ee_000: float64, float64 
[2023-01-06 17:34:29,518] 71 root INFO Hypothesis ee_001: float64, float64 
[2023-01-06 17:34:29,526] 71 root INFO Hypothesis ee_002: float64, float64 
[2023-01-06 17:34:29,534] 71 root INFO Hypothesis ee_003: float64, float64 
[2023-01-06 17:34:29,542] 71 root INFO Hypothesis ee_004: float64, float64 
[2023-01-06 17:34:29,549] 71 root INFO Hypothesis ee_005: float64, float64 
[2023-01-06 17:34:29,557] 71 root INFO Hypothesis ee_006: float64, float64 
[2023-01-06 17:34:29,565] 71 root INFO Hypothesis ee_007: float64, float64 
[2023-01-06 17:34:29,572] 71 root INFO Hypothesis ee_008: float64, float64 
[2023-01-06 17:34:29,579] 71 root INFO Hypothesis ee_009: float64, float64 
[2023-01-06 17:34:29,585] 71 root INFO Hypothesis ef_000: float64, float64 
[2023-01-06 17:34:29,601] 71 root INFO Hypothesis eg_000: float64, float64 
[2023-01-06 17:34:29,615] 134 root INFO Write reprt in yaml file
[2023-01-06 17:34:29,685] 141 root INFO Data validation artifact: DataValidationArtifact(report_file_path='/config/workspace/artifact/01062023__173355/data_validation/report.yaml')
[2023-01-06 17:34:30,883] 63 root INFO before resampling in training set input:{input_feature_train_arr.shape} and target :{target_feature_train_arr.shape}
[2023-01-06 17:34:40,229] 65 root INFO after resampling training set input(56218, 170) and target:(56218,)
[2023-01-06 17:34:40,229] 68 root INFO Before resampling in testing set Input: (7238, 170) Target:(7238,)
[2023-01-06 17:34:41,369] 70 root INFO After resampling in testing set Input: (13994, 170) Target:(13994,)
[2023-01-06 17:34:41,520] 53 root INFO Entered the save_object method of MainUtils class
[2023-01-06 17:34:41,523] 57 root INFO Exited the save_object method of MainUtils class
[2023-01-06 17:34:41,523] 53 root INFO Entered the save_object method of MainUtils class
[2023-01-06 17:34:41,524] 57 root INFO Exited the save_object method of MainUtils class
[2023-01-06 17:34:41,524] 98 root INFO Data transformation object: DataTransformationArtifact(transform_object_path='/config/workspace/artifact/01062023__173355/data_transformation/transformer/transformer.pkl', transformed_train_path='/config/workspace/artifact/01062023__173355/data_transformation/transformed/train.npz', transformed_test_path='/config/workspace/artifact/01062023__173355/data_transformation/transformed/test.npz', target_encoder_path='/config/workspace/artifact/01062023__173355/data_transformation/target_encoder/target_encoder.pkl')
[2023-01-06 17:34:41,525] 37 root INFO loading train and test array
[2023-01-06 17:34:41,581] 42 root INFO splitting input and target feature from both train and test set
[2023-01-06 17:34:41,581] 46 root INFO train the model
[2023-01-06 17:35:05,651] 49 root INFO calculating f1_score for train data
[2023-01-06 17:35:05,702] 53 root INFO calculating f1 test score
[2023-01-06 17:35:05,718] 58 root INFO f1_train_score:0.9999822117864703  and f1_test_score is : 0.9783744557329463
[2023-01-06 17:35:05,719] 61 root INFO checking our model is underfitting or overfitting or goood model
[2023-01-06 17:35:05,719] 65 root INFO checking our model is overfitting or not
[2023-01-06 17:35:05,719] 71 root INFO saving model-object
[2023-01-06 17:35:05,719] 53 root INFO Entered the save_object method of MainUtils class
[2023-01-06 17:35:05,724] 57 root INFO Exited the save_object method of MainUtils class
[2023-01-06 17:35:05,724] 75 root INFO preparing the artifact
[2023-01-06 17:35:05,724] 78 root INFO Model trainer artifact: ModelTrainerArtifact(model_path='/config/workspace/artifact/01062023__173355/model_trainer/model/model.pkl', f1_train_score=0.9999822117864703, f1_test_score=0.9783744557329463)
