[2023-01-06 15:53:31,044] 20 root INFO exporting collection data as pandas dataframe
[2023-01-06 15:53:31,044] 12 root INFO reading from databaseaps qand collection :sensor
[2023-01-06 15:53:34,893] 14 root INFO found columns:Index(['_id', 'class', 'aa_000', 'ab_000', 'ac_000', 'ad_000', 'ae_000',
       'af_000', 'ag_000', 'ag_001',
       ...
       'ee_002', 'ee_003', 'ee_004', 'ee_005', 'ee_006', 'ee_007', 'ee_008',
       'ee_009', 'ef_000', 'eg_000'],
      dtype='object', length=172)
[2023-01-06 15:53:34,895] 16 root INFO dropping _id column
[2023-01-06 15:53:35,101] 24 root INFO save data in feature store,replacing null values with nan
[2023-01-06 15:53:35,668] 27 root INFO creating feature store folder if not available
[2023-01-06 15:53:35,668] 31 root INFO save df to feature store folder
[2023-01-06 15:53:38,366] 34 root INFO spliting data into train test split
[2023-01-06 15:53:39,044] 37 root INFO creating dataset directory if not available
[2023-01-06 15:53:39,044] 41 root INFO save df to feature store folder
[2023-01-06 15:53:41,423] 46 root INFO preparing artifact
[2023-01-06 15:53:41,423] 53 root INFO data ingestion artifact:DataIngestionArtifact(feature_store_file_path='/config/workspace/artifact/01062023__155331/data_ingestion/feature_store/sensor.csv', train_file_path='/config/workspace/artifact/01062023__155331/data_ingestion/dataset/train.csv', test_file_path='/config/workspace/artifact/01062023__155331/data_ingestion/dataset/test.csv')
[2023-01-06 15:53:41,985] 20 root INFO exporting collection data as pandas dataframe
[2023-01-06 15:53:41,985] 12 root INFO reading from databaseaps qand collection :sensor
[2023-01-06 15:53:46,093] 14 root INFO found columns:Index(['_id', 'class', 'aa_000', 'ab_000', 'ac_000', 'ad_000', 'ae_000',
       'af_000', 'ag_000', 'ag_001',
       ...
       'ee_002', 'ee_003', 'ee_004', 'ee_005', 'ee_006', 'ee_007', 'ee_008',
       'ee_009', 'ef_000', 'eg_000'],
      dtype='object', length=172)
[2023-01-06 15:53:46,093] 16 root INFO dropping _id column
[2023-01-06 15:53:46,350] 24 root INFO save data in feature store,replacing null values with nan
[2023-01-06 15:53:47,019] 27 root INFO creating feature store folder if not available
[2023-01-06 15:53:47,019] 31 root INFO save df to feature store folder
[2023-01-06 15:53:49,720] 34 root INFO spliting data into train test split
[2023-01-06 15:53:50,316] 37 root INFO creating dataset directory if not available
[2023-01-06 15:53:50,316] 41 root INFO save df to feature store folder
[2023-01-06 15:53:52,824] 46 root INFO preparing artifact
[2023-01-06 15:53:52,824] 53 root INFO data ingestion artifact:DataIngestionArtifact(feature_store_file_path='/config/workspace/artifact/01062023__155331/data_ingestion/feature_store/sensor.csv', train_file_path='/config/workspace/artifact/01062023__155331/data_ingestion/dataset/train.csv', test_file_path='/config/workspace/artifact/01062023__155331/data_ingestion/dataset/test.csv')
[2023-01-06 15:53:53,235] 16 root INFO >>>>>>>>>>>>>>>>>>>>>>>>>>>>>>>>>>>>>>>> DATA VALIDATION <<<<<<<<<<<<<<<<<<<<<<<<<<<<<<<<<<<<<<<<
[2023-01-06 15:53:53,236] 96 root INFO Reading base dataframe
[2023-01-06 15:53:56,335] 99 root INFO Replace na value in base df
[2023-01-06 15:53:56,335] 101 root INFO Drop null values colums from base df
[2023-01-06 15:53:57,332] 30 root INFO selecting column nane which containing null above 0.2
[2023-01-06 15:53:57,332] 33 root INFO column names to drop['ab_000', 'ad_000', 'bk_000', 'bl_000', 'bm_000', 'bn_000', 'bo_000', 'bp_000', 'bq_000', 'br_000', 'cf_000', 'cg_000', 'ch_000', 'co_000', 'cr_000', 'ct_000', 'cu_000', 'cv_000', 'cx_000', 'cy_000', 'cz_000', 'da_000', 'db_000', 'dc_000']
[2023-01-06 15:53:57,425] 104 root INFO reading train dataframe
[2023-01-06 15:53:57,841] 106 root INFO reading test dataframe
[2023-01-06 15:53:57,950] 109 root INFO dropping null vakluecolumns from  train df
[2023-01-06 15:53:57,962] 30 root INFO selecting column nane which containing null above 0.2
[2023-01-06 15:53:57,963] 33 root INFO column names to drop['ab_000', 'ad_000', 'bk_000', 'bl_000', 'bm_000', 'bn_000', 'bo_000', 'bp_000', 'bq_000', 'br_000', 'cf_000', 'cg_000', 'ch_000', 'co_000', 'cr_000', 'ct_000', 'cu_000', 'cv_000', 'cx_000', 'cy_000', 'cz_000', 'da_000', 'db_000', 'dc_000']
[2023-01-06 15:53:57,972] 111 root INFO dropping missing value columns in test dataset
[2023-01-06 15:53:57,976] 30 root INFO selecting column nane which containing null above 0.2
[2023-01-06 15:53:57,976] 33 root INFO column names to drop['ab_000', 'ad_000', 'bk_000', 'bl_000', 'bm_000', 'bn_000', 'bo_000', 'bp_000', 'bq_000', 'br_000', 'cf_000', 'cg_000', 'ch_000', 'co_000', 'cr_000', 'ct_000', 'cu_000', 'cv_000', 'cx_000', 'cy_000', 'cz_000', 'da_000', 'db_000', 'dc_000']
[2023-01-06 15:54:03,979] 122 root INFO Is all required columns present in train df
[2023-01-06 15:54:03,979] 124 root INFO Is all required columns present in test df
[2023-01-06 15:54:03,979] 128 root INFO As all column are available in train df hence detecting data drift
[2023-01-06 15:54:03,979] 71 root INFO Hypothesis class: object, object 
[2023-01-06 15:54:04,140] 71 root INFO Hypothesis aa_000: float64, float64 
[2023-01-06 15:54:04,189] 71 root INFO Hypothesis ac_000: float64, float64 
[2023-01-06 15:54:04,235] 71 root INFO Hypothesis ae_000: float64, float64 
[2023-01-06 15:54:04,277] 71 root INFO Hypothesis af_000: float64, float64 
[2023-01-06 15:54:04,319] 71 root INFO Hypothesis ag_000: float64, float64 
[2023-01-06 15:54:04,360] 71 root INFO Hypothesis ag_001: float64, float64 
[2023-01-06 15:54:04,398] 71 root INFO Hypothesis ag_002: float64, float64 
[2023-01-06 15:54:04,437] 71 root INFO Hypothesis ag_003: float64, float64 
[2023-01-06 15:54:04,477] 71 root INFO Hypothesis ag_004: float64, float64 
[2023-01-06 15:54:04,488] 71 root INFO Hypothesis ag_005: float64, float64 
[2023-01-06 15:54:04,533] 71 root INFO Hypothesis ag_006: float64, float64 
[2023-01-06 15:54:04,579] 71 root INFO Hypothesis ag_007: float64, float64 
[2023-01-06 15:54:04,623] 71 root INFO Hypothesis ag_008: float64, float64 
[2023-01-06 15:54:04,667] 71 root INFO Hypothesis ag_009: float64, float64 
[2023-01-06 15:54:04,709] 71 root INFO Hypothesis ah_000: float64, float64 
[2023-01-06 15:54:04,753] 71 root INFO Hypothesis ai_000: float64, float64 
[2023-01-06 15:54:04,791] 71 root INFO Hypothesis aj_000: float64, float64 
[2023-01-06 15:54:04,832] 71 root INFO Hypothesis ak_000: float64, float64 
[2023-01-06 15:54:04,872] 71 root INFO Hypothesis al_000: float64, float64 
[2023-01-06 15:54:04,912] 71 root INFO Hypothesis am_0: float64, float64 
[2023-01-06 15:54:04,953] 71 root INFO Hypothesis an_000: float64, float64 
[2023-01-06 15:54:05,001] 71 root INFO Hypothesis ao_000: float64, float64 
[2023-01-06 15:54:05,045] 71 root INFO Hypothesis ap_000: float64, float64 
[2023-01-06 15:54:05,056] 71 root INFO Hypothesis aq_000: float64, float64 
[2023-01-06 15:54:05,100] 71 root INFO Hypothesis ar_000: float64, float64 
[2023-01-06 15:54:05,138] 71 root INFO Hypothesis as_000: float64, float64 
[2023-01-06 15:54:05,176] 71 root INFO Hypothesis at_000: float64, float64 
[2023-01-06 15:54:05,181] 71 root INFO Hypothesis au_000: float64, float64 
[2023-01-06 15:54:05,218] 71 root INFO Hypothesis av_000: float64, float64 
[2023-01-06 15:54:05,260] 71 root INFO Hypothesis ax_000: float64, float64 
[2023-01-06 15:54:05,302] 71 root INFO Hypothesis ay_000: float64, float64 
[2023-01-06 15:54:05,339] 71 root INFO Hypothesis ay_001: float64, float64 
[2023-01-06 15:54:05,377] 71 root INFO Hypothesis ay_002: float64, float64 
[2023-01-06 15:54:05,418] 71 root INFO Hypothesis ay_003: float64, float64 
[2023-01-06 15:54:05,456] 71 root INFO Hypothesis ay_004: float64, float64 
[2023-01-06 15:54:05,494] 71 root INFO Hypothesis ay_005: float64, float64 
[2023-01-06 15:54:05,535] 71 root INFO Hypothesis ay_006: float64, float64 
[2023-01-06 15:54:05,545] 71 root INFO Hypothesis ay_007: float64, float64 
[2023-01-06 15:54:05,588] 71 root INFO Hypothesis ay_008: float64, float64 
[2023-01-06 15:54:05,631] 71 root INFO Hypothesis ay_009: float64, float64 
[2023-01-06 15:54:05,668] 71 root INFO Hypothesis az_000: float64, float64 
[2023-01-06 15:54:05,679] 71 root INFO Hypothesis az_001: float64, float64 
[2023-01-06 15:54:05,688] 71 root INFO Hypothesis az_002: float64, float64 
[2023-01-06 15:54:05,698] 71 root INFO Hypothesis az_003: float64, float64 
[2023-01-06 15:54:05,709] 71 root INFO Hypothesis az_004: float64, float64 
[2023-01-06 15:54:05,721] 71 root INFO Hypothesis az_005: float64, float64 
[2023-01-06 15:54:05,770] 71 root INFO Hypothesis az_006: float64, float64 
[2023-01-06 15:54:05,816] 71 root INFO Hypothesis az_007: float64, float64 
[2023-01-06 15:54:05,856] 71 root INFO Hypothesis az_008: float64, float64 
[2023-01-06 15:54:05,897] 71 root INFO Hypothesis az_009: float64, float64 
[2023-01-06 15:54:05,935] 71 root INFO Hypothesis ba_000: float64, float64 
[2023-01-06 15:54:05,980] 71 root INFO Hypothesis ba_001: float64, float64 
[2023-01-06 15:54:06,031] 71 root INFO Hypothesis ba_002: float64, float64 
[2023-01-06 15:54:06,076] 71 root INFO Hypothesis ba_003: float64, float64 
[2023-01-06 15:54:06,120] 71 root INFO Hypothesis ba_004: float64, float64 
[2023-01-06 15:54:06,164] 71 root INFO Hypothesis ba_005: float64, float64 
[2023-01-06 15:54:06,208] 71 root INFO Hypothesis ba_006: float64, float64 
[2023-01-06 15:54:06,251] 71 root INFO Hypothesis ba_007: float64, float64 
[2023-01-06 15:54:06,295] 71 root INFO Hypothesis ba_008: float64, float64 
[2023-01-06 15:54:06,338] 71 root INFO Hypothesis ba_009: float64, float64 
[2023-01-06 15:54:06,345] 71 root INFO Hypothesis bb_000: float64, float64 
[2023-01-06 15:54:06,390] 71 root INFO Hypothesis bc_000: float64, float64 
[2023-01-06 15:54:06,433] 71 root INFO Hypothesis bd_000: float64, float64 
[2023-01-06 15:54:06,474] 71 root INFO Hypothesis be_000: float64, float64 
[2023-01-06 15:54:06,517] 71 root INFO Hypothesis bf_000: float64, float64 
[2023-01-06 15:54:06,524] 71 root INFO Hypothesis bg_000: float64, float64 
[2023-01-06 15:54:06,568] 71 root INFO Hypothesis bh_000: float64, float64 
[2023-01-06 15:54:06,612] 71 root INFO Hypothesis bi_000: float64, float64 
[2023-01-06 15:54:06,656] 71 root INFO Hypothesis bj_000: float64, float64 
[2023-01-06 15:54:06,668] 71 root INFO Hypothesis bs_000: float64, float64 
[2023-01-06 15:54:06,679] 71 root INFO Hypothesis bt_000: float64, float64 
[2023-01-06 15:54:06,724] 71 root INFO Hypothesis bu_000: float64, float64 
[2023-01-06 15:54:06,768] 71 root INFO Hypothesis bv_000: float64, float64 
[2023-01-06 15:54:06,812] 71 root INFO Hypothesis bx_000: float64, float64 
[2023-01-06 15:54:06,856] 71 root INFO Hypothesis by_000: float64, float64 
[2023-01-06 15:54:06,903] 71 root INFO Hypothesis bz_000: float64, float64 
[2023-01-06 15:54:06,949] 71 root INFO Hypothesis ca_000: float64, float64 
[2023-01-06 15:54:06,995] 71 root INFO Hypothesis cb_000: float64, float64 
[2023-01-06 15:54:07,007] 71 root INFO Hypothesis cc_000: float64, float64 
[2023-01-06 15:54:07,052] 71 root INFO Hypothesis cd_000: float64, float64 
[2023-01-06 15:54:07,090] 71 root INFO Hypothesis ce_000: float64, float64 
[2023-01-06 15:54:07,133] 71 root INFO Hypothesis ci_000: float64, float64 
[2023-01-06 15:54:07,181] 71 root INFO Hypothesis cj_000: float64, float64 
[2023-01-06 15:54:07,188] 71 root INFO Hypothesis ck_000: float64, float64 
[2023-01-06 15:54:07,232] 71 root INFO Hypothesis cl_000: float64, float64 
[2023-01-06 15:54:07,271] 71 root INFO Hypothesis cm_000: float64, float64 
[2023-01-06 15:54:07,311] 71 root INFO Hypothesis cn_000: float64, float64 
[2023-01-06 15:54:07,349] 71 root INFO Hypothesis cn_001: float64, float64 
[2023-01-06 15:54:07,387] 71 root INFO Hypothesis cn_002: float64, float64 
[2023-01-06 15:54:07,429] 71 root INFO Hypothesis cn_003: float64, float64 
[2023-01-06 15:54:07,473] 71 root INFO Hypothesis cn_004: float64, float64 
[2023-01-06 15:54:07,518] 71 root INFO Hypothesis cn_005: float64, float64 
[2023-01-06 15:54:07,563] 71 root INFO Hypothesis cn_006: float64, float64 
[2023-01-06 15:54:07,573] 71 root INFO Hypothesis cn_007: float64, float64 
[2023-01-06 15:54:07,617] 71 root INFO Hypothesis cn_008: float64, float64 
[2023-01-06 15:54:07,626] 71 root INFO Hypothesis cn_009: float64, float64 
[2023-01-06 15:54:07,634] 71 root INFO Hypothesis cp_000: float64, float64 
[2023-01-06 15:54:07,642] 71 root INFO Hypothesis cq_000: float64, float64 
[2023-01-06 15:54:07,686] 71 root INFO Hypothesis cs_000: float64, float64 
[2023-01-06 15:54:07,697] 71 root INFO Hypothesis cs_001: float64, float64 
[2023-01-06 15:54:07,740] 71 root INFO Hypothesis cs_002: float64, float64 
[2023-01-06 15:54:07,750] 71 root INFO Hypothesis cs_003: float64, float64 
[2023-01-06 15:54:07,795] 71 root INFO Hypothesis cs_004: float64, float64 
[2023-01-06 15:54:07,806] 71 root INFO Hypothesis cs_005: float64, float64 
[2023-01-06 15:54:07,851] 71 root INFO Hypothesis cs_006: float64, float64 
[2023-01-06 15:54:07,895] 71 root INFO Hypothesis cs_007: float64, float64 
[2023-01-06 15:54:07,942] 71 root INFO Hypothesis cs_008: float64, float64 
[2023-01-06 15:54:07,984] 71 root INFO Hypothesis cs_009: float64, float64 
[2023-01-06 15:54:08,022] 71 root INFO Hypothesis dd_000: float64, float64 
[2023-01-06 15:54:08,067] 71 root INFO Hypothesis de_000: float64, float64 
[2023-01-06 15:54:08,076] 71 root INFO Hypothesis df_000: float64, float64 
[2023-01-06 15:54:08,115] 71 root INFO Hypothesis dg_000: float64, float64 
[2023-01-06 15:54:08,157] 71 root INFO Hypothesis dh_000: float64, float64 
[2023-01-06 15:54:08,195] 71 root INFO Hypothesis di_000: float64, float64 
[2023-01-06 15:54:08,235] 71 root INFO Hypothesis dj_000: float64, float64 
[2023-01-06 15:54:08,273] 71 root INFO Hypothesis dk_000: float64, float64 
[2023-01-06 15:54:08,311] 71 root INFO Hypothesis dl_000: float64, float64 
[2023-01-06 15:54:08,348] 71 root INFO Hypothesis dm_000: float64, float64 
[2023-01-06 15:54:08,386] 71 root INFO Hypothesis dn_000: float64, float64 
[2023-01-06 15:54:08,429] 71 root INFO Hypothesis do_000: float64, float64 
[2023-01-06 15:54:08,439] 71 root INFO Hypothesis dp_000: float64, float64 
[2023-01-06 15:54:08,449] 71 root INFO Hypothesis dq_000: float64, float64 
[2023-01-06 15:54:08,487] 71 root INFO Hypothesis dr_000: float64, float64 
[2023-01-06 15:54:08,526] 71 root INFO Hypothesis ds_000: float64, float64 
[2023-01-06 15:54:08,570] 71 root INFO Hypothesis dt_000: float64, float64 
[2023-01-06 15:54:08,615] 71 root INFO Hypothesis du_000: float64, float64 
[2023-01-06 15:54:08,625] 71 root INFO Hypothesis dv_000: float64, float64 
[2023-01-06 15:54:08,670] 71 root INFO Hypothesis dx_000: float64, float64 
[2023-01-06 15:54:08,711] 71 root INFO Hypothesis dy_000: float64, float64 
[2023-01-06 15:54:08,751] 71 root INFO Hypothesis dz_000: float64, float64 
[2023-01-06 15:54:08,788] 71 root INFO Hypothesis ea_000: float64, float64 
[2023-01-06 15:54:08,826] 71 root INFO Hypothesis eb_000: float64, float64 
[2023-01-06 15:54:08,869] 71 root INFO Hypothesis ec_00: float64, float64 
[2023-01-06 15:54:08,880] 71 root INFO Hypothesis ed_000: float64, float64 
[2023-01-06 15:54:08,926] 71 root INFO Hypothesis ee_000: float64, float64 
[2023-01-06 15:54:08,970] 71 root INFO Hypothesis ee_001: float64, float64 
[2023-01-06 15:54:08,981] 71 root INFO Hypothesis ee_002: float64, float64 
[2023-01-06 15:54:09,025] 71 root INFO Hypothesis ee_003: float64, float64 
[2023-01-06 15:54:09,069] 71 root INFO Hypothesis ee_004: float64, float64 
[2023-01-06 15:54:09,113] 71 root INFO Hypothesis ee_005: float64, float64 
[2023-01-06 15:54:09,157] 71 root INFO Hypothesis ee_006: float64, float64 
[2023-01-06 15:54:09,200] 71 root INFO Hypothesis ee_007: float64, float64 
[2023-01-06 15:54:09,244] 71 root INFO Hypothesis ee_008: float64, float64 
[2023-01-06 15:54:09,287] 71 root INFO Hypothesis ee_009: float64, float64 
[2023-01-06 15:54:09,333] 71 root INFO Hypothesis ef_000: float64, float64 
[2023-01-06 15:54:09,373] 71 root INFO Hypothesis eg_000: float64, float64 
[2023-01-06 15:54:09,414] 131 root INFO As all column are available in test df hence detecting data drift
[2023-01-06 15:54:09,414] 71 root INFO Hypothesis class: object, object 
[2023-01-06 15:54:09,493] 71 root INFO Hypothesis aa_000: float64, float64 
[2023-01-06 15:54:09,501] 71 root INFO Hypothesis ac_000: float64, float64 
[2023-01-06 15:54:09,506] 71 root INFO Hypothesis ae_000: float64, float64 
[2023-01-06 15:54:09,523] 71 root INFO Hypothesis af_000: float64, float64 
[2023-01-06 15:54:09,539] 71 root INFO Hypothesis ag_000: float64, float64 
[2023-01-06 15:54:09,555] 71 root INFO Hypothesis ag_001: float64, float64 
[2023-01-06 15:54:09,571] 71 root INFO Hypothesis ag_002: float64, float64 
[2023-01-06 15:54:09,588] 71 root INFO Hypothesis ag_003: float64, float64 
[2023-01-06 15:54:09,592] 71 root INFO Hypothesis ag_004: float64, float64 
[2023-01-06 15:54:09,599] 71 root INFO Hypothesis ag_005: float64, float64 
[2023-01-06 15:54:09,606] 71 root INFO Hypothesis ag_006: float64, float64 
[2023-01-06 15:54:09,614] 71 root INFO Hypothesis ag_007: float64, float64 
[2023-01-06 15:54:09,620] 71 root INFO Hypothesis ag_008: float64, float64 
[2023-01-06 15:54:09,626] 71 root INFO Hypothesis ag_009: float64, float64 
[2023-01-06 15:54:09,631] 71 root INFO Hypothesis ah_000: float64, float64 
[2023-01-06 15:54:09,638] 71 root INFO Hypothesis ai_000: float64, float64 
[2023-01-06 15:54:09,655] 71 root INFO Hypothesis aj_000: float64, float64 
[2023-01-06 15:54:09,660] 71 root INFO Hypothesis ak_000: float64, float64 
[2023-01-06 15:54:09,676] 71 root INFO Hypothesis al_000: float64, float64 
[2023-01-06 15:54:09,681] 71 root INFO Hypothesis am_0: float64, float64 
[2023-01-06 15:54:09,686] 71 root INFO Hypothesis an_000: float64, float64 
[2023-01-06 15:54:09,693] 71 root INFO Hypothesis ao_000: float64, float64 
[2023-01-06 15:54:09,700] 71 root INFO Hypothesis ap_000: float64, float64 
[2023-01-06 15:54:09,708] 71 root INFO Hypothesis aq_000: float64, float64 
[2023-01-06 15:54:09,715] 71 root INFO Hypothesis ar_000: float64, float64 
[2023-01-06 15:54:09,731] 71 root INFO Hypothesis as_000: float64, float64 
[2023-01-06 15:54:09,746] 71 root INFO Hypothesis at_000: float64, float64 
[2023-01-06 15:54:09,751] 71 root INFO Hypothesis au_000: float64, float64 
[2023-01-06 15:54:09,767] 71 root INFO Hypothesis av_000: float64, float64 
[2023-01-06 15:54:09,774] 71 root INFO Hypothesis ax_000: float64, float64 
[2023-01-06 15:54:09,781] 71 root INFO Hypothesis ay_000: float64, float64 
[2023-01-06 15:54:09,802] 71 root INFO Hypothesis ay_001: float64, float64 
[2023-01-06 15:54:09,822] 71 root INFO Hypothesis ay_002: float64, float64 
[2023-01-06 15:54:09,842] 71 root INFO Hypothesis ay_003: float64, float64 
[2023-01-06 15:54:09,863] 71 root INFO Hypothesis ay_004: float64, float64 
[2023-01-06 15:54:09,868] 71 root INFO Hypothesis ay_005: float64, float64 
[2023-01-06 15:54:09,875] 71 root INFO Hypothesis ay_006: float64, float64 
[2023-01-06 15:54:09,883] 71 root INFO Hypothesis ay_007: float64, float64 
[2023-01-06 15:54:09,891] 71 root INFO Hypothesis ay_008: float64, float64 
[2023-01-06 15:54:09,899] 71 root INFO Hypothesis ay_009: float64, float64 
[2023-01-06 15:54:09,918] 71 root INFO Hypothesis az_000: float64, float64 
[2023-01-06 15:54:09,927] 71 root INFO Hypothesis az_001: float64, float64 
[2023-01-06 15:54:09,933] 71 root INFO Hypothesis az_002: float64, float64 
[2023-01-06 15:54:09,940] 71 root INFO Hypothesis az_003: float64, float64 
[2023-01-06 15:54:09,947] 71 root INFO Hypothesis az_004: float64, float64 
[2023-01-06 15:54:09,954] 71 root INFO Hypothesis az_005: float64, float64 
[2023-01-06 15:54:09,961] 71 root INFO Hypothesis az_006: float64, float64 
[2023-01-06 15:54:09,967] 71 root INFO Hypothesis az_007: float64, float64 
[2023-01-06 15:54:09,984] 71 root INFO Hypothesis az_008: float64, float64 
[2023-01-06 15:54:09,988] 71 root INFO Hypothesis az_009: float64, float64 
[2023-01-06 15:54:10,003] 71 root INFO Hypothesis ba_000: float64, float64 
[2023-01-06 15:54:10,011] 71 root INFO Hypothesis ba_001: float64, float64 
[2023-01-06 15:54:10,018] 71 root INFO Hypothesis ba_002: float64, float64 
[2023-01-06 15:54:10,025] 71 root INFO Hypothesis ba_003: float64, float64 
[2023-01-06 15:54:10,032] 71 root INFO Hypothesis ba_004: float64, float64 
[2023-01-06 15:54:10,039] 71 root INFO Hypothesis ba_005: float64, float64 
[2023-01-06 15:54:10,046] 71 root INFO Hypothesis ba_006: float64, float64 
[2023-01-06 15:54:10,053] 71 root INFO Hypothesis ba_007: float64, float64 
[2023-01-06 15:54:10,060] 71 root INFO Hypothesis ba_008: float64, float64 
[2023-01-06 15:54:10,066] 71 root INFO Hypothesis ba_009: float64, float64 
[2023-01-06 15:54:10,072] 71 root INFO Hypothesis bb_000: float64, float64 
[2023-01-06 15:54:10,079] 71 root INFO Hypothesis bc_000: float64, float64 
[2023-01-06 15:54:10,084] 71 root INFO Hypothesis bd_000: float64, float64 
[2023-01-06 15:54:10,090] 71 root INFO Hypothesis be_000: float64, float64 
[2023-01-06 15:54:10,096] 71 root INFO Hypothesis bf_000: float64, float64 
[2023-01-06 15:54:10,101] 71 root INFO Hypothesis bg_000: float64, float64 
[2023-01-06 15:54:10,108] 71 root INFO Hypothesis bh_000: float64, float64 
[2023-01-06 15:54:10,115] 71 root INFO Hypothesis bi_000: float64, float64 
[2023-01-06 15:54:10,123] 71 root INFO Hypothesis bj_000: float64, float64 
[2023-01-06 15:54:10,130] 71 root INFO Hypothesis bs_000: float64, float64 
[2023-01-06 15:54:10,140] 71 root INFO Hypothesis bt_000: float64, float64 
[2023-01-06 15:54:10,147] 71 root INFO Hypothesis bu_000: float64, float64 
[2023-01-06 15:54:10,154] 71 root INFO Hypothesis bv_000: float64, float64 
[2023-01-06 15:54:10,161] 71 root INFO Hypothesis bx_000: float64, float64 
[2023-01-06 15:54:10,168] 71 root INFO Hypothesis by_000: float64, float64 
[2023-01-06 15:54:10,175] 71 root INFO Hypothesis bz_000: float64, float64 
[2023-01-06 15:54:10,181] 71 root INFO Hypothesis ca_000: float64, float64 
[2023-01-06 15:54:10,188] 71 root INFO Hypothesis cb_000: float64, float64 
[2023-01-06 15:54:10,196] 71 root INFO Hypothesis cc_000: float64, float64 
[2023-01-06 15:54:10,203] 71 root INFO Hypothesis cd_000: float64, float64 
[2023-01-06 15:54:10,218] 71 root INFO Hypothesis ce_000: float64, float64 
[2023-01-06 15:54:10,225] 71 root INFO Hypothesis ci_000: float64, float64 
[2023-01-06 15:54:10,232] 71 root INFO Hypothesis cj_000: float64, float64 
[2023-01-06 15:54:10,236] 71 root INFO Hypothesis ck_000: float64, float64 
[2023-01-06 15:54:10,243] 71 root INFO Hypothesis cl_000: float64, float64 
[2023-01-06 15:54:10,247] 71 root INFO Hypothesis cm_000: float64, float64 
[2023-01-06 15:54:10,252] 71 root INFO Hypothesis cn_000: float64, float64 
[2023-01-06 15:54:10,268] 71 root INFO Hypothesis cn_001: float64, float64 
[2023-01-06 15:54:10,272] 71 root INFO Hypothesis cn_002: float64, float64 
[2023-01-06 15:54:10,278] 71 root INFO Hypothesis cn_003: float64, float64 
[2023-01-06 15:54:10,285] 71 root INFO Hypothesis cn_004: float64, float64 
[2023-01-06 15:54:10,292] 71 root INFO Hypothesis cn_005: float64, float64 
[2023-01-06 15:54:10,299] 71 root INFO Hypothesis cn_006: float64, float64 
[2023-01-06 15:54:10,306] 71 root INFO Hypothesis cn_007: float64, float64 
[2023-01-06 15:54:10,313] 71 root INFO Hypothesis cn_008: float64, float64 
[2023-01-06 15:54:10,319] 71 root INFO Hypothesis cn_009: float64, float64 
[2023-01-06 15:54:10,325] 71 root INFO Hypothesis cp_000: float64, float64 
[2023-01-06 15:54:10,330] 71 root INFO Hypothesis cq_000: float64, float64 
[2023-01-06 15:54:10,337] 71 root INFO Hypothesis cs_000: float64, float64 
[2023-01-06 15:54:10,344] 71 root INFO Hypothesis cs_001: float64, float64 
[2023-01-06 15:54:10,350] 71 root INFO Hypothesis cs_002: float64, float64 
[2023-01-06 15:54:10,357] 71 root INFO Hypothesis cs_003: float64, float64 
[2023-01-06 15:54:10,364] 71 root INFO Hypothesis cs_004: float64, float64 
[2023-01-06 15:54:10,371] 71 root INFO Hypothesis cs_005: float64, float64 
[2023-01-06 15:54:10,378] 71 root INFO Hypothesis cs_006: float64, float64 
[2023-01-06 15:54:10,386] 71 root INFO Hypothesis cs_007: float64, float64 
[2023-01-06 15:54:10,393] 71 root INFO Hypothesis cs_008: float64, float64 
[2023-01-06 15:54:10,398] 71 root INFO Hypothesis cs_009: float64, float64 
[2023-01-06 15:54:10,415] 71 root INFO Hypothesis dd_000: float64, float64 
[2023-01-06 15:54:10,422] 71 root INFO Hypothesis de_000: float64, float64 
[2023-01-06 15:54:10,427] 71 root INFO Hypothesis df_000: float64, float64 
[2023-01-06 15:54:10,445] 71 root INFO Hypothesis dg_000: float64, float64 
[2023-01-06 15:54:10,463] 71 root INFO Hypothesis dh_000: float64, float64 
[2023-01-06 15:54:10,467] 71 root INFO Hypothesis di_000: float64, float64 
[2023-01-06 15:54:10,472] 71 root INFO Hypothesis dj_000: float64, float64 
[2023-01-06 15:54:10,488] 71 root INFO Hypothesis dk_000: float64, float64 
[2023-01-06 15:54:10,506] 71 root INFO Hypothesis dl_000: float64, float64 
[2023-01-06 15:54:10,523] 71 root INFO Hypothesis dm_000: float64, float64 
[2023-01-06 15:54:10,539] 71 root INFO Hypothesis dn_000: float64, float64 
[2023-01-06 15:54:10,547] 71 root INFO Hypothesis do_000: float64, float64 
[2023-01-06 15:54:10,554] 71 root INFO Hypothesis dp_000: float64, float64 
[2023-01-06 15:54:10,560] 71 root INFO Hypothesis dq_000: float64, float64 
[2023-01-06 15:54:10,578] 71 root INFO Hypothesis dr_000: float64, float64 
[2023-01-06 15:54:10,595] 71 root INFO Hypothesis ds_000: float64, float64 
[2023-01-06 15:54:10,602] 71 root INFO Hypothesis dt_000: float64, float64 
[2023-01-06 15:54:10,609] 71 root INFO Hypothesis du_000: float64, float64 
[2023-01-06 15:54:10,616] 71 root INFO Hypothesis dv_000: float64, float64 
[2023-01-06 15:54:10,623] 71 root INFO Hypothesis dx_000: float64, float64 
[2023-01-06 15:54:10,628] 71 root INFO Hypothesis dy_000: float64, float64 
[2023-01-06 15:54:10,633] 71 root INFO Hypothesis dz_000: float64, float64 
[2023-01-06 15:54:10,648] 71 root INFO Hypothesis ea_000: float64, float64 
[2023-01-06 15:54:10,665] 71 root INFO Hypothesis eb_000: float64, float64 
[2023-01-06 15:54:10,671] 71 root INFO Hypothesis ec_00: float64, float64 
[2023-01-06 15:54:10,677] 71 root INFO Hypothesis ed_000: float64, float64 
[2023-01-06 15:54:10,684] 71 root INFO Hypothesis ee_000: float64, float64 
[2023-01-06 15:54:10,691] 71 root INFO Hypothesis ee_001: float64, float64 
[2023-01-06 15:54:10,698] 71 root INFO Hypothesis ee_002: float64, float64 
[2023-01-06 15:54:10,705] 71 root INFO Hypothesis ee_003: float64, float64 
[2023-01-06 15:54:10,712] 71 root INFO Hypothesis ee_004: float64, float64 
[2023-01-06 15:54:10,719] 71 root INFO Hypothesis ee_005: float64, float64 
[2023-01-06 15:54:10,726] 71 root INFO Hypothesis ee_006: float64, float64 
[2023-01-06 15:54:10,733] 71 root INFO Hypothesis ee_007: float64, float64 
[2023-01-06 15:54:10,739] 71 root INFO Hypothesis ee_008: float64, float64 
[2023-01-06 15:54:10,746] 71 root INFO Hypothesis ee_009: float64, float64 
[2023-01-06 15:54:10,751] 71 root INFO Hypothesis ef_000: float64, float64 
[2023-01-06 15:54:10,767] 71 root INFO Hypothesis eg_000: float64, float64 
[2023-01-06 15:54:10,782] 134 root INFO Write reprt in yaml file
[2023-01-06 15:54:10,853] 141 root INFO Data validation artifact: DataValidationArtifact(report_file_path='/config/workspace/artifact/01062023__155331/data_validation/report.yaml')
[2023-01-06 15:54:11,794] 63 root INFO before resampling in training set input:{input_feature_train_arr.shape} and target :{target_feature_train_arr.shape}
[2023-01-06 15:54:21,218] 65 root INFO after resampling training set input(56154, 170) and target:(56154,)
[2023-01-06 15:54:21,218] 68 root INFO Before resampling in testing set Input: (7238, 170) Target:(7238,)
[2023-01-06 15:54:22,368] 70 root INFO After resampling in testing set Input: (14044, 170) Target:(14044,)
[2023-01-06 15:54:22,513] 53 root INFO Entered the save_object method of MainUtils class
[2023-01-06 15:54:22,515] 57 root INFO Exited the save_object method of MainUtils class
[2023-01-06 15:54:22,515] 53 root INFO Entered the save_object method of MainUtils class
[2023-01-06 15:54:22,516] 57 root INFO Exited the save_object method of MainUtils class
[2023-01-06 15:54:22,516] 98 root INFO Data transformation object: DataTransformationArtifact(transform_object_path='/config/workspace/artifact/01062023__155331/data_transformation/transformer/transformer.pkl', transformed_train_path='/config/workspace/artifact/01062023__155331/data_transformation/transformed/train.npz', transformed_test_path='/config/workspace/artifact/01062023__155331/data_transformation/transformed/test.npz', target_encoder_path='/config/workspace/artifact/01062023__155331/data_transformation/target_encoder/target_encoder.pkl')
[2023-01-06 15:54:22,517] 37 root INFO loading train and test array
[2023-01-06 15:54:22,555] 42 root INFO splitting input and target feature from both train and test set
[2023-01-06 15:54:22,556] 46 root INFO train the model
[2023-01-06 15:54:47,840] 49 root INFO calculating f1_score for train data
[2023-01-06 15:54:47,899] 53 root INFO calculating f1 test score
[2023-01-06 15:54:47,921] 58 root INFO f1_train_score:1.0  and f1_test_score is : 0.983323749281196
[2023-01-06 15:54:47,921] 61 root INFO checking our model is underfitting or overfitting or goood model
[2023-01-06 15:54:47,921] 65 root INFO checking our model is overfitting or not
[2023-01-06 15:54:47,922] 71 root INFO saving model-object
