[2023-01-06 17:41:28,538] 20 root INFO exporting collection data as pandas dataframe
[2023-01-06 17:41:28,538] 12 root INFO reading from databaseaps qand collection :sensor
[2023-01-06 17:41:32,112] 14 root INFO found columns:Index(['_id', 'class', 'aa_000', 'ab_000', 'ac_000', 'ad_000', 'ae_000',
       'af_000', 'ag_000', 'ag_001',
       ...
       'ee_002', 'ee_003', 'ee_004', 'ee_005', 'ee_006', 'ee_007', 'ee_008',
       'ee_009', 'ef_000', 'eg_000'],
      dtype='object', length=172)
[2023-01-06 17:41:32,113] 16 root INFO dropping _id column
[2023-01-06 17:41:32,310] 24 root INFO save data in feature store,replacing null values with nan
[2023-01-06 17:41:32,832] 27 root INFO creating feature store folder if not available
[2023-01-06 17:41:32,833] 31 root INFO save df to feature store folder
[2023-01-06 17:41:35,262] 34 root INFO spliting data into train test split
[2023-01-06 17:41:35,772] 37 root INFO creating dataset directory if not available
[2023-01-06 17:41:35,773] 41 root INFO save df to feature store folder
[2023-01-06 17:41:37,942] 46 root INFO preparing artifact
[2023-01-06 17:41:37,942] 53 root INFO data ingestion artifact:DataIngestionArtifact(feature_store_file_path='/config/workspace/artifact/01062023__174128/data_ingestion/feature_store/sensor.csv', train_file_path='/config/workspace/artifact/01062023__174128/data_ingestion/dataset/train.csv', test_file_path='/config/workspace/artifact/01062023__174128/data_ingestion/dataset/test.csv')
[2023-01-06 17:41:38,397] 20 root INFO exporting collection data as pandas dataframe
[2023-01-06 17:41:38,397] 12 root INFO reading from databaseaps qand collection :sensor
[2023-01-06 17:41:41,904] 14 root INFO found columns:Index(['_id', 'class', 'aa_000', 'ab_000', 'ac_000', 'ad_000', 'ae_000',
       'af_000', 'ag_000', 'ag_001',
       ...
       'ee_002', 'ee_003', 'ee_004', 'ee_005', 'ee_006', 'ee_007', 'ee_008',
       'ee_009', 'ef_000', 'eg_000'],
      dtype='object', length=172)
[2023-01-06 17:41:41,905] 16 root INFO dropping _id column
[2023-01-06 17:41:42,101] 24 root INFO save data in feature store,replacing null values with nan
[2023-01-06 17:41:42,626] 27 root INFO creating feature store folder if not available
[2023-01-06 17:41:42,626] 31 root INFO save df to feature store folder
[2023-01-06 17:41:45,109] 34 root INFO spliting data into train test split
[2023-01-06 17:41:45,637] 37 root INFO creating dataset directory if not available
[2023-01-06 17:41:45,637] 41 root INFO save df to feature store folder
[2023-01-06 17:41:47,874] 46 root INFO preparing artifact
[2023-01-06 17:41:47,874] 53 root INFO data ingestion artifact:DataIngestionArtifact(feature_store_file_path='/config/workspace/artifact/01062023__174128/data_ingestion/feature_store/sensor.csv', train_file_path='/config/workspace/artifact/01062023__174128/data_ingestion/dataset/train.csv', test_file_path='/config/workspace/artifact/01062023__174128/data_ingestion/dataset/test.csv')
[2023-01-06 17:41:48,275] 16 root INFO >>>>>>>>>>>>>>>>>>>>>>>>>>>>>>>>>>>>>>>> DATA VALIDATION <<<<<<<<<<<<<<<<<<<<<<<<<<<<<<<<<<<<<<<<
[2023-01-06 17:41:48,276] 96 root INFO Reading base dataframe
[2023-01-06 17:41:51,162] 99 root INFO Replace na value in base df
[2023-01-06 17:41:51,162] 101 root INFO Drop null values colums from base df
[2023-01-06 17:41:52,080] 30 root INFO selecting column nane which containing null above 0.2
[2023-01-06 17:41:52,080] 33 root INFO column names to drop['ab_000', 'ad_000', 'bk_000', 'bl_000', 'bm_000', 'bn_000', 'bo_000', 'bp_000', 'bq_000', 'br_000', 'cf_000', 'cg_000', 'ch_000', 'co_000', 'cr_000', 'ct_000', 'cu_000', 'cv_000', 'cx_000', 'cy_000', 'cz_000', 'da_000', 'db_000', 'dc_000']
[2023-01-06 17:41:52,168] 104 root INFO reading train dataframe
[2023-01-06 17:41:52,565] 106 root INFO reading test dataframe
[2023-01-06 17:41:52,668] 109 root INFO dropping null vakluecolumns from  train df
[2023-01-06 17:41:52,680] 30 root INFO selecting column nane which containing null above 0.2
[2023-01-06 17:41:52,680] 33 root INFO column names to drop['ab_000', 'ad_000', 'bk_000', 'bl_000', 'bm_000', 'bn_000', 'bo_000', 'bp_000', 'bq_000', 'br_000', 'cf_000', 'cg_000', 'ch_000', 'co_000', 'cr_000', 'ct_000', 'cu_000', 'cv_000', 'cx_000', 'cy_000', 'cz_000', 'da_000', 'db_000', 'dc_000']
[2023-01-06 17:41:52,689] 111 root INFO dropping missing value columns in test dataset
[2023-01-06 17:41:52,693] 30 root INFO selecting column nane which containing null above 0.2
[2023-01-06 17:41:52,694] 33 root INFO column names to drop['ab_000', 'ad_000', 'bk_000', 'bl_000', 'bm_000', 'bn_000', 'bo_000', 'bp_000', 'bq_000', 'br_000', 'cf_000', 'cg_000', 'ch_000', 'co_000', 'cr_000', 'ct_000', 'cu_000', 'cv_000', 'cx_000', 'cy_000', 'cz_000', 'da_000', 'db_000', 'dc_000']
[2023-01-06 17:41:58,486] 122 root INFO Is all required columns present in train df
[2023-01-06 17:41:58,486] 124 root INFO Is all required columns present in test df
[2023-01-06 17:41:58,486] 128 root INFO As all column are available in train df hence detecting data drift
[2023-01-06 17:41:58,486] 71 root INFO Hypothesis class: object, object 
[2023-01-06 17:41:58,621] 71 root INFO Hypothesis aa_000: float64, float64 
[2023-01-06 17:41:58,631] 71 root INFO Hypothesis ac_000: float64, float64 
[2023-01-06 17:41:58,639] 71 root INFO Hypothesis ae_000: float64, float64 
[2023-01-06 17:41:58,677] 71 root INFO Hypothesis af_000: float64, float64 
[2023-01-06 17:41:58,715] 71 root INFO Hypothesis ag_000: float64, float64 
[2023-01-06 17:41:58,751] 71 root INFO Hypothesis ag_001: float64, float64 
[2023-01-06 17:41:58,787] 71 root INFO Hypothesis ag_002: float64, float64 
[2023-01-06 17:41:58,792] 71 root INFO Hypothesis ag_003: float64, float64 
[2023-01-06 17:41:58,798] 71 root INFO Hypothesis ag_004: float64, float64 
[2023-01-06 17:41:58,808] 71 root INFO Hypothesis ag_005: float64, float64 
[2023-01-06 17:41:58,819] 71 root INFO Hypothesis ag_006: float64, float64 
[2023-01-06 17:41:58,830] 71 root INFO Hypothesis ag_007: float64, float64 
[2023-01-06 17:41:58,839] 71 root INFO Hypothesis ag_008: float64, float64 
[2023-01-06 17:41:58,848] 71 root INFO Hypothesis ag_009: float64, float64 
[2023-01-06 17:41:58,886] 71 root INFO Hypothesis ah_000: float64, float64 
[2023-01-06 17:41:58,934] 71 root INFO Hypothesis ai_000: float64, float64 
[2023-01-06 17:41:58,970] 71 root INFO Hypothesis aj_000: float64, float64 
[2023-01-06 17:41:59,008] 71 root INFO Hypothesis ak_000: float64, float64 
[2023-01-06 17:41:59,044] 71 root INFO Hypothesis al_000: float64, float64 
[2023-01-06 17:41:59,052] 71 root INFO Hypothesis am_0: float64, float64 
[2023-01-06 17:41:59,059] 71 root INFO Hypothesis an_000: float64, float64 
[2023-01-06 17:41:59,070] 71 root INFO Hypothesis ao_000: float64, float64 
[2023-01-06 17:41:59,082] 71 root INFO Hypothesis ap_000: float64, float64 
[2023-01-06 17:41:59,125] 71 root INFO Hypothesis aq_000: float64, float64 
[2023-01-06 17:41:59,169] 71 root INFO Hypothesis ar_000: float64, float64 
[2023-01-06 17:41:59,206] 71 root INFO Hypothesis as_000: float64, float64 
[2023-01-06 17:41:59,243] 71 root INFO Hypothesis at_000: float64, float64 
[2023-01-06 17:41:59,282] 71 root INFO Hypothesis au_000: float64, float64 
[2023-01-06 17:41:59,324] 71 root INFO Hypothesis av_000: float64, float64 
[2023-01-06 17:41:59,366] 71 root INFO Hypothesis ax_000: float64, float64 
[2023-01-06 17:41:59,374] 71 root INFO Hypothesis ay_000: float64, float64 
[2023-01-06 17:41:59,410] 71 root INFO Hypothesis ay_001: float64, float64 
[2023-01-06 17:41:59,447] 71 root INFO Hypothesis ay_002: float64, float64 
[2023-01-06 17:41:59,483] 71 root INFO Hypothesis ay_003: float64, float64 
[2023-01-06 17:41:59,520] 71 root INFO Hypothesis ay_004: float64, float64 
[2023-01-06 17:41:59,558] 71 root INFO Hypothesis ay_005: float64, float64 
[2023-01-06 17:41:59,566] 71 root INFO Hypothesis ay_006: float64, float64 
[2023-01-06 17:41:59,608] 71 root INFO Hypothesis ay_007: float64, float64 
[2023-01-06 17:41:59,620] 71 root INFO Hypothesis ay_008: float64, float64 
[2023-01-06 17:41:59,631] 71 root INFO Hypothesis ay_009: float64, float64 
[2023-01-06 17:41:59,667] 71 root INFO Hypothesis az_000: float64, float64 
[2023-01-06 17:41:59,677] 71 root INFO Hypothesis az_001: float64, float64 
[2023-01-06 17:41:59,687] 71 root INFO Hypothesis az_002: float64, float64 
[2023-01-06 17:41:59,696] 71 root INFO Hypothesis az_003: float64, float64 
[2023-01-06 17:41:59,739] 71 root INFO Hypothesis az_004: float64, float64 
[2023-01-06 17:41:59,750] 71 root INFO Hypothesis az_005: float64, float64 
[2023-01-06 17:41:59,761] 71 root INFO Hypothesis az_006: float64, float64 
[2023-01-06 17:41:59,770] 71 root INFO Hypothesis az_007: float64, float64 
[2023-01-06 17:41:59,808] 71 root INFO Hypothesis az_008: float64, float64 
[2023-01-06 17:41:59,844] 71 root INFO Hypothesis az_009: float64, float64 
[2023-01-06 17:41:59,883] 71 root INFO Hypothesis ba_000: float64, float64 
[2023-01-06 17:41:59,894] 71 root INFO Hypothesis ba_001: float64, float64 
[2023-01-06 17:41:59,905] 71 root INFO Hypothesis ba_002: float64, float64 
[2023-01-06 17:41:59,915] 71 root INFO Hypothesis ba_003: float64, float64 
[2023-01-06 17:41:59,926] 71 root INFO Hypothesis ba_004: float64, float64 
[2023-01-06 17:41:59,936] 71 root INFO Hypothesis ba_005: float64, float64 
[2023-01-06 17:41:59,978] 71 root INFO Hypothesis ba_006: float64, float64 
[2023-01-06 17:41:59,988] 71 root INFO Hypothesis ba_007: float64, float64 
[2023-01-06 17:41:59,998] 71 root INFO Hypothesis ba_008: float64, float64 
[2023-01-06 17:42:00,006] 71 root INFO Hypothesis ba_009: float64, float64 
[2023-01-06 17:42:00,045] 71 root INFO Hypothesis bb_000: float64, float64 
[2023-01-06 17:42:00,090] 71 root INFO Hypothesis bc_000: float64, float64 
[2023-01-06 17:42:00,098] 71 root INFO Hypothesis bd_000: float64, float64 
[2023-01-06 17:42:00,142] 71 root INFO Hypothesis be_000: float64, float64 
[2023-01-06 17:42:00,150] 71 root INFO Hypothesis bf_000: float64, float64 
[2023-01-06 17:42:00,190] 71 root INFO Hypothesis bg_000: float64, float64 
[2023-01-06 17:42:00,233] 71 root INFO Hypothesis bh_000: float64, float64 
[2023-01-06 17:42:00,276] 71 root INFO Hypothesis bi_000: float64, float64 
[2023-01-06 17:42:00,318] 71 root INFO Hypothesis bj_000: float64, float64 
[2023-01-06 17:42:00,362] 71 root INFO Hypothesis bs_000: float64, float64 
[2023-01-06 17:42:00,373] 71 root INFO Hypothesis bt_000: float64, float64 
[2023-01-06 17:42:00,384] 71 root INFO Hypothesis bu_000: float64, float64 
[2023-01-06 17:42:00,426] 71 root INFO Hypothesis bv_000: float64, float64 
[2023-01-06 17:42:00,469] 71 root INFO Hypothesis bx_000: float64, float64 
[2023-01-06 17:42:00,480] 71 root INFO Hypothesis by_000: float64, float64 
[2023-01-06 17:42:00,490] 71 root INFO Hypothesis bz_000: float64, float64 
[2023-01-06 17:42:00,499] 71 root INFO Hypothesis ca_000: float64, float64 
[2023-01-06 17:42:00,542] 71 root INFO Hypothesis cb_000: float64, float64 
[2023-01-06 17:42:00,586] 71 root INFO Hypothesis cc_000: float64, float64 
[2023-01-06 17:42:00,596] 71 root INFO Hypothesis cd_000: float64, float64 
[2023-01-06 17:42:00,633] 71 root INFO Hypothesis ce_000: float64, float64 
[2023-01-06 17:42:00,642] 71 root INFO Hypothesis ci_000: float64, float64 
[2023-01-06 17:42:00,685] 71 root INFO Hypothesis cj_000: float64, float64 
[2023-01-06 17:42:00,722] 71 root INFO Hypothesis ck_000: float64, float64 
[2023-01-06 17:42:00,732] 71 root INFO Hypothesis cl_000: float64, float64 
[2023-01-06 17:42:00,738] 71 root INFO Hypothesis cm_000: float64, float64 
[2023-01-06 17:42:00,745] 71 root INFO Hypothesis cn_000: float64, float64 
[2023-01-06 17:42:00,783] 71 root INFO Hypothesis cn_001: float64, float64 
[2023-01-06 17:42:00,789] 71 root INFO Hypothesis cn_002: float64, float64 
[2023-01-06 17:42:00,797] 71 root INFO Hypothesis cn_003: float64, float64 
[2023-01-06 17:42:00,807] 71 root INFO Hypothesis cn_004: float64, float64 
[2023-01-06 17:42:00,818] 71 root INFO Hypothesis cn_005: float64, float64 
[2023-01-06 17:42:00,828] 71 root INFO Hypothesis cn_006: float64, float64 
[2023-01-06 17:42:00,840] 71 root INFO Hypothesis cn_007: float64, float64 
[2023-01-06 17:42:00,850] 71 root INFO Hypothesis cn_008: float64, float64 
[2023-01-06 17:42:00,859] 71 root INFO Hypothesis cn_009: float64, float64 
[2023-01-06 17:42:00,899] 71 root INFO Hypothesis cp_000: float64, float64 
[2023-01-06 17:42:00,907] 71 root INFO Hypothesis cq_000: float64, float64 
[2023-01-06 17:42:00,949] 71 root INFO Hypothesis cs_000: float64, float64 
[2023-01-06 17:42:00,959] 71 root INFO Hypothesis cs_001: float64, float64 
[2023-01-06 17:42:00,968] 71 root INFO Hypothesis cs_002: float64, float64 
[2023-01-06 17:42:00,978] 71 root INFO Hypothesis cs_003: float64, float64 
[2023-01-06 17:42:00,988] 71 root INFO Hypothesis cs_004: float64, float64 
[2023-01-06 17:42:01,031] 71 root INFO Hypothesis cs_005: float64, float64 
[2023-01-06 17:42:01,041] 71 root INFO Hypothesis cs_006: float64, float64 
[2023-01-06 17:42:01,052] 71 root INFO Hypothesis cs_007: float64, float64 
[2023-01-06 17:42:01,062] 71 root INFO Hypothesis cs_008: float64, float64 
[2023-01-06 17:42:01,112] 71 root INFO Hypothesis cs_009: float64, float64 
[2023-01-06 17:42:01,150] 71 root INFO Hypothesis dd_000: float64, float64 
[2023-01-06 17:42:01,159] 71 root INFO Hypothesis de_000: float64, float64 
[2023-01-06 17:42:01,167] 71 root INFO Hypothesis df_000: float64, float64 
[2023-01-06 17:42:01,205] 71 root INFO Hypothesis dg_000: float64, float64 
[2023-01-06 17:42:01,241] 71 root INFO Hypothesis dh_000: float64, float64 
[2023-01-06 17:42:01,278] 71 root INFO Hypothesis di_000: float64, float64 
[2023-01-06 17:42:01,316] 71 root INFO Hypothesis dj_000: float64, float64 
[2023-01-06 17:42:01,353] 71 root INFO Hypothesis dk_000: float64, float64 
[2023-01-06 17:42:01,390] 71 root INFO Hypothesis dl_000: float64, float64 
[2023-01-06 17:42:01,426] 71 root INFO Hypothesis dm_000: float64, float64 
[2023-01-06 17:42:01,464] 71 root INFO Hypothesis dn_000: float64, float64 
[2023-01-06 17:42:01,509] 71 root INFO Hypothesis do_000: float64, float64 
[2023-01-06 17:42:01,554] 71 root INFO Hypothesis dp_000: float64, float64 
[2023-01-06 17:42:01,597] 71 root INFO Hypothesis dq_000: float64, float64 
[2023-01-06 17:42:01,604] 71 root INFO Hypothesis dr_000: float64, float64 
[2023-01-06 17:42:01,610] 71 root INFO Hypothesis ds_000: float64, float64 
[2023-01-06 17:42:01,651] 71 root INFO Hypothesis dt_000: float64, float64 
[2023-01-06 17:42:01,694] 71 root INFO Hypothesis du_000: float64, float64 
[2023-01-06 17:42:01,737] 71 root INFO Hypothesis dv_000: float64, float64 
[2023-01-06 17:42:01,780] 71 root INFO Hypothesis dx_000: float64, float64 
[2023-01-06 17:42:01,819] 71 root INFO Hypothesis dy_000: float64, float64 
[2023-01-06 17:42:01,858] 71 root INFO Hypothesis dz_000: float64, float64 
[2023-01-06 17:42:01,895] 71 root INFO Hypothesis ea_000: float64, float64 
[2023-01-06 17:42:01,932] 71 root INFO Hypothesis eb_000: float64, float64 
[2023-01-06 17:42:01,940] 71 root INFO Hypothesis ec_00: float64, float64 
[2023-01-06 17:42:01,950] 71 root INFO Hypothesis ed_000: float64, float64 
[2023-01-06 17:42:01,958] 71 root INFO Hypothesis ee_000: float64, float64 
[2023-01-06 17:42:01,969] 71 root INFO Hypothesis ee_001: float64, float64 
[2023-01-06 17:42:01,980] 71 root INFO Hypothesis ee_002: float64, float64 
[2023-01-06 17:42:01,990] 71 root INFO Hypothesis ee_003: float64, float64 
[2023-01-06 17:42:02,000] 71 root INFO Hypothesis ee_004: float64, float64 
[2023-01-06 17:42:02,010] 71 root INFO Hypothesis ee_005: float64, float64 
[2023-01-06 17:42:02,021] 71 root INFO Hypothesis ee_006: float64, float64 
[2023-01-06 17:42:02,031] 71 root INFO Hypothesis ee_007: float64, float64 
[2023-01-06 17:42:02,040] 71 root INFO Hypothesis ee_008: float64, float64 
[2023-01-06 17:42:02,049] 71 root INFO Hypothesis ee_009: float64, float64 
[2023-01-06 17:42:02,057] 71 root INFO Hypothesis ef_000: float64, float64 
[2023-01-06 17:42:02,093] 71 root INFO Hypothesis eg_000: float64, float64 
[2023-01-06 17:42:02,129] 131 root INFO As all column are available in test df hence detecting data drift
[2023-01-06 17:42:02,129] 71 root INFO Hypothesis class: object, object 
[2023-01-06 17:42:02,205] 71 root INFO Hypothesis aa_000: float64, float64 
[2023-01-06 17:42:02,211] 71 root INFO Hypothesis ac_000: float64, float64 
[2023-01-06 17:42:02,217] 71 root INFO Hypothesis ae_000: float64, float64 
[2023-01-06 17:42:02,236] 71 root INFO Hypothesis af_000: float64, float64 
[2023-01-06 17:42:02,252] 71 root INFO Hypothesis ag_000: float64, float64 
[2023-01-06 17:42:02,267] 71 root INFO Hypothesis ag_001: float64, float64 
[2023-01-06 17:42:02,271] 71 root INFO Hypothesis ag_002: float64, float64 
[2023-01-06 17:42:02,274] 71 root INFO Hypothesis ag_003: float64, float64 
[2023-01-06 17:42:02,278] 71 root INFO Hypothesis ag_004: float64, float64 
[2023-01-06 17:42:02,285] 71 root INFO Hypothesis ag_005: float64, float64 
[2023-01-06 17:42:02,292] 71 root INFO Hypothesis ag_006: float64, float64 
[2023-01-06 17:42:02,299] 71 root INFO Hypothesis ag_007: float64, float64 
[2023-01-06 17:42:02,305] 71 root INFO Hypothesis ag_008: float64, float64 
[2023-01-06 17:42:02,311] 71 root INFO Hypothesis ag_009: float64, float64 
[2023-01-06 17:42:02,316] 71 root INFO Hypothesis ah_000: float64, float64 
[2023-01-06 17:42:02,323] 71 root INFO Hypothesis ai_000: float64, float64 
[2023-01-06 17:42:02,326] 71 root INFO Hypothesis aj_000: float64, float64 
[2023-01-06 17:42:02,342] 71 root INFO Hypothesis ak_000: float64, float64 
[2023-01-06 17:42:02,358] 71 root INFO Hypothesis al_000: float64, float64 
[2023-01-06 17:42:02,363] 71 root INFO Hypothesis am_0: float64, float64 
[2023-01-06 17:42:02,368] 71 root INFO Hypothesis an_000: float64, float64 
[2023-01-06 17:42:02,375] 71 root INFO Hypothesis ao_000: float64, float64 
[2023-01-06 17:42:02,382] 71 root INFO Hypothesis ap_000: float64, float64 
[2023-01-06 17:42:02,389] 71 root INFO Hypothesis aq_000: float64, float64 
[2023-01-06 17:42:02,396] 71 root INFO Hypothesis ar_000: float64, float64 
[2023-01-06 17:42:02,412] 71 root INFO Hypothesis as_000: float64, float64 
[2023-01-06 17:42:02,427] 71 root INFO Hypothesis at_000: float64, float64 
[2023-01-06 17:42:02,443] 71 root INFO Hypothesis au_000: float64, float64 
[2023-01-06 17:42:02,458] 71 root INFO Hypothesis av_000: float64, float64 
[2023-01-06 17:42:02,463] 71 root INFO Hypothesis ax_000: float64, float64 
[2023-01-06 17:42:02,469] 71 root INFO Hypothesis ay_000: float64, float64 
[2023-01-06 17:42:02,472] 71 root INFO Hypothesis ay_001: float64, float64 
[2023-01-06 17:42:02,475] 71 root INFO Hypothesis ay_002: float64, float64 
[2023-01-06 17:42:02,478] 71 root INFO Hypothesis ay_003: float64, float64 
[2023-01-06 17:42:02,493] 71 root INFO Hypothesis ay_004: float64, float64 
[2023-01-06 17:42:02,496] 71 root INFO Hypothesis ay_005: float64, float64 
[2023-01-06 17:42:02,502] 71 root INFO Hypothesis ay_006: float64, float64 
[2023-01-06 17:42:02,508] 71 root INFO Hypothesis ay_007: float64, float64 
[2023-01-06 17:42:02,514] 71 root INFO Hypothesis ay_008: float64, float64 
[2023-01-06 17:42:02,521] 71 root INFO Hypothesis ay_009: float64, float64 
[2023-01-06 17:42:02,536] 71 root INFO Hypothesis az_000: float64, float64 
[2023-01-06 17:42:02,543] 71 root INFO Hypothesis az_001: float64, float64 
[2023-01-06 17:42:02,549] 71 root INFO Hypothesis az_002: float64, float64 
[2023-01-06 17:42:02,555] 71 root INFO Hypothesis az_003: float64, float64 
[2023-01-06 17:42:02,562] 71 root INFO Hypothesis az_004: float64, float64 
[2023-01-06 17:42:02,569] 71 root INFO Hypothesis az_005: float64, float64 
[2023-01-06 17:42:02,576] 71 root INFO Hypothesis az_006: float64, float64 
[2023-01-06 17:42:02,582] 71 root INFO Hypothesis az_007: float64, float64 
[2023-01-06 17:42:02,587] 71 root INFO Hypothesis az_008: float64, float64 
[2023-01-06 17:42:02,590] 71 root INFO Hypothesis az_009: float64, float64 
[2023-01-06 17:42:02,606] 71 root INFO Hypothesis ba_000: float64, float64 
[2023-01-06 17:42:02,614] 71 root INFO Hypothesis ba_001: float64, float64 
[2023-01-06 17:42:02,622] 71 root INFO Hypothesis ba_002: float64, float64 
[2023-01-06 17:42:02,629] 71 root INFO Hypothesis ba_003: float64, float64 
[2023-01-06 17:42:02,636] 71 root INFO Hypothesis ba_004: float64, float64 
[2023-01-06 17:42:02,644] 71 root INFO Hypothesis ba_005: float64, float64 
[2023-01-06 17:42:02,651] 71 root INFO Hypothesis ba_006: float64, float64 
[2023-01-06 17:42:02,658] 71 root INFO Hypothesis ba_007: float64, float64 
[2023-01-06 17:42:02,665] 71 root INFO Hypothesis ba_008: float64, float64 
[2023-01-06 17:42:02,670] 71 root INFO Hypothesis ba_009: float64, float64 
[2023-01-06 17:42:02,675] 71 root INFO Hypothesis bb_000: float64, float64 
[2023-01-06 17:42:02,682] 71 root INFO Hypothesis bc_000: float64, float64 
[2023-01-06 17:42:02,687] 71 root INFO Hypothesis bd_000: float64, float64 
[2023-01-06 17:42:02,693] 71 root INFO Hypothesis be_000: float64, float64 
[2023-01-06 17:42:02,699] 71 root INFO Hypothesis bf_000: float64, float64 
[2023-01-06 17:42:02,704] 71 root INFO Hypothesis bg_000: float64, float64 
[2023-01-06 17:42:02,711] 71 root INFO Hypothesis bh_000: float64, float64 
[2023-01-06 17:42:02,717] 71 root INFO Hypothesis bi_000: float64, float64 
[2023-01-06 17:42:02,724] 71 root INFO Hypothesis bj_000: float64, float64 
[2023-01-06 17:42:02,732] 71 root INFO Hypothesis bs_000: float64, float64 
[2023-01-06 17:42:02,739] 71 root INFO Hypothesis bt_000: float64, float64 
[2023-01-06 17:42:02,746] 71 root INFO Hypothesis bu_000: float64, float64 
[2023-01-06 17:42:02,753] 71 root INFO Hypothesis bv_000: float64, float64 
[2023-01-06 17:42:02,760] 71 root INFO Hypothesis bx_000: float64, float64 
[2023-01-06 17:42:02,767] 71 root INFO Hypothesis by_000: float64, float64 
[2023-01-06 17:42:02,774] 71 root INFO Hypothesis bz_000: float64, float64 
[2023-01-06 17:42:02,780] 71 root INFO Hypothesis ca_000: float64, float64 
[2023-01-06 17:42:02,786] 71 root INFO Hypothesis cb_000: float64, float64 
[2023-01-06 17:42:02,794] 71 root INFO Hypothesis cc_000: float64, float64 
[2023-01-06 17:42:02,801] 71 root INFO Hypothesis cd_000: float64, float64 
[2023-01-06 17:42:02,816] 71 root INFO Hypothesis ce_000: float64, float64 
[2023-01-06 17:42:02,822] 71 root INFO Hypothesis ci_000: float64, float64 
[2023-01-06 17:42:02,829] 71 root INFO Hypothesis cj_000: float64, float64 
[2023-01-06 17:42:02,833] 71 root INFO Hypothesis ck_000: float64, float64 
[2023-01-06 17:42:02,840] 71 root INFO Hypothesis cl_000: float64, float64 
[2023-01-06 17:42:02,845] 71 root INFO Hypothesis cm_000: float64, float64 
[2023-01-06 17:42:02,849] 71 root INFO Hypothesis cn_000: float64, float64 
[2023-01-06 17:42:02,852] 71 root INFO Hypothesis cn_001: float64, float64 
[2023-01-06 17:42:02,856] 71 root INFO Hypothesis cn_002: float64, float64 
[2023-01-06 17:42:02,862] 71 root INFO Hypothesis cn_003: float64, float64 
[2023-01-06 17:42:02,869] 71 root INFO Hypothesis cn_004: float64, float64 
[2023-01-06 17:42:02,876] 71 root INFO Hypothesis cn_005: float64, float64 
[2023-01-06 17:42:02,883] 71 root INFO Hypothesis cn_006: float64, float64 
[2023-01-06 17:42:02,890] 71 root INFO Hypothesis cn_007: float64, float64 
[2023-01-06 17:42:02,896] 71 root INFO Hypothesis cn_008: float64, float64 
[2023-01-06 17:42:02,903] 71 root INFO Hypothesis cn_009: float64, float64 
[2023-01-06 17:42:02,908] 71 root INFO Hypothesis cp_000: float64, float64 
[2023-01-06 17:42:02,913] 71 root INFO Hypothesis cq_000: float64, float64 
[2023-01-06 17:42:02,920] 71 root INFO Hypothesis cs_000: float64, float64 
[2023-01-06 17:42:02,927] 71 root INFO Hypothesis cs_001: float64, float64 
[2023-01-06 17:42:02,933] 71 root INFO Hypothesis cs_002: float64, float64 
[2023-01-06 17:42:02,939] 71 root INFO Hypothesis cs_003: float64, float64 
[2023-01-06 17:42:02,946] 71 root INFO Hypothesis cs_004: float64, float64 
[2023-01-06 17:42:02,954] 71 root INFO Hypothesis cs_005: float64, float64 
[2023-01-06 17:42:02,961] 71 root INFO Hypothesis cs_006: float64, float64 
[2023-01-06 17:42:02,969] 71 root INFO Hypothesis cs_007: float64, float64 
[2023-01-06 17:42:02,977] 71 root INFO Hypothesis cs_008: float64, float64 
[2023-01-06 17:42:02,982] 71 root INFO Hypothesis cs_009: float64, float64 
[2023-01-06 17:42:02,985] 71 root INFO Hypothesis dd_000: float64, float64 
[2023-01-06 17:42:02,991] 71 root INFO Hypothesis de_000: float64, float64 
[2023-01-06 17:42:02,997] 71 root INFO Hypothesis df_000: float64, float64 
[2023-01-06 17:42:03,000] 71 root INFO Hypothesis dg_000: float64, float64 
[2023-01-06 17:42:03,004] 71 root INFO Hypothesis dh_000: float64, float64 
[2023-01-06 17:42:03,007] 71 root INFO Hypothesis di_000: float64, float64 
[2023-01-06 17:42:03,025] 71 root INFO Hypothesis dj_000: float64, float64 
[2023-01-06 17:42:03,044] 71 root INFO Hypothesis dk_000: float64, float64 
[2023-01-06 17:42:03,060] 71 root INFO Hypothesis dl_000: float64, float64 
[2023-01-06 17:42:03,076] 71 root INFO Hypothesis dm_000: float64, float64 
[2023-01-06 17:42:03,091] 71 root INFO Hypothesis dn_000: float64, float64 
[2023-01-06 17:42:03,098] 71 root INFO Hypothesis do_000: float64, float64 
[2023-01-06 17:42:03,104] 71 root INFO Hypothesis dp_000: float64, float64 
[2023-01-06 17:42:03,110] 71 root INFO Hypothesis dq_000: float64, float64 
[2023-01-06 17:42:03,115] 71 root INFO Hypothesis dr_000: float64, float64 
[2023-01-06 17:42:03,119] 71 root INFO Hypothesis ds_000: float64, float64 
[2023-01-06 17:42:03,126] 71 root INFO Hypothesis dt_000: float64, float64 
[2023-01-06 17:42:03,133] 71 root INFO Hypothesis du_000: float64, float64 
[2023-01-06 17:42:03,139] 71 root INFO Hypothesis dv_000: float64, float64 
[2023-01-06 17:42:03,146] 71 root INFO Hypothesis dx_000: float64, float64 
[2023-01-06 17:42:03,151] 71 root INFO Hypothesis dy_000: float64, float64 
[2023-01-06 17:42:03,168] 71 root INFO Hypothesis dz_000: float64, float64 
[2023-01-06 17:42:03,183] 71 root INFO Hypothesis ea_000: float64, float64 
[2023-01-06 17:42:03,199] 71 root INFO Hypothesis eb_000: float64, float64 
[2023-01-06 17:42:03,204] 71 root INFO Hypothesis ec_00: float64, float64 
[2023-01-06 17:42:03,211] 71 root INFO Hypothesis ed_000: float64, float64 
[2023-01-06 17:42:03,217] 71 root INFO Hypothesis ee_000: float64, float64 
[2023-01-06 17:42:03,224] 71 root INFO Hypothesis ee_001: float64, float64 
[2023-01-06 17:42:03,232] 71 root INFO Hypothesis ee_002: float64, float64 
[2023-01-06 17:42:03,239] 71 root INFO Hypothesis ee_003: float64, float64 
[2023-01-06 17:42:03,245] 71 root INFO Hypothesis ee_004: float64, float64 
[2023-01-06 17:42:03,252] 71 root INFO Hypothesis ee_005: float64, float64 
[2023-01-06 17:42:03,259] 71 root INFO Hypothesis ee_006: float64, float64 
[2023-01-06 17:42:03,277] 71 root INFO Hypothesis ee_007: float64, float64 
[2023-01-06 17:42:03,284] 71 root INFO Hypothesis ee_008: float64, float64 
[2023-01-06 17:42:03,290] 71 root INFO Hypothesis ee_009: float64, float64 
[2023-01-06 17:42:03,295] 71 root INFO Hypothesis ef_000: float64, float64 
[2023-01-06 17:42:03,311] 71 root INFO Hypothesis eg_000: float64, float64 
[2023-01-06 17:42:03,326] 134 root INFO Write reprt in yaml file
[2023-01-06 17:42:03,394] 141 root INFO Data validation artifact: DataValidationArtifact(report_file_path='/config/workspace/artifact/01062023__174128/data_validation/report.yaml')
[2023-01-06 17:42:04,301] 63 root INFO before resampling in training set input:{input_feature_train_arr.shape} and target :{target_feature_train_arr.shape}
[2023-01-06 17:42:09,842] 65 root INFO after resampling training set input(56136, 170) and target:(56136,)
[2023-01-06 17:42:09,842] 68 root INFO Before resampling in testing set Input: (7238, 170) Target:(7238,)
[2023-01-06 17:42:10,465] 70 root INFO After resampling in testing set Input: (14100, 170) Target:(14100,)
[2023-01-06 17:42:10,573] 53 root INFO Entered the save_object method of MainUtils class
[2023-01-06 17:42:10,576] 57 root INFO Exited the save_object method of MainUtils class
[2023-01-06 17:42:10,576] 53 root INFO Entered the save_object method of MainUtils class
[2023-01-06 17:42:10,577] 57 root INFO Exited the save_object method of MainUtils class
[2023-01-06 17:42:10,577] 98 root INFO Data transformation object: DataTransformationArtifact(transform_object_path='/config/workspace/artifact/01062023__174128/data_transformation/transformer/transformer.pkl', transformed_train_path='/config/workspace/artifact/01062023__174128/data_transformation/transformed/train.npz', transformed_test_path='/config/workspace/artifact/01062023__174128/data_transformation/transformed/test.npz', target_encoder_path='/config/workspace/artifact/01062023__174128/data_transformation/target_encoder/target_encoder.pkl')
[2023-01-06 17:42:10,578] 37 root INFO loading train and test array
[2023-01-06 17:42:10,608] 42 root INFO splitting input and target feature from both train and test set
[2023-01-06 17:42:10,608] 46 root INFO train the model
[2023-01-06 17:42:21,425] 49 root INFO calculating f1_score for train data
[2023-01-06 17:42:21,475] 53 root INFO calculating f1 test score
[2023-01-06 17:42:21,490] 58 root INFO f1_train_score:1.0  and f1_test_score is : 0.9777138749101365
[2023-01-06 17:42:21,490] 61 root INFO checking our model is underfitting or overfitting or goood model
[2023-01-06 17:42:21,490] 65 root INFO checking our model is overfitting or not
[2023-01-06 17:42:21,491] 71 root INFO saving model-object
[2023-01-06 17:42:21,491] 53 root INFO Entered the save_object method of MainUtils class
[2023-01-06 17:42:21,496] 57 root INFO Exited the save_object method of MainUtils class
[2023-01-06 17:42:21,496] 75 root INFO preparing the artifact
[2023-01-06 17:42:21,496] 78 root INFO Model trainer artifact: ModelTrainerArtifact(model_path='/config/workspace/artifact/01062023__174128/model_trainer/model/model.pkl', f1_train_score=1.0, f1_test_score=0.9777138749101365)
[2023-01-06 17:42:21,498] 14 root INFO >>>>>>>>>>>>>>>>>>>>>>>>>>>>>>>>>>>>>>>>  Model Evaluation <<<<<<<<<<<<<<<<<<<<<<<<<<<<<<<<<<<<<<<<
[2023-01-06 17:42:21,498] 34 root INFO Model evaluation artifact: ModelEvaluationArtifact(is_model_accepted=True, improved_accuracy=None)
