[2023-01-06 15:56:22,491] 20 root INFO exporting collection data as pandas dataframe
[2023-01-06 15:56:22,492] 12 root INFO reading from databaseaps qand collection :sensor
[2023-01-06 15:56:26,657] 14 root INFO found columns:Index(['_id', 'class', 'aa_000', 'ab_000', 'ac_000', 'ad_000', 'ae_000',
       'af_000', 'ag_000', 'ag_001',
       ...
       'ee_002', 'ee_003', 'ee_004', 'ee_005', 'ee_006', 'ee_007', 'ee_008',
       'ee_009', 'ef_000', 'eg_000'],
      dtype='object', length=172)
[2023-01-06 15:56:26,658] 16 root INFO dropping _id column
[2023-01-06 15:56:26,919] 24 root INFO save data in feature store,replacing null values with nan
[2023-01-06 15:56:27,639] 27 root INFO creating feature store folder if not available
[2023-01-06 15:56:27,639] 31 root INFO save df to feature store folder
[2023-01-06 15:56:30,340] 34 root INFO spliting data into train test split
[2023-01-06 15:56:31,019] 37 root INFO creating dataset directory if not available
[2023-01-06 15:56:31,019] 41 root INFO save df to feature store folder
[2023-01-06 15:56:33,200] 46 root INFO preparing artifact
[2023-01-06 15:56:33,201] 53 root INFO data ingestion artifact:DataIngestionArtifact(feature_store_file_path='/config/workspace/artifact/01062023__155622/data_ingestion/feature_store/sensor.csv', train_file_path='/config/workspace/artifact/01062023__155622/data_ingestion/dataset/train.csv', test_file_path='/config/workspace/artifact/01062023__155622/data_ingestion/dataset/test.csv')
[2023-01-06 15:56:33,652] 20 root INFO exporting collection data as pandas dataframe
[2023-01-06 15:56:33,653] 12 root INFO reading from databaseaps qand collection :sensor
[2023-01-06 15:56:37,432] 14 root INFO found columns:Index(['_id', 'class', 'aa_000', 'ab_000', 'ac_000', 'ad_000', 'ae_000',
       'af_000', 'ag_000', 'ag_001',
       ...
       'ee_002', 'ee_003', 'ee_004', 'ee_005', 'ee_006', 'ee_007', 'ee_008',
       'ee_009', 'ef_000', 'eg_000'],
      dtype='object', length=172)
[2023-01-06 15:56:37,432] 16 root INFO dropping _id column
[2023-01-06 15:56:37,631] 24 root INFO save data in feature store,replacing null values with nan
[2023-01-06 15:56:38,250] 27 root INFO creating feature store folder if not available
[2023-01-06 15:56:38,251] 31 root INFO save df to feature store folder
[2023-01-06 15:56:40,706] 34 root INFO spliting data into train test split
[2023-01-06 15:56:41,244] 37 root INFO creating dataset directory if not available
[2023-01-06 15:56:41,244] 41 root INFO save df to feature store folder
[2023-01-06 15:56:43,513] 46 root INFO preparing artifact
[2023-01-06 15:56:43,513] 53 root INFO data ingestion artifact:DataIngestionArtifact(feature_store_file_path='/config/workspace/artifact/01062023__155622/data_ingestion/feature_store/sensor.csv', train_file_path='/config/workspace/artifact/01062023__155622/data_ingestion/dataset/train.csv', test_file_path='/config/workspace/artifact/01062023__155622/data_ingestion/dataset/test.csv')
[2023-01-06 15:56:43,931] 16 root INFO >>>>>>>>>>>>>>>>>>>>>>>>>>>>>>>>>>>>>>>> DATA VALIDATION <<<<<<<<<<<<<<<<<<<<<<<<<<<<<<<<<<<<<<<<
[2023-01-06 15:56:43,931] 96 root INFO Reading base dataframe
[2023-01-06 15:56:46,853] 99 root INFO Replace na value in base df
[2023-01-06 15:56:46,854] 101 root INFO Drop null values colums from base df
[2023-01-06 15:56:47,814] 30 root INFO selecting column nane which containing null above 0.2
[2023-01-06 15:56:47,814] 33 root INFO column names to drop['ab_000', 'ad_000', 'bk_000', 'bl_000', 'bm_000', 'bn_000', 'bo_000', 'bp_000', 'bq_000', 'br_000', 'cf_000', 'cg_000', 'ch_000', 'co_000', 'cr_000', 'ct_000', 'cu_000', 'cv_000', 'cx_000', 'cy_000', 'cz_000', 'da_000', 'db_000', 'dc_000']
[2023-01-06 15:56:47,899] 104 root INFO reading train dataframe
[2023-01-06 15:56:48,293] 106 root INFO reading test dataframe
[2023-01-06 15:56:48,396] 109 root INFO dropping null vakluecolumns from  train df
[2023-01-06 15:56:48,408] 30 root INFO selecting column nane which containing null above 0.2
[2023-01-06 15:56:48,409] 33 root INFO column names to drop['ab_000', 'ad_000', 'bk_000', 'bl_000', 'bm_000', 'bn_000', 'bo_000', 'bp_000', 'bq_000', 'br_000', 'cf_000', 'cg_000', 'ch_000', 'co_000', 'cr_000', 'ct_000', 'cu_000', 'cv_000', 'cx_000', 'cy_000', 'cz_000', 'da_000', 'db_000', 'dc_000']
[2023-01-06 15:56:48,419] 111 root INFO dropping missing value columns in test dataset
[2023-01-06 15:56:48,423] 30 root INFO selecting column nane which containing null above 0.2
[2023-01-06 15:56:48,424] 33 root INFO column names to drop['ab_000', 'ad_000', 'bk_000', 'bl_000', 'bm_000', 'bn_000', 'bo_000', 'bp_000', 'bq_000', 'br_000', 'cf_000', 'cg_000', 'ch_000', 'co_000', 'cr_000', 'ct_000', 'cu_000', 'cv_000', 'cx_000', 'cy_000', 'cz_000', 'da_000', 'db_000', 'dc_000']
[2023-01-06 15:56:54,552] 122 root INFO Is all required columns present in train df
[2023-01-06 15:56:54,553] 124 root INFO Is all required columns present in test df
[2023-01-06 15:56:54,553] 128 root INFO As all column are available in train df hence detecting data drift
[2023-01-06 15:56:54,553] 71 root INFO Hypothesis class: object, object 
[2023-01-06 15:56:54,699] 71 root INFO Hypothesis aa_000: float64, float64 
[2023-01-06 15:56:54,709] 71 root INFO Hypothesis ac_000: float64, float64 
[2023-01-06 15:56:54,718] 71 root INFO Hypothesis ae_000: float64, float64 
[2023-01-06 15:56:54,756] 71 root INFO Hypothesis af_000: float64, float64 
[2023-01-06 15:56:54,795] 71 root INFO Hypothesis ag_000: float64, float64 
[2023-01-06 15:56:54,833] 71 root INFO Hypothesis ag_001: float64, float64 
[2023-01-06 15:56:54,871] 71 root INFO Hypothesis ag_002: float64, float64 
[2023-01-06 15:56:54,914] 71 root INFO Hypothesis ag_003: float64, float64 
[2023-01-06 15:56:54,920] 71 root INFO Hypothesis ag_004: float64, float64 
[2023-01-06 15:56:54,964] 71 root INFO Hypothesis ag_005: float64, float64 
[2023-01-06 15:56:54,975] 71 root INFO Hypothesis ag_006: float64, float64 
[2023-01-06 15:56:54,986] 71 root INFO Hypothesis ag_007: float64, float64 
[2023-01-06 15:56:54,996] 71 root INFO Hypothesis ag_008: float64, float64 
[2023-01-06 15:56:55,006] 71 root INFO Hypothesis ag_009: float64, float64 
[2023-01-06 15:56:55,014] 71 root INFO Hypothesis ah_000: float64, float64 
[2023-01-06 15:56:55,025] 71 root INFO Hypothesis ai_000: float64, float64 
[2023-01-06 15:56:55,063] 71 root INFO Hypothesis aj_000: float64, float64 
[2023-01-06 15:56:55,069] 71 root INFO Hypothesis ak_000: float64, float64 
[2023-01-06 15:56:55,107] 71 root INFO Hypothesis al_000: float64, float64 
[2023-01-06 15:56:55,114] 71 root INFO Hypothesis am_0: float64, float64 
[2023-01-06 15:56:55,122] 71 root INFO Hypothesis an_000: float64, float64 
[2023-01-06 15:56:55,133] 71 root INFO Hypothesis ao_000: float64, float64 
[2023-01-06 15:56:55,143] 71 root INFO Hypothesis ap_000: float64, float64 
[2023-01-06 15:56:55,155] 71 root INFO Hypothesis aq_000: float64, float64 
[2023-01-06 15:56:55,165] 71 root INFO Hypothesis ar_000: float64, float64 
[2023-01-06 15:56:55,203] 71 root INFO Hypothesis as_000: float64, float64 
[2023-01-06 15:56:55,239] 71 root INFO Hypothesis at_000: float64, float64 
[2023-01-06 15:56:55,277] 71 root INFO Hypothesis au_000: float64, float64 
[2023-01-06 15:56:55,314] 71 root INFO Hypothesis av_000: float64, float64 
[2023-01-06 15:56:55,323] 71 root INFO Hypothesis ax_000: float64, float64 
[2023-01-06 15:56:55,331] 71 root INFO Hypothesis ay_000: float64, float64 
[2023-01-06 15:56:55,368] 71 root INFO Hypothesis ay_001: float64, float64 
[2023-01-06 15:56:55,405] 71 root INFO Hypothesis ay_002: float64, float64 
[2023-01-06 15:56:55,443] 71 root INFO Hypothesis ay_003: float64, float64 
[2023-01-06 15:56:55,481] 71 root INFO Hypothesis ay_004: float64, float64 
[2023-01-06 15:56:55,519] 71 root INFO Hypothesis ay_005: float64, float64 
[2023-01-06 15:56:55,562] 71 root INFO Hypothesis ay_006: float64, float64 
[2023-01-06 15:56:55,572] 71 root INFO Hypothesis ay_007: float64, float64 
[2023-01-06 15:56:55,582] 71 root INFO Hypothesis ay_008: float64, float64 
[2023-01-06 15:56:55,626] 71 root INFO Hypothesis ay_009: float64, float64 
[2023-01-06 15:56:55,663] 71 root INFO Hypothesis az_000: float64, float64 
[2023-01-06 15:56:55,673] 71 root INFO Hypothesis az_001: float64, float64 
[2023-01-06 15:56:55,683] 71 root INFO Hypothesis az_002: float64, float64 
[2023-01-06 15:56:55,693] 71 root INFO Hypothesis az_003: float64, float64 
[2023-01-06 15:56:55,703] 71 root INFO Hypothesis az_004: float64, float64 
[2023-01-06 15:56:55,714] 71 root INFO Hypothesis az_005: float64, float64 
[2023-01-06 15:56:55,725] 71 root INFO Hypothesis az_006: float64, float64 
[2023-01-06 15:56:55,767] 71 root INFO Hypothesis az_007: float64, float64 
[2023-01-06 15:56:55,806] 71 root INFO Hypothesis az_008: float64, float64 
[2023-01-06 15:56:55,848] 71 root INFO Hypothesis az_009: float64, float64 
[2023-01-06 15:56:55,891] 71 root INFO Hypothesis ba_000: float64, float64 
[2023-01-06 15:56:55,903] 71 root INFO Hypothesis ba_001: float64, float64 
[2023-01-06 15:56:55,915] 71 root INFO Hypothesis ba_002: float64, float64 
[2023-01-06 15:56:55,926] 71 root INFO Hypothesis ba_003: float64, float64 
[2023-01-06 15:56:55,937] 71 root INFO Hypothesis ba_004: float64, float64 
[2023-01-06 15:56:55,948] 71 root INFO Hypothesis ba_005: float64, float64 
[2023-01-06 15:56:55,959] 71 root INFO Hypothesis ba_006: float64, float64 
[2023-01-06 15:56:55,969] 71 root INFO Hypothesis ba_007: float64, float64 
[2023-01-06 15:56:56,014] 71 root INFO Hypothesis ba_008: float64, float64 
[2023-01-06 15:56:56,022] 71 root INFO Hypothesis ba_009: float64, float64 
[2023-01-06 15:56:56,029] 71 root INFO Hypothesis bb_000: float64, float64 
[2023-01-06 15:56:56,040] 71 root INFO Hypothesis bc_000: float64, float64 
[2023-01-06 15:56:56,082] 71 root INFO Hypothesis bd_000: float64, float64 
[2023-01-06 15:56:56,091] 71 root INFO Hypothesis be_000: float64, float64 
[2023-01-06 15:56:56,100] 71 root INFO Hypothesis bf_000: float64, float64 
[2023-01-06 15:56:56,107] 71 root INFO Hypothesis bg_000: float64, float64 
[2023-01-06 15:56:56,118] 71 root INFO Hypothesis bh_000: float64, float64 
[2023-01-06 15:56:56,129] 71 root INFO Hypothesis bi_000: float64, float64 
[2023-01-06 15:56:56,140] 71 root INFO Hypothesis bj_000: float64, float64 
[2023-01-06 15:56:56,151] 71 root INFO Hypothesis bs_000: float64, float64 
[2023-01-06 15:56:56,161] 71 root INFO Hypothesis bt_000: float64, float64 
[2023-01-06 15:56:56,172] 71 root INFO Hypothesis bu_000: float64, float64 
[2023-01-06 15:56:56,183] 71 root INFO Hypothesis bv_000: float64, float64 
[2023-01-06 15:56:56,194] 71 root INFO Hypothesis bx_000: float64, float64 
[2023-01-06 15:56:56,205] 71 root INFO Hypothesis by_000: float64, float64 
[2023-01-06 15:56:56,215] 71 root INFO Hypothesis bz_000: float64, float64 
[2023-01-06 15:56:56,224] 71 root INFO Hypothesis ca_000: float64, float64 
[2023-01-06 15:56:56,235] 71 root INFO Hypothesis cb_000: float64, float64 
[2023-01-06 15:56:56,246] 71 root INFO Hypothesis cc_000: float64, float64 
[2023-01-06 15:56:56,256] 71 root INFO Hypothesis cd_000: float64, float64 
[2023-01-06 15:56:56,261] 71 root INFO Hypothesis ce_000: float64, float64 
[2023-01-06 15:56:56,270] 71 root INFO Hypothesis ci_000: float64, float64 
[2023-01-06 15:56:56,281] 71 root INFO Hypothesis cj_000: float64, float64 
[2023-01-06 15:56:56,321] 71 root INFO Hypothesis ck_000: float64, float64 
[2023-01-06 15:56:56,332] 71 root INFO Hypothesis cl_000: float64, float64 
[2023-01-06 15:56:56,370] 71 root INFO Hypothesis cm_000: float64, float64 
[2023-01-06 15:56:56,377] 71 root INFO Hypothesis cn_000: float64, float64 
[2023-01-06 15:56:56,413] 71 root INFO Hypothesis cn_001: float64, float64 
[2023-01-06 15:56:56,452] 71 root INFO Hypothesis cn_002: float64, float64 
[2023-01-06 15:56:56,460] 71 root INFO Hypothesis cn_003: float64, float64 
[2023-01-06 15:56:56,505] 71 root INFO Hypothesis cn_004: float64, float64 
[2023-01-06 15:56:56,516] 71 root INFO Hypothesis cn_005: float64, float64 
[2023-01-06 15:56:56,526] 71 root INFO Hypothesis cn_006: float64, float64 
[2023-01-06 15:56:56,536] 71 root INFO Hypothesis cn_007: float64, float64 
[2023-01-06 15:56:56,546] 71 root INFO Hypothesis cn_008: float64, float64 
[2023-01-06 15:56:56,555] 71 root INFO Hypothesis cn_009: float64, float64 
[2023-01-06 15:56:56,562] 71 root INFO Hypothesis cp_000: float64, float64 
[2023-01-06 15:56:56,570] 71 root INFO Hypothesis cq_000: float64, float64 
[2023-01-06 15:56:56,581] 71 root INFO Hypothesis cs_000: float64, float64 
[2023-01-06 15:56:56,591] 71 root INFO Hypothesis cs_001: float64, float64 
[2023-01-06 15:56:56,600] 71 root INFO Hypothesis cs_002: float64, float64 
[2023-01-06 15:56:56,610] 71 root INFO Hypothesis cs_003: float64, float64 
[2023-01-06 15:56:56,621] 71 root INFO Hypothesis cs_004: float64, float64 
[2023-01-06 15:56:56,632] 71 root INFO Hypothesis cs_005: float64, float64 
[2023-01-06 15:56:56,643] 71 root INFO Hypothesis cs_006: float64, float64 
[2023-01-06 15:56:56,654] 71 root INFO Hypothesis cs_007: float64, float64 
[2023-01-06 15:56:56,665] 71 root INFO Hypothesis cs_008: float64, float64 
[2023-01-06 15:56:56,706] 71 root INFO Hypothesis cs_009: float64, float64 
[2023-01-06 15:56:56,745] 71 root INFO Hypothesis dd_000: float64, float64 
[2023-01-06 15:56:56,754] 71 root INFO Hypothesis de_000: float64, float64 
[2023-01-06 15:56:56,763] 71 root INFO Hypothesis df_000: float64, float64 
[2023-01-06 15:56:56,802] 71 root INFO Hypothesis dg_000: float64, float64 
[2023-01-06 15:56:56,841] 71 root INFO Hypothesis dh_000: float64, float64 
[2023-01-06 15:56:56,881] 71 root INFO Hypothesis di_000: float64, float64 
[2023-01-06 15:56:56,921] 71 root INFO Hypothesis dj_000: float64, float64 
[2023-01-06 15:56:56,964] 71 root INFO Hypothesis dk_000: float64, float64 
[2023-01-06 15:56:57,003] 71 root INFO Hypothesis dl_000: float64, float64 
[2023-01-06 15:56:57,040] 71 root INFO Hypothesis dm_000: float64, float64 
[2023-01-06 15:56:57,079] 71 root INFO Hypothesis dn_000: float64, float64 
[2023-01-06 15:56:57,090] 71 root INFO Hypothesis do_000: float64, float64 
[2023-01-06 15:56:57,100] 71 root INFO Hypothesis dp_000: float64, float64 
[2023-01-06 15:56:57,110] 71 root INFO Hypothesis dq_000: float64, float64 
[2023-01-06 15:56:57,116] 71 root INFO Hypothesis dr_000: float64, float64 
[2023-01-06 15:56:57,123] 71 root INFO Hypothesis ds_000: float64, float64 
[2023-01-06 15:56:57,134] 71 root INFO Hypothesis dt_000: float64, float64 
[2023-01-06 15:56:57,143] 71 root INFO Hypothesis du_000: float64, float64 
[2023-01-06 15:56:57,154] 71 root INFO Hypothesis dv_000: float64, float64 
[2023-01-06 15:56:57,164] 71 root INFO Hypothesis dx_000: float64, float64 
[2023-01-06 15:56:57,171] 71 root INFO Hypothesis dy_000: float64, float64 
[2023-01-06 15:56:57,178] 71 root INFO Hypothesis dz_000: float64, float64 
[2023-01-06 15:56:57,214] 71 root INFO Hypothesis ea_000: float64, float64 
[2023-01-06 15:56:57,250] 71 root INFO Hypothesis eb_000: float64, float64 
[2023-01-06 15:56:57,258] 71 root INFO Hypothesis ec_00: float64, float64 
[2023-01-06 15:56:57,268] 71 root INFO Hypothesis ed_000: float64, float64 
[2023-01-06 15:56:57,277] 71 root INFO Hypothesis ee_000: float64, float64 
[2023-01-06 15:56:57,288] 71 root INFO Hypothesis ee_001: float64, float64 
[2023-01-06 15:56:57,298] 71 root INFO Hypothesis ee_002: float64, float64 
[2023-01-06 15:56:57,308] 71 root INFO Hypothesis ee_003: float64, float64 
[2023-01-06 15:56:57,319] 71 root INFO Hypothesis ee_004: float64, float64 
[2023-01-06 15:56:57,329] 71 root INFO Hypothesis ee_005: float64, float64 
[2023-01-06 15:56:57,340] 71 root INFO Hypothesis ee_006: float64, float64 
[2023-01-06 15:56:57,350] 71 root INFO Hypothesis ee_007: float64, float64 
[2023-01-06 15:56:57,360] 71 root INFO Hypothesis ee_008: float64, float64 
[2023-01-06 15:56:57,369] 71 root INFO Hypothesis ee_009: float64, float64 
[2023-01-06 15:56:57,377] 71 root INFO Hypothesis ef_000: float64, float64 
[2023-01-06 15:56:57,413] 71 root INFO Hypothesis eg_000: float64, float64 
[2023-01-06 15:56:57,449] 131 root INFO As all column are available in test df hence detecting data drift
[2023-01-06 15:56:57,450] 71 root INFO Hypothesis class: object, object 
[2023-01-06 15:56:57,525] 71 root INFO Hypothesis aa_000: float64, float64 
[2023-01-06 15:56:57,533] 71 root INFO Hypothesis ac_000: float64, float64 
[2023-01-06 15:56:57,538] 71 root INFO Hypothesis ae_000: float64, float64 
[2023-01-06 15:56:57,541] 71 root INFO Hypothesis af_000: float64, float64 
[2023-01-06 15:56:57,544] 71 root INFO Hypothesis ag_000: float64, float64 
[2023-01-06 15:56:57,559] 71 root INFO Hypothesis ag_001: float64, float64 
[2023-01-06 15:56:57,574] 71 root INFO Hypothesis ag_002: float64, float64 
[2023-01-06 15:56:57,590] 71 root INFO Hypothesis ag_003: float64, float64 
[2023-01-06 15:56:57,594] 71 root INFO Hypothesis ag_004: float64, float64 
[2023-01-06 15:56:57,601] 71 root INFO Hypothesis ag_005: float64, float64 
[2023-01-06 15:56:57,608] 71 root INFO Hypothesis ag_006: float64, float64 
[2023-01-06 15:56:57,615] 71 root INFO Hypothesis ag_007: float64, float64 
[2023-01-06 15:56:57,622] 71 root INFO Hypothesis ag_008: float64, float64 
[2023-01-06 15:56:57,627] 71 root INFO Hypothesis ag_009: float64, float64 
[2023-01-06 15:56:57,632] 71 root INFO Hypothesis ah_000: float64, float64 
[2023-01-06 15:56:57,639] 71 root INFO Hypothesis ai_000: float64, float64 
[2023-01-06 15:56:57,643] 71 root INFO Hypothesis aj_000: float64, float64 
[2023-01-06 15:56:57,647] 71 root INFO Hypothesis ak_000: float64, float64 
[2023-01-06 15:56:57,662] 71 root INFO Hypothesis al_000: float64, float64 
[2023-01-06 15:56:57,724] 71 root INFO Hypothesis am_0: float64, float64 
[2023-01-06 15:56:57,729] 71 root INFO Hypothesis an_000: float64, float64 
[2023-01-06 15:56:57,736] 71 root INFO Hypothesis ao_000: float64, float64 
[2023-01-06 15:56:57,743] 71 root INFO Hypothesis ap_000: float64, float64 
[2023-01-06 15:56:57,751] 71 root INFO Hypothesis aq_000: float64, float64 
[2023-01-06 15:56:57,769] 71 root INFO Hypothesis ar_000: float64, float64 
[2023-01-06 15:56:57,773] 71 root INFO Hypothesis as_000: float64, float64 
[2023-01-06 15:56:57,788] 71 root INFO Hypothesis at_000: float64, float64 
[2023-01-06 15:56:57,804] 71 root INFO Hypothesis au_000: float64, float64 
[2023-01-06 15:56:57,819] 71 root INFO Hypothesis av_000: float64, float64 
[2023-01-06 15:56:57,826] 71 root INFO Hypothesis ax_000: float64, float64 
[2023-01-06 15:56:57,831] 71 root INFO Hypothesis ay_000: float64, float64 
[2023-01-06 15:56:57,834] 71 root INFO Hypothesis ay_001: float64, float64 
[2023-01-06 15:56:57,837] 71 root INFO Hypothesis ay_002: float64, float64 
[2023-01-06 15:56:57,841] 71 root INFO Hypothesis ay_003: float64, float64 
[2023-01-06 15:56:57,844] 71 root INFO Hypothesis ay_004: float64, float64 
[2023-01-06 15:56:57,847] 71 root INFO Hypothesis ay_005: float64, float64 
[2023-01-06 15:56:57,854] 71 root INFO Hypothesis ay_006: float64, float64 
[2023-01-06 15:56:57,860] 71 root INFO Hypothesis ay_007: float64, float64 
[2023-01-06 15:56:57,870] 71 root INFO Hypothesis ay_008: float64, float64 
[2023-01-06 15:56:57,878] 71 root INFO Hypothesis ay_009: float64, float64 
[2023-01-06 15:56:57,894] 71 root INFO Hypothesis az_000: float64, float64 
[2023-01-06 15:56:57,901] 71 root INFO Hypothesis az_001: float64, float64 
[2023-01-06 15:56:57,908] 71 root INFO Hypothesis az_002: float64, float64 
[2023-01-06 15:56:57,915] 71 root INFO Hypothesis az_003: float64, float64 
[2023-01-06 15:56:57,922] 71 root INFO Hypothesis az_004: float64, float64 
[2023-01-06 15:56:57,929] 71 root INFO Hypothesis az_005: float64, float64 
[2023-01-06 15:56:57,937] 71 root INFO Hypothesis az_006: float64, float64 
[2023-01-06 15:56:57,943] 71 root INFO Hypothesis az_007: float64, float64 
[2023-01-06 15:56:57,947] 71 root INFO Hypothesis az_008: float64, float64 
[2023-01-06 15:56:57,951] 71 root INFO Hypothesis az_009: float64, float64 
[2023-01-06 15:56:57,954] 71 root INFO Hypothesis ba_000: float64, float64 
[2023-01-06 15:56:57,965] 71 root INFO Hypothesis ba_001: float64, float64 
[2023-01-06 15:56:57,973] 71 root INFO Hypothesis ba_002: float64, float64 
[2023-01-06 15:56:57,980] 71 root INFO Hypothesis ba_003: float64, float64 
[2023-01-06 15:56:57,987] 71 root INFO Hypothesis ba_004: float64, float64 
[2023-01-06 15:56:57,994] 71 root INFO Hypothesis ba_005: float64, float64 
[2023-01-06 15:56:58,001] 71 root INFO Hypothesis ba_006: float64, float64 
[2023-01-06 15:56:58,008] 71 root INFO Hypothesis ba_007: float64, float64 
[2023-01-06 15:56:58,015] 71 root INFO Hypothesis ba_008: float64, float64 
[2023-01-06 15:56:58,021] 71 root INFO Hypothesis ba_009: float64, float64 
[2023-01-06 15:56:58,026] 71 root INFO Hypothesis bb_000: float64, float64 
[2023-01-06 15:56:58,033] 71 root INFO Hypothesis bc_000: float64, float64 
[2023-01-06 15:56:58,038] 71 root INFO Hypothesis bd_000: float64, float64 
[2023-01-06 15:56:58,044] 71 root INFO Hypothesis be_000: float64, float64 
[2023-01-06 15:56:58,050] 71 root INFO Hypothesis bf_000: float64, float64 
[2023-01-06 15:56:58,055] 71 root INFO Hypothesis bg_000: float64, float64 
[2023-01-06 15:56:58,062] 71 root INFO Hypothesis bh_000: float64, float64 
[2023-01-06 15:56:58,070] 71 root INFO Hypothesis bi_000: float64, float64 
[2023-01-06 15:56:58,077] 71 root INFO Hypothesis bj_000: float64, float64 
[2023-01-06 15:56:58,084] 71 root INFO Hypothesis bs_000: float64, float64 
[2023-01-06 15:56:58,091] 71 root INFO Hypothesis bt_000: float64, float64 
[2023-01-06 15:56:58,099] 71 root INFO Hypothesis bu_000: float64, float64 
[2023-01-06 15:56:58,106] 71 root INFO Hypothesis bv_000: float64, float64 
[2023-01-06 15:56:58,113] 71 root INFO Hypothesis bx_000: float64, float64 
[2023-01-06 15:56:58,120] 71 root INFO Hypothesis by_000: float64, float64 
[2023-01-06 15:56:58,127] 71 root INFO Hypothesis bz_000: float64, float64 
[2023-01-06 15:56:58,133] 71 root INFO Hypothesis ca_000: float64, float64 
[2023-01-06 15:56:58,140] 71 root INFO Hypothesis cb_000: float64, float64 
[2023-01-06 15:56:58,148] 71 root INFO Hypothesis cc_000: float64, float64 
[2023-01-06 15:56:58,155] 71 root INFO Hypothesis cd_000: float64, float64 
[2023-01-06 15:56:58,158] 71 root INFO Hypothesis ce_000: float64, float64 
[2023-01-06 15:56:58,164] 71 root INFO Hypothesis ci_000: float64, float64 
[2023-01-06 15:56:58,171] 71 root INFO Hypothesis cj_000: float64, float64 
[2023-01-06 15:56:58,175] 71 root INFO Hypothesis ck_000: float64, float64 
[2023-01-06 15:56:58,183] 71 root INFO Hypothesis cl_000: float64, float64 
[2023-01-06 15:56:58,187] 71 root INFO Hypothesis cm_000: float64, float64 
[2023-01-06 15:56:58,192] 71 root INFO Hypothesis cn_000: float64, float64 
[2023-01-06 15:56:58,207] 71 root INFO Hypothesis cn_001: float64, float64 
[2023-01-06 15:56:58,211] 71 root INFO Hypothesis cn_002: float64, float64 
[2023-01-06 15:56:58,217] 71 root INFO Hypothesis cn_003: float64, float64 
[2023-01-06 15:56:58,224] 71 root INFO Hypothesis cn_004: float64, float64 
[2023-01-06 15:56:58,231] 71 root INFO Hypothesis cn_005: float64, float64 
[2023-01-06 15:56:58,238] 71 root INFO Hypothesis cn_006: float64, float64 
[2023-01-06 15:56:58,245] 71 root INFO Hypothesis cn_007: float64, float64 
[2023-01-06 15:56:58,252] 71 root INFO Hypothesis cn_008: float64, float64 
[2023-01-06 15:56:58,258] 71 root INFO Hypothesis cn_009: float64, float64 
[2023-01-06 15:56:58,263] 71 root INFO Hypothesis cp_000: float64, float64 
[2023-01-06 15:56:58,269] 71 root INFO Hypothesis cq_000: float64, float64 
[2023-01-06 15:56:58,276] 71 root INFO Hypothesis cs_000: float64, float64 
[2023-01-06 15:56:58,283] 71 root INFO Hypothesis cs_001: float64, float64 
[2023-01-06 15:56:58,290] 71 root INFO Hypothesis cs_002: float64, float64 
[2023-01-06 15:56:58,297] 71 root INFO Hypothesis cs_003: float64, float64 
[2023-01-06 15:56:58,304] 71 root INFO Hypothesis cs_004: float64, float64 
[2023-01-06 15:56:58,311] 71 root INFO Hypothesis cs_005: float64, float64 
[2023-01-06 15:56:58,318] 71 root INFO Hypothesis cs_006: float64, float64 
[2023-01-06 15:56:58,326] 71 root INFO Hypothesis cs_007: float64, float64 
[2023-01-06 15:56:58,333] 71 root INFO Hypothesis cs_008: float64, float64 
[2023-01-06 15:56:58,338] 71 root INFO Hypothesis cs_009: float64, float64 
[2023-01-06 15:56:58,354] 71 root INFO Hypothesis dd_000: float64, float64 
[2023-01-06 15:56:58,361] 71 root INFO Hypothesis de_000: float64, float64 
[2023-01-06 15:56:58,367] 71 root INFO Hypothesis df_000: float64, float64 
[2023-01-06 15:56:58,370] 71 root INFO Hypothesis dg_000: float64, float64 
[2023-01-06 15:56:58,374] 71 root INFO Hypothesis dh_000: float64, float64 
[2023-01-06 15:56:58,377] 71 root INFO Hypothesis di_000: float64, float64 
[2023-01-06 15:56:58,381] 71 root INFO Hypothesis dj_000: float64, float64 
[2023-01-06 15:56:58,385] 71 root INFO Hypothesis dk_000: float64, float64 
[2023-01-06 15:56:58,388] 71 root INFO Hypothesis dl_000: float64, float64 
[2023-01-06 15:56:58,391] 71 root INFO Hypothesis dm_000: float64, float64 
[2023-01-06 15:56:58,395] 71 root INFO Hypothesis dn_000: float64, float64 
[2023-01-06 15:56:58,402] 71 root INFO Hypothesis do_000: float64, float64 
[2023-01-06 15:56:58,408] 71 root INFO Hypothesis dp_000: float64, float64 
[2023-01-06 15:56:58,415] 71 root INFO Hypothesis dq_000: float64, float64 
[2023-01-06 15:56:58,419] 71 root INFO Hypothesis dr_000: float64, float64 
[2023-01-06 15:56:58,424] 71 root INFO Hypothesis ds_000: float64, float64 
[2023-01-06 15:56:58,431] 71 root INFO Hypothesis dt_000: float64, float64 
[2023-01-06 15:56:58,438] 71 root INFO Hypothesis du_000: float64, float64 
[2023-01-06 15:56:58,445] 71 root INFO Hypothesis dv_000: float64, float64 
[2023-01-06 15:56:58,451] 71 root INFO Hypothesis dx_000: float64, float64 
[2023-01-06 15:56:58,456] 71 root INFO Hypothesis dy_000: float64, float64 
[2023-01-06 15:56:58,461] 71 root INFO Hypothesis dz_000: float64, float64 
[2023-01-06 15:56:58,464] 71 root INFO Hypothesis ea_000: float64, float64 
[2023-01-06 15:56:58,467] 71 root INFO Hypothesis eb_000: float64, float64 
[2023-01-06 15:56:58,473] 71 root INFO Hypothesis ec_00: float64, float64 
[2023-01-06 15:56:58,480] 71 root INFO Hypothesis ed_000: float64, float64 
[2023-01-06 15:56:58,486] 71 root INFO Hypothesis ee_000: float64, float64 
[2023-01-06 15:56:58,493] 71 root INFO Hypothesis ee_001: float64, float64 
[2023-01-06 15:56:58,501] 71 root INFO Hypothesis ee_002: float64, float64 
[2023-01-06 15:56:58,508] 71 root INFO Hypothesis ee_003: float64, float64 
[2023-01-06 15:56:58,515] 71 root INFO Hypothesis ee_004: float64, float64 
[2023-01-06 15:56:58,522] 71 root INFO Hypothesis ee_005: float64, float64 
[2023-01-06 15:56:58,530] 71 root INFO Hypothesis ee_006: float64, float64 
[2023-01-06 15:56:58,537] 71 root INFO Hypothesis ee_007: float64, float64 
[2023-01-06 15:56:58,543] 71 root INFO Hypothesis ee_008: float64, float64 
[2023-01-06 15:56:58,549] 71 root INFO Hypothesis ee_009: float64, float64 
[2023-01-06 15:56:58,555] 71 root INFO Hypothesis ef_000: float64, float64 
[2023-01-06 15:56:58,558] 71 root INFO Hypothesis eg_000: float64, float64 
[2023-01-06 15:56:58,561] 134 root INFO Write reprt in yaml file
[2023-01-06 15:56:58,631] 141 root INFO Data validation artifact: DataValidationArtifact(report_file_path='/config/workspace/artifact/01062023__155622/data_validation/report.yaml')
[2023-01-06 15:56:59,563] 63 root INFO before resampling in training set input:{input_feature_train_arr.shape} and target :{target_feature_train_arr.shape}
[2023-01-06 15:57:06,266] 65 root INFO after resampling training set input(56194, 170) and target:(56194,)
[2023-01-06 15:57:06,267] 68 root INFO Before resampling in testing set Input: (7238, 170) Target:(7238,)
[2023-01-06 15:57:06,891] 70 root INFO After resampling in testing set Input: (14014, 170) Target:(14014,)
[2023-01-06 15:57:07,015] 53 root INFO Entered the save_object method of MainUtils class
[2023-01-06 15:57:07,018] 57 root INFO Exited the save_object method of MainUtils class
[2023-01-06 15:57:07,019] 53 root INFO Entered the save_object method of MainUtils class
[2023-01-06 15:57:07,019] 57 root INFO Exited the save_object method of MainUtils class
[2023-01-06 15:57:07,019] 98 root INFO Data transformation object: DataTransformationArtifact(transform_object_path='/config/workspace/artifact/01062023__155622/data_transformation/transformer/transformer.pkl', transformed_train_path='/config/workspace/artifact/01062023__155622/data_transformation/transformed/train.npz', transformed_test_path='/config/workspace/artifact/01062023__155622/data_transformation/transformed/test.npz', target_encoder_path='/config/workspace/artifact/01062023__155622/data_transformation/target_encoder/target_encoder.pkl')
[2023-01-06 15:57:07,021] 37 root INFO loading train and test array
[2023-01-06 15:57:07,052] 42 root INFO splitting input and target feature from both train and test set
[2023-01-06 15:57:07,052] 46 root INFO train the model
[2023-01-06 15:57:18,219] 49 root INFO calculating f1_score for train data
[2023-01-06 15:57:18,281] 53 root INFO calculating f1 test score
[2023-01-06 15:57:18,299] 58 root INFO f1_train_score:1.0  and f1_test_score is : 0.9854592571264038
[2023-01-06 15:57:18,299] 61 root INFO checking our model is underfitting or overfitting or goood model
[2023-01-06 15:57:18,299] 65 root INFO checking our model is overfitting or not
[2023-01-06 15:57:18,299] 71 root INFO saving model-object
[2023-01-06 15:57:18,299] 53 root INFO Entered the save_object method of MainUtils class
[2023-01-06 15:57:18,305] 57 root INFO Exited the save_object method of MainUtils class
