[2023-01-06 15:47:38,483] 20 root INFO exporting collection data as pandas dataframe
[2023-01-06 15:47:38,483] 12 root INFO reading from databaseaps qand collection :sensor
[2023-01-06 15:47:42,486] 14 root INFO found columns:Index(['_id', 'class', 'aa_000', 'ab_000', 'ac_000', 'ad_000', 'ae_000',
       'af_000', 'ag_000', 'ag_001',
       ...
       'ee_002', 'ee_003', 'ee_004', 'ee_005', 'ee_006', 'ee_007', 'ee_008',
       'ee_009', 'ef_000', 'eg_000'],
      dtype='object', length=172)
[2023-01-06 15:47:42,486] 16 root INFO dropping _id column
[2023-01-06 15:47:42,701] 24 root INFO save data in feature store,replacing null values with nan
[2023-01-06 15:47:43,321] 27 root INFO creating feature store folder if not available
[2023-01-06 15:47:43,322] 31 root INFO save df to feature store folder
[2023-01-06 15:47:45,893] 34 root INFO spliting data into train test split
[2023-01-06 15:47:46,715] 37 root INFO creating dataset directory if not available
[2023-01-06 15:47:46,715] 41 root INFO save df to feature store folder
[2023-01-06 15:47:49,019] 46 root INFO preparing artifact
[2023-01-06 15:47:49,019] 53 root INFO data ingestion artifact:DataIngestionArtifact(feature_store_file_path='/config/workspace/artifact/01062023__154738/data_ingestion/feature_store/sensor.csv', train_file_path='/config/workspace/artifact/01062023__154738/data_ingestion/dataset/train.csv', test_file_path='/config/workspace/artifact/01062023__154738/data_ingestion/dataset/test.csv')
[2023-01-06 15:47:49,533] 20 root INFO exporting collection data as pandas dataframe
[2023-01-06 15:47:49,533] 12 root INFO reading from databaseaps qand collection :sensor
[2023-01-06 15:47:53,233] 14 root INFO found columns:Index(['_id', 'class', 'aa_000', 'ab_000', 'ac_000', 'ad_000', 'ae_000',
       'af_000', 'ag_000', 'ag_001',
       ...
       'ee_002', 'ee_003', 'ee_004', 'ee_005', 'ee_006', 'ee_007', 'ee_008',
       'ee_009', 'ef_000', 'eg_000'],
      dtype='object', length=172)
[2023-01-06 15:47:53,233] 16 root INFO dropping _id column
[2023-01-06 15:47:53,443] 24 root INFO save data in feature store,replacing null values with nan
[2023-01-06 15:47:54,023] 27 root INFO creating feature store folder if not available
[2023-01-06 15:47:54,023] 31 root INFO save df to feature store folder
[2023-01-06 15:47:56,551] 34 root INFO spliting data into train test split
[2023-01-06 15:47:57,146] 37 root INFO creating dataset directory if not available
[2023-01-06 15:47:57,146] 41 root INFO save df to feature store folder
[2023-01-06 15:47:59,465] 46 root INFO preparing artifact
[2023-01-06 15:47:59,466] 53 root INFO data ingestion artifact:DataIngestionArtifact(feature_store_file_path='/config/workspace/artifact/01062023__154738/data_ingestion/feature_store/sensor.csv', train_file_path='/config/workspace/artifact/01062023__154738/data_ingestion/dataset/train.csv', test_file_path='/config/workspace/artifact/01062023__154738/data_ingestion/dataset/test.csv')
[2023-01-06 15:47:59,862] 16 root INFO >>>>>>>>>>>>>>>>>>>>>>>>>>>>>>>>>>>>>>>> DATA VALIDATION <<<<<<<<<<<<<<<<<<<<<<<<<<<<<<<<<<<<<<<<
[2023-01-06 15:47:59,862] 96 root INFO Reading base dataframe
[2023-01-06 15:48:02,843] 99 root INFO Replace na value in base df
[2023-01-06 15:48:02,843] 101 root INFO Drop null values colums from base df
[2023-01-06 15:48:03,806] 30 root INFO selecting column nane which containing null above 0.2
[2023-01-06 15:48:03,807] 33 root INFO column names to drop['ab_000', 'ad_000', 'bk_000', 'bl_000', 'bm_000', 'bn_000', 'bo_000', 'bp_000', 'bq_000', 'br_000', 'cf_000', 'cg_000', 'ch_000', 'co_000', 'cr_000', 'ct_000', 'cu_000', 'cv_000', 'cx_000', 'cy_000', 'cz_000', 'da_000', 'db_000', 'dc_000']
[2023-01-06 15:48:03,897] 104 root INFO reading train dataframe
[2023-01-06 15:48:04,282] 106 root INFO reading test dataframe
[2023-01-06 15:48:04,382] 109 root INFO dropping null vakluecolumns from  train df
[2023-01-06 15:48:04,394] 30 root INFO selecting column nane which containing null above 0.2
[2023-01-06 15:48:04,394] 33 root INFO column names to drop['ab_000', 'ad_000', 'bk_000', 'bl_000', 'bm_000', 'bn_000', 'bo_000', 'bp_000', 'bq_000', 'br_000', 'cf_000', 'cg_000', 'ch_000', 'co_000', 'cr_000', 'ct_000', 'cu_000', 'cv_000', 'cx_000', 'cy_000', 'cz_000', 'da_000', 'db_000', 'dc_000']
[2023-01-06 15:48:04,403] 111 root INFO dropping missing value columns in test dataset
[2023-01-06 15:48:04,407] 30 root INFO selecting column nane which containing null above 0.2
[2023-01-06 15:48:04,408] 33 root INFO column names to drop['ab_000', 'ad_000', 'bk_000', 'bl_000', 'bm_000', 'bn_000', 'bo_000', 'bp_000', 'bq_000', 'br_000', 'cf_000', 'cg_000', 'ch_000', 'co_000', 'cr_000', 'ct_000', 'cu_000', 'cv_000', 'cx_000', 'cy_000', 'cz_000', 'da_000', 'db_000', 'dc_000']
[2023-01-06 15:48:10,293] 122 root INFO Is all required columns present in train df
[2023-01-06 15:48:10,294] 124 root INFO Is all required columns present in test df
[2023-01-06 15:48:10,294] 128 root INFO As all column are available in train df hence detecting data drift
[2023-01-06 15:48:10,294] 71 root INFO Hypothesis class: object, object 
[2023-01-06 15:48:10,412] 71 root INFO Hypothesis aa_000: float64, float64 
[2023-01-06 15:48:10,457] 71 root INFO Hypothesis ac_000: float64, float64 
[2023-01-06 15:48:10,496] 71 root INFO Hypothesis ae_000: float64, float64 
[2023-01-06 15:48:10,532] 71 root INFO Hypothesis af_000: float64, float64 
[2023-01-06 15:48:10,569] 71 root INFO Hypothesis ag_000: float64, float64 
[2023-01-06 15:48:10,603] 71 root INFO Hypothesis ag_001: float64, float64 
[2023-01-06 15:48:10,639] 71 root INFO Hypothesis ag_002: float64, float64 
[2023-01-06 15:48:10,674] 71 root INFO Hypothesis ag_003: float64, float64 
[2023-01-06 15:48:10,711] 71 root INFO Hypothesis ag_004: float64, float64 
[2023-01-06 15:48:10,721] 71 root INFO Hypothesis ag_005: float64, float64 
[2023-01-06 15:48:10,731] 71 root INFO Hypothesis ag_006: float64, float64 
[2023-01-06 15:48:10,773] 71 root INFO Hypothesis ag_007: float64, float64 
[2023-01-06 15:48:10,813] 71 root INFO Hypothesis ag_008: float64, float64 
[2023-01-06 15:48:10,854] 71 root INFO Hypothesis ag_009: float64, float64 
[2023-01-06 15:48:10,891] 71 root INFO Hypothesis ah_000: float64, float64 
[2023-01-06 15:48:10,933] 71 root INFO Hypothesis ai_000: float64, float64 
[2023-01-06 15:48:10,969] 71 root INFO Hypothesis aj_000: float64, float64 
[2023-01-06 15:48:11,007] 71 root INFO Hypothesis ak_000: float64, float64 
[2023-01-06 15:48:11,042] 71 root INFO Hypothesis al_000: float64, float64 
[2023-01-06 15:48:11,081] 71 root INFO Hypothesis am_0: float64, float64 
[2023-01-06 15:48:11,120] 71 root INFO Hypothesis an_000: float64, float64 
[2023-01-06 15:48:11,161] 71 root INFO Hypothesis ao_000: float64, float64 
[2023-01-06 15:48:11,203] 71 root INFO Hypothesis ap_000: float64, float64 
[2023-01-06 15:48:11,244] 71 root INFO Hypothesis aq_000: float64, float64 
[2023-01-06 15:48:11,287] 71 root INFO Hypothesis ar_000: float64, float64 
[2023-01-06 15:48:11,322] 71 root INFO Hypothesis as_000: float64, float64 
[2023-01-06 15:48:11,356] 71 root INFO Hypothesis at_000: float64, float64 
[2023-01-06 15:48:11,396] 71 root INFO Hypothesis au_000: float64, float64 
[2023-01-06 15:48:11,431] 71 root INFO Hypothesis av_000: float64, float64 
[2023-01-06 15:48:11,470] 71 root INFO Hypothesis ax_000: float64, float64 
[2023-01-06 15:48:11,509] 71 root INFO Hypothesis ay_000: float64, float64 
[2023-01-06 15:48:11,543] 71 root INFO Hypothesis ay_001: float64, float64 
[2023-01-06 15:48:11,578] 71 root INFO Hypothesis ay_002: float64, float64 
[2023-01-06 15:48:11,614] 71 root INFO Hypothesis ay_003: float64, float64 
[2023-01-06 15:48:11,650] 71 root INFO Hypothesis ay_004: float64, float64 
[2023-01-06 15:48:11,686] 71 root INFO Hypothesis ay_005: float64, float64 
[2023-01-06 15:48:11,726] 71 root INFO Hypothesis ay_006: float64, float64 
[2023-01-06 15:48:11,767] 71 root INFO Hypothesis ay_007: float64, float64 
[2023-01-06 15:48:11,777] 71 root INFO Hypothesis ay_008: float64, float64 
[2023-01-06 15:48:11,826] 71 root INFO Hypothesis ay_009: float64, float64 
[2023-01-06 15:48:11,863] 71 root INFO Hypothesis az_000: float64, float64 
[2023-01-06 15:48:11,874] 71 root INFO Hypothesis az_001: float64, float64 
[2023-01-06 15:48:11,888] 71 root INFO Hypothesis az_002: float64, float64 
[2023-01-06 15:48:11,899] 71 root INFO Hypothesis az_003: float64, float64 
[2023-01-06 15:48:11,943] 71 root INFO Hypothesis az_004: float64, float64 
[2023-01-06 15:48:11,985] 71 root INFO Hypothesis az_005: float64, float64 
[2023-01-06 15:48:11,996] 71 root INFO Hypothesis az_006: float64, float64 
[2023-01-06 15:48:12,037] 71 root INFO Hypothesis az_007: float64, float64 
[2023-01-06 15:48:12,075] 71 root INFO Hypothesis az_008: float64, float64 
[2023-01-06 15:48:12,111] 71 root INFO Hypothesis az_009: float64, float64 
[2023-01-06 15:48:12,147] 71 root INFO Hypothesis ba_000: float64, float64 
[2023-01-06 15:48:12,158] 71 root INFO Hypothesis ba_001: float64, float64 
[2023-01-06 15:48:12,201] 71 root INFO Hypothesis ba_002: float64, float64 
[2023-01-06 15:48:12,244] 71 root INFO Hypothesis ba_003: float64, float64 
[2023-01-06 15:48:12,254] 71 root INFO Hypothesis ba_004: float64, float64 
[2023-01-06 15:48:12,264] 71 root INFO Hypothesis ba_005: float64, float64 
[2023-01-06 15:48:12,274] 71 root INFO Hypothesis ba_006: float64, float64 
[2023-01-06 15:48:12,286] 71 root INFO Hypothesis ba_007: float64, float64 
[2023-01-06 15:48:12,327] 71 root INFO Hypothesis ba_008: float64, float64 
[2023-01-06 15:48:12,336] 71 root INFO Hypothesis ba_009: float64, float64 
[2023-01-06 15:48:12,343] 71 root INFO Hypothesis bb_000: float64, float64 
[2023-01-06 15:48:12,384] 71 root INFO Hypothesis bc_000: float64, float64 
[2023-01-06 15:48:12,422] 71 root INFO Hypothesis bd_000: float64, float64 
[2023-01-06 15:48:12,431] 71 root INFO Hypothesis be_000: float64, float64 
[2023-01-06 15:48:12,470] 71 root INFO Hypothesis bf_000: float64, float64 
[2023-01-06 15:48:12,477] 71 root INFO Hypothesis bg_000: float64, float64 
[2023-01-06 15:48:12,518] 71 root INFO Hypothesis bh_000: float64, float64 
[2023-01-06 15:48:12,561] 71 root INFO Hypothesis bi_000: float64, float64 
[2023-01-06 15:48:12,603] 71 root INFO Hypothesis bj_000: float64, float64 
[2023-01-06 15:48:12,645] 71 root INFO Hypothesis bs_000: float64, float64 
[2023-01-06 15:48:12,656] 71 root INFO Hypothesis bt_000: float64, float64 
[2023-01-06 15:48:12,698] 71 root INFO Hypothesis bu_000: float64, float64 
[2023-01-06 15:48:12,739] 71 root INFO Hypothesis bv_000: float64, float64 
[2023-01-06 15:48:12,782] 71 root INFO Hypothesis bx_000: float64, float64 
[2023-01-06 15:48:12,824] 71 root INFO Hypothesis by_000: float64, float64 
[2023-01-06 15:48:12,867] 71 root INFO Hypothesis bz_000: float64, float64 
[2023-01-06 15:48:12,876] 71 root INFO Hypothesis ca_000: float64, float64 
[2023-01-06 15:48:12,918] 71 root INFO Hypothesis cb_000: float64, float64 
[2023-01-06 15:48:12,959] 71 root INFO Hypothesis cc_000: float64, float64 
[2023-01-06 15:48:13,000] 71 root INFO Hypothesis cd_000: float64, float64 
[2023-01-06 15:48:13,038] 71 root INFO Hypothesis ce_000: float64, float64 
[2023-01-06 15:48:13,079] 71 root INFO Hypothesis ci_000: float64, float64 
[2023-01-06 15:48:13,121] 71 root INFO Hypothesis cj_000: float64, float64 
[2023-01-06 15:48:13,159] 71 root INFO Hypothesis ck_000: float64, float64 
[2023-01-06 15:48:13,170] 71 root INFO Hypothesis cl_000: float64, float64 
[2023-01-06 15:48:13,176] 71 root INFO Hypothesis cm_000: float64, float64 
[2023-01-06 15:48:13,183] 71 root INFO Hypothesis cn_000: float64, float64 
[2023-01-06 15:48:13,218] 71 root INFO Hypothesis cn_001: float64, float64 
[2023-01-06 15:48:13,254] 71 root INFO Hypothesis cn_002: float64, float64 
[2023-01-06 15:48:13,262] 71 root INFO Hypothesis cn_003: float64, float64 
[2023-01-06 15:48:13,273] 71 root INFO Hypothesis cn_004: float64, float64 
[2023-01-06 15:48:13,314] 71 root INFO Hypothesis cn_005: float64, float64 
[2023-01-06 15:48:13,355] 71 root INFO Hypothesis cn_006: float64, float64 
[2023-01-06 15:48:13,396] 71 root INFO Hypothesis cn_007: float64, float64 
[2023-01-06 15:48:13,437] 71 root INFO Hypothesis cn_008: float64, float64 
[2023-01-06 15:48:13,477] 71 root INFO Hypothesis cn_009: float64, float64 
[2023-01-06 15:48:13,515] 71 root INFO Hypothesis cp_000: float64, float64 
[2023-01-06 15:48:13,554] 71 root INFO Hypothesis cq_000: float64, float64 
[2023-01-06 15:48:13,595] 71 root INFO Hypothesis cs_000: float64, float64 
[2023-01-06 15:48:13,605] 71 root INFO Hypothesis cs_001: float64, float64 
[2023-01-06 15:48:13,645] 71 root INFO Hypothesis cs_002: float64, float64 
[2023-01-06 15:48:13,686] 71 root INFO Hypothesis cs_003: float64, float64 
[2023-01-06 15:48:13,696] 71 root INFO Hypothesis cs_004: float64, float64 
[2023-01-06 15:48:13,707] 71 root INFO Hypothesis cs_005: float64, float64 
[2023-01-06 15:48:13,748] 71 root INFO Hypothesis cs_006: float64, float64 
[2023-01-06 15:48:13,796] 71 root INFO Hypothesis cs_007: float64, float64 
[2023-01-06 15:48:13,839] 71 root INFO Hypothesis cs_008: float64, float64 
[2023-01-06 15:48:13,878] 71 root INFO Hypothesis cs_009: float64, float64 
[2023-01-06 15:48:13,915] 71 root INFO Hypothesis dd_000: float64, float64 
[2023-01-06 15:48:13,926] 71 root INFO Hypothesis de_000: float64, float64 
[2023-01-06 15:48:13,967] 71 root INFO Hypothesis df_000: float64, float64 
[2023-01-06 15:48:14,005] 71 root INFO Hypothesis dg_000: float64, float64 
[2023-01-06 15:48:14,041] 71 root INFO Hypothesis dh_000: float64, float64 
[2023-01-06 15:48:14,076] 71 root INFO Hypothesis di_000: float64, float64 
[2023-01-06 15:48:14,114] 71 root INFO Hypothesis dj_000: float64, float64 
[2023-01-06 15:48:14,149] 71 root INFO Hypothesis dk_000: float64, float64 
[2023-01-06 15:48:14,184] 71 root INFO Hypothesis dl_000: float64, float64 
[2023-01-06 15:48:14,219] 71 root INFO Hypothesis dm_000: float64, float64 
[2023-01-06 15:48:14,255] 71 root INFO Hypothesis dn_000: float64, float64 
[2023-01-06 15:48:14,297] 71 root INFO Hypothesis do_000: float64, float64 
[2023-01-06 15:48:14,306] 71 root INFO Hypothesis dp_000: float64, float64 
[2023-01-06 15:48:14,315] 71 root INFO Hypothesis dq_000: float64, float64 
[2023-01-06 15:48:14,322] 71 root INFO Hypothesis dr_000: float64, float64 
[2023-01-06 15:48:14,328] 71 root INFO Hypothesis ds_000: float64, float64 
[2023-01-06 15:48:14,370] 71 root INFO Hypothesis dt_000: float64, float64 
[2023-01-06 15:48:14,411] 71 root INFO Hypothesis du_000: float64, float64 
[2023-01-06 15:48:14,453] 71 root INFO Hypothesis dv_000: float64, float64 
[2023-01-06 15:48:14,494] 71 root INFO Hypothesis dx_000: float64, float64 
[2023-01-06 15:48:14,533] 71 root INFO Hypothesis dy_000: float64, float64 
[2023-01-06 15:48:14,572] 71 root INFO Hypothesis dz_000: float64, float64 
[2023-01-06 15:48:14,607] 71 root INFO Hypothesis ea_000: float64, float64 
[2023-01-06 15:48:14,642] 71 root INFO Hypothesis eb_000: float64, float64 
[2023-01-06 15:48:14,651] 71 root INFO Hypothesis ec_00: float64, float64 
[2023-01-06 15:48:14,661] 71 root INFO Hypothesis ed_000: float64, float64 
[2023-01-06 15:48:14,670] 71 root INFO Hypothesis ee_000: float64, float64 
[2023-01-06 15:48:14,680] 71 root INFO Hypothesis ee_001: float64, float64 
[2023-01-06 15:48:14,722] 71 root INFO Hypothesis ee_002: float64, float64 
[2023-01-06 15:48:14,763] 71 root INFO Hypothesis ee_003: float64, float64 
[2023-01-06 15:48:14,804] 71 root INFO Hypothesis ee_004: float64, float64 
[2023-01-06 15:48:14,846] 71 root INFO Hypothesis ee_005: float64, float64 
[2023-01-06 15:48:14,890] 71 root INFO Hypothesis ee_006: float64, float64 
[2023-01-06 15:48:14,900] 71 root INFO Hypothesis ee_007: float64, float64 
[2023-01-06 15:48:14,910] 71 root INFO Hypothesis ee_008: float64, float64 
[2023-01-06 15:48:14,919] 71 root INFO Hypothesis ee_009: float64, float64 
[2023-01-06 15:48:14,926] 71 root INFO Hypothesis ef_000: float64, float64 
[2023-01-06 15:48:14,962] 71 root INFO Hypothesis eg_000: float64, float64 
[2023-01-06 15:48:14,998] 131 root INFO As all column are available in test df hence detecting data drift
[2023-01-06 15:48:14,998] 71 root INFO Hypothesis class: object, object 
[2023-01-06 15:48:15,061] 71 root INFO Hypothesis aa_000: float64, float64 
[2023-01-06 15:48:15,069] 71 root INFO Hypothesis ac_000: float64, float64 
[2023-01-06 15:48:15,074] 71 root INFO Hypothesis ae_000: float64, float64 
[2023-01-06 15:48:15,089] 71 root INFO Hypothesis af_000: float64, float64 
[2023-01-06 15:48:15,104] 71 root INFO Hypothesis ag_000: float64, float64 
[2023-01-06 15:48:15,119] 71 root INFO Hypothesis ag_001: float64, float64 
[2023-01-06 15:48:15,134] 71 root INFO Hypothesis ag_002: float64, float64 
[2023-01-06 15:48:15,150] 71 root INFO Hypothesis ag_003: float64, float64 
[2023-01-06 15:48:15,154] 71 root INFO Hypothesis ag_004: float64, float64 
[2023-01-06 15:48:15,161] 71 root INFO Hypothesis ag_005: float64, float64 
[2023-01-06 15:48:15,169] 71 root INFO Hypothesis ag_006: float64, float64 
[2023-01-06 15:48:15,176] 71 root INFO Hypothesis ag_007: float64, float64 
[2023-01-06 15:48:15,182] 71 root INFO Hypothesis ag_008: float64, float64 
[2023-01-06 15:48:15,188] 71 root INFO Hypothesis ag_009: float64, float64 
[2023-01-06 15:48:15,192] 71 root INFO Hypothesis ah_000: float64, float64 
[2023-01-06 15:48:15,199] 71 root INFO Hypothesis ai_000: float64, float64 
[2023-01-06 15:48:15,216] 71 root INFO Hypothesis aj_000: float64, float64 
[2023-01-06 15:48:15,220] 71 root INFO Hypothesis ak_000: float64, float64 
[2023-01-06 15:48:15,235] 71 root INFO Hypothesis al_000: float64, float64 
[2023-01-06 15:48:15,239] 71 root INFO Hypothesis am_0: float64, float64 
[2023-01-06 15:48:15,244] 71 root INFO Hypothesis an_000: float64, float64 
[2023-01-06 15:48:15,251] 71 root INFO Hypothesis ao_000: float64, float64 
[2023-01-06 15:48:15,259] 71 root INFO Hypothesis ap_000: float64, float64 
[2023-01-06 15:48:15,266] 71 root INFO Hypothesis aq_000: float64, float64 
[2023-01-06 15:48:15,273] 71 root INFO Hypothesis ar_000: float64, float64 
[2023-01-06 15:48:15,276] 71 root INFO Hypothesis as_000: float64, float64 
[2023-01-06 15:48:15,291] 71 root INFO Hypothesis at_000: float64, float64 
[2023-01-06 15:48:15,306] 71 root INFO Hypothesis au_000: float64, float64 
[2023-01-06 15:48:15,321] 71 root INFO Hypothesis av_000: float64, float64 
[2023-01-06 15:48:15,326] 71 root INFO Hypothesis ax_000: float64, float64 
[2023-01-06 15:48:15,332] 71 root INFO Hypothesis ay_000: float64, float64 
[2023-01-06 15:48:15,346] 71 root INFO Hypothesis ay_001: float64, float64 
[2023-01-06 15:48:15,361] 71 root INFO Hypothesis ay_002: float64, float64 
[2023-01-06 15:48:15,376] 71 root INFO Hypothesis ay_003: float64, float64 
[2023-01-06 15:48:15,391] 71 root INFO Hypothesis ay_004: float64, float64 
[2023-01-06 15:48:15,406] 71 root INFO Hypothesis ay_005: float64, float64 
[2023-01-06 15:48:15,411] 71 root INFO Hypothesis ay_006: float64, float64 
[2023-01-06 15:48:15,417] 71 root INFO Hypothesis ay_007: float64, float64 
[2023-01-06 15:48:15,424] 71 root INFO Hypothesis ay_008: float64, float64 
[2023-01-06 15:48:15,431] 71 root INFO Hypothesis ay_009: float64, float64 
[2023-01-06 15:48:15,445] 71 root INFO Hypothesis az_000: float64, float64 
[2023-01-06 15:48:15,452] 71 root INFO Hypothesis az_001: float64, float64 
[2023-01-06 15:48:15,458] 71 root INFO Hypothesis az_002: float64, float64 
[2023-01-06 15:48:15,465] 71 root INFO Hypothesis az_003: float64, float64 
[2023-01-06 15:48:15,472] 71 root INFO Hypothesis az_004: float64, float64 
[2023-01-06 15:48:15,478] 71 root INFO Hypothesis az_005: float64, float64 
[2023-01-06 15:48:15,486] 71 root INFO Hypothesis az_006: float64, float64 
[2023-01-06 15:48:15,492] 71 root INFO Hypothesis az_007: float64, float64 
[2023-01-06 15:48:15,507] 71 root INFO Hypothesis az_008: float64, float64 
[2023-01-06 15:48:15,522] 71 root INFO Hypothesis az_009: float64, float64 
[2023-01-06 15:48:15,538] 71 root INFO Hypothesis ba_000: float64, float64 
[2023-01-06 15:48:15,545] 71 root INFO Hypothesis ba_001: float64, float64 
[2023-01-06 15:48:15,552] 71 root INFO Hypothesis ba_002: float64, float64 
[2023-01-06 15:48:15,559] 71 root INFO Hypothesis ba_003: float64, float64 
[2023-01-06 15:48:15,566] 71 root INFO Hypothesis ba_004: float64, float64 
[2023-01-06 15:48:15,573] 71 root INFO Hypothesis ba_005: float64, float64 
[2023-01-06 15:48:15,580] 71 root INFO Hypothesis ba_006: float64, float64 
[2023-01-06 15:48:15,586] 71 root INFO Hypothesis ba_007: float64, float64 
[2023-01-06 15:48:15,593] 71 root INFO Hypothesis ba_008: float64, float64 
[2023-01-06 15:48:15,599] 71 root INFO Hypothesis ba_009: float64, float64 
[2023-01-06 15:48:15,603] 71 root INFO Hypothesis bb_000: float64, float64 
[2023-01-06 15:48:15,610] 71 root INFO Hypothesis bc_000: float64, float64 
[2023-01-06 15:48:15,615] 71 root INFO Hypothesis bd_000: float64, float64 
[2023-01-06 15:48:15,621] 71 root INFO Hypothesis be_000: float64, float64 
[2023-01-06 15:48:15,627] 71 root INFO Hypothesis bf_000: float64, float64 
[2023-01-06 15:48:15,633] 71 root INFO Hypothesis bg_000: float64, float64 
[2023-01-06 15:48:15,640] 71 root INFO Hypothesis bh_000: float64, float64 
[2023-01-06 15:48:15,647] 71 root INFO Hypothesis bi_000: float64, float64 
[2023-01-06 15:48:15,654] 71 root INFO Hypothesis bj_000: float64, float64 
[2023-01-06 15:48:15,661] 71 root INFO Hypothesis bs_000: float64, float64 
[2023-01-06 15:48:15,668] 71 root INFO Hypothesis bt_000: float64, float64 
[2023-01-06 15:48:15,675] 71 root INFO Hypothesis bu_000: float64, float64 
[2023-01-06 15:48:15,682] 71 root INFO Hypothesis bv_000: float64, float64 
[2023-01-06 15:48:15,689] 71 root INFO Hypothesis bx_000: float64, float64 
[2023-01-06 15:48:15,696] 71 root INFO Hypothesis by_000: float64, float64 
[2023-01-06 15:48:15,703] 71 root INFO Hypothesis bz_000: float64, float64 
[2023-01-06 15:48:15,709] 71 root INFO Hypothesis ca_000: float64, float64 
[2023-01-06 15:48:15,716] 71 root INFO Hypothesis cb_000: float64, float64 
[2023-01-06 15:48:15,723] 71 root INFO Hypothesis cc_000: float64, float64 
[2023-01-06 15:48:15,730] 71 root INFO Hypothesis cd_000: float64, float64 
[2023-01-06 15:48:15,746] 71 root INFO Hypothesis ce_000: float64, float64 
[2023-01-06 15:48:15,754] 71 root INFO Hypothesis ci_000: float64, float64 
[2023-01-06 15:48:15,763] 71 root INFO Hypothesis cj_000: float64, float64 
[2023-01-06 15:48:15,783] 71 root INFO Hypothesis ck_000: float64, float64 
[2023-01-06 15:48:15,791] 71 root INFO Hypothesis cl_000: float64, float64 
[2023-01-06 15:48:15,796] 71 root INFO Hypothesis cm_000: float64, float64 
[2023-01-06 15:48:15,801] 71 root INFO Hypothesis cn_000: float64, float64 
[2023-01-06 15:48:15,817] 71 root INFO Hypothesis cn_001: float64, float64 
[2023-01-06 15:48:15,835] 71 root INFO Hypothesis cn_002: float64, float64 
[2023-01-06 15:48:15,840] 71 root INFO Hypothesis cn_003: float64, float64 
[2023-01-06 15:48:15,847] 71 root INFO Hypothesis cn_004: float64, float64 
[2023-01-06 15:48:15,854] 71 root INFO Hypothesis cn_005: float64, float64 
[2023-01-06 15:48:15,861] 71 root INFO Hypothesis cn_006: float64, float64 
[2023-01-06 15:48:15,868] 71 root INFO Hypothesis cn_007: float64, float64 
[2023-01-06 15:48:15,875] 71 root INFO Hypothesis cn_008: float64, float64 
[2023-01-06 15:48:15,881] 71 root INFO Hypothesis cn_009: float64, float64 
[2023-01-06 15:48:15,886] 71 root INFO Hypothesis cp_000: float64, float64 
[2023-01-06 15:48:15,891] 71 root INFO Hypothesis cq_000: float64, float64 
[2023-01-06 15:48:15,898] 71 root INFO Hypothesis cs_000: float64, float64 
[2023-01-06 15:48:15,905] 71 root INFO Hypothesis cs_001: float64, float64 
[2023-01-06 15:48:15,911] 71 root INFO Hypothesis cs_002: float64, float64 
[2023-01-06 15:48:15,917] 71 root INFO Hypothesis cs_003: float64, float64 
[2023-01-06 15:48:15,924] 71 root INFO Hypothesis cs_004: float64, float64 
[2023-01-06 15:48:15,935] 71 root INFO Hypothesis cs_005: float64, float64 
[2023-01-06 15:48:15,942] 71 root INFO Hypothesis cs_006: float64, float64 
[2023-01-06 15:48:15,949] 71 root INFO Hypothesis cs_007: float64, float64 
[2023-01-06 15:48:15,956] 71 root INFO Hypothesis cs_008: float64, float64 
[2023-01-06 15:48:15,964] 71 root INFO Hypothesis cs_009: float64, float64 
[2023-01-06 15:48:15,983] 71 root INFO Hypothesis dd_000: float64, float64 
[2023-01-06 15:48:15,993] 71 root INFO Hypothesis de_000: float64, float64 
[2023-01-06 15:48:15,999] 71 root INFO Hypothesis df_000: float64, float64 
[2023-01-06 15:48:16,015] 71 root INFO Hypothesis dg_000: float64, float64 
[2023-01-06 15:48:16,030] 71 root INFO Hypothesis dh_000: float64, float64 
[2023-01-06 15:48:16,045] 71 root INFO Hypothesis di_000: float64, float64 
[2023-01-06 15:48:16,050] 71 root INFO Hypothesis dj_000: float64, float64 
[2023-01-06 15:48:16,066] 71 root INFO Hypothesis dk_000: float64, float64 
[2023-01-06 15:48:16,085] 71 root INFO Hypothesis dl_000: float64, float64 
[2023-01-06 15:48:16,100] 71 root INFO Hypothesis dm_000: float64, float64 
[2023-01-06 15:48:16,117] 71 root INFO Hypothesis dn_000: float64, float64 
[2023-01-06 15:48:16,124] 71 root INFO Hypothesis do_000: float64, float64 
[2023-01-06 15:48:16,131] 71 root INFO Hypothesis dp_000: float64, float64 
[2023-01-06 15:48:16,138] 71 root INFO Hypothesis dq_000: float64, float64 
[2023-01-06 15:48:16,142] 71 root INFO Hypothesis dr_000: float64, float64 
[2023-01-06 15:48:16,146] 71 root INFO Hypothesis ds_000: float64, float64 
[2023-01-06 15:48:16,153] 71 root INFO Hypothesis dt_000: float64, float64 
[2023-01-06 15:48:16,160] 71 root INFO Hypothesis du_000: float64, float64 
[2023-01-06 15:48:16,167] 71 root INFO Hypothesis dv_000: float64, float64 
[2023-01-06 15:48:16,174] 71 root INFO Hypothesis dx_000: float64, float64 
[2023-01-06 15:48:16,178] 71 root INFO Hypothesis dy_000: float64, float64 
[2023-01-06 15:48:16,183] 71 root INFO Hypothesis dz_000: float64, float64 
[2023-01-06 15:48:16,198] 71 root INFO Hypothesis ea_000: float64, float64 
[2023-01-06 15:48:16,213] 71 root INFO Hypothesis eb_000: float64, float64 
[2023-01-06 15:48:16,218] 71 root INFO Hypothesis ec_00: float64, float64 
[2023-01-06 15:48:16,225] 71 root INFO Hypothesis ed_000: float64, float64 
[2023-01-06 15:48:16,231] 71 root INFO Hypothesis ee_000: float64, float64 
[2023-01-06 15:48:16,238] 71 root INFO Hypothesis ee_001: float64, float64 
[2023-01-06 15:48:16,245] 71 root INFO Hypothesis ee_002: float64, float64 
[2023-01-06 15:48:16,252] 71 root INFO Hypothesis ee_003: float64, float64 
[2023-01-06 15:48:16,259] 71 root INFO Hypothesis ee_004: float64, float64 
[2023-01-06 15:48:16,266] 71 root INFO Hypothesis ee_005: float64, float64 
[2023-01-06 15:48:16,273] 71 root INFO Hypothesis ee_006: float64, float64 
[2023-01-06 15:48:16,280] 71 root INFO Hypothesis ee_007: float64, float64 
[2023-01-06 15:48:16,286] 71 root INFO Hypothesis ee_008: float64, float64 
[2023-01-06 15:48:16,292] 71 root INFO Hypothesis ee_009: float64, float64 
[2023-01-06 15:48:16,298] 71 root INFO Hypothesis ef_000: float64, float64 
[2023-01-06 15:48:16,313] 71 root INFO Hypothesis eg_000: float64, float64 
[2023-01-06 15:48:16,328] 134 root INFO Write reprt in yaml file
[2023-01-06 15:48:16,398] 141 root INFO Data validation artifact: DataValidationArtifact(report_file_path='/config/workspace/artifact/01062023__154738/data_validation/report.yaml')
[2023-01-06 15:48:17,302] 63 root INFO before resampling in training set input:{input_feature_train_arr.shape} and target :{target_feature_train_arr.shape}
[2023-01-06 15:48:23,645] 65 root INFO after resampling training set input(56132, 170) and target:(56132,)
[2023-01-06 15:48:23,645] 68 root INFO Before resampling in testing set Input: (7238, 170) Target:(7238,)
[2023-01-06 15:48:24,352] 70 root INFO After resampling in testing set Input: (14044, 170) Target:(14044,)
[2023-01-06 15:48:24,470] 53 root INFO Entered the save_object method of MainUtils class
[2023-01-06 15:48:24,473] 57 root INFO Exited the save_object method of MainUtils class
[2023-01-06 15:48:24,473] 53 root INFO Entered the save_object method of MainUtils class
[2023-01-06 15:48:24,474] 57 root INFO Exited the save_object method of MainUtils class
[2023-01-06 15:48:24,474] 98 root INFO Data transformation object: DataTransformationArtifact(transform_object_path='/config/workspace/artifact/01062023__154738/data_transformation/transformer/transformer.pkl', transformed_train_path='/config/workspace/artifact/01062023__154738/data_transformation/transformed/train.npz', transformed_test_path='/config/workspace/artifact/01062023__154738/data_transformation/transformed/test.npz', target_encoder_path='/config/workspace/artifact/01062023__154738/data_transformation/target_encoder/target_encoder.pkl')
[2023-01-06 15:48:24,475] 37 root INFO loading train and test array
[2023-01-06 15:48:24,506] 42 root INFO splitting input and target feature from both train and test set
[2023-01-06 15:48:24,506] 46 root INFO train the model
[2023-01-06 15:48:37,795] 49 root INFO calculating f1_score for train data
