[2023-01-07 12:44:58,228] 20 root INFO exporting collection data as pandas dataframe
[2023-01-07 12:44:58,228] 12 root INFO reading from databaseaps qand collection :sensor
[2023-01-07 12:45:02,451] 14 root INFO found columns:Index(['_id', 'class', 'aa_000', 'ab_000', 'ac_000', 'ad_000', 'ae_000',
       'af_000', 'ag_000', 'ag_001',
       ...
       'ee_002', 'ee_003', 'ee_004', 'ee_005', 'ee_006', 'ee_007', 'ee_008',
       'ee_009', 'ef_000', 'eg_000'],
      dtype='object', length=172)
[2023-01-07 12:45:02,451] 16 root INFO dropping _id column
[2023-01-07 12:45:02,655] 24 root INFO save data in feature store,replacing null values with nan
[2023-01-07 12:45:03,255] 27 root INFO creating feature store folder if not available
[2023-01-07 12:45:03,256] 31 root INFO save df to feature store folder
[2023-01-07 12:45:05,892] 34 root INFO spliting data into train test split
[2023-01-07 12:45:06,519] 37 root INFO creating dataset directory if not available
[2023-01-07 12:45:06,519] 41 root INFO save df to feature store folder
[2023-01-07 12:45:08,835] 46 root INFO preparing artifact
[2023-01-07 12:45:08,836] 53 root INFO data ingestion artifact:DataIngestionArtifact(feature_store_file_path='/config/workspace/artifact/01072023__124458/data_ingestion/feature_store/sensor.csv', train_file_path='/config/workspace/artifact/01072023__124458/data_ingestion/dataset/train.csv', test_file_path='/config/workspace/artifact/01072023__124458/data_ingestion/dataset/test.csv')
[2023-01-07 12:45:09,272] 20 root INFO exporting collection data as pandas dataframe
[2023-01-07 12:45:09,273] 12 root INFO reading from databaseaps qand collection :sensor
[2023-01-07 12:45:13,063] 14 root INFO found columns:Index(['_id', 'class', 'aa_000', 'ab_000', 'ac_000', 'ad_000', 'ae_000',
       'af_000', 'ag_000', 'ag_001',
       ...
       'ee_002', 'ee_003', 'ee_004', 'ee_005', 'ee_006', 'ee_007', 'ee_008',
       'ee_009', 'ef_000', 'eg_000'],
      dtype='object', length=172)
[2023-01-07 12:45:13,064] 16 root INFO dropping _id column
[2023-01-07 12:45:13,261] 24 root INFO save data in feature store,replacing null values with nan
[2023-01-07 12:45:13,811] 27 root INFO creating feature store folder if not available
[2023-01-07 12:45:13,811] 31 root INFO save df to feature store folder
[2023-01-07 12:45:16,735] 34 root INFO spliting data into train test split
[2023-01-07 12:45:17,385] 37 root INFO creating dataset directory if not available
[2023-01-07 12:45:17,385] 41 root INFO save df to feature store folder
[2023-01-07 12:45:19,669] 46 root INFO preparing artifact
[2023-01-07 12:45:19,669] 53 root INFO data ingestion artifact:DataIngestionArtifact(feature_store_file_path='/config/workspace/artifact/01072023__124458/data_ingestion/feature_store/sensor.csv', train_file_path='/config/workspace/artifact/01072023__124458/data_ingestion/dataset/train.csv', test_file_path='/config/workspace/artifact/01072023__124458/data_ingestion/dataset/test.csv')
[2023-01-07 12:45:20,067] 16 root INFO >>>>>>>>>>>>>>>>>>>>>>>>>>>>>>>>>>>>>>>> DATA VALIDATION <<<<<<<<<<<<<<<<<<<<<<<<<<<<<<<<<<<<<<<<
[2023-01-07 12:45:20,067] 96 root INFO Reading base dataframe
[2023-01-07 12:45:22,997] 99 root INFO Replace na value in base df
[2023-01-07 12:45:22,998] 101 root INFO Drop null values colums from base df
[2023-01-07 12:45:23,973] 30 root INFO selecting column nane which containing null above 0.2
[2023-01-07 12:45:23,974] 33 root INFO column names to drop['ab_000', 'ad_000', 'bk_000', 'bl_000', 'bm_000', 'bn_000', 'bo_000', 'bp_000', 'bq_000', 'br_000', 'cf_000', 'cg_000', 'ch_000', 'co_000', 'cr_000', 'ct_000', 'cu_000', 'cv_000', 'cx_000', 'cy_000', 'cz_000', 'da_000', 'db_000', 'dc_000']
[2023-01-07 12:45:24,081] 104 root INFO reading train dataframe
[2023-01-07 12:45:24,480] 106 root INFO reading test dataframe
[2023-01-07 12:45:24,582] 109 root INFO dropping null vakluecolumns from  train df
[2023-01-07 12:45:24,594] 30 root INFO selecting column nane which containing null above 0.2
[2023-01-07 12:45:24,594] 33 root INFO column names to drop['ab_000', 'ad_000', 'bk_000', 'bl_000', 'bm_000', 'bn_000', 'bo_000', 'bp_000', 'bq_000', 'br_000', 'cf_000', 'cg_000', 'ch_000', 'co_000', 'cr_000', 'ct_000', 'cu_000', 'cv_000', 'cx_000', 'cy_000', 'cz_000', 'da_000', 'db_000', 'dc_000']
[2023-01-07 12:45:24,600] 111 root INFO dropping missing value columns in test dataset
[2023-01-07 12:45:24,604] 30 root INFO selecting column nane which containing null above 0.2
[2023-01-07 12:45:24,605] 33 root INFO column names to drop['ab_000', 'ad_000', 'bk_000', 'bl_000', 'bm_000', 'bn_000', 'bo_000', 'bp_000', 'bq_000', 'br_000', 'cf_000', 'cg_000', 'ch_000', 'co_000', 'cr_000', 'ct_000', 'cu_000', 'cv_000', 'cx_000', 'cy_000', 'cz_000', 'da_000', 'db_000', 'dc_000']
[2023-01-07 12:45:30,630] 122 root INFO Is all required columns present in train df
[2023-01-07 12:45:30,630] 124 root INFO Is all required columns present in test df
[2023-01-07 12:45:30,630] 128 root INFO As all column are available in train df hence detecting data drift
[2023-01-07 12:45:30,631] 71 root INFO Hypothesis class: object, object 
[2023-01-07 12:45:30,768] 71 root INFO Hypothesis aa_000: float64, float64 
[2023-01-07 12:45:30,779] 71 root INFO Hypothesis ac_000: float64, float64 
[2023-01-07 12:45:30,788] 71 root INFO Hypothesis ae_000: float64, float64 
[2023-01-07 12:45:30,828] 71 root INFO Hypothesis af_000: float64, float64 
[2023-01-07 12:45:30,870] 71 root INFO Hypothesis ag_000: float64, float64 
[2023-01-07 12:45:30,907] 71 root INFO Hypothesis ag_001: float64, float64 
[2023-01-07 12:45:30,943] 71 root INFO Hypothesis ag_002: float64, float64 
[2023-01-07 12:45:30,981] 71 root INFO Hypothesis ag_003: float64, float64 
[2023-01-07 12:45:31,020] 71 root INFO Hypothesis ag_004: float64, float64 
[2023-01-07 12:45:31,030] 71 root INFO Hypothesis ag_005: float64, float64 
[2023-01-07 12:45:31,075] 71 root INFO Hypothesis ag_006: float64, float64 
[2023-01-07 12:45:31,119] 71 root INFO Hypothesis ag_007: float64, float64 
[2023-01-07 12:45:31,128] 71 root INFO Hypothesis ag_008: float64, float64 
[2023-01-07 12:45:31,137] 71 root INFO Hypothesis ag_009: float64, float64 
[2023-01-07 12:45:31,144] 71 root INFO Hypothesis ah_000: float64, float64 
[2023-01-07 12:45:31,187] 71 root INFO Hypothesis ai_000: float64, float64 
[2023-01-07 12:45:31,224] 71 root INFO Hypothesis aj_000: float64, float64 
[2023-01-07 12:45:31,231] 71 root INFO Hypothesis ak_000: float64, float64 
[2023-01-07 12:45:31,236] 71 root INFO Hypothesis al_000: float64, float64 
[2023-01-07 12:45:31,277] 71 root INFO Hypothesis am_0: float64, float64 
[2023-01-07 12:45:31,317] 71 root INFO Hypothesis an_000: float64, float64 
[2023-01-07 12:45:31,328] 71 root INFO Hypothesis ao_000: float64, float64 
[2023-01-07 12:45:31,372] 71 root INFO Hypothesis ap_000: float64, float64 
[2023-01-07 12:45:31,383] 71 root INFO Hypothesis aq_000: float64, float64 
[2023-01-07 12:45:31,433] 71 root INFO Hypothesis ar_000: float64, float64 
[2023-01-07 12:45:31,471] 71 root INFO Hypothesis as_000: float64, float64 
[2023-01-07 12:45:31,508] 71 root INFO Hypothesis at_000: float64, float64 
[2023-01-07 12:45:31,545] 71 root INFO Hypothesis au_000: float64, float64 
[2023-01-07 12:45:31,582] 71 root INFO Hypothesis av_000: float64, float64 
[2023-01-07 12:45:31,590] 71 root INFO Hypothesis ax_000: float64, float64 
[2023-01-07 12:45:31,598] 71 root INFO Hypothesis ay_000: float64, float64 
[2023-01-07 12:45:31,635] 71 root INFO Hypothesis ay_001: float64, float64 
[2023-01-07 12:45:31,672] 71 root INFO Hypothesis ay_002: float64, float64 
[2023-01-07 12:45:31,709] 71 root INFO Hypothesis ay_003: float64, float64 
[2023-01-07 12:45:31,746] 71 root INFO Hypothesis ay_004: float64, float64 
[2023-01-07 12:45:31,783] 71 root INFO Hypothesis ay_005: float64, float64 
[2023-01-07 12:45:31,823] 71 root INFO Hypothesis ay_006: float64, float64 
[2023-01-07 12:45:31,868] 71 root INFO Hypothesis ay_007: float64, float64 
[2023-01-07 12:45:31,879] 71 root INFO Hypothesis ay_008: float64, float64 
[2023-01-07 12:45:31,926] 71 root INFO Hypothesis ay_009: float64, float64 
[2023-01-07 12:45:31,964] 71 root INFO Hypothesis az_000: float64, float64 
[2023-01-07 12:45:32,007] 71 root INFO Hypothesis az_001: float64, float64 
[2023-01-07 12:45:32,051] 71 root INFO Hypothesis az_002: float64, float64 
[2023-01-07 12:45:32,094] 71 root INFO Hypothesis az_003: float64, float64 
[2023-01-07 12:45:32,105] 71 root INFO Hypothesis az_004: float64, float64 
[2023-01-07 12:45:32,150] 71 root INFO Hypothesis az_005: float64, float64 
[2023-01-07 12:45:32,162] 71 root INFO Hypothesis az_006: float64, float64 
[2023-01-07 12:45:32,205] 71 root INFO Hypothesis az_007: float64, float64 
[2023-01-07 12:45:32,243] 71 root INFO Hypothesis az_008: float64, float64 
[2023-01-07 12:45:32,281] 71 root INFO Hypothesis az_009: float64, float64 
[2023-01-07 12:45:32,318] 71 root INFO Hypothesis ba_000: float64, float64 
[2023-01-07 12:45:32,363] 71 root INFO Hypothesis ba_001: float64, float64 
[2023-01-07 12:45:32,374] 71 root INFO Hypothesis ba_002: float64, float64 
[2023-01-07 12:45:32,384] 71 root INFO Hypothesis ba_003: float64, float64 
[2023-01-07 12:45:32,429] 71 root INFO Hypothesis ba_004: float64, float64 
[2023-01-07 12:45:32,439] 71 root INFO Hypothesis ba_005: float64, float64 
[2023-01-07 12:45:32,481] 71 root INFO Hypothesis ba_006: float64, float64 
[2023-01-07 12:45:32,524] 71 root INFO Hypothesis ba_007: float64, float64 
[2023-01-07 12:45:32,534] 71 root INFO Hypothesis ba_008: float64, float64 
[2023-01-07 12:45:32,542] 71 root INFO Hypothesis ba_009: float64, float64 
[2023-01-07 12:45:32,582] 71 root INFO Hypothesis bb_000: float64, float64 
[2023-01-07 12:45:32,625] 71 root INFO Hypothesis bc_000: float64, float64 
[2023-01-07 12:45:32,633] 71 root INFO Hypothesis bd_000: float64, float64 
[2023-01-07 12:45:32,642] 71 root INFO Hypothesis be_000: float64, float64 
[2023-01-07 12:45:32,650] 71 root INFO Hypothesis bf_000: float64, float64 
[2023-01-07 12:45:32,690] 71 root INFO Hypothesis bg_000: float64, float64 
[2023-01-07 12:45:32,734] 71 root INFO Hypothesis bh_000: float64, float64 
[2023-01-07 12:45:32,779] 71 root INFO Hypothesis bi_000: float64, float64 
[2023-01-07 12:45:32,790] 71 root INFO Hypothesis bj_000: float64, float64 
[2023-01-07 12:45:32,835] 71 root INFO Hypothesis bs_000: float64, float64 
[2023-01-07 12:45:32,878] 71 root INFO Hypothesis bt_000: float64, float64 
[2023-01-07 12:45:32,889] 71 root INFO Hypothesis bu_000: float64, float64 
[2023-01-07 12:45:32,933] 71 root INFO Hypothesis bv_000: float64, float64 
[2023-01-07 12:45:32,979] 71 root INFO Hypothesis bx_000: float64, float64 
[2023-01-07 12:45:32,990] 71 root INFO Hypothesis by_000: float64, float64 
[2023-01-07 12:45:33,000] 71 root INFO Hypothesis bz_000: float64, float64 
[2023-01-07 12:45:33,041] 71 root INFO Hypothesis ca_000: float64, float64 
[2023-01-07 12:45:33,052] 71 root INFO Hypothesis cb_000: float64, float64 
[2023-01-07 12:45:33,096] 71 root INFO Hypothesis cc_000: float64, float64 
[2023-01-07 12:45:33,107] 71 root INFO Hypothesis cd_000: float64, float64 
[2023-01-07 12:45:33,112] 71 root INFO Hypothesis ce_000: float64, float64 
[2023-01-07 12:45:33,121] 71 root INFO Hypothesis ci_000: float64, float64 
[2023-01-07 12:45:33,132] 71 root INFO Hypothesis cj_000: float64, float64 
[2023-01-07 12:45:33,171] 71 root INFO Hypothesis ck_000: float64, float64 
[2023-01-07 12:45:33,182] 71 root INFO Hypothesis cl_000: float64, float64 
[2023-01-07 12:45:33,221] 71 root INFO Hypothesis cm_000: float64, float64 
[2023-01-07 12:45:33,228] 71 root INFO Hypothesis cn_000: float64, float64 
[2023-01-07 12:45:33,265] 71 root INFO Hypothesis cn_001: float64, float64 
[2023-01-07 12:45:33,304] 71 root INFO Hypothesis cn_002: float64, float64 
[2023-01-07 12:45:33,344] 71 root INFO Hypothesis cn_003: float64, float64 
[2023-01-07 12:45:33,387] 71 root INFO Hypothesis cn_004: float64, float64 
[2023-01-07 12:45:33,434] 71 root INFO Hypothesis cn_005: float64, float64 
[2023-01-07 12:45:33,479] 71 root INFO Hypothesis cn_006: float64, float64 
[2023-01-07 12:45:33,524] 71 root INFO Hypothesis cn_007: float64, float64 
[2023-01-07 12:45:33,567] 71 root INFO Hypothesis cn_008: float64, float64 
[2023-01-07 12:45:33,609] 71 root INFO Hypothesis cn_009: float64, float64 
[2023-01-07 12:45:33,617] 71 root INFO Hypothesis cp_000: float64, float64 
[2023-01-07 12:45:33,625] 71 root INFO Hypothesis cq_000: float64, float64 
[2023-01-07 12:45:33,669] 71 root INFO Hypothesis cs_000: float64, float64 
[2023-01-07 12:45:33,679] 71 root INFO Hypothesis cs_001: float64, float64 
[2023-01-07 12:45:33,720] 71 root INFO Hypothesis cs_002: float64, float64 
[2023-01-07 12:45:33,730] 71 root INFO Hypothesis cs_003: float64, float64 
[2023-01-07 12:45:33,741] 71 root INFO Hypothesis cs_004: float64, float64 
[2023-01-07 12:45:33,751] 71 root INFO Hypothesis cs_005: float64, float64 
[2023-01-07 12:45:33,762] 71 root INFO Hypothesis cs_006: float64, float64 
[2023-01-07 12:45:33,773] 71 root INFO Hypothesis cs_007: float64, float64 
[2023-01-07 12:45:33,786] 71 root INFO Hypothesis cs_008: float64, float64 
[2023-01-07 12:45:33,794] 71 root INFO Hypothesis cs_009: float64, float64 
[2023-01-07 12:45:33,832] 71 root INFO Hypothesis dd_000: float64, float64 
[2023-01-07 12:45:33,842] 71 root INFO Hypothesis de_000: float64, float64 
[2023-01-07 12:45:33,851] 71 root INFO Hypothesis df_000: float64, float64 
[2023-01-07 12:45:33,856] 71 root INFO Hypothesis dg_000: float64, float64 
[2023-01-07 12:45:33,861] 71 root INFO Hypothesis dh_000: float64, float64 
[2023-01-07 12:45:33,866] 71 root INFO Hypothesis di_000: float64, float64 
[2023-01-07 12:45:33,873] 71 root INFO Hypothesis dj_000: float64, float64 
[2023-01-07 12:45:33,878] 71 root INFO Hypothesis dk_000: float64, float64 
[2023-01-07 12:45:33,883] 71 root INFO Hypothesis dl_000: float64, float64 
[2023-01-07 12:45:33,888] 71 root INFO Hypothesis dm_000: float64, float64 
[2023-01-07 12:45:33,893] 71 root INFO Hypothesis dn_000: float64, float64 
[2023-01-07 12:45:33,936] 71 root INFO Hypothesis do_000: float64, float64 
[2023-01-07 12:45:33,982] 71 root INFO Hypothesis dp_000: float64, float64 
[2023-01-07 12:45:34,025] 71 root INFO Hypothesis dq_000: float64, float64 
[2023-01-07 12:45:34,032] 71 root INFO Hypothesis dr_000: float64, float64 
[2023-01-07 12:45:34,038] 71 root INFO Hypothesis ds_000: float64, float64 
[2023-01-07 12:45:34,049] 71 root INFO Hypothesis dt_000: float64, float64 
[2023-01-07 12:45:34,059] 71 root INFO Hypothesis du_000: float64, float64 
[2023-01-07 12:45:34,070] 71 root INFO Hypothesis dv_000: float64, float64 
[2023-01-07 12:45:34,082] 71 root INFO Hypothesis dx_000: float64, float64 
[2023-01-07 12:45:34,090] 71 root INFO Hypothesis dy_000: float64, float64 
[2023-01-07 12:45:34,097] 71 root INFO Hypothesis dz_000: float64, float64 
[2023-01-07 12:45:34,134] 71 root INFO Hypothesis ea_000: float64, float64 
[2023-01-07 12:45:34,171] 71 root INFO Hypothesis eb_000: float64, float64 
[2023-01-07 12:45:34,180] 71 root INFO Hypothesis ec_00: float64, float64 
[2023-01-07 12:45:34,189] 71 root INFO Hypothesis ed_000: float64, float64 
[2023-01-07 12:45:34,198] 71 root INFO Hypothesis ee_000: float64, float64 
[2023-01-07 12:45:34,242] 71 root INFO Hypothesis ee_001: float64, float64 
[2023-01-07 12:45:34,286] 71 root INFO Hypothesis ee_002: float64, float64 
[2023-01-07 12:45:34,296] 71 root INFO Hypothesis ee_003: float64, float64 
[2023-01-07 12:45:34,340] 71 root INFO Hypothesis ee_004: float64, float64 
[2023-01-07 12:45:34,383] 71 root INFO Hypothesis ee_005: float64, float64 
[2023-01-07 12:45:34,394] 71 root INFO Hypothesis ee_006: float64, float64 
[2023-01-07 12:45:34,404] 71 root INFO Hypothesis ee_007: float64, float64 
[2023-01-07 12:45:34,447] 71 root INFO Hypothesis ee_008: float64, float64 
[2023-01-07 12:45:34,490] 71 root INFO Hypothesis ee_009: float64, float64 
[2023-01-07 12:45:34,529] 71 root INFO Hypothesis ef_000: float64, float64 
[2023-01-07 12:45:34,567] 71 root INFO Hypothesis eg_000: float64, float64 
[2023-01-07 12:45:34,605] 131 root INFO As all column are available in test df hence detecting data drift
[2023-01-07 12:45:34,605] 71 root INFO Hypothesis class: object, object 
[2023-01-07 12:45:34,680] 71 root INFO Hypothesis aa_000: float64, float64 
[2023-01-07 12:45:34,687] 71 root INFO Hypothesis ac_000: float64, float64 
[2023-01-07 12:45:34,693] 71 root INFO Hypothesis ae_000: float64, float64 
[2023-01-07 12:45:34,697] 71 root INFO Hypothesis af_000: float64, float64 
[2023-01-07 12:45:34,700] 71 root INFO Hypothesis ag_000: float64, float64 
[2023-01-07 12:45:34,716] 71 root INFO Hypothesis ag_001: float64, float64 
[2023-01-07 12:45:34,731] 71 root INFO Hypothesis ag_002: float64, float64 
[2023-01-07 12:45:34,735] 71 root INFO Hypothesis ag_003: float64, float64 
[2023-01-07 12:45:34,740] 71 root INFO Hypothesis ag_004: float64, float64 
[2023-01-07 12:45:34,747] 71 root INFO Hypothesis ag_005: float64, float64 
[2023-01-07 12:45:34,754] 71 root INFO Hypothesis ag_006: float64, float64 
[2023-01-07 12:45:34,762] 71 root INFO Hypothesis ag_007: float64, float64 
[2023-01-07 12:45:34,768] 71 root INFO Hypothesis ag_008: float64, float64 
[2023-01-07 12:45:34,774] 71 root INFO Hypothesis ag_009: float64, float64 
[2023-01-07 12:45:34,779] 71 root INFO Hypothesis ah_000: float64, float64 
[2023-01-07 12:45:34,787] 71 root INFO Hypothesis ai_000: float64, float64 
[2023-01-07 12:45:34,790] 71 root INFO Hypothesis aj_000: float64, float64 
[2023-01-07 12:45:34,794] 71 root INFO Hypothesis ak_000: float64, float64 
[2023-01-07 12:45:34,798] 71 root INFO Hypothesis al_000: float64, float64 
[2023-01-07 12:45:34,803] 71 root INFO Hypothesis am_0: float64, float64 
[2023-01-07 12:45:34,809] 71 root INFO Hypothesis an_000: float64, float64 
[2023-01-07 12:45:34,818] 71 root INFO Hypothesis ao_000: float64, float64 
[2023-01-07 12:45:34,827] 71 root INFO Hypothesis ap_000: float64, float64 
[2023-01-07 12:45:34,836] 71 root INFO Hypothesis aq_000: float64, float64 
[2023-01-07 12:45:34,844] 71 root INFO Hypothesis ar_000: float64, float64 
[2023-01-07 12:45:34,848] 71 root INFO Hypothesis as_000: float64, float64 
[2023-01-07 12:45:34,864] 71 root INFO Hypothesis at_000: float64, float64 
[2023-01-07 12:45:34,884] 71 root INFO Hypothesis au_000: float64, float64 
[2023-01-07 12:45:34,899] 71 root INFO Hypothesis av_000: float64, float64 
[2023-01-07 12:45:34,906] 71 root INFO Hypothesis ax_000: float64, float64 
[2023-01-07 12:45:34,911] 71 root INFO Hypothesis ay_000: float64, float64 
[2023-01-07 12:45:34,927] 71 root INFO Hypothesis ay_001: float64, float64 
[2023-01-07 12:45:34,942] 71 root INFO Hypothesis ay_002: float64, float64 
[2023-01-07 12:45:34,983] 71 root INFO Hypothesis ay_003: float64, float64 
[2023-01-07 12:45:34,999] 71 root INFO Hypothesis ay_004: float64, float64 
[2023-01-07 12:45:35,015] 71 root INFO Hypothesis ay_005: float64, float64 
[2023-01-07 12:45:35,021] 71 root INFO Hypothesis ay_006: float64, float64 
[2023-01-07 12:45:35,027] 71 root INFO Hypothesis ay_007: float64, float64 
[2023-01-07 12:45:35,034] 71 root INFO Hypothesis ay_008: float64, float64 
[2023-01-07 12:45:35,042] 71 root INFO Hypothesis ay_009: float64, float64 
[2023-01-07 12:45:35,058] 71 root INFO Hypothesis az_000: float64, float64 
[2023-01-07 12:45:35,065] 71 root INFO Hypothesis az_001: float64, float64 
[2023-01-07 12:45:35,071] 71 root INFO Hypothesis az_002: float64, float64 
[2023-01-07 12:45:35,078] 71 root INFO Hypothesis az_003: float64, float64 
[2023-01-07 12:45:35,085] 71 root INFO Hypothesis az_004: float64, float64 
[2023-01-07 12:45:35,092] 71 root INFO Hypothesis az_005: float64, float64 
[2023-01-07 12:45:35,099] 71 root INFO Hypothesis az_006: float64, float64 
[2023-01-07 12:45:35,106] 71 root INFO Hypothesis az_007: float64, float64 
[2023-01-07 12:45:35,110] 71 root INFO Hypothesis az_008: float64, float64 
[2023-01-07 12:45:35,114] 71 root INFO Hypothesis az_009: float64, float64 
[2023-01-07 12:45:35,129] 71 root INFO Hypothesis ba_000: float64, float64 
[2023-01-07 12:45:35,137] 71 root INFO Hypothesis ba_001: float64, float64 
[2023-01-07 12:45:35,144] 71 root INFO Hypothesis ba_002: float64, float64 
[2023-01-07 12:45:35,152] 71 root INFO Hypothesis ba_003: float64, float64 
[2023-01-07 12:45:35,159] 71 root INFO Hypothesis ba_004: float64, float64 
[2023-01-07 12:45:35,166] 71 root INFO Hypothesis ba_005: float64, float64 
[2023-01-07 12:45:35,173] 71 root INFO Hypothesis ba_006: float64, float64 
[2023-01-07 12:45:35,180] 71 root INFO Hypothesis ba_007: float64, float64 
[2023-01-07 12:45:35,187] 71 root INFO Hypothesis ba_008: float64, float64 
[2023-01-07 12:45:35,193] 71 root INFO Hypothesis ba_009: float64, float64 
[2023-01-07 12:45:35,197] 71 root INFO Hypothesis bb_000: float64, float64 
[2023-01-07 12:45:35,205] 71 root INFO Hypothesis bc_000: float64, float64 
[2023-01-07 12:45:35,210] 71 root INFO Hypothesis bd_000: float64, float64 
[2023-01-07 12:45:35,217] 71 root INFO Hypothesis be_000: float64, float64 
[2023-01-07 12:45:35,223] 71 root INFO Hypothesis bf_000: float64, float64 
[2023-01-07 12:45:35,228] 71 root INFO Hypothesis bg_000: float64, float64 
[2023-01-07 12:45:35,235] 71 root INFO Hypothesis bh_000: float64, float64 
[2023-01-07 12:45:35,242] 71 root INFO Hypothesis bi_000: float64, float64 
[2023-01-07 12:45:35,250] 71 root INFO Hypothesis bj_000: float64, float64 
[2023-01-07 12:45:35,257] 71 root INFO Hypothesis bs_000: float64, float64 
[2023-01-07 12:45:35,264] 71 root INFO Hypothesis bt_000: float64, float64 
[2023-01-07 12:45:35,272] 71 root INFO Hypothesis bu_000: float64, float64 
[2023-01-07 12:45:35,279] 71 root INFO Hypothesis bv_000: float64, float64 
[2023-01-07 12:45:35,286] 71 root INFO Hypothesis bx_000: float64, float64 
[2023-01-07 12:45:35,294] 71 root INFO Hypothesis by_000: float64, float64 
[2023-01-07 12:45:35,301] 71 root INFO Hypothesis bz_000: float64, float64 
[2023-01-07 12:45:35,307] 71 root INFO Hypothesis ca_000: float64, float64 
[2023-01-07 12:45:35,314] 71 root INFO Hypothesis cb_000: float64, float64 
[2023-01-07 12:45:35,322] 71 root INFO Hypothesis cc_000: float64, float64 
[2023-01-07 12:45:35,329] 71 root INFO Hypothesis cd_000: float64, float64 
[2023-01-07 12:45:35,345] 71 root INFO Hypothesis ce_000: float64, float64 
[2023-01-07 12:45:35,351] 71 root INFO Hypothesis ci_000: float64, float64 
[2023-01-07 12:45:35,358] 71 root INFO Hypothesis cj_000: float64, float64 
[2023-01-07 12:45:35,362] 71 root INFO Hypothesis ck_000: float64, float64 
[2023-01-07 12:45:35,370] 71 root INFO Hypothesis cl_000: float64, float64 
[2023-01-07 12:45:35,374] 71 root INFO Hypothesis cm_000: float64, float64 
[2023-01-07 12:45:35,379] 71 root INFO Hypothesis cn_000: float64, float64 
[2023-01-07 12:45:35,395] 71 root INFO Hypothesis cn_001: float64, float64 
[2023-01-07 12:45:35,412] 71 root INFO Hypothesis cn_002: float64, float64 
[2023-01-07 12:45:35,418] 71 root INFO Hypothesis cn_003: float64, float64 
[2023-01-07 12:45:35,425] 71 root INFO Hypothesis cn_004: float64, float64 
[2023-01-07 12:45:35,433] 71 root INFO Hypothesis cn_005: float64, float64 
[2023-01-07 12:45:35,440] 71 root INFO Hypothesis cn_006: float64, float64 
[2023-01-07 12:45:35,447] 71 root INFO Hypothesis cn_007: float64, float64 
[2023-01-07 12:45:35,453] 71 root INFO Hypothesis cn_008: float64, float64 
[2023-01-07 12:45:35,460] 71 root INFO Hypothesis cn_009: float64, float64 
[2023-01-07 12:45:35,465] 71 root INFO Hypothesis cp_000: float64, float64 
[2023-01-07 12:45:35,471] 71 root INFO Hypothesis cq_000: float64, float64 
[2023-01-07 12:45:35,478] 71 root INFO Hypothesis cs_000: float64, float64 
[2023-01-07 12:45:35,485] 71 root INFO Hypothesis cs_001: float64, float64 
[2023-01-07 12:45:35,491] 71 root INFO Hypothesis cs_002: float64, float64 
[2023-01-07 12:45:35,498] 71 root INFO Hypothesis cs_003: float64, float64 
[2023-01-07 12:45:35,505] 71 root INFO Hypothesis cs_004: float64, float64 
[2023-01-07 12:45:35,513] 71 root INFO Hypothesis cs_005: float64, float64 
[2023-01-07 12:45:35,520] 71 root INFO Hypothesis cs_006: float64, float64 
[2023-01-07 12:45:35,527] 71 root INFO Hypothesis cs_007: float64, float64 
[2023-01-07 12:45:35,535] 71 root INFO Hypothesis cs_008: float64, float64 
[2023-01-07 12:45:35,540] 71 root INFO Hypothesis cs_009: float64, float64 
[2023-01-07 12:45:35,556] 71 root INFO Hypothesis dd_000: float64, float64 
[2023-01-07 12:45:35,563] 71 root INFO Hypothesis de_000: float64, float64 
[2023-01-07 12:45:35,569] 71 root INFO Hypothesis df_000: float64, float64 
[2023-01-07 12:45:35,572] 71 root INFO Hypothesis dg_000: float64, float64 
[2023-01-07 12:45:35,576] 71 root INFO Hypothesis dh_000: float64, float64 
[2023-01-07 12:45:35,579] 71 root INFO Hypothesis di_000: float64, float64 
[2023-01-07 12:45:35,583] 71 root INFO Hypothesis dj_000: float64, float64 
[2023-01-07 12:45:35,587] 71 root INFO Hypothesis dk_000: float64, float64 
[2023-01-07 12:45:35,590] 71 root INFO Hypothesis dl_000: float64, float64 
[2023-01-07 12:45:35,593] 71 root INFO Hypothesis dm_000: float64, float64 
[2023-01-07 12:45:35,597] 71 root INFO Hypothesis dn_000: float64, float64 
[2023-01-07 12:45:35,604] 71 root INFO Hypothesis do_000: float64, float64 
[2023-01-07 12:45:35,610] 71 root INFO Hypothesis dp_000: float64, float64 
[2023-01-07 12:45:35,617] 71 root INFO Hypothesis dq_000: float64, float64 
[2023-01-07 12:45:35,621] 71 root INFO Hypothesis dr_000: float64, float64 
[2023-01-07 12:45:35,626] 71 root INFO Hypothesis ds_000: float64, float64 
[2023-01-07 12:45:35,635] 71 root INFO Hypothesis dt_000: float64, float64 
[2023-01-07 12:45:35,642] 71 root INFO Hypothesis du_000: float64, float64 
[2023-01-07 12:45:35,649] 71 root INFO Hypothesis dv_000: float64, float64 
[2023-01-07 12:45:35,657] 71 root INFO Hypothesis dx_000: float64, float64 
[2023-01-07 12:45:35,662] 71 root INFO Hypothesis dy_000: float64, float64 
[2023-01-07 12:45:35,666] 71 root INFO Hypothesis dz_000: float64, float64 
[2023-01-07 12:45:35,670] 71 root INFO Hypothesis ea_000: float64, float64 
[2023-01-07 12:45:35,673] 71 root INFO Hypothesis eb_000: float64, float64 
[2023-01-07 12:45:35,679] 71 root INFO Hypothesis ec_00: float64, float64 
[2023-01-07 12:45:35,686] 71 root INFO Hypothesis ed_000: float64, float64 
[2023-01-07 12:45:35,692] 71 root INFO Hypothesis ee_000: float64, float64 
[2023-01-07 12:45:35,699] 71 root INFO Hypothesis ee_001: float64, float64 
[2023-01-07 12:45:35,707] 71 root INFO Hypothesis ee_002: float64, float64 
[2023-01-07 12:45:35,714] 71 root INFO Hypothesis ee_003: float64, float64 
[2023-01-07 12:45:35,721] 71 root INFO Hypothesis ee_004: float64, float64 
[2023-01-07 12:45:35,729] 71 root INFO Hypothesis ee_005: float64, float64 
[2023-01-07 12:45:35,736] 71 root INFO Hypothesis ee_006: float64, float64 
[2023-01-07 12:45:35,743] 71 root INFO Hypothesis ee_007: float64, float64 
[2023-01-07 12:45:35,750] 71 root INFO Hypothesis ee_008: float64, float64 
[2023-01-07 12:45:35,756] 71 root INFO Hypothesis ee_009: float64, float64 
[2023-01-07 12:45:35,762] 71 root INFO Hypothesis ef_000: float64, float64 
[2023-01-07 12:45:35,766] 71 root INFO Hypothesis eg_000: float64, float64 
[2023-01-07 12:45:35,769] 134 root INFO Write reprt in yaml file
[2023-01-07 12:45:35,847] 141 root INFO Data validation artifact: DataValidationArtifact(report_file_path='/config/workspace/artifact/01072023__124458/data_validation/report.yaml')
[2023-01-07 12:45:36,779] 64 root INFO before resampling in training set input:{input_feature_train_arr.shape} and target :{target_feature_train_arr.shape}
[2023-01-07 12:45:42,972] 66 root INFO after resampling training set input(56112, 170) and target:(56112,)
[2023-01-07 12:45:42,972] 69 root INFO Before resampling in testing set Input: (7238, 170) Target:(7238,)
[2023-01-07 12:45:43,654] 71 root INFO After resampling in testing set Input: (14090, 170) Target:(14090,)
[2023-01-07 12:45:43,783] 53 root INFO Entered the save_object method of MainUtils class
[2023-01-07 12:45:43,786] 57 root INFO Exited the save_object method of MainUtils class
[2023-01-07 12:45:43,786] 53 root INFO Entered the save_object method of MainUtils class
[2023-01-07 12:45:43,787] 57 root INFO Exited the save_object method of MainUtils class
[2023-01-07 12:45:43,787] 99 root INFO Data transformation object: DataTransformationArtifact(transform_object_path='/config/workspace/artifact/01072023__124458/data_transformation/transformer/transformer.pkl', transformed_train_path='/config/workspace/artifact/01072023__124458/data_transformation/transformed/train.npz', transformed_test_path='/config/workspace/artifact/01072023__124458/data_transformation/transformed/test.npz', target_encoder_path='/config/workspace/artifact/01072023__124458/data_transformation/target_encoder/target_encoder.pkl')
[2023-01-07 12:45:43,788] 37 root INFO loading train and test array
[2023-01-07 12:45:43,818] 42 root INFO splitting input and target feature from both train and test set
[2023-01-07 12:45:43,819] 46 root INFO train the model
[2023-01-07 12:45:59,647] 49 root INFO calculating f1_score for train data
[2023-01-07 12:45:59,699] 53 root INFO calculating f1 test score
[2023-01-07 12:45:59,718] 58 root INFO f1_train_score:0.9999821781825311  and f1_test_score is : 0.9808120733021919
[2023-01-07 12:45:59,718] 61 root INFO checking our model is underfitting or overfitting or goood model
[2023-01-07 12:45:59,718] 65 root INFO checking our model is overfitting or not
[2023-01-07 12:45:59,718] 71 root INFO saving model-object
[2023-01-07 12:45:59,718] 53 root INFO Entered the save_object method of MainUtils class
[2023-01-07 12:45:59,725] 57 root INFO Exited the save_object method of MainUtils class
[2023-01-07 12:45:59,725] 75 root INFO preparing the artifact
[2023-01-07 12:45:59,725] 78 root INFO Model trainer artifact: ModelTrainerArtifact(model_path='/config/workspace/artifact/01072023__124458/model_trainer/model/model.pkl', f1_train_score=0.9999821781825311, f1_test_score=0.9808120733021919)
[2023-01-07 12:45:59,727] 21 root INFO >>>>>>>>>>>>>>>>>>>>>>>>>>>>>>>>>>>>>>>>  Model Evaluation <<<<<<<<<<<<<<<<<<<<<<<<<<<<<<<<<<<<<<<<
[2023-01-07 12:45:59,728] 41 root INFO Model evaluation artifact: ModelEvaluationArtifact(is_model_accepted=True, improved_accuracy=None)
