[2023-01-07 13:07:58,266] 20 root INFO exporting collection data as pandas dataframe
[2023-01-07 13:07:58,266] 12 root INFO reading from databaseaps qand collection :sensor
[2023-01-07 13:08:03,315] 14 root INFO found columns:Index(['_id', 'class', 'aa_000', 'ab_000', 'ac_000', 'ad_000', 'ae_000',
       'af_000', 'ag_000', 'ag_001',
       ...
       'ee_002', 'ee_003', 'ee_004', 'ee_005', 'ee_006', 'ee_007', 'ee_008',
       'ee_009', 'ef_000', 'eg_000'],
      dtype='object', length=172)
[2023-01-07 13:08:03,316] 16 root INFO dropping _id column
[2023-01-07 13:08:03,575] 24 root INFO save data in feature store,replacing null values with nan
[2023-01-07 13:08:04,284] 27 root INFO creating feature store folder if not available
[2023-01-07 13:08:04,284] 31 root INFO save df to feature store folder
[2023-01-07 13:08:07,114] 34 root INFO spliting data into train test split
[2023-01-07 13:08:07,787] 37 root INFO creating dataset directory if not available
[2023-01-07 13:08:07,787] 41 root INFO save df to feature store folder
[2023-01-07 13:08:10,135] 46 root INFO preparing artifact
[2023-01-07 13:08:10,135] 53 root INFO data ingestion artifact:DataIngestionArtifact(feature_store_file_path='/config/workspace/artifact/01072023__130758/data_ingestion/feature_store/sensor.csv', train_file_path='/config/workspace/artifact/01072023__130758/data_ingestion/dataset/train.csv', test_file_path='/config/workspace/artifact/01072023__130758/data_ingestion/dataset/test.csv')
[2023-01-07 13:08:10,612] 20 root INFO exporting collection data as pandas dataframe
[2023-01-07 13:08:10,612] 12 root INFO reading from databaseaps qand collection :sensor
[2023-01-07 13:08:14,506] 14 root INFO found columns:Index(['_id', 'class', 'aa_000', 'ab_000', 'ac_000', 'ad_000', 'ae_000',
       'af_000', 'ag_000', 'ag_001',
       ...
       'ee_002', 'ee_003', 'ee_004', 'ee_005', 'ee_006', 'ee_007', 'ee_008',
       'ee_009', 'ef_000', 'eg_000'],
      dtype='object', length=172)
[2023-01-07 13:08:14,507] 16 root INFO dropping _id column
[2023-01-07 13:08:14,769] 24 root INFO save data in feature store,replacing null values with nan
[2023-01-07 13:08:15,359] 27 root INFO creating feature store folder if not available
[2023-01-07 13:08:15,359] 31 root INFO save df to feature store folder
[2023-01-07 13:08:17,937] 34 root INFO spliting data into train test split
[2023-01-07 13:08:18,567] 37 root INFO creating dataset directory if not available
[2023-01-07 13:08:18,567] 41 root INFO save df to feature store folder
[2023-01-07 13:08:20,961] 46 root INFO preparing artifact
[2023-01-07 13:08:20,962] 53 root INFO data ingestion artifact:DataIngestionArtifact(feature_store_file_path='/config/workspace/artifact/01072023__130758/data_ingestion/feature_store/sensor.csv', train_file_path='/config/workspace/artifact/01072023__130758/data_ingestion/dataset/train.csv', test_file_path='/config/workspace/artifact/01072023__130758/data_ingestion/dataset/test.csv')
[2023-01-07 13:08:21,418] 16 root INFO >>>>>>>>>>>>>>>>>>>>>>>>>>>>>>>>>>>>>>>> DATA VALIDATION <<<<<<<<<<<<<<<<<<<<<<<<<<<<<<<<<<<<<<<<
[2023-01-07 13:08:21,418] 96 root INFO Reading base dataframe
[2023-01-07 13:08:24,486] 99 root INFO Replace na value in base df
[2023-01-07 13:08:24,486] 101 root INFO Drop null values colums from base df
[2023-01-07 13:08:25,438] 30 root INFO selecting column nane which containing null above 0.2
[2023-01-07 13:08:25,439] 33 root INFO column names to drop['ab_000', 'ad_000', 'bk_000', 'bl_000', 'bm_000', 'bn_000', 'bo_000', 'bp_000', 'bq_000', 'br_000', 'cf_000', 'cg_000', 'ch_000', 'co_000', 'cr_000', 'ct_000', 'cu_000', 'cv_000', 'cx_000', 'cy_000', 'cz_000', 'da_000', 'db_000', 'dc_000']
[2023-01-07 13:08:25,531] 104 root INFO reading train dataframe
[2023-01-07 13:08:25,931] 106 root INFO reading test dataframe
[2023-01-07 13:08:26,032] 109 root INFO dropping null vakluecolumns from  train df
[2023-01-07 13:08:26,045] 30 root INFO selecting column nane which containing null above 0.2
[2023-01-07 13:08:26,045] 33 root INFO column names to drop['ab_000', 'ad_000', 'bk_000', 'bl_000', 'bm_000', 'bn_000', 'bo_000', 'bp_000', 'bq_000', 'br_000', 'cf_000', 'cg_000', 'ch_000', 'co_000', 'cr_000', 'ct_000', 'cu_000', 'cv_000', 'cx_000', 'cy_000', 'cz_000', 'da_000', 'db_000', 'dc_000']
[2023-01-07 13:08:26,055] 111 root INFO dropping missing value columns in test dataset
[2023-01-07 13:08:26,060] 30 root INFO selecting column nane which containing null above 0.2
[2023-01-07 13:08:26,060] 33 root INFO column names to drop['ab_000', 'ad_000', 'bk_000', 'bl_000', 'bm_000', 'bn_000', 'bo_000', 'bp_000', 'bq_000', 'br_000', 'cf_000', 'cg_000', 'ch_000', 'co_000', 'cr_000', 'ct_000', 'cu_000', 'cv_000', 'cx_000', 'cy_000', 'cz_000', 'da_000', 'db_000', 'dc_000']
[2023-01-07 13:08:32,499] 122 root INFO Is all required columns present in train df
[2023-01-07 13:08:32,499] 124 root INFO Is all required columns present in test df
[2023-01-07 13:08:32,499] 128 root INFO As all column are available in train df hence detecting data drift
[2023-01-07 13:08:32,499] 71 root INFO Hypothesis class: object, object 
[2023-01-07 13:08:32,639] 71 root INFO Hypothesis aa_000: float64, float64 
[2023-01-07 13:08:32,649] 71 root INFO Hypothesis ac_000: float64, float64 
[2023-01-07 13:08:32,658] 71 root INFO Hypothesis ae_000: float64, float64 
[2023-01-07 13:08:32,695] 71 root INFO Hypothesis af_000: float64, float64 
[2023-01-07 13:08:32,733] 71 root INFO Hypothesis ag_000: float64, float64 
[2023-01-07 13:08:32,769] 71 root INFO Hypothesis ag_001: float64, float64 
[2023-01-07 13:08:32,807] 71 root INFO Hypothesis ag_002: float64, float64 
[2023-01-07 13:08:32,844] 71 root INFO Hypothesis ag_003: float64, float64 
[2023-01-07 13:08:32,891] 71 root INFO Hypothesis ag_004: float64, float64 
[2023-01-07 13:08:32,901] 71 root INFO Hypothesis ag_005: float64, float64 
[2023-01-07 13:08:32,949] 71 root INFO Hypothesis ag_006: float64, float64 
[2023-01-07 13:08:32,993] 71 root INFO Hypothesis ag_007: float64, float64 
[2023-01-07 13:08:33,003] 71 root INFO Hypothesis ag_008: float64, float64 
[2023-01-07 13:08:33,012] 71 root INFO Hypothesis ag_009: float64, float64 
[2023-01-07 13:08:33,019] 71 root INFO Hypothesis ah_000: float64, float64 
[2023-01-07 13:08:33,067] 71 root INFO Hypothesis ai_000: float64, float64 
[2023-01-07 13:08:33,104] 71 root INFO Hypothesis aj_000: float64, float64 
[2023-01-07 13:08:33,111] 71 root INFO Hypothesis ak_000: float64, float64 
[2023-01-07 13:08:33,115] 71 root INFO Hypothesis al_000: float64, float64 
[2023-01-07 13:08:33,157] 71 root INFO Hypothesis am_0: float64, float64 
[2023-01-07 13:08:33,198] 71 root INFO Hypothesis an_000: float64, float64 
[2023-01-07 13:08:33,209] 71 root INFO Hypothesis ao_000: float64, float64 
[2023-01-07 13:08:33,253] 71 root INFO Hypothesis ap_000: float64, float64 
[2023-01-07 13:08:33,264] 71 root INFO Hypothesis aq_000: float64, float64 
[2023-01-07 13:08:33,308] 71 root INFO Hypothesis ar_000: float64, float64 
[2023-01-07 13:08:33,347] 71 root INFO Hypothesis as_000: float64, float64 
[2023-01-07 13:08:33,384] 71 root INFO Hypothesis at_000: float64, float64 
[2023-01-07 13:08:33,422] 71 root INFO Hypothesis au_000: float64, float64 
[2023-01-07 13:08:33,458] 71 root INFO Hypothesis av_000: float64, float64 
[2023-01-07 13:08:33,467] 71 root INFO Hypothesis ax_000: float64, float64 
[2023-01-07 13:08:33,475] 71 root INFO Hypothesis ay_000: float64, float64 
[2023-01-07 13:08:33,512] 71 root INFO Hypothesis ay_001: float64, float64 
[2023-01-07 13:08:33,549] 71 root INFO Hypothesis ay_002: float64, float64 
[2023-01-07 13:08:33,586] 71 root INFO Hypothesis ay_003: float64, float64 
[2023-01-07 13:08:33,624] 71 root INFO Hypothesis ay_004: float64, float64 
[2023-01-07 13:08:33,661] 71 root INFO Hypothesis ay_005: float64, float64 
[2023-01-07 13:08:33,703] 71 root INFO Hypothesis ay_006: float64, float64 
[2023-01-07 13:08:33,746] 71 root INFO Hypothesis ay_007: float64, float64 
[2023-01-07 13:08:33,758] 71 root INFO Hypothesis ay_008: float64, float64 
[2023-01-07 13:08:33,802] 71 root INFO Hypothesis ay_009: float64, float64 
[2023-01-07 13:08:33,840] 71 root INFO Hypothesis az_000: float64, float64 
[2023-01-07 13:08:33,884] 71 root INFO Hypothesis az_001: float64, float64 
[2023-01-07 13:08:33,927] 71 root INFO Hypothesis az_002: float64, float64 
[2023-01-07 13:08:33,977] 71 root INFO Hypothesis az_003: float64, float64 
[2023-01-07 13:08:33,987] 71 root INFO Hypothesis az_004: float64, float64 
[2023-01-07 13:08:34,031] 71 root INFO Hypothesis az_005: float64, float64 
[2023-01-07 13:08:34,042] 71 root INFO Hypothesis az_006: float64, float64 
[2023-01-07 13:08:34,085] 71 root INFO Hypothesis az_007: float64, float64 
[2023-01-07 13:08:34,123] 71 root INFO Hypothesis az_008: float64, float64 
[2023-01-07 13:08:34,165] 71 root INFO Hypothesis az_009: float64, float64 
[2023-01-07 13:08:34,203] 71 root INFO Hypothesis ba_000: float64, float64 
[2023-01-07 13:08:34,247] 71 root INFO Hypothesis ba_001: float64, float64 
[2023-01-07 13:08:34,258] 71 root INFO Hypothesis ba_002: float64, float64 
[2023-01-07 13:08:34,269] 71 root INFO Hypothesis ba_003: float64, float64 
[2023-01-07 13:08:34,313] 71 root INFO Hypothesis ba_004: float64, float64 
[2023-01-07 13:08:34,324] 71 root INFO Hypothesis ba_005: float64, float64 
[2023-01-07 13:08:34,368] 71 root INFO Hypothesis ba_006: float64, float64 
[2023-01-07 13:08:34,412] 71 root INFO Hypothesis ba_007: float64, float64 
[2023-01-07 13:08:34,423] 71 root INFO Hypothesis ba_008: float64, float64 
[2023-01-07 13:08:34,431] 71 root INFO Hypothesis ba_009: float64, float64 
[2023-01-07 13:08:34,471] 71 root INFO Hypothesis bb_000: float64, float64 
[2023-01-07 13:08:34,516] 71 root INFO Hypothesis bc_000: float64, float64 
[2023-01-07 13:08:34,524] 71 root INFO Hypothesis bd_000: float64, float64 
[2023-01-07 13:08:34,533] 71 root INFO Hypothesis be_000: float64, float64 
[2023-01-07 13:08:34,543] 71 root INFO Hypothesis bf_000: float64, float64 
[2023-01-07 13:08:34,583] 71 root INFO Hypothesis bg_000: float64, float64 
[2023-01-07 13:08:34,628] 71 root INFO Hypothesis bh_000: float64, float64 
[2023-01-07 13:08:34,672] 71 root INFO Hypothesis bi_000: float64, float64 
[2023-01-07 13:08:34,683] 71 root INFO Hypothesis bj_000: float64, float64 
[2023-01-07 13:08:34,727] 71 root INFO Hypothesis bs_000: float64, float64 
[2023-01-07 13:08:34,771] 71 root INFO Hypothesis bt_000: float64, float64 
[2023-01-07 13:08:34,783] 71 root INFO Hypothesis bu_000: float64, float64 
[2023-01-07 13:08:34,829] 71 root INFO Hypothesis bv_000: float64, float64 
[2023-01-07 13:08:34,873] 71 root INFO Hypothesis bx_000: float64, float64 
[2023-01-07 13:08:34,883] 71 root INFO Hypothesis by_000: float64, float64 
[2023-01-07 13:08:34,894] 71 root INFO Hypothesis bz_000: float64, float64 
[2023-01-07 13:08:34,940] 71 root INFO Hypothesis ca_000: float64, float64 
[2023-01-07 13:08:34,951] 71 root INFO Hypothesis cb_000: float64, float64 
[2023-01-07 13:08:34,997] 71 root INFO Hypothesis cc_000: float64, float64 
[2023-01-07 13:08:35,009] 71 root INFO Hypothesis cd_000: float64, float64 
[2023-01-07 13:08:35,020] 71 root INFO Hypothesis ce_000: float64, float64 
[2023-01-07 13:08:35,031] 71 root INFO Hypothesis ci_000: float64, float64 
[2023-01-07 13:08:35,042] 71 root INFO Hypothesis cj_000: float64, float64 
[2023-01-07 13:08:35,083] 71 root INFO Hypothesis ck_000: float64, float64 
[2023-01-07 13:08:35,095] 71 root INFO Hypothesis cl_000: float64, float64 
[2023-01-07 13:08:35,136] 71 root INFO Hypothesis cm_000: float64, float64 
[2023-01-07 13:08:35,144] 71 root INFO Hypothesis cn_000: float64, float64 
[2023-01-07 13:08:35,182] 71 root INFO Hypothesis cn_001: float64, float64 
[2023-01-07 13:08:35,221] 71 root INFO Hypothesis cn_002: float64, float64 
[2023-01-07 13:08:35,263] 71 root INFO Hypothesis cn_003: float64, float64 
[2023-01-07 13:08:35,307] 71 root INFO Hypothesis cn_004: float64, float64 
[2023-01-07 13:08:35,351] 71 root INFO Hypothesis cn_005: float64, float64 
[2023-01-07 13:08:35,396] 71 root INFO Hypothesis cn_006: float64, float64 
[2023-01-07 13:08:35,440] 71 root INFO Hypothesis cn_007: float64, float64 
[2023-01-07 13:08:35,483] 71 root INFO Hypothesis cn_008: float64, float64 
[2023-01-07 13:08:35,525] 71 root INFO Hypothesis cn_009: float64, float64 
[2023-01-07 13:08:35,533] 71 root INFO Hypothesis cp_000: float64, float64 
[2023-01-07 13:08:35,542] 71 root INFO Hypothesis cq_000: float64, float64 
[2023-01-07 13:08:35,586] 71 root INFO Hypothesis cs_000: float64, float64 
[2023-01-07 13:08:35,596] 71 root INFO Hypothesis cs_001: float64, float64 
[2023-01-07 13:08:35,639] 71 root INFO Hypothesis cs_002: float64, float64 
[2023-01-07 13:08:35,649] 71 root INFO Hypothesis cs_003: float64, float64 
[2023-01-07 13:08:35,660] 71 root INFO Hypothesis cs_004: float64, float64 
[2023-01-07 13:08:35,671] 71 root INFO Hypothesis cs_005: float64, float64 
[2023-01-07 13:08:35,682] 71 root INFO Hypothesis cs_006: float64, float64 
[2023-01-07 13:08:35,693] 71 root INFO Hypothesis cs_007: float64, float64 
[2023-01-07 13:08:35,703] 71 root INFO Hypothesis cs_008: float64, float64 
[2023-01-07 13:08:35,712] 71 root INFO Hypothesis cs_009: float64, float64 
[2023-01-07 13:08:35,750] 71 root INFO Hypothesis dd_000: float64, float64 
[2023-01-07 13:08:35,760] 71 root INFO Hypothesis de_000: float64, float64 
[2023-01-07 13:08:35,769] 71 root INFO Hypothesis df_000: float64, float64 
[2023-01-07 13:08:35,774] 71 root INFO Hypothesis dg_000: float64, float64 
[2023-01-07 13:08:35,780] 71 root INFO Hypothesis dh_000: float64, float64 
[2023-01-07 13:08:35,785] 71 root INFO Hypothesis di_000: float64, float64 
[2023-01-07 13:08:35,792] 71 root INFO Hypothesis dj_000: float64, float64 
[2023-01-07 13:08:35,797] 71 root INFO Hypothesis dk_000: float64, float64 
[2023-01-07 13:08:35,802] 71 root INFO Hypothesis dl_000: float64, float64 
[2023-01-07 13:08:35,807] 71 root INFO Hypothesis dm_000: float64, float64 
[2023-01-07 13:08:35,812] 71 root INFO Hypothesis dn_000: float64, float64 
[2023-01-07 13:08:35,856] 71 root INFO Hypothesis do_000: float64, float64 
[2023-01-07 13:08:35,905] 71 root INFO Hypothesis dp_000: float64, float64 
[2023-01-07 13:08:35,949] 71 root INFO Hypothesis dq_000: float64, float64 
[2023-01-07 13:08:35,956] 71 root INFO Hypothesis dr_000: float64, float64 
[2023-01-07 13:08:35,962] 71 root INFO Hypothesis ds_000: float64, float64 
[2023-01-07 13:08:35,973] 71 root INFO Hypothesis dt_000: float64, float64 
[2023-01-07 13:08:35,983] 71 root INFO Hypothesis du_000: float64, float64 
[2023-01-07 13:08:35,995] 71 root INFO Hypothesis dv_000: float64, float64 
[2023-01-07 13:08:36,006] 71 root INFO Hypothesis dx_000: float64, float64 
[2023-01-07 13:08:36,015] 71 root INFO Hypothesis dy_000: float64, float64 
[2023-01-07 13:08:36,028] 71 root INFO Hypothesis dz_000: float64, float64 
[2023-01-07 13:08:36,078] 71 root INFO Hypothesis ea_000: float64, float64 
[2023-01-07 13:08:36,115] 71 root INFO Hypothesis eb_000: float64, float64 
[2023-01-07 13:08:36,125] 71 root INFO Hypothesis ec_00: float64, float64 
[2023-01-07 13:08:36,135] 71 root INFO Hypothesis ed_000: float64, float64 
[2023-01-07 13:08:36,145] 71 root INFO Hypothesis ee_000: float64, float64 
[2023-01-07 13:08:36,192] 71 root INFO Hypothesis ee_001: float64, float64 
[2023-01-07 13:08:36,237] 71 root INFO Hypothesis ee_002: float64, float64 
[2023-01-07 13:08:36,249] 71 root INFO Hypothesis ee_003: float64, float64 
[2023-01-07 13:08:36,294] 71 root INFO Hypothesis ee_004: float64, float64 
[2023-01-07 13:08:36,339] 71 root INFO Hypothesis ee_005: float64, float64 
[2023-01-07 13:08:36,351] 71 root INFO Hypothesis ee_006: float64, float64 
[2023-01-07 13:08:36,361] 71 root INFO Hypothesis ee_007: float64, float64 
[2023-01-07 13:08:36,406] 71 root INFO Hypothesis ee_008: float64, float64 
[2023-01-07 13:08:36,448] 71 root INFO Hypothesis ee_009: float64, float64 
[2023-01-07 13:08:36,489] 71 root INFO Hypothesis ef_000: float64, float64 
[2023-01-07 13:08:36,529] 71 root INFO Hypothesis eg_000: float64, float64 
[2023-01-07 13:08:36,567] 131 root INFO As all column are available in test df hence detecting data drift
[2023-01-07 13:08:36,567] 71 root INFO Hypothesis class: object, object 
[2023-01-07 13:08:36,648] 71 root INFO Hypothesis aa_000: float64, float64 
[2023-01-07 13:08:36,656] 71 root INFO Hypothesis ac_000: float64, float64 
[2023-01-07 13:08:36,662] 71 root INFO Hypothesis ae_000: float64, float64 
[2023-01-07 13:08:36,665] 71 root INFO Hypothesis af_000: float64, float64 
[2023-01-07 13:08:36,669] 71 root INFO Hypothesis ag_000: float64, float64 
[2023-01-07 13:08:36,685] 71 root INFO Hypothesis ag_001: float64, float64 
[2023-01-07 13:08:36,700] 71 root INFO Hypothesis ag_002: float64, float64 
[2023-01-07 13:08:36,704] 71 root INFO Hypothesis ag_003: float64, float64 
[2023-01-07 13:08:36,709] 71 root INFO Hypothesis ag_004: float64, float64 
[2023-01-07 13:08:36,716] 71 root INFO Hypothesis ag_005: float64, float64 
[2023-01-07 13:08:36,723] 71 root INFO Hypothesis ag_006: float64, float64 
[2023-01-07 13:08:36,730] 71 root INFO Hypothesis ag_007: float64, float64 
[2023-01-07 13:08:36,737] 71 root INFO Hypothesis ag_008: float64, float64 
[2023-01-07 13:08:36,758] 71 root INFO Hypothesis ag_009: float64, float64 
[2023-01-07 13:08:36,769] 71 root INFO Hypothesis ah_000: float64, float64 
[2023-01-07 13:08:36,777] 71 root INFO Hypothesis ai_000: float64, float64 
[2023-01-07 13:08:36,781] 71 root INFO Hypothesis aj_000: float64, float64 
[2023-01-07 13:08:36,785] 71 root INFO Hypothesis ak_000: float64, float64 
[2023-01-07 13:08:36,789] 71 root INFO Hypothesis al_000: float64, float64 
[2023-01-07 13:08:36,794] 71 root INFO Hypothesis am_0: float64, float64 
[2023-01-07 13:08:36,799] 71 root INFO Hypothesis an_000: float64, float64 
[2023-01-07 13:08:36,807] 71 root INFO Hypothesis ao_000: float64, float64 
[2023-01-07 13:08:36,814] 71 root INFO Hypothesis ap_000: float64, float64 
[2023-01-07 13:08:36,822] 71 root INFO Hypothesis aq_000: float64, float64 
[2023-01-07 13:08:36,830] 71 root INFO Hypothesis ar_000: float64, float64 
[2023-01-07 13:08:36,834] 71 root INFO Hypothesis as_000: float64, float64 
[2023-01-07 13:08:36,850] 71 root INFO Hypothesis at_000: float64, float64 
[2023-01-07 13:08:36,867] 71 root INFO Hypothesis au_000: float64, float64 
[2023-01-07 13:08:36,885] 71 root INFO Hypothesis av_000: float64, float64 
[2023-01-07 13:08:36,891] 71 root INFO Hypothesis ax_000: float64, float64 
[2023-01-07 13:08:36,897] 71 root INFO Hypothesis ay_000: float64, float64 
[2023-01-07 13:08:36,913] 71 root INFO Hypothesis ay_001: float64, float64 
[2023-01-07 13:08:36,929] 71 root INFO Hypothesis ay_002: float64, float64 
[2023-01-07 13:08:36,950] 71 root INFO Hypothesis ay_003: float64, float64 
[2023-01-07 13:08:36,966] 71 root INFO Hypothesis ay_004: float64, float64 
[2023-01-07 13:08:36,982] 71 root INFO Hypothesis ay_005: float64, float64 
[2023-01-07 13:08:36,987] 71 root INFO Hypothesis ay_006: float64, float64 
[2023-01-07 13:08:36,994] 71 root INFO Hypothesis ay_007: float64, float64 
[2023-01-07 13:08:37,001] 71 root INFO Hypothesis ay_008: float64, float64 
[2023-01-07 13:08:37,009] 71 root INFO Hypothesis ay_009: float64, float64 
[2023-01-07 13:08:37,024] 71 root INFO Hypothesis az_000: float64, float64 
[2023-01-07 13:08:37,032] 71 root INFO Hypothesis az_001: float64, float64 
[2023-01-07 13:08:37,038] 71 root INFO Hypothesis az_002: float64, float64 
[2023-01-07 13:08:37,045] 71 root INFO Hypothesis az_003: float64, float64 
[2023-01-07 13:08:37,052] 71 root INFO Hypothesis az_004: float64, float64 
[2023-01-07 13:08:37,059] 71 root INFO Hypothesis az_005: float64, float64 
[2023-01-07 13:08:37,066] 71 root INFO Hypothesis az_006: float64, float64 
[2023-01-07 13:08:37,073] 71 root INFO Hypothesis az_007: float64, float64 
[2023-01-07 13:08:37,077] 71 root INFO Hypothesis az_008: float64, float64 
[2023-01-07 13:08:37,080] 71 root INFO Hypothesis az_009: float64, float64 
[2023-01-07 13:08:37,096] 71 root INFO Hypothesis ba_000: float64, float64 
[2023-01-07 13:08:37,103] 71 root INFO Hypothesis ba_001: float64, float64 
[2023-01-07 13:08:37,110] 71 root INFO Hypothesis ba_002: float64, float64 
[2023-01-07 13:08:37,117] 71 root INFO Hypothesis ba_003: float64, float64 
[2023-01-07 13:08:37,124] 71 root INFO Hypothesis ba_004: float64, float64 
[2023-01-07 13:08:37,131] 71 root INFO Hypothesis ba_005: float64, float64 
[2023-01-07 13:08:37,138] 71 root INFO Hypothesis ba_006: float64, float64 
[2023-01-07 13:08:37,145] 71 root INFO Hypothesis ba_007: float64, float64 
[2023-01-07 13:08:37,152] 71 root INFO Hypothesis ba_008: float64, float64 
[2023-01-07 13:08:37,158] 71 root INFO Hypothesis ba_009: float64, float64 
[2023-01-07 13:08:37,163] 71 root INFO Hypothesis bb_000: float64, float64 
[2023-01-07 13:08:37,170] 71 root INFO Hypothesis bc_000: float64, float64 
[2023-01-07 13:08:37,176] 71 root INFO Hypothesis bd_000: float64, float64 
[2023-01-07 13:08:37,182] 71 root INFO Hypothesis be_000: float64, float64 
[2023-01-07 13:08:37,188] 71 root INFO Hypothesis bf_000: float64, float64 
[2023-01-07 13:08:37,193] 71 root INFO Hypothesis bg_000: float64, float64 
[2023-01-07 13:08:37,200] 71 root INFO Hypothesis bh_000: float64, float64 
[2023-01-07 13:08:37,207] 71 root INFO Hypothesis bi_000: float64, float64 
[2023-01-07 13:08:37,215] 71 root INFO Hypothesis bj_000: float64, float64 
[2023-01-07 13:08:37,222] 71 root INFO Hypothesis bs_000: float64, float64 
[2023-01-07 13:08:37,229] 71 root INFO Hypothesis bt_000: float64, float64 
[2023-01-07 13:08:37,236] 71 root INFO Hypothesis bu_000: float64, float64 
[2023-01-07 13:08:37,243] 71 root INFO Hypothesis bv_000: float64, float64 
[2023-01-07 13:08:37,251] 71 root INFO Hypothesis bx_000: float64, float64 
[2023-01-07 13:08:37,258] 71 root INFO Hypothesis by_000: float64, float64 
[2023-01-07 13:08:37,264] 71 root INFO Hypothesis bz_000: float64, float64 
[2023-01-07 13:08:37,271] 71 root INFO Hypothesis ca_000: float64, float64 
[2023-01-07 13:08:37,278] 71 root INFO Hypothesis cb_000: float64, float64 
[2023-01-07 13:08:37,285] 71 root INFO Hypothesis cc_000: float64, float64 
[2023-01-07 13:08:37,292] 71 root INFO Hypothesis cd_000: float64, float64 
[2023-01-07 13:08:37,307] 71 root INFO Hypothesis ce_000: float64, float64 
[2023-01-07 13:08:37,314] 71 root INFO Hypothesis ci_000: float64, float64 
[2023-01-07 13:08:37,321] 71 root INFO Hypothesis cj_000: float64, float64 
[2023-01-07 13:08:37,325] 71 root INFO Hypothesis ck_000: float64, float64 
[2023-01-07 13:08:37,332] 71 root INFO Hypothesis cl_000: float64, float64 
[2023-01-07 13:08:37,337] 71 root INFO Hypothesis cm_000: float64, float64 
[2023-01-07 13:08:37,341] 71 root INFO Hypothesis cn_000: float64, float64 
[2023-01-07 13:08:37,357] 71 root INFO Hypothesis cn_001: float64, float64 
[2023-01-07 13:08:37,374] 71 root INFO Hypothesis cn_002: float64, float64 
[2023-01-07 13:08:37,380] 71 root INFO Hypothesis cn_003: float64, float64 
[2023-01-07 13:08:37,387] 71 root INFO Hypothesis cn_004: float64, float64 
[2023-01-07 13:08:37,395] 71 root INFO Hypothesis cn_005: float64, float64 
[2023-01-07 13:08:37,403] 71 root INFO Hypothesis cn_006: float64, float64 
[2023-01-07 13:08:37,410] 71 root INFO Hypothesis cn_007: float64, float64 
[2023-01-07 13:08:37,417] 71 root INFO Hypothesis cn_008: float64, float64 
[2023-01-07 13:08:37,424] 71 root INFO Hypothesis cn_009: float64, float64 
[2023-01-07 13:08:37,430] 71 root INFO Hypothesis cp_000: float64, float64 
[2023-01-07 13:08:37,436] 71 root INFO Hypothesis cq_000: float64, float64 
[2023-01-07 13:08:37,443] 71 root INFO Hypothesis cs_000: float64, float64 
[2023-01-07 13:08:37,450] 71 root INFO Hypothesis cs_001: float64, float64 
[2023-01-07 13:08:37,457] 71 root INFO Hypothesis cs_002: float64, float64 
[2023-01-07 13:08:37,465] 71 root INFO Hypothesis cs_003: float64, float64 
[2023-01-07 13:08:37,472] 71 root INFO Hypothesis cs_004: float64, float64 
[2023-01-07 13:08:37,480] 71 root INFO Hypothesis cs_005: float64, float64 
[2023-01-07 13:08:37,488] 71 root INFO Hypothesis cs_006: float64, float64 
[2023-01-07 13:08:37,496] 71 root INFO Hypothesis cs_007: float64, float64 
[2023-01-07 13:08:37,503] 71 root INFO Hypothesis cs_008: float64, float64 
[2023-01-07 13:08:37,509] 71 root INFO Hypothesis cs_009: float64, float64 
[2023-01-07 13:08:37,525] 71 root INFO Hypothesis dd_000: float64, float64 
[2023-01-07 13:08:37,532] 71 root INFO Hypothesis de_000: float64, float64 
[2023-01-07 13:08:37,539] 71 root INFO Hypothesis df_000: float64, float64 
[2023-01-07 13:08:37,542] 71 root INFO Hypothesis dg_000: float64, float64 
[2023-01-07 13:08:37,546] 71 root INFO Hypothesis dh_000: float64, float64 
[2023-01-07 13:08:37,551] 71 root INFO Hypothesis di_000: float64, float64 
[2023-01-07 13:08:37,555] 71 root INFO Hypothesis dj_000: float64, float64 
[2023-01-07 13:08:37,559] 71 root INFO Hypothesis dk_000: float64, float64 
[2023-01-07 13:08:37,563] 71 root INFO Hypothesis dl_000: float64, float64 
[2023-01-07 13:08:37,567] 71 root INFO Hypothesis dm_000: float64, float64 
[2023-01-07 13:08:37,571] 71 root INFO Hypothesis dn_000: float64, float64 
[2023-01-07 13:08:37,578] 71 root INFO Hypothesis do_000: float64, float64 
[2023-01-07 13:08:37,586] 71 root INFO Hypothesis dp_000: float64, float64 
[2023-01-07 13:08:37,593] 71 root INFO Hypothesis dq_000: float64, float64 
[2023-01-07 13:08:37,598] 71 root INFO Hypothesis dr_000: float64, float64 
[2023-01-07 13:08:37,603] 71 root INFO Hypothesis ds_000: float64, float64 
[2023-01-07 13:08:37,610] 71 root INFO Hypothesis dt_000: float64, float64 
[2023-01-07 13:08:37,617] 71 root INFO Hypothesis du_000: float64, float64 
[2023-01-07 13:08:37,625] 71 root INFO Hypothesis dv_000: float64, float64 
[2023-01-07 13:08:37,633] 71 root INFO Hypothesis dx_000: float64, float64 
[2023-01-07 13:08:37,638] 71 root INFO Hypothesis dy_000: float64, float64 
[2023-01-07 13:08:37,643] 71 root INFO Hypothesis dz_000: float64, float64 
[2023-01-07 13:08:37,647] 71 root INFO Hypothesis ea_000: float64, float64 
[2023-01-07 13:08:37,650] 71 root INFO Hypothesis eb_000: float64, float64 
[2023-01-07 13:08:37,657] 71 root INFO Hypothesis ec_00: float64, float64 
[2023-01-07 13:08:37,664] 71 root INFO Hypothesis ed_000: float64, float64 
[2023-01-07 13:08:37,670] 71 root INFO Hypothesis ee_000: float64, float64 
[2023-01-07 13:08:37,677] 71 root INFO Hypothesis ee_001: float64, float64 
[2023-01-07 13:08:37,685] 71 root INFO Hypothesis ee_002: float64, float64 
[2023-01-07 13:08:37,692] 71 root INFO Hypothesis ee_003: float64, float64 
[2023-01-07 13:08:37,699] 71 root INFO Hypothesis ee_004: float64, float64 
[2023-01-07 13:08:37,706] 71 root INFO Hypothesis ee_005: float64, float64 
[2023-01-07 13:08:37,714] 71 root INFO Hypothesis ee_006: float64, float64 
[2023-01-07 13:08:37,721] 71 root INFO Hypothesis ee_007: float64, float64 
[2023-01-07 13:08:37,728] 71 root INFO Hypothesis ee_008: float64, float64 
[2023-01-07 13:08:37,734] 71 root INFO Hypothesis ee_009: float64, float64 
[2023-01-07 13:08:37,739] 71 root INFO Hypothesis ef_000: float64, float64 
[2023-01-07 13:08:37,743] 71 root INFO Hypothesis eg_000: float64, float64 
[2023-01-07 13:08:37,746] 134 root INFO Write reprt in yaml file
[2023-01-07 13:08:37,820] 141 root INFO Data validation artifact: DataValidationArtifact(report_file_path='/config/workspace/artifact/01072023__130758/data_validation/report.yaml')
[2023-01-07 13:08:38,776] 64 root INFO before resampling in training set input:{input_feature_train_arr.shape} and target :{target_feature_train_arr.shape}
[2023-01-07 13:08:45,002] 66 root INFO after resampling training set input(56112, 170) and target:(56112,)
[2023-01-07 13:08:45,002] 69 root INFO Before resampling in testing set Input: (7238, 170) Target:(7238,)
[2023-01-07 13:08:45,711] 71 root INFO After resampling in testing set Input: (14090, 170) Target:(14090,)
[2023-01-07 13:08:45,849] 53 root INFO Entered the save_object method of MainUtils class
[2023-01-07 13:08:45,852] 57 root INFO Exited the save_object method of MainUtils class
[2023-01-07 13:08:45,852] 53 root INFO Entered the save_object method of MainUtils class
[2023-01-07 13:08:45,853] 57 root INFO Exited the save_object method of MainUtils class
[2023-01-07 13:08:45,853] 99 root INFO Data transformation object: DataTransformationArtifact(transform_object_path='/config/workspace/artifact/01072023__130758/data_transformation/transformer/transformer.pkl', transformed_train_path='/config/workspace/artifact/01072023__130758/data_transformation/transformed/train.npz', transformed_test_path='/config/workspace/artifact/01072023__130758/data_transformation/transformed/test.npz', target_encoder_path='/config/workspace/artifact/01072023__130758/data_transformation/target_encoder/target_encoder.pkl')
[2023-01-07 13:08:45,855] 37 root INFO loading train and test array
[2023-01-07 13:08:45,886] 42 root INFO splitting input and target feature from both train and test set
[2023-01-07 13:08:45,886] 46 root INFO train the model
[2023-01-07 13:09:01,078] 49 root INFO calculating f1_score for train data
[2023-01-07 13:09:01,132] 53 root INFO calculating f1 test score
[2023-01-07 13:09:01,151] 58 root INFO f1_train_score:0.9999821781825311  and f1_test_score is : 0.9808120733021919
[2023-01-07 13:09:01,151] 61 root INFO checking our model is underfitting or overfitting or goood model
[2023-01-07 13:09:01,151] 65 root INFO checking our model is overfitting or not
[2023-01-07 13:09:01,151] 71 root INFO saving model-object
[2023-01-07 13:09:01,151] 53 root INFO Entered the save_object method of MainUtils class
[2023-01-07 13:09:01,157] 57 root INFO Exited the save_object method of MainUtils class
[2023-01-07 13:09:01,157] 75 root INFO preparing the artifact
[2023-01-07 13:09:01,157] 78 root INFO Model trainer artifact: ModelTrainerArtifact(model_path='/config/workspace/artifact/01072023__130758/model_trainer/model/model.pkl', f1_train_score=0.9999821781825311, f1_test_score=0.9808120733021919)
[2023-01-07 13:09:01,159] 21 root INFO >>>>>>>>>>>>>>>>>>>>>>>>>>>>>>>>>>>>>>>>  Model Evaluation <<<<<<<<<<<<<<<<<<<<<<<<<<<<<<<<<<<<<<<<
[2023-01-07 13:09:01,159] 41 root INFO Model evaluation artifact: ModelEvaluationArtifact(is_model_accepted=True, improved_accuracy=None)
[2023-01-07 13:09:01,159] 14 root INFO >>>>>>>>>>>>>>>>>>>>>>>>>>>>>>>>>>>>>>>> Data Transformation <<<<<<<<<<<<<<<<<<<<<<<<<<<<<<<<<<<<<<<<
[2023-01-07 13:09:01,159] 25 root INFO Loading transformer model and target encoder
[2023-01-07 13:09:01,166] 31 root INFO Saving model into model pusher directory
[2023-01-07 13:09:01,166] 53 root INFO Entered the save_object method of MainUtils class
[2023-01-07 13:09:01,169] 57 root INFO Exited the save_object method of MainUtils class
[2023-01-07 13:09:01,169] 53 root INFO Entered the save_object method of MainUtils class
[2023-01-07 13:09:01,174] 57 root INFO Exited the save_object method of MainUtils class
[2023-01-07 13:09:01,174] 53 root INFO Entered the save_object method of MainUtils class
[2023-01-07 13:09:01,175] 57 root INFO Exited the save_object method of MainUtils class
[2023-01-07 13:09:01,175] 38 root INFO Saving model in saved model dir
[2023-01-07 13:09:01,175] 53 root INFO Entered the save_object method of MainUtils class
[2023-01-07 13:09:01,177] 57 root INFO Exited the save_object method of MainUtils class
[2023-01-07 13:09:01,177] 53 root INFO Entered the save_object method of MainUtils class
[2023-01-07 13:09:01,182] 57 root INFO Exited the save_object method of MainUtils class
[2023-01-07 13:09:01,182] 53 root INFO Entered the save_object method of MainUtils class
[2023-01-07 13:09:01,183] 57 root INFO Exited the save_object method of MainUtils class
[2023-01-07 13:09:01,183] 49 root INFO Model pusher artifact: ModelPusherArtifact(pusher_model_dir='/config/workspace/artifact/01072023__130758/model_pusher/saved_models', saved_model_dir='saved_models')
