[2023-01-07 12:40:13,051] 20 root INFO exporting collection data as pandas dataframe
[2023-01-07 12:40:13,052] 12 root INFO reading from databaseaps qand collection :sensor
[2023-01-07 12:40:16,587] 14 root INFO found columns:Index(['_id', 'class', 'aa_000', 'ab_000', 'ac_000', 'ad_000', 'ae_000',
       'af_000', 'ag_000', 'ag_001',
       ...
       'ee_002', 'ee_003', 'ee_004', 'ee_005', 'ee_006', 'ee_007', 'ee_008',
       'ee_009', 'ef_000', 'eg_000'],
      dtype='object', length=172)
[2023-01-07 12:40:16,588] 16 root INFO dropping _id column
[2023-01-07 12:40:16,812] 24 root INFO save data in feature store,replacing null values with nan
[2023-01-07 12:40:17,396] 27 root INFO creating feature store folder if not available
[2023-01-07 12:40:17,397] 31 root INFO save df to feature store folder
[2023-01-07 12:40:20,109] 34 root INFO spliting data into train test split
[2023-01-07 12:40:20,738] 37 root INFO creating dataset directory if not available
[2023-01-07 12:40:21,438] 41 root INFO save df to feature store folder
[2023-01-07 12:40:24,237] 46 root INFO preparing artifact
[2023-01-07 12:40:24,237] 53 root INFO data ingestion artifact:DataIngestionArtifact(feature_store_file_path='/config/workspace/artifact/01072023__124013/data_ingestion/feature_store/sensor.csv', train_file_path='/config/workspace/artifact/01072023__124013/data_ingestion/dataset/train.csv', test_file_path='/config/workspace/artifact/01072023__124013/data_ingestion/dataset/test.csv')
[2023-01-07 12:40:24,661] 20 root INFO exporting collection data as pandas dataframe
[2023-01-07 12:40:24,662] 12 root INFO reading from databaseaps qand collection :sensor
[2023-01-07 12:40:28,273] 14 root INFO found columns:Index(['_id', 'class', 'aa_000', 'ab_000', 'ac_000', 'ad_000', 'ae_000',
       'af_000', 'ag_000', 'ag_001',
       ...
       'ee_002', 'ee_003', 'ee_004', 'ee_005', 'ee_006', 'ee_007', 'ee_008',
       'ee_009', 'ef_000', 'eg_000'],
      dtype='object', length=172)
[2023-01-07 12:40:28,273] 16 root INFO dropping _id column
[2023-01-07 12:40:28,474] 24 root INFO save data in feature store,replacing null values with nan
[2023-01-07 12:40:29,027] 27 root INFO creating feature store folder if not available
[2023-01-07 12:40:29,027] 31 root INFO save df to feature store folder
[2023-01-07 12:40:33,318] 34 root INFO spliting data into train test split
[2023-01-07 12:40:33,941] 37 root INFO creating dataset directory if not available
[2023-01-07 12:40:33,941] 41 root INFO save df to feature store folder
[2023-01-07 12:40:37,519] 46 root INFO preparing artifact
[2023-01-07 12:40:37,519] 53 root INFO data ingestion artifact:DataIngestionArtifact(feature_store_file_path='/config/workspace/artifact/01072023__124013/data_ingestion/feature_store/sensor.csv', train_file_path='/config/workspace/artifact/01072023__124013/data_ingestion/dataset/train.csv', test_file_path='/config/workspace/artifact/01072023__124013/data_ingestion/dataset/test.csv')
[2023-01-07 12:40:38,054] 16 root INFO >>>>>>>>>>>>>>>>>>>>>>>>>>>>>>>>>>>>>>>> DATA VALIDATION <<<<<<<<<<<<<<<<<<<<<<<<<<<<<<<<<<<<<<<<
[2023-01-07 12:40:38,054] 96 root INFO Reading base dataframe
[2023-01-07 12:40:41,365] 99 root INFO Replace na value in base df
[2023-01-07 12:40:41,365] 101 root INFO Drop null values colums from base df
[2023-01-07 12:40:42,593] 30 root INFO selecting column nane which containing null above 0.2
[2023-01-07 12:40:42,593] 33 root INFO column names to drop['ab_000', 'ad_000', 'bk_000', 'bl_000', 'bm_000', 'bn_000', 'bo_000', 'bp_000', 'bq_000', 'br_000', 'cf_000', 'cg_000', 'ch_000', 'co_000', 'cr_000', 'ct_000', 'cu_000', 'cv_000', 'cx_000', 'cy_000', 'cz_000', 'da_000', 'db_000', 'dc_000']
[2023-01-07 12:40:42,685] 104 root INFO reading train dataframe
[2023-01-07 12:40:43,121] 106 root INFO reading test dataframe
[2023-01-07 12:40:43,236] 109 root INFO dropping null vakluecolumns from  train df
[2023-01-07 12:40:43,250] 30 root INFO selecting column nane which containing null above 0.2
[2023-01-07 12:40:43,251] 33 root INFO column names to drop['ab_000', 'ad_000', 'bk_000', 'bl_000', 'bm_000', 'bn_000', 'bo_000', 'bp_000', 'bq_000', 'br_000', 'cf_000', 'cg_000', 'ch_000', 'co_000', 'cr_000', 'ct_000', 'cu_000', 'cv_000', 'cx_000', 'cy_000', 'cz_000', 'da_000', 'db_000', 'dc_000']
[2023-01-07 12:40:43,260] 111 root INFO dropping missing value columns in test dataset
[2023-01-07 12:40:43,265] 30 root INFO selecting column nane which containing null above 0.2
[2023-01-07 12:40:43,265] 33 root INFO column names to drop['ab_000', 'ad_000', 'bk_000', 'bl_000', 'bm_000', 'bn_000', 'bo_000', 'bp_000', 'bq_000', 'br_000', 'cf_000', 'cg_000', 'ch_000', 'co_000', 'cr_000', 'ct_000', 'cu_000', 'cv_000', 'cx_000', 'cy_000', 'cz_000', 'da_000', 'db_000', 'dc_000']
[2023-01-07 12:40:49,329] 122 root INFO Is all required columns present in train df
[2023-01-07 12:40:49,330] 124 root INFO Is all required columns present in test df
[2023-01-07 12:40:49,330] 128 root INFO As all column are available in train df hence detecting data drift
[2023-01-07 12:40:49,330] 71 root INFO Hypothesis class: object, object 
[2023-01-07 12:40:49,486] 71 root INFO Hypothesis aa_000: float64, float64 
[2023-01-07 12:40:49,497] 71 root INFO Hypothesis ac_000: float64, float64 
[2023-01-07 12:40:49,505] 71 root INFO Hypothesis ae_000: float64, float64 
[2023-01-07 12:40:49,543] 71 root INFO Hypothesis af_000: float64, float64 
[2023-01-07 12:40:49,583] 71 root INFO Hypothesis ag_000: float64, float64 
[2023-01-07 12:40:49,620] 71 root INFO Hypothesis ag_001: float64, float64 
[2023-01-07 12:40:49,658] 71 root INFO Hypothesis ag_002: float64, float64 
[2023-01-07 12:40:49,697] 71 root INFO Hypothesis ag_003: float64, float64 
[2023-01-07 12:40:49,737] 71 root INFO Hypothesis ag_004: float64, float64 
[2023-01-07 12:40:49,747] 71 root INFO Hypothesis ag_005: float64, float64 
[2023-01-07 12:40:49,793] 71 root INFO Hypothesis ag_006: float64, float64 
[2023-01-07 12:40:49,837] 71 root INFO Hypothesis ag_007: float64, float64 
[2023-01-07 12:40:49,846] 71 root INFO Hypothesis ag_008: float64, float64 
[2023-01-07 12:40:49,855] 71 root INFO Hypothesis ag_009: float64, float64 
[2023-01-07 12:40:49,862] 71 root INFO Hypothesis ah_000: float64, float64 
[2023-01-07 12:40:49,910] 71 root INFO Hypothesis ai_000: float64, float64 
[2023-01-07 12:40:49,953] 71 root INFO Hypothesis aj_000: float64, float64 
[2023-01-07 12:40:49,959] 71 root INFO Hypothesis ak_000: float64, float64 
[2023-01-07 12:40:49,964] 71 root INFO Hypothesis al_000: float64, float64 
[2023-01-07 12:40:50,005] 71 root INFO Hypothesis am_0: float64, float64 
[2023-01-07 12:40:50,046] 71 root INFO Hypothesis an_000: float64, float64 
[2023-01-07 12:40:50,057] 71 root INFO Hypothesis ao_000: float64, float64 
[2023-01-07 12:40:50,102] 71 root INFO Hypothesis ap_000: float64, float64 
[2023-01-07 12:40:50,113] 71 root INFO Hypothesis aq_000: float64, float64 
[2023-01-07 12:40:50,157] 71 root INFO Hypothesis ar_000: float64, float64 
[2023-01-07 12:40:50,196] 71 root INFO Hypothesis as_000: float64, float64 
[2023-01-07 12:40:50,234] 71 root INFO Hypothesis at_000: float64, float64 
[2023-01-07 12:40:50,272] 71 root INFO Hypothesis au_000: float64, float64 
[2023-01-07 12:40:50,308] 71 root INFO Hypothesis av_000: float64, float64 
[2023-01-07 12:40:50,316] 71 root INFO Hypothesis ax_000: float64, float64 
[2023-01-07 12:40:50,325] 71 root INFO Hypothesis ay_000: float64, float64 
[2023-01-07 12:40:50,361] 71 root INFO Hypothesis ay_001: float64, float64 
[2023-01-07 12:40:50,398] 71 root INFO Hypothesis ay_002: float64, float64 
[2023-01-07 12:40:50,435] 71 root INFO Hypothesis ay_003: float64, float64 
[2023-01-07 12:40:50,473] 71 root INFO Hypothesis ay_004: float64, float64 
[2023-01-07 12:40:50,510] 71 root INFO Hypothesis ay_005: float64, float64 
[2023-01-07 12:40:50,551] 71 root INFO Hypothesis ay_006: float64, float64 
[2023-01-07 12:40:50,593] 71 root INFO Hypothesis ay_007: float64, float64 
[2023-01-07 12:40:50,604] 71 root INFO Hypothesis ay_008: float64, float64 
[2023-01-07 12:40:50,648] 71 root INFO Hypothesis ay_009: float64, float64 
[2023-01-07 12:40:50,685] 71 root INFO Hypothesis az_000: float64, float64 
[2023-01-07 12:40:50,728] 71 root INFO Hypothesis az_001: float64, float64 
[2023-01-07 12:40:50,771] 71 root INFO Hypothesis az_002: float64, float64 
[2023-01-07 12:40:50,814] 71 root INFO Hypothesis az_003: float64, float64 
[2023-01-07 12:40:50,826] 71 root INFO Hypothesis az_004: float64, float64 
[2023-01-07 12:40:50,871] 71 root INFO Hypothesis az_005: float64, float64 
[2023-01-07 12:40:50,883] 71 root INFO Hypothesis az_006: float64, float64 
[2023-01-07 12:40:50,928] 71 root INFO Hypothesis az_007: float64, float64 
[2023-01-07 12:40:50,968] 71 root INFO Hypothesis az_008: float64, float64 
[2023-01-07 12:40:51,008] 71 root INFO Hypothesis az_009: float64, float64 
[2023-01-07 12:40:51,053] 71 root INFO Hypothesis ba_000: float64, float64 
[2023-01-07 12:40:51,098] 71 root INFO Hypothesis ba_001: float64, float64 
[2023-01-07 12:40:51,109] 71 root INFO Hypothesis ba_002: float64, float64 
[2023-01-07 12:40:51,120] 71 root INFO Hypothesis ba_003: float64, float64 
[2023-01-07 12:40:51,169] 71 root INFO Hypothesis ba_004: float64, float64 
[2023-01-07 12:40:51,180] 71 root INFO Hypothesis ba_005: float64, float64 
[2023-01-07 12:40:51,225] 71 root INFO Hypothesis ba_006: float64, float64 
[2023-01-07 12:40:51,268] 71 root INFO Hypothesis ba_007: float64, float64 
[2023-01-07 12:40:51,283] 71 root INFO Hypothesis ba_008: float64, float64 
[2023-01-07 12:40:51,291] 71 root INFO Hypothesis ba_009: float64, float64 
[2023-01-07 12:40:51,331] 71 root INFO Hypothesis bb_000: float64, float64 
[2023-01-07 12:40:51,375] 71 root INFO Hypothesis bc_000: float64, float64 
[2023-01-07 12:40:51,383] 71 root INFO Hypothesis bd_000: float64, float64 
[2023-01-07 12:40:51,391] 71 root INFO Hypothesis be_000: float64, float64 
[2023-01-07 12:40:51,400] 71 root INFO Hypothesis bf_000: float64, float64 
[2023-01-07 12:40:51,441] 71 root INFO Hypothesis bg_000: float64, float64 
[2023-01-07 12:40:51,486] 71 root INFO Hypothesis bh_000: float64, float64 
[2023-01-07 12:40:51,530] 71 root INFO Hypothesis bi_000: float64, float64 
[2023-01-07 12:40:51,541] 71 root INFO Hypothesis bj_000: float64, float64 
[2023-01-07 12:40:51,586] 71 root INFO Hypothesis bs_000: float64, float64 
[2023-01-07 12:40:51,629] 71 root INFO Hypothesis bt_000: float64, float64 
[2023-01-07 12:40:51,640] 71 root INFO Hypothesis bu_000: float64, float64 
[2023-01-07 12:40:51,684] 71 root INFO Hypothesis bv_000: float64, float64 
[2023-01-07 12:40:51,727] 71 root INFO Hypothesis bx_000: float64, float64 
[2023-01-07 12:40:51,738] 71 root INFO Hypothesis by_000: float64, float64 
[2023-01-07 12:40:51,748] 71 root INFO Hypothesis bz_000: float64, float64 
[2023-01-07 12:40:51,791] 71 root INFO Hypothesis ca_000: float64, float64 
[2023-01-07 12:40:51,802] 71 root INFO Hypothesis cb_000: float64, float64 
[2023-01-07 12:40:51,846] 71 root INFO Hypothesis cc_000: float64, float64 
[2023-01-07 12:40:51,857] 71 root INFO Hypothesis cd_000: float64, float64 
[2023-01-07 12:40:51,862] 71 root INFO Hypothesis ce_000: float64, float64 
[2023-01-07 12:40:51,872] 71 root INFO Hypothesis ci_000: float64, float64 
[2023-01-07 12:40:51,882] 71 root INFO Hypothesis cj_000: float64, float64 
[2023-01-07 12:40:51,921] 71 root INFO Hypothesis ck_000: float64, float64 
[2023-01-07 12:40:51,933] 71 root INFO Hypothesis cl_000: float64, float64 
[2023-01-07 12:40:51,975] 71 root INFO Hypothesis cm_000: float64, float64 
[2023-01-07 12:40:51,982] 71 root INFO Hypothesis cn_000: float64, float64 
[2023-01-07 12:40:52,022] 71 root INFO Hypothesis cn_001: float64, float64 
[2023-01-07 12:40:52,066] 71 root INFO Hypothesis cn_002: float64, float64 
[2023-01-07 12:40:52,108] 71 root INFO Hypothesis cn_003: float64, float64 
[2023-01-07 12:40:52,153] 71 root INFO Hypothesis cn_004: float64, float64 
[2023-01-07 12:40:52,209] 71 root INFO Hypothesis cn_005: float64, float64 
[2023-01-07 12:40:52,253] 71 root INFO Hypothesis cn_006: float64, float64 
[2023-01-07 12:40:52,297] 71 root INFO Hypothesis cn_007: float64, float64 
[2023-01-07 12:40:52,341] 71 root INFO Hypothesis cn_008: float64, float64 
[2023-01-07 12:40:52,385] 71 root INFO Hypothesis cn_009: float64, float64 
[2023-01-07 12:40:52,393] 71 root INFO Hypothesis cp_000: float64, float64 
[2023-01-07 12:40:52,401] 71 root INFO Hypothesis cq_000: float64, float64 
[2023-01-07 12:40:52,446] 71 root INFO Hypothesis cs_000: float64, float64 
[2023-01-07 12:40:52,457] 71 root INFO Hypothesis cs_001: float64, float64 
[2023-01-07 12:40:52,499] 71 root INFO Hypothesis cs_002: float64, float64 
[2023-01-07 12:40:52,510] 71 root INFO Hypothesis cs_003: float64, float64 
[2023-01-07 12:40:52,521] 71 root INFO Hypothesis cs_004: float64, float64 
[2023-01-07 12:40:52,532] 71 root INFO Hypothesis cs_005: float64, float64 
[2023-01-07 12:40:52,543] 71 root INFO Hypothesis cs_006: float64, float64 
[2023-01-07 12:40:52,554] 71 root INFO Hypothesis cs_007: float64, float64 
[2023-01-07 12:40:52,564] 71 root INFO Hypothesis cs_008: float64, float64 
[2023-01-07 12:40:52,572] 71 root INFO Hypothesis cs_009: float64, float64 
[2023-01-07 12:40:52,610] 71 root INFO Hypothesis dd_000: float64, float64 
[2023-01-07 12:40:52,620] 71 root INFO Hypothesis de_000: float64, float64 
[2023-01-07 12:40:52,629] 71 root INFO Hypothesis df_000: float64, float64 
[2023-01-07 12:40:52,634] 71 root INFO Hypothesis dg_000: float64, float64 
[2023-01-07 12:40:52,639] 71 root INFO Hypothesis dh_000: float64, float64 
[2023-01-07 12:40:52,645] 71 root INFO Hypothesis di_000: float64, float64 
[2023-01-07 12:40:52,651] 71 root INFO Hypothesis dj_000: float64, float64 
[2023-01-07 12:40:52,659] 71 root INFO Hypothesis dk_000: float64, float64 
[2023-01-07 12:40:52,680] 71 root INFO Hypothesis dl_000: float64, float64 
[2023-01-07 12:40:52,685] 71 root INFO Hypothesis dm_000: float64, float64 
[2023-01-07 12:40:52,690] 71 root INFO Hypothesis dn_000: float64, float64 
[2023-01-07 12:40:52,735] 71 root INFO Hypothesis do_000: float64, float64 
[2023-01-07 12:40:52,777] 71 root INFO Hypothesis dp_000: float64, float64 
[2023-01-07 12:40:52,819] 71 root INFO Hypothesis dq_000: float64, float64 
[2023-01-07 12:40:52,826] 71 root INFO Hypothesis dr_000: float64, float64 
[2023-01-07 12:40:52,833] 71 root INFO Hypothesis ds_000: float64, float64 
[2023-01-07 12:40:52,845] 71 root INFO Hypothesis dt_000: float64, float64 
[2023-01-07 12:40:52,879] 71 root INFO Hypothesis du_000: float64, float64 
[2023-01-07 12:40:52,889] 71 root INFO Hypothesis dv_000: float64, float64 
[2023-01-07 12:40:52,900] 71 root INFO Hypothesis dx_000: float64, float64 
[2023-01-07 12:40:52,907] 71 root INFO Hypothesis dy_000: float64, float64 
[2023-01-07 12:40:52,914] 71 root INFO Hypothesis dz_000: float64, float64 
[2023-01-07 12:40:52,952] 71 root INFO Hypothesis ea_000: float64, float64 
[2023-01-07 12:40:52,990] 71 root INFO Hypothesis eb_000: float64, float64 
[2023-01-07 12:40:52,999] 71 root INFO Hypothesis ec_00: float64, float64 
[2023-01-07 12:40:53,027] 71 root INFO Hypothesis ed_000: float64, float64 
[2023-01-07 12:40:53,037] 71 root INFO Hypothesis ee_000: float64, float64 
[2023-01-07 12:40:53,081] 71 root INFO Hypothesis ee_001: float64, float64 
[2023-01-07 12:40:53,127] 71 root INFO Hypothesis ee_002: float64, float64 
[2023-01-07 12:40:53,138] 71 root INFO Hypothesis ee_003: float64, float64 
[2023-01-07 12:40:53,181] 71 root INFO Hypothesis ee_004: float64, float64 
[2023-01-07 12:40:53,244] 71 root INFO Hypothesis ee_005: float64, float64 
[2023-01-07 12:40:53,254] 71 root INFO Hypothesis ee_006: float64, float64 
[2023-01-07 12:40:53,265] 71 root INFO Hypothesis ee_007: float64, float64 
[2023-01-07 12:40:53,308] 71 root INFO Hypothesis ee_008: float64, float64 
[2023-01-07 12:40:53,350] 71 root INFO Hypothesis ee_009: float64, float64 
[2023-01-07 12:40:53,432] 71 root INFO Hypothesis ef_000: float64, float64 
[2023-01-07 12:40:53,471] 71 root INFO Hypothesis eg_000: float64, float64 
[2023-01-07 12:40:53,509] 131 root INFO As all column are available in test df hence detecting data drift
[2023-01-07 12:40:53,510] 71 root INFO Hypothesis class: object, object 
[2023-01-07 12:40:53,588] 71 root INFO Hypothesis aa_000: float64, float64 
[2023-01-07 12:40:53,596] 71 root INFO Hypothesis ac_000: float64, float64 
[2023-01-07 12:40:53,602] 71 root INFO Hypothesis ae_000: float64, float64 
[2023-01-07 12:40:53,605] 71 root INFO Hypothesis af_000: float64, float64 
[2023-01-07 12:40:53,609] 71 root INFO Hypothesis ag_000: float64, float64 
[2023-01-07 12:40:53,625] 71 root INFO Hypothesis ag_001: float64, float64 
[2023-01-07 12:40:53,641] 71 root INFO Hypothesis ag_002: float64, float64 
[2023-01-07 12:40:53,645] 71 root INFO Hypothesis ag_003: float64, float64 
[2023-01-07 12:40:53,649] 71 root INFO Hypothesis ag_004: float64, float64 
[2023-01-07 12:40:53,656] 71 root INFO Hypothesis ag_005: float64, float64 
[2023-01-07 12:40:53,664] 71 root INFO Hypothesis ag_006: float64, float64 
[2023-01-07 12:40:53,671] 71 root INFO Hypothesis ag_007: float64, float64 
[2023-01-07 12:40:53,678] 71 root INFO Hypothesis ag_008: float64, float64 
[2023-01-07 12:40:53,684] 71 root INFO Hypothesis ag_009: float64, float64 
[2023-01-07 12:40:53,735] 71 root INFO Hypothesis ah_000: float64, float64 
[2023-01-07 12:40:53,743] 71 root INFO Hypothesis ai_000: float64, float64 
[2023-01-07 12:40:53,747] 71 root INFO Hypothesis aj_000: float64, float64 
[2023-01-07 12:40:53,751] 71 root INFO Hypothesis ak_000: float64, float64 
[2023-01-07 12:40:53,755] 71 root INFO Hypothesis al_000: float64, float64 
[2023-01-07 12:40:53,760] 71 root INFO Hypothesis am_0: float64, float64 
[2023-01-07 12:40:53,765] 71 root INFO Hypothesis an_000: float64, float64 
[2023-01-07 12:40:53,773] 71 root INFO Hypothesis ao_000: float64, float64 
[2023-01-07 12:40:53,780] 71 root INFO Hypothesis ap_000: float64, float64 
[2023-01-07 12:40:53,787] 71 root INFO Hypothesis aq_000: float64, float64 
[2023-01-07 12:40:53,795] 71 root INFO Hypothesis ar_000: float64, float64 
[2023-01-07 12:40:53,798] 71 root INFO Hypothesis as_000: float64, float64 
[2023-01-07 12:40:53,814] 71 root INFO Hypothesis at_000: float64, float64 
[2023-01-07 12:40:53,831] 71 root INFO Hypothesis au_000: float64, float64 
[2023-01-07 12:40:53,846] 71 root INFO Hypothesis av_000: float64, float64 
[2023-01-07 12:40:53,852] 71 root INFO Hypothesis ax_000: float64, float64 
[2023-01-07 12:40:53,857] 71 root INFO Hypothesis ay_000: float64, float64 
[2023-01-07 12:40:53,894] 71 root INFO Hypothesis ay_001: float64, float64 
[2023-01-07 12:40:53,910] 71 root INFO Hypothesis ay_002: float64, float64 
[2023-01-07 12:40:53,926] 71 root INFO Hypothesis ay_003: float64, float64 
[2023-01-07 12:40:53,946] 71 root INFO Hypothesis ay_004: float64, float64 
[2023-01-07 12:40:53,962] 71 root INFO Hypothesis ay_005: float64, float64 
[2023-01-07 12:40:53,968] 71 root INFO Hypothesis ay_006: float64, float64 
[2023-01-07 12:40:53,974] 71 root INFO Hypothesis ay_007: float64, float64 
[2023-01-07 12:40:53,981] 71 root INFO Hypothesis ay_008: float64, float64 
[2023-01-07 12:40:53,988] 71 root INFO Hypothesis ay_009: float64, float64 
[2023-01-07 12:40:54,004] 71 root INFO Hypothesis az_000: float64, float64 
[2023-01-07 12:40:54,011] 71 root INFO Hypothesis az_001: float64, float64 
[2023-01-07 12:40:54,018] 71 root INFO Hypothesis az_002: float64, float64 
[2023-01-07 12:40:54,024] 71 root INFO Hypothesis az_003: float64, float64 
[2023-01-07 12:40:54,031] 71 root INFO Hypothesis az_004: float64, float64 
[2023-01-07 12:40:54,039] 71 root INFO Hypothesis az_005: float64, float64 
[2023-01-07 12:40:54,046] 71 root INFO Hypothesis az_006: float64, float64 
[2023-01-07 12:40:54,052] 71 root INFO Hypothesis az_007: float64, float64 
[2023-01-07 12:40:54,057] 71 root INFO Hypothesis az_008: float64, float64 
[2023-01-07 12:40:54,061] 71 root INFO Hypothesis az_009: float64, float64 
[2023-01-07 12:40:54,078] 71 root INFO Hypothesis ba_000: float64, float64 
[2023-01-07 12:40:54,112] 71 root INFO Hypothesis ba_001: float64, float64 
[2023-01-07 12:40:54,119] 71 root INFO Hypothesis ba_002: float64, float64 
[2023-01-07 12:40:54,127] 71 root INFO Hypothesis ba_003: float64, float64 
[2023-01-07 12:40:54,134] 71 root INFO Hypothesis ba_004: float64, float64 
[2023-01-07 12:40:54,141] 71 root INFO Hypothesis ba_005: float64, float64 
[2023-01-07 12:40:54,148] 71 root INFO Hypothesis ba_006: float64, float64 
[2023-01-07 12:40:54,155] 71 root INFO Hypothesis ba_007: float64, float64 
[2023-01-07 12:40:54,162] 71 root INFO Hypothesis ba_008: float64, float64 
[2023-01-07 12:40:54,168] 71 root INFO Hypothesis ba_009: float64, float64 
[2023-01-07 12:40:54,173] 71 root INFO Hypothesis bb_000: float64, float64 
[2023-01-07 12:40:54,180] 71 root INFO Hypothesis bc_000: float64, float64 
[2023-01-07 12:40:54,186] 71 root INFO Hypothesis bd_000: float64, float64 
[2023-01-07 12:40:54,191] 71 root INFO Hypothesis be_000: float64, float64 
[2023-01-07 12:40:54,198] 71 root INFO Hypothesis bf_000: float64, float64 
[2023-01-07 12:40:54,202] 71 root INFO Hypothesis bg_000: float64, float64 
[2023-01-07 12:40:54,210] 71 root INFO Hypothesis bh_000: float64, float64 
[2023-01-07 12:40:54,217] 71 root INFO Hypothesis bi_000: float64, float64 
[2023-01-07 12:40:54,225] 71 root INFO Hypothesis bj_000: float64, float64 
[2023-01-07 12:40:54,232] 71 root INFO Hypothesis bs_000: float64, float64 
[2023-01-07 12:40:54,240] 71 root INFO Hypothesis bt_000: float64, float64 
[2023-01-07 12:40:54,247] 71 root INFO Hypothesis bu_000: float64, float64 
[2023-01-07 12:40:54,269] 71 root INFO Hypothesis bv_000: float64, float64 
[2023-01-07 12:40:54,276] 71 root INFO Hypothesis bx_000: float64, float64 
[2023-01-07 12:40:54,283] 71 root INFO Hypothesis by_000: float64, float64 
[2023-01-07 12:40:54,290] 71 root INFO Hypothesis bz_000: float64, float64 
[2023-01-07 12:40:54,296] 71 root INFO Hypothesis ca_000: float64, float64 
[2023-01-07 12:40:54,303] 71 root INFO Hypothesis cb_000: float64, float64 
[2023-01-07 12:40:54,311] 71 root INFO Hypothesis cc_000: float64, float64 
[2023-01-07 12:40:54,318] 71 root INFO Hypothesis cd_000: float64, float64 
[2023-01-07 12:40:54,334] 71 root INFO Hypothesis ce_000: float64, float64 
[2023-01-07 12:40:54,341] 71 root INFO Hypothesis ci_000: float64, float64 
[2023-01-07 12:40:54,348] 71 root INFO Hypothesis cj_000: float64, float64 
[2023-01-07 12:40:54,353] 71 root INFO Hypothesis ck_000: float64, float64 
[2023-01-07 12:40:54,360] 71 root INFO Hypothesis cl_000: float64, float64 
[2023-01-07 12:40:54,365] 71 root INFO Hypothesis cm_000: float64, float64 
[2023-01-07 12:40:54,370] 71 root INFO Hypothesis cn_000: float64, float64 
[2023-01-07 12:40:54,387] 71 root INFO Hypothesis cn_001: float64, float64 
[2023-01-07 12:40:54,405] 71 root INFO Hypothesis cn_002: float64, float64 
[2023-01-07 12:40:54,410] 71 root INFO Hypothesis cn_003: float64, float64 
[2023-01-07 12:40:54,417] 71 root INFO Hypothesis cn_004: float64, float64 
[2023-01-07 12:40:54,425] 71 root INFO Hypothesis cn_005: float64, float64 
[2023-01-07 12:40:54,432] 71 root INFO Hypothesis cn_006: float64, float64 
[2023-01-07 12:40:54,439] 71 root INFO Hypothesis cn_007: float64, float64 
[2023-01-07 12:40:54,446] 71 root INFO Hypothesis cn_008: float64, float64 
[2023-01-07 12:40:54,452] 71 root INFO Hypothesis cn_009: float64, float64 
[2023-01-07 12:40:54,458] 71 root INFO Hypothesis cp_000: float64, float64 
[2023-01-07 12:40:54,464] 71 root INFO Hypothesis cq_000: float64, float64 
[2023-01-07 12:40:54,471] 71 root INFO Hypothesis cs_000: float64, float64 
[2023-01-07 12:40:54,479] 71 root INFO Hypothesis cs_001: float64, float64 
[2023-01-07 12:40:54,485] 71 root INFO Hypothesis cs_002: float64, float64 
[2023-01-07 12:40:54,492] 71 root INFO Hypothesis cs_003: float64, float64 
[2023-01-07 12:40:54,500] 71 root INFO Hypothesis cs_004: float64, float64 
[2023-01-07 12:40:54,507] 71 root INFO Hypothesis cs_005: float64, float64 
[2023-01-07 12:40:54,514] 71 root INFO Hypothesis cs_006: float64, float64 
[2023-01-07 12:40:54,522] 71 root INFO Hypothesis cs_007: float64, float64 
[2023-01-07 12:40:54,529] 71 root INFO Hypothesis cs_008: float64, float64 
[2023-01-07 12:40:54,535] 71 root INFO Hypothesis cs_009: float64, float64 
[2023-01-07 12:40:54,551] 71 root INFO Hypothesis dd_000: float64, float64 
[2023-01-07 12:40:54,558] 71 root INFO Hypothesis de_000: float64, float64 
[2023-01-07 12:40:54,563] 71 root INFO Hypothesis df_000: float64, float64 
[2023-01-07 12:40:54,567] 71 root INFO Hypothesis dg_000: float64, float64 
[2023-01-07 12:40:54,570] 71 root INFO Hypothesis dh_000: float64, float64 
[2023-01-07 12:40:54,574] 71 root INFO Hypothesis di_000: float64, float64 
[2023-01-07 12:40:54,578] 71 root INFO Hypothesis dj_000: float64, float64 
[2023-01-07 12:40:54,582] 71 root INFO Hypothesis dk_000: float64, float64 
[2023-01-07 12:40:54,585] 71 root INFO Hypothesis dl_000: float64, float64 
[2023-01-07 12:40:54,588] 71 root INFO Hypothesis dm_000: float64, float64 
[2023-01-07 12:40:54,592] 71 root INFO Hypothesis dn_000: float64, float64 
[2023-01-07 12:40:54,599] 71 root INFO Hypothesis do_000: float64, float64 
[2023-01-07 12:40:54,605] 71 root INFO Hypothesis dp_000: float64, float64 
[2023-01-07 12:40:54,611] 71 root INFO Hypothesis dq_000: float64, float64 
[2023-01-07 12:40:54,616] 71 root INFO Hypothesis dr_000: float64, float64 
[2023-01-07 12:40:54,620] 71 root INFO Hypothesis ds_000: float64, float64 
[2023-01-07 12:40:54,627] 71 root INFO Hypothesis dt_000: float64, float64 
[2023-01-07 12:40:54,634] 71 root INFO Hypothesis du_000: float64, float64 
[2023-01-07 12:40:54,641] 71 root INFO Hypothesis dv_000: float64, float64 
[2023-01-07 12:40:54,648] 71 root INFO Hypothesis dx_000: float64, float64 
[2023-01-07 12:40:54,653] 71 root INFO Hypothesis dy_000: float64, float64 
[2023-01-07 12:40:54,658] 71 root INFO Hypothesis dz_000: float64, float64 
[2023-01-07 12:40:54,661] 71 root INFO Hypothesis ea_000: float64, float64 
[2023-01-07 12:40:54,664] 71 root INFO Hypothesis eb_000: float64, float64 
[2023-01-07 12:40:54,670] 71 root INFO Hypothesis ec_00: float64, float64 
[2023-01-07 12:40:54,677] 71 root INFO Hypothesis ed_000: float64, float64 
[2023-01-07 12:40:54,683] 71 root INFO Hypothesis ee_000: float64, float64 
[2023-01-07 12:40:54,691] 71 root INFO Hypothesis ee_001: float64, float64 
[2023-01-07 12:40:54,698] 71 root INFO Hypothesis ee_002: float64, float64 
[2023-01-07 12:40:54,705] 71 root INFO Hypothesis ee_003: float64, float64 
[2023-01-07 12:40:54,713] 71 root INFO Hypothesis ee_004: float64, float64 
[2023-01-07 12:40:54,720] 71 root INFO Hypothesis ee_005: float64, float64 
[2023-01-07 12:40:54,727] 71 root INFO Hypothesis ee_006: float64, float64 
[2023-01-07 12:40:54,734] 71 root INFO Hypothesis ee_007: float64, float64 
[2023-01-07 12:40:54,740] 71 root INFO Hypothesis ee_008: float64, float64 
[2023-01-07 12:40:54,747] 71 root INFO Hypothesis ee_009: float64, float64 
[2023-01-07 12:40:54,753] 71 root INFO Hypothesis ef_000: float64, float64 
[2023-01-07 12:40:54,757] 71 root INFO Hypothesis eg_000: float64, float64 
[2023-01-07 12:40:54,761] 134 root INFO Write reprt in yaml file
[2023-01-07 12:40:54,830] 141 root INFO Data validation artifact: DataValidationArtifact(report_file_path='/config/workspace/artifact/01072023__124013/data_validation/report.yaml')
[2023-01-07 12:40:55,771] 64 root INFO before resampling in training set input:{input_feature_train_arr.shape} and target :{target_feature_train_arr.shape}
[2023-01-07 12:41:02,645] 66 root INFO after resampling training set input(56112, 170) and target:(56112,)
[2023-01-07 12:41:02,645] 69 root INFO Before resampling in testing set Input: (7238, 170) Target:(7238,)
[2023-01-07 12:41:03,437] 71 root INFO After resampling in testing set Input: (14090, 170) Target:(14090,)
[2023-01-07 12:41:03,570] 53 root INFO Entered the save_object method of MainUtils class
[2023-01-07 12:41:03,573] 57 root INFO Exited the save_object method of MainUtils class
[2023-01-07 12:41:03,573] 53 root INFO Entered the save_object method of MainUtils class
[2023-01-07 12:41:03,574] 57 root INFO Exited the save_object method of MainUtils class
[2023-01-07 12:41:03,574] 99 root INFO Data transformation object: DataTransformationArtifact(transform_object_path='/config/workspace/artifact/01072023__124013/data_transformation/transformer/transformer.pkl', transformed_train_path='/config/workspace/artifact/01072023__124013/data_transformation/transformed/train.npz', transformed_test_path='/config/workspace/artifact/01072023__124013/data_transformation/transformed/test.npz', target_encoder_path='/config/workspace/artifact/01072023__124013/data_transformation/target_encoder/target_encoder.pkl')
[2023-01-07 12:41:03,575] 37 root INFO loading train and test array
[2023-01-07 12:41:03,605] 42 root INFO splitting input and target feature from both train and test set
[2023-01-07 12:41:03,606] 46 root INFO train the model
[2023-01-07 12:41:19,653] 49 root INFO calculating f1_score for train data
[2023-01-07 12:41:19,702] 53 root INFO calculating f1 test score
[2023-01-07 12:41:19,719] 58 root INFO f1_train_score:0.9999821781825311  and f1_test_score is : 0.9808120733021919
[2023-01-07 12:41:19,719] 61 root INFO checking our model is underfitting or overfitting or goood model
[2023-01-07 12:41:19,719] 65 root INFO checking our model is overfitting or not
[2023-01-07 12:41:19,719] 71 root INFO saving model-object
[2023-01-07 12:41:19,720] 53 root INFO Entered the save_object method of MainUtils class
[2023-01-07 12:41:19,728] 57 root INFO Exited the save_object method of MainUtils class
[2023-01-07 12:41:19,728] 75 root INFO preparing the artifact
[2023-01-07 12:41:19,728] 78 root INFO Model trainer artifact: ModelTrainerArtifact(model_path='/config/workspace/artifact/01072023__124013/model_trainer/model/model.pkl', f1_train_score=0.9999821781825311, f1_test_score=0.9808120733021919)
[2023-01-07 12:41:19,730] 21 root INFO >>>>>>>>>>>>>>>>>>>>>>>>>>>>>>>>>>>>>>>>  Model Evaluation <<<<<<<<<<<<<<<<<<<<<<<<<<<<<<<<<<<<<<<<
[2023-01-07 12:41:19,730] 41 root INFO Model evaluation artifact: ModelEvaluationArtifact(is_model_accepted=True, improved_accuracy=None)
