[2023-02-07 11:45:57,564] 20 root INFO exporting collection data as pandas dataframe
[2023-02-07 11:45:57,564] 12 root INFO reading from databaseaps qand collection :sensor
[2023-02-07 11:46:03,993] 14 root INFO found columns:Index(['_id', 'class', 'aa_000', 'ab_000', 'ac_000', 'ad_000', 'ae_000',
       'af_000', 'ag_000', 'ag_001',
       ...
       'ee_002', 'ee_003', 'ee_004', 'ee_005', 'ee_006', 'ee_007', 'ee_008',
       'ee_009', 'ef_000', 'eg_000'],
      dtype='object', length=172)
[2023-02-07 11:46:03,994] 16 root INFO dropping _id column
[2023-02-07 11:46:04,201] 24 root INFO save data in feature store,replacing null values with nan
[2023-02-07 11:46:04,994] 27 root INFO creating feature store folder if not available
[2023-02-07 11:46:04,995] 31 root INFO save df to feature store folder
[2023-02-07 11:46:07,534] 34 root INFO spliting data into train test split
[2023-02-07 11:46:08,178] 37 root INFO creating dataset directory if not available
[2023-02-07 11:46:08,179] 41 root INFO save df to feature store folder
[2023-02-07 11:46:10,424] 46 root INFO preparing artifact
[2023-02-07 11:46:10,425] 53 root INFO data ingestion artifact:DataIngestionArtifact(feature_store_file_path='/config/workspace/artifact/02072023__114557/data_ingestion/feature_store/sensor.csv', train_file_path='/config/workspace/artifact/02072023__114557/data_ingestion/dataset/train.csv', test_file_path='/config/workspace/artifact/02072023__114557/data_ingestion/dataset/test.csv')
[2023-02-07 11:46:10,850] 20 root INFO exporting collection data as pandas dataframe
[2023-02-07 11:46:10,850] 12 root INFO reading from databaseaps qand collection :sensor
[2023-02-07 11:46:16,634] 14 root INFO found columns:Index(['_id', 'class', 'aa_000', 'ab_000', 'ac_000', 'ad_000', 'ae_000',
       'af_000', 'ag_000', 'ag_001',
       ...
       'ee_002', 'ee_003', 'ee_004', 'ee_005', 'ee_006', 'ee_007', 'ee_008',
       'ee_009', 'ef_000', 'eg_000'],
      dtype='object', length=172)
[2023-02-07 11:46:16,634] 16 root INFO dropping _id column
[2023-02-07 11:46:16,826] 24 root INFO save data in feature store,replacing null values with nan
[2023-02-07 11:46:17,357] 27 root INFO creating feature store folder if not available
[2023-02-07 11:46:17,358] 31 root INFO save df to feature store folder
[2023-02-07 11:46:19,860] 34 root INFO spliting data into train test split
[2023-02-07 11:46:20,440] 37 root INFO creating dataset directory if not available
[2023-02-07 11:46:20,441] 41 root INFO save df to feature store folder
[2023-02-07 11:46:22,551] 46 root INFO preparing artifact
[2023-02-07 11:46:22,551] 53 root INFO data ingestion artifact:DataIngestionArtifact(feature_store_file_path='/config/workspace/artifact/02072023__114557/data_ingestion/feature_store/sensor.csv', train_file_path='/config/workspace/artifact/02072023__114557/data_ingestion/dataset/train.csv', test_file_path='/config/workspace/artifact/02072023__114557/data_ingestion/dataset/test.csv')
[2023-02-07 11:46:22,937] 16 root INFO >>>>>>>>>>>>>>>>>>>>>>>>>>>>>>>>>>>>>>>> DATA VALIDATION <<<<<<<<<<<<<<<<<<<<<<<<<<<<<<<<<<<<<<<<
[2023-02-07 11:46:22,937] 96 root INFO Reading base dataframe
[2023-02-07 11:46:25,791] 99 root INFO Replace na value in base df
[2023-02-07 11:46:25,791] 101 root INFO Drop null values colums from base df
[2023-02-07 11:46:26,707] 30 root INFO selecting column nane which containing null above 0.2
[2023-02-07 11:46:26,707] 33 root INFO column names to drop['ab_000', 'ad_000', 'bk_000', 'bl_000', 'bm_000', 'bn_000', 'bo_000', 'bp_000', 'bq_000', 'br_000', 'cf_000', 'cg_000', 'ch_000', 'co_000', 'cr_000', 'ct_000', 'cu_000', 'cv_000', 'cx_000', 'cy_000', 'cz_000', 'da_000', 'db_000', 'dc_000']
[2023-02-07 11:46:26,801] 104 root INFO reading train dataframe
[2023-02-07 11:46:27,180] 106 root INFO reading test dataframe
[2023-02-07 11:46:27,279] 109 root INFO dropping null vakluecolumns from  train df
[2023-02-07 11:46:27,290] 30 root INFO selecting column nane which containing null above 0.2
[2023-02-07 11:46:27,291] 33 root INFO column names to drop['ab_000', 'ad_000', 'bk_000', 'bl_000', 'bm_000', 'bn_000', 'bo_000', 'bp_000', 'bq_000', 'br_000', 'cf_000', 'cg_000', 'ch_000', 'co_000', 'cr_000', 'ct_000', 'cu_000', 'cv_000', 'cx_000', 'cy_000', 'cz_000', 'da_000', 'db_000', 'dc_000']
[2023-02-07 11:46:27,299] 111 root INFO dropping missing value columns in test dataset
[2023-02-07 11:46:27,303] 30 root INFO selecting column nane which containing null above 0.2
[2023-02-07 11:46:27,304] 33 root INFO column names to drop['ab_000', 'ad_000', 'bk_000', 'bl_000', 'bm_000', 'bn_000', 'bo_000', 'bp_000', 'bq_000', 'br_000', 'cf_000', 'cg_000', 'ch_000', 'co_000', 'cr_000', 'ct_000', 'cu_000', 'cv_000', 'cx_000', 'cy_000', 'cz_000', 'da_000', 'db_000', 'dc_000']
[2023-02-07 11:46:33,205] 122 root INFO Is all required columns present in train df
[2023-02-07 11:46:33,206] 124 root INFO Is all required columns present in test df
[2023-02-07 11:46:33,206] 128 root INFO As all column are available in train df hence detecting data drift
[2023-02-07 11:46:33,206] 71 root INFO Hypothesis class: object, object 
[2023-02-07 11:46:33,340] 71 root INFO Hypothesis aa_000: float64, float64 
[2023-02-07 11:46:33,350] 71 root INFO Hypothesis ac_000: float64, float64 
[2023-02-07 11:46:33,358] 71 root INFO Hypothesis ae_000: float64, float64 
[2023-02-07 11:46:33,393] 71 root INFO Hypothesis af_000: float64, float64 
[2023-02-07 11:46:33,428] 71 root INFO Hypothesis ag_000: float64, float64 
[2023-02-07 11:46:33,460] 71 root INFO Hypothesis ag_001: float64, float64 
[2023-02-07 11:46:33,494] 71 root INFO Hypothesis ag_002: float64, float64 
[2023-02-07 11:46:33,528] 71 root INFO Hypothesis ag_003: float64, float64 
[2023-02-07 11:46:33,563] 71 root INFO Hypothesis ag_004: float64, float64 
[2023-02-07 11:46:33,573] 71 root INFO Hypothesis ag_005: float64, float64 
[2023-02-07 11:46:33,613] 71 root INFO Hypothesis ag_006: float64, float64 
[2023-02-07 11:46:33,654] 71 root INFO Hypothesis ag_007: float64, float64 
[2023-02-07 11:46:33,663] 71 root INFO Hypothesis ag_008: float64, float64 
[2023-02-07 11:46:33,672] 71 root INFO Hypothesis ag_009: float64, float64 
[2023-02-07 11:46:33,679] 71 root INFO Hypothesis ah_000: float64, float64 
[2023-02-07 11:46:33,719] 71 root INFO Hypothesis ai_000: float64, float64 
[2023-02-07 11:46:33,755] 71 root INFO Hypothesis aj_000: float64, float64 
[2023-02-07 11:46:33,761] 71 root INFO Hypothesis ak_000: float64, float64 
[2023-02-07 11:46:33,765] 71 root INFO Hypothesis al_000: float64, float64 
[2023-02-07 11:46:33,806] 71 root INFO Hypothesis am_0: float64, float64 
[2023-02-07 11:46:33,845] 71 root INFO Hypothesis an_000: float64, float64 
[2023-02-07 11:46:33,857] 71 root INFO Hypothesis ao_000: float64, float64 
[2023-02-07 11:46:33,899] 71 root INFO Hypothesis ap_000: float64, float64 
[2023-02-07 11:46:33,910] 71 root INFO Hypothesis aq_000: float64, float64 
[2023-02-07 11:46:33,949] 71 root INFO Hypothesis ar_000: float64, float64 
[2023-02-07 11:46:33,984] 71 root INFO Hypothesis as_000: float64, float64 
[2023-02-07 11:46:34,017] 71 root INFO Hypothesis at_000: float64, float64 
[2023-02-07 11:46:34,052] 71 root INFO Hypothesis au_000: float64, float64 
[2023-02-07 11:46:34,085] 71 root INFO Hypothesis av_000: float64, float64 
[2023-02-07 11:46:34,093] 71 root INFO Hypothesis ax_000: float64, float64 
[2023-02-07 11:46:34,101] 71 root INFO Hypothesis ay_000: float64, float64 
[2023-02-07 11:46:34,134] 71 root INFO Hypothesis ay_001: float64, float64 
[2023-02-07 11:46:34,168] 71 root INFO Hypothesis ay_002: float64, float64 
[2023-02-07 11:46:34,202] 71 root INFO Hypothesis ay_003: float64, float64 
[2023-02-07 11:46:34,235] 71 root INFO Hypothesis ay_004: float64, float64 
[2023-02-07 11:46:34,269] 71 root INFO Hypothesis ay_005: float64, float64 
[2023-02-07 11:46:34,306] 71 root INFO Hypothesis ay_006: float64, float64 
[2023-02-07 11:46:34,345] 71 root INFO Hypothesis ay_007: float64, float64 
[2023-02-07 11:46:34,355] 71 root INFO Hypothesis ay_008: float64, float64 
[2023-02-07 11:46:34,398] 71 root INFO Hypothesis ay_009: float64, float64 
[2023-02-07 11:46:34,433] 71 root INFO Hypothesis az_000: float64, float64 
[2023-02-07 11:46:34,472] 71 root INFO Hypothesis az_001: float64, float64 
[2023-02-07 11:46:34,510] 71 root INFO Hypothesis az_002: float64, float64 
[2023-02-07 11:46:34,549] 71 root INFO Hypothesis az_003: float64, float64 
[2023-02-07 11:46:34,559] 71 root INFO Hypothesis az_004: float64, float64 
[2023-02-07 11:46:34,598] 71 root INFO Hypothesis az_005: float64, float64 
[2023-02-07 11:46:34,609] 71 root INFO Hypothesis az_006: float64, float64 
[2023-02-07 11:46:34,647] 71 root INFO Hypothesis az_007: float64, float64 
[2023-02-07 11:46:34,683] 71 root INFO Hypothesis az_008: float64, float64 
[2023-02-07 11:46:34,717] 71 root INFO Hypothesis az_009: float64, float64 
[2023-02-07 11:46:34,750] 71 root INFO Hypothesis ba_000: float64, float64 
[2023-02-07 11:46:34,791] 71 root INFO Hypothesis ba_001: float64, float64 
[2023-02-07 11:46:34,801] 71 root INFO Hypothesis ba_002: float64, float64 
[2023-02-07 11:46:34,812] 71 root INFO Hypothesis ba_003: float64, float64 
[2023-02-07 11:46:34,852] 71 root INFO Hypothesis ba_004: float64, float64 
[2023-02-07 11:46:34,862] 71 root INFO Hypothesis ba_005: float64, float64 
[2023-02-07 11:46:34,905] 71 root INFO Hypothesis ba_006: float64, float64 
[2023-02-07 11:46:34,944] 71 root INFO Hypothesis ba_007: float64, float64 
[2023-02-07 11:46:34,954] 71 root INFO Hypothesis ba_008: float64, float64 
[2023-02-07 11:46:34,962] 71 root INFO Hypothesis ba_009: float64, float64 
[2023-02-07 11:46:34,998] 71 root INFO Hypothesis bb_000: float64, float64 
[2023-02-07 11:46:35,038] 71 root INFO Hypothesis bc_000: float64, float64 
[2023-02-07 11:46:35,046] 71 root INFO Hypothesis bd_000: float64, float64 
[2023-02-07 11:46:35,054] 71 root INFO Hypothesis be_000: float64, float64 
[2023-02-07 11:46:35,062] 71 root INFO Hypothesis bf_000: float64, float64 
[2023-02-07 11:46:35,099] 71 root INFO Hypothesis bg_000: float64, float64 
[2023-02-07 11:46:35,140] 71 root INFO Hypothesis bh_000: float64, float64 
[2023-02-07 11:46:35,181] 71 root INFO Hypothesis bi_000: float64, float64 
[2023-02-07 11:46:35,191] 71 root INFO Hypothesis bj_000: float64, float64 
[2023-02-07 11:46:35,232] 71 root INFO Hypothesis bs_000: float64, float64 
[2023-02-07 11:46:35,272] 71 root INFO Hypothesis bt_000: float64, float64 
[2023-02-07 11:46:35,282] 71 root INFO Hypothesis bu_000: float64, float64 
[2023-02-07 11:46:35,324] 71 root INFO Hypothesis bv_000: float64, float64 
[2023-02-07 11:46:35,364] 71 root INFO Hypothesis bx_000: float64, float64 
[2023-02-07 11:46:35,374] 71 root INFO Hypothesis by_000: float64, float64 
[2023-02-07 11:46:35,384] 71 root INFO Hypothesis bz_000: float64, float64 
[2023-02-07 11:46:35,423] 71 root INFO Hypothesis ca_000: float64, float64 
[2023-02-07 11:46:35,433] 71 root INFO Hypothesis cb_000: float64, float64 
[2023-02-07 11:46:35,473] 71 root INFO Hypothesis cc_000: float64, float64 
[2023-02-07 11:46:35,484] 71 root INFO Hypothesis cd_000: float64, float64 
[2023-02-07 11:46:35,489] 71 root INFO Hypothesis ce_000: float64, float64 
[2023-02-07 11:46:35,498] 71 root INFO Hypothesis ci_000: float64, float64 
[2023-02-07 11:46:35,509] 71 root INFO Hypothesis cj_000: float64, float64 
[2023-02-07 11:46:35,546] 71 root INFO Hypothesis ck_000: float64, float64 
[2023-02-07 11:46:35,556] 71 root INFO Hypothesis cl_000: float64, float64 
[2023-02-07 11:46:35,592] 71 root INFO Hypothesis cm_000: float64, float64 
[2023-02-07 11:46:35,599] 71 root INFO Hypothesis cn_000: float64, float64 
[2023-02-07 11:46:35,633] 71 root INFO Hypothesis cn_001: float64, float64 
[2023-02-07 11:46:35,669] 71 root INFO Hypothesis cn_002: float64, float64 
[2023-02-07 11:46:35,705] 71 root INFO Hypothesis cn_003: float64, float64 
[2023-02-07 11:46:35,745] 71 root INFO Hypothesis cn_004: float64, float64 
[2023-02-07 11:46:35,786] 71 root INFO Hypothesis cn_005: float64, float64 
[2023-02-07 11:46:35,826] 71 root INFO Hypothesis cn_006: float64, float64 
[2023-02-07 11:46:35,870] 71 root INFO Hypothesis cn_007: float64, float64 
[2023-02-07 11:46:35,908] 71 root INFO Hypothesis cn_008: float64, float64 
[2023-02-07 11:46:35,947] 71 root INFO Hypothesis cn_009: float64, float64 
[2023-02-07 11:46:35,954] 71 root INFO Hypothesis cp_000: float64, float64 
[2023-02-07 11:46:35,962] 71 root INFO Hypothesis cq_000: float64, float64 
[2023-02-07 11:46:36,002] 71 root INFO Hypothesis cs_000: float64, float64 
[2023-02-07 11:46:36,012] 71 root INFO Hypothesis cs_001: float64, float64 
[2023-02-07 11:46:36,049] 71 root INFO Hypothesis cs_002: float64, float64 
[2023-02-07 11:46:36,059] 71 root INFO Hypothesis cs_003: float64, float64 
[2023-02-07 11:46:36,070] 71 root INFO Hypothesis cs_004: float64, float64 
[2023-02-07 11:46:36,080] 71 root INFO Hypothesis cs_005: float64, float64 
[2023-02-07 11:46:36,090] 71 root INFO Hypothesis cs_006: float64, float64 
[2023-02-07 11:46:36,101] 71 root INFO Hypothesis cs_007: float64, float64 
[2023-02-07 11:46:36,112] 71 root INFO Hypothesis cs_008: float64, float64 
[2023-02-07 11:46:36,119] 71 root INFO Hypothesis cs_009: float64, float64 
[2023-02-07 11:46:36,153] 71 root INFO Hypothesis dd_000: float64, float64 
[2023-02-07 11:46:36,162] 71 root INFO Hypothesis de_000: float64, float64 
[2023-02-07 11:46:36,171] 71 root INFO Hypothesis df_000: float64, float64 
[2023-02-07 11:46:36,176] 71 root INFO Hypothesis dg_000: float64, float64 
[2023-02-07 11:46:36,180] 71 root INFO Hypothesis dh_000: float64, float64 
[2023-02-07 11:46:36,186] 71 root INFO Hypothesis di_000: float64, float64 
[2023-02-07 11:46:36,191] 71 root INFO Hypothesis dj_000: float64, float64 
[2023-02-07 11:46:36,196] 71 root INFO Hypothesis dk_000: float64, float64 
[2023-02-07 11:46:36,201] 71 root INFO Hypothesis dl_000: float64, float64 
[2023-02-07 11:46:36,206] 71 root INFO Hypothesis dm_000: float64, float64 
[2023-02-07 11:46:36,210] 71 root INFO Hypothesis dn_000: float64, float64 
[2023-02-07 11:46:36,250] 71 root INFO Hypothesis do_000: float64, float64 
[2023-02-07 11:46:36,290] 71 root INFO Hypothesis dp_000: float64, float64 
[2023-02-07 11:46:36,330] 71 root INFO Hypothesis dq_000: float64, float64 
[2023-02-07 11:46:36,336] 71 root INFO Hypothesis dr_000: float64, float64 
[2023-02-07 11:46:36,342] 71 root INFO Hypothesis ds_000: float64, float64 
[2023-02-07 11:46:36,352] 71 root INFO Hypothesis dt_000: float64, float64 
[2023-02-07 11:46:36,362] 71 root INFO Hypothesis du_000: float64, float64 
[2023-02-07 11:46:36,372] 71 root INFO Hypothesis dv_000: float64, float64 
[2023-02-07 11:46:36,382] 71 root INFO Hypothesis dx_000: float64, float64 
[2023-02-07 11:46:36,389] 71 root INFO Hypothesis dy_000: float64, float64 
[2023-02-07 11:46:36,396] 71 root INFO Hypothesis dz_000: float64, float64 
[2023-02-07 11:46:36,430] 71 root INFO Hypothesis ea_000: float64, float64 
[2023-02-07 11:46:36,466] 71 root INFO Hypothesis eb_000: float64, float64 
[2023-02-07 11:46:36,474] 71 root INFO Hypothesis ec_00: float64, float64 
[2023-02-07 11:46:36,484] 71 root INFO Hypothesis ed_000: float64, float64 
[2023-02-07 11:46:36,492] 71 root INFO Hypothesis ee_000: float64, float64 
[2023-02-07 11:46:36,532] 71 root INFO Hypothesis ee_001: float64, float64 
[2023-02-07 11:46:36,573] 71 root INFO Hypothesis ee_002: float64, float64 
[2023-02-07 11:46:36,583] 71 root INFO Hypothesis ee_003: float64, float64 
[2023-02-07 11:46:36,623] 71 root INFO Hypothesis ee_004: float64, float64 
[2023-02-07 11:46:36,662] 71 root INFO Hypothesis ee_005: float64, float64 
[2023-02-07 11:46:36,672] 71 root INFO Hypothesis ee_006: float64, float64 
[2023-02-07 11:46:36,682] 71 root INFO Hypothesis ee_007: float64, float64 
[2023-02-07 11:46:36,723] 71 root INFO Hypothesis ee_008: float64, float64 
[2023-02-07 11:46:36,762] 71 root INFO Hypothesis ee_009: float64, float64 
[2023-02-07 11:46:36,800] 71 root INFO Hypothesis ef_000: float64, float64 
[2023-02-07 11:46:36,835] 71 root INFO Hypothesis eg_000: float64, float64 
[2023-02-07 11:46:36,870] 131 root INFO As all column are available in test df hence detecting data drift
[2023-02-07 11:46:36,871] 71 root INFO Hypothesis class: object, object 
[2023-02-07 11:46:36,945] 71 root INFO Hypothesis aa_000: float64, float64 
[2023-02-07 11:46:36,952] 71 root INFO Hypothesis ac_000: float64, float64 
[2023-02-07 11:46:36,957] 71 root INFO Hypothesis ae_000: float64, float64 
[2023-02-07 11:46:36,960] 71 root INFO Hypothesis af_000: float64, float64 
[2023-02-07 11:46:36,964] 71 root INFO Hypothesis ag_000: float64, float64 
[2023-02-07 11:46:36,978] 71 root INFO Hypothesis ag_001: float64, float64 
[2023-02-07 11:46:36,992] 71 root INFO Hypothesis ag_002: float64, float64 
[2023-02-07 11:46:36,995] 71 root INFO Hypothesis ag_003: float64, float64 
[2023-02-07 11:46:37,000] 71 root INFO Hypothesis ag_004: float64, float64 
[2023-02-07 11:46:37,006] 71 root INFO Hypothesis ag_005: float64, float64 
[2023-02-07 11:46:37,013] 71 root INFO Hypothesis ag_006: float64, float64 
[2023-02-07 11:46:37,020] 71 root INFO Hypothesis ag_007: float64, float64 
[2023-02-07 11:46:37,026] 71 root INFO Hypothesis ag_008: float64, float64 
[2023-02-07 11:46:37,032] 71 root INFO Hypothesis ag_009: float64, float64 
[2023-02-07 11:46:37,037] 71 root INFO Hypothesis ah_000: float64, float64 
[2023-02-07 11:46:37,044] 71 root INFO Hypothesis ai_000: float64, float64 
[2023-02-07 11:46:37,047] 71 root INFO Hypothesis aj_000: float64, float64 
[2023-02-07 11:46:37,051] 71 root INFO Hypothesis ak_000: float64, float64 
[2023-02-07 11:46:37,054] 71 root INFO Hypothesis al_000: float64, float64 
[2023-02-07 11:46:37,059] 71 root INFO Hypothesis am_0: float64, float64 
[2023-02-07 11:46:37,064] 71 root INFO Hypothesis an_000: float64, float64 
[2023-02-07 11:46:37,071] 71 root INFO Hypothesis ao_000: float64, float64 
[2023-02-07 11:46:37,078] 71 root INFO Hypothesis ap_000: float64, float64 
[2023-02-07 11:46:37,085] 71 root INFO Hypothesis aq_000: float64, float64 
[2023-02-07 11:46:37,092] 71 root INFO Hypothesis ar_000: float64, float64 
[2023-02-07 11:46:37,095] 71 root INFO Hypothesis as_000: float64, float64 
[2023-02-07 11:46:37,109] 71 root INFO Hypothesis at_000: float64, float64 
[2023-02-07 11:46:37,125] 71 root INFO Hypothesis au_000: float64, float64 
[2023-02-07 11:46:37,139] 71 root INFO Hypothesis av_000: float64, float64 
[2023-02-07 11:46:37,144] 71 root INFO Hypothesis ax_000: float64, float64 
[2023-02-07 11:46:37,150] 71 root INFO Hypothesis ay_000: float64, float64 
[2023-02-07 11:46:37,165] 71 root INFO Hypothesis ay_001: float64, float64 
[2023-02-07 11:46:37,178] 71 root INFO Hypothesis ay_002: float64, float64 
[2023-02-07 11:46:37,193] 71 root INFO Hypothesis ay_003: float64, float64 
[2023-02-07 11:46:37,207] 71 root INFO Hypothesis ay_004: float64, float64 
[2023-02-07 11:46:37,221] 71 root INFO Hypothesis ay_005: float64, float64 
[2023-02-07 11:46:37,226] 71 root INFO Hypothesis ay_006: float64, float64 
[2023-02-07 11:46:37,232] 71 root INFO Hypothesis ay_007: float64, float64 
[2023-02-07 11:46:37,239] 71 root INFO Hypothesis ay_008: float64, float64 
[2023-02-07 11:46:37,246] 71 root INFO Hypothesis ay_009: float64, float64 
[2023-02-07 11:46:37,260] 71 root INFO Hypothesis az_000: float64, float64 
[2023-02-07 11:46:37,266] 71 root INFO Hypothesis az_001: float64, float64 
[2023-02-07 11:46:37,273] 71 root INFO Hypothesis az_002: float64, float64 
[2023-02-07 11:46:37,279] 71 root INFO Hypothesis az_003: float64, float64 
[2023-02-07 11:46:37,285] 71 root INFO Hypothesis az_004: float64, float64 
[2023-02-07 11:46:37,292] 71 root INFO Hypothesis az_005: float64, float64 
[2023-02-07 11:46:37,299] 71 root INFO Hypothesis az_006: float64, float64 
[2023-02-07 11:46:37,305] 71 root INFO Hypothesis az_007: float64, float64 
[2023-02-07 11:46:37,309] 71 root INFO Hypothesis az_008: float64, float64 
[2023-02-07 11:46:37,312] 71 root INFO Hypothesis az_009: float64, float64 
[2023-02-07 11:46:37,327] 71 root INFO Hypothesis ba_000: float64, float64 
[2023-02-07 11:46:37,334] 71 root INFO Hypothesis ba_001: float64, float64 
[2023-02-07 11:46:37,341] 71 root INFO Hypothesis ba_002: float64, float64 
[2023-02-07 11:46:37,348] 71 root INFO Hypothesis ba_003: float64, float64 
[2023-02-07 11:46:37,355] 71 root INFO Hypothesis ba_004: float64, float64 
[2023-02-07 11:46:37,361] 71 root INFO Hypothesis ba_005: float64, float64 
[2023-02-07 11:46:37,368] 71 root INFO Hypothesis ba_006: float64, float64 
[2023-02-07 11:46:37,375] 71 root INFO Hypothesis ba_007: float64, float64 
[2023-02-07 11:46:37,381] 71 root INFO Hypothesis ba_008: float64, float64 
[2023-02-07 11:46:37,386] 71 root INFO Hypothesis ba_009: float64, float64 
[2023-02-07 11:46:37,391] 71 root INFO Hypothesis bb_000: float64, float64 
[2023-02-07 11:46:37,398] 71 root INFO Hypothesis bc_000: float64, float64 
[2023-02-07 11:46:37,403] 71 root INFO Hypothesis bd_000: float64, float64 
[2023-02-07 11:46:37,408] 71 root INFO Hypothesis be_000: float64, float64 
[2023-02-07 11:46:37,414] 71 root INFO Hypothesis bf_000: float64, float64 
[2023-02-07 11:46:37,418] 71 root INFO Hypothesis bg_000: float64, float64 
[2023-02-07 11:46:37,425] 71 root INFO Hypothesis bh_000: float64, float64 
[2023-02-07 11:46:37,432] 71 root INFO Hypothesis bi_000: float64, float64 
[2023-02-07 11:46:37,439] 71 root INFO Hypothesis bj_000: float64, float64 
[2023-02-07 11:46:37,446] 71 root INFO Hypothesis bs_000: float64, float64 
[2023-02-07 11:46:37,453] 71 root INFO Hypothesis bt_000: float64, float64 
[2023-02-07 11:46:37,460] 71 root INFO Hypothesis bu_000: float64, float64 
[2023-02-07 11:46:37,467] 71 root INFO Hypothesis bv_000: float64, float64 
[2023-02-07 11:46:37,474] 71 root INFO Hypothesis bx_000: float64, float64 
[2023-02-07 11:46:37,481] 71 root INFO Hypothesis by_000: float64, float64 
[2023-02-07 11:46:37,488] 71 root INFO Hypothesis bz_000: float64, float64 
[2023-02-07 11:46:37,494] 71 root INFO Hypothesis ca_000: float64, float64 
[2023-02-07 11:46:37,500] 71 root INFO Hypothesis cb_000: float64, float64 
[2023-02-07 11:46:37,508] 71 root INFO Hypothesis cc_000: float64, float64 
[2023-02-07 11:46:37,516] 71 root INFO Hypothesis cd_000: float64, float64 
[2023-02-07 11:46:37,532] 71 root INFO Hypothesis ce_000: float64, float64 
[2023-02-07 11:46:37,539] 71 root INFO Hypothesis ci_000: float64, float64 
[2023-02-07 11:46:37,547] 71 root INFO Hypothesis cj_000: float64, float64 
[2023-02-07 11:46:37,551] 71 root INFO Hypothesis ck_000: float64, float64 
[2023-02-07 11:46:37,558] 71 root INFO Hypothesis cl_000: float64, float64 
[2023-02-07 11:46:37,562] 71 root INFO Hypothesis cm_000: float64, float64 
[2023-02-07 11:46:37,567] 71 root INFO Hypothesis cn_000: float64, float64 
[2023-02-07 11:46:37,581] 71 root INFO Hypothesis cn_001: float64, float64 
[2023-02-07 11:46:37,596] 71 root INFO Hypothesis cn_002: float64, float64 
[2023-02-07 11:46:37,602] 71 root INFO Hypothesis cn_003: float64, float64 
[2023-02-07 11:46:37,609] 71 root INFO Hypothesis cn_004: float64, float64 
[2023-02-07 11:46:37,617] 71 root INFO Hypothesis cn_005: float64, float64 
[2023-02-07 11:46:37,624] 71 root INFO Hypothesis cn_006: float64, float64 
[2023-02-07 11:46:37,632] 71 root INFO Hypothesis cn_007: float64, float64 
[2023-02-07 11:46:37,639] 71 root INFO Hypothesis cn_008: float64, float64 
[2023-02-07 11:46:37,645] 71 root INFO Hypothesis cn_009: float64, float64 
[2023-02-07 11:46:37,650] 71 root INFO Hypothesis cp_000: float64, float64 
[2023-02-07 11:46:37,656] 71 root INFO Hypothesis cq_000: float64, float64 
[2023-02-07 11:46:37,663] 71 root INFO Hypothesis cs_000: float64, float64 
[2023-02-07 11:46:37,670] 71 root INFO Hypothesis cs_001: float64, float64 
[2023-02-07 11:46:37,676] 71 root INFO Hypothesis cs_002: float64, float64 
[2023-02-07 11:46:37,682] 71 root INFO Hypothesis cs_003: float64, float64 
[2023-02-07 11:46:37,689] 71 root INFO Hypothesis cs_004: float64, float64 
[2023-02-07 11:46:37,696] 71 root INFO Hypothesis cs_005: float64, float64 
[2023-02-07 11:46:37,703] 71 root INFO Hypothesis cs_006: float64, float64 
[2023-02-07 11:46:37,710] 71 root INFO Hypothesis cs_007: float64, float64 
[2023-02-07 11:46:37,717] 71 root INFO Hypothesis cs_008: float64, float64 
[2023-02-07 11:46:37,722] 71 root INFO Hypothesis cs_009: float64, float64 
[2023-02-07 11:46:37,737] 71 root INFO Hypothesis dd_000: float64, float64 
[2023-02-07 11:46:37,743] 71 root INFO Hypothesis de_000: float64, float64 
[2023-02-07 11:46:37,749] 71 root INFO Hypothesis df_000: float64, float64 
[2023-02-07 11:46:37,752] 71 root INFO Hypothesis dg_000: float64, float64 
[2023-02-07 11:46:37,755] 71 root INFO Hypothesis dh_000: float64, float64 
[2023-02-07 11:46:37,758] 71 root INFO Hypothesis di_000: float64, float64 
[2023-02-07 11:46:37,762] 71 root INFO Hypothesis dj_000: float64, float64 
[2023-02-07 11:46:37,765] 71 root INFO Hypothesis dk_000: float64, float64 
[2023-02-07 11:46:37,769] 71 root INFO Hypothesis dl_000: float64, float64 
[2023-02-07 11:46:37,772] 71 root INFO Hypothesis dm_000: float64, float64 
[2023-02-07 11:46:37,777] 71 root INFO Hypothesis dn_000: float64, float64 
[2023-02-07 11:46:37,784] 71 root INFO Hypothesis do_000: float64, float64 
[2023-02-07 11:46:37,791] 71 root INFO Hypothesis dp_000: float64, float64 
[2023-02-07 11:46:37,797] 71 root INFO Hypothesis dq_000: float64, float64 
[2023-02-07 11:46:37,802] 71 root INFO Hypothesis dr_000: float64, float64 
[2023-02-07 11:46:37,808] 71 root INFO Hypothesis ds_000: float64, float64 
[2023-02-07 11:46:37,815] 71 root INFO Hypothesis dt_000: float64, float64 
[2023-02-07 11:46:37,822] 71 root INFO Hypothesis du_000: float64, float64 
[2023-02-07 11:46:37,830] 71 root INFO Hypothesis dv_000: float64, float64 
[2023-02-07 11:46:37,838] 71 root INFO Hypothesis dx_000: float64, float64 
[2023-02-07 11:46:37,843] 71 root INFO Hypothesis dy_000: float64, float64 
[2023-02-07 11:46:37,848] 71 root INFO Hypothesis dz_000: float64, float64 
[2023-02-07 11:46:37,851] 71 root INFO Hypothesis ea_000: float64, float64 
[2023-02-07 11:46:37,855] 71 root INFO Hypothesis eb_000: float64, float64 
[2023-02-07 11:46:37,861] 71 root INFO Hypothesis ec_00: float64, float64 
[2023-02-07 11:46:37,868] 71 root INFO Hypothesis ed_000: float64, float64 
[2023-02-07 11:46:37,874] 71 root INFO Hypothesis ee_000: float64, float64 
[2023-02-07 11:46:37,881] 71 root INFO Hypothesis ee_001: float64, float64 
[2023-02-07 11:46:37,888] 71 root INFO Hypothesis ee_002: float64, float64 
[2023-02-07 11:46:37,895] 71 root INFO Hypothesis ee_003: float64, float64 
[2023-02-07 11:46:37,902] 71 root INFO Hypothesis ee_004: float64, float64 
[2023-02-07 11:46:37,909] 71 root INFO Hypothesis ee_005: float64, float64 
[2023-02-07 11:46:37,915] 71 root INFO Hypothesis ee_006: float64, float64 
[2023-02-07 11:46:37,922] 71 root INFO Hypothesis ee_007: float64, float64 
[2023-02-07 11:46:37,928] 71 root INFO Hypothesis ee_008: float64, float64 
[2023-02-07 11:46:37,934] 71 root INFO Hypothesis ee_009: float64, float64 
[2023-02-07 11:46:37,941] 71 root INFO Hypothesis ef_000: float64, float64 
[2023-02-07 11:46:37,944] 71 root INFO Hypothesis eg_000: float64, float64 
[2023-02-07 11:46:37,947] 134 root INFO Write reprt in yaml file
[2023-02-07 11:46:38,015] 141 root INFO Data validation artifact: DataValidationArtifact(report_file_path='/config/workspace/artifact/02072023__114557/data_validation/report.yaml')
[2023-02-07 11:46:38,918] 64 root INFO before resampling in training set input:{input_feature_train_arr.shape} and target :{target_feature_train_arr.shape}
[2023-02-07 11:46:44,515] 66 root INFO after resampling training set input(56112, 170) and target:(56112,)
[2023-02-07 11:46:44,516] 69 root INFO Before resampling in testing set Input: (7238, 170) Target:(7238,)
[2023-02-07 11:46:45,308] 71 root INFO After resampling in testing set Input: (14090, 170) Target:(14090,)
[2023-02-07 11:46:45,426] 53 root INFO Entered the save_object method of MainUtils class
[2023-02-07 11:46:45,429] 57 root INFO Exited the save_object method of MainUtils class
[2023-02-07 11:46:45,429] 53 root INFO Entered the save_object method of MainUtils class
[2023-02-07 11:46:45,430] 57 root INFO Exited the save_object method of MainUtils class
[2023-02-07 11:46:45,430] 99 root INFO Data transformation object: DataTransformationArtifact(transform_object_path='/config/workspace/artifact/02072023__114557/data_transformation/transformer/transformer.pkl', transformed_train_path='/config/workspace/artifact/02072023__114557/data_transformation/transformed/train.npz', transformed_test_path='/config/workspace/artifact/02072023__114557/data_transformation/transformed/test.npz', target_encoder_path='/config/workspace/artifact/02072023__114557/data_transformation/target_encoder/target_encoder.pkl')
[2023-02-07 11:46:45,431] 37 root INFO loading train and test array
[2023-02-07 11:46:45,460] 42 root INFO splitting input and target feature from both train and test set
[2023-02-07 11:46:45,460] 46 root INFO train the model
[2023-02-07 11:46:57,041] 49 root INFO calculating f1_score for train data
[2023-02-07 11:46:57,097] 53 root INFO calculating f1 test score
[2023-02-07 11:46:57,116] 58 root INFO f1_train_score:0.9999821781825311  and f1_test_score is : 0.9808120733021919
[2023-02-07 11:46:57,116] 61 root INFO checking our model is underfitting or overfitting or goood model
[2023-02-07 11:46:57,116] 65 root INFO checking our model is overfitting or not
[2023-02-07 11:46:57,116] 71 root INFO saving model-object
[2023-02-07 11:46:57,116] 53 root INFO Entered the save_object method of MainUtils class
[2023-02-07 11:46:57,124] 57 root INFO Exited the save_object method of MainUtils class
[2023-02-07 11:46:57,124] 75 root INFO preparing the artifact
[2023-02-07 11:46:57,124] 78 root INFO Model trainer artifact: ModelTrainerArtifact(model_path='/config/workspace/artifact/02072023__114557/model_trainer/model/model.pkl', f1_train_score=0.9999821781825311, f1_test_score=0.9808120733021919)
[2023-02-07 11:46:57,126] 21 root INFO >>>>>>>>>>>>>>>>>>>>>>>>>>>>>>>>>>>>>>>>  Model Evaluation <<<<<<<<<<<<<<<<<<<<<<<<<<<<<<<<<<<<<<<<
[2023-02-07 11:46:57,126] 44 root INFO Finding location of transformer model and target encoder
[2023-02-07 11:46:57,126] 49 root INFO Previous trained objects of transformer, model and target encoder
[2023-02-07 11:46:57,134] 56 root INFO Currently trained model objects
[2023-02-07 11:46:57,341] 74 root INFO Accuracy using previous trained model: 0.8021108179419525
[2023-02-07 11:46:57,380] 83 root INFO Accuracy using current trained model: 0.8021108179419525
[2023-02-07 11:46:57,380] 85 root INFO Current trained model is not better than previous model
